<?xml version="1.0" ?>
<testsuite errors="0" failures="0" name="TestEncodeDecodeData-20190506181706" tests="4" time="0.643">
	<testcase classname="TestEncodeDecodeData" name="test_decode_data" time="0.002"/>
	<testcase classname="TestEncodeDecodeData" name="test_encode_data" time="0.000"/>
	<testcase classname="TestEncodeDecodeData" name="test_symmetric_binary" time="0.326"/>
	<testcase classname="TestEncodeDecodeData" name="test_symmetric_text" time="0.315"/>
	<system-out>
<![CDATA[]]>	</system-out>
	<system-err>
<![CDATA[]]>	</system-err>
</testsuite>
