<?xml version="1.0" ?>
<testsuite errors="0" failures="0" name="TestSHA1DictFile-20190507181648" tests="4" time="0.003">
	<testcase classname="TestSHA1DictFile" name="test_add_from_file" time="0.002"/>
	<testcase classname="TestSHA1DictFile" name="test_format_val" time="0.000"/>
	<testcase classname="TestSHA1DictFile" name="test_init" time="0.000"/>
	<testcase classname="TestSHA1DictFile" name="test_parse_val" time="0.001"/>
	<system-out>
<![CDATA[]]>	</system-out>
	<system-err>
<![CDATA[]]>	</system-err>
</testsuite>
