<?xml version="1.0" ?>
<testsuite errors="0" failures="0" name="TestAutoSymKey-20190508075722" tests="1" time="0.000">
	<testcase classname="TestAutoSymKey" name="test_auto_load" time="0.000"/>
	<system-out>
<![CDATA[]]>	</system-out>
	<system-err>
<![CDATA[]]>	</system-err>
</testsuite>
