<?xml version="1.0" ?>
<testsuite errors="0" failures="0" name="TestGlideinDicts-20190507182111" tests="9" time="1.601">
	<testcase classname="TestGlideinDicts" name="test_MainDicts_populate" time="0.260"/>
	<testcase classname="TestGlideinDicts" name="test__init__" time="0.158"/>
	<testcase classname="TestGlideinDicts" name="test_has_file_wrapper" time="0.146"/>
	<testcase classname="TestGlideinDicts" name="test_new_MainDicts" time="0.169"/>
	<testcase classname="TestGlideinDicts" name="test_new_SubDicts" time="0.197"/>
	<testcase classname="TestGlideinDicts" name="test_reuse" time="0.168"/>
	<testcase classname="TestGlideinDicts" name="test_save" time="0.199"/>
	<testcase classname="TestGlideinDicts" name="test_save_monitor" time="0.162"/>
	<testcase classname="TestGlideinDicts" name="test_save_pub_key" time="0.142"/>
	<system-out>
<![CDATA[]]>	</system-out>
	<system-err>
<![CDATA[]]>	</system-err>
</testsuite>
