<?xml version="1.0" ?>
<testsuite errors="0" failures="0" name="TestFactAttrElement-20190507181652" tests="1" time="0.034">
	<testcase classname="TestFactAttrElement" name="test_validate" time="0.034"/>
	<system-out>
<![CDATA[]]>	</system-out>
	<system-err>
<![CDATA[]]>	</system-err>
</testsuite>
