<?xml version="1.0" ?>
<testsuite errors="0" failures="0" name="TestCondorExe-20190508081743" tests="3" time="3.346">
	<testcase classname="TestCondorExe" name="test_exe_cmd" time="1.098"/>
	<testcase classname="TestCondorExe" name="test_exe_cmd_sbin" time="1.163"/>
	<testcase classname="TestCondorExe" name="test_iexe_cmd" time="1.086"/>
	<system-out>
<![CDATA[]]>	</system-out>
	<system-err>
<![CDATA[]]>	</system-err>
</testsuite>
