<?xml version="1.0" ?>
<testsuite errors="0" failures="0" name="TestGlideinDicts-20190508181635" tests="9" time="1.362">
	<testcase classname="TestGlideinDicts" name="test_MainDicts_populate" time="0.216"/>
	<testcase classname="TestGlideinDicts" name="test__init__" time="0.135"/>
	<testcase classname="TestGlideinDicts" name="test_has_file_wrapper" time="0.137"/>
	<testcase classname="TestGlideinDicts" name="test_new_MainDicts" time="0.139"/>
	<testcase classname="TestGlideinDicts" name="test_new_SubDicts" time="0.146"/>
	<testcase classname="TestGlideinDicts" name="test_reuse" time="0.118"/>
	<testcase classname="TestGlideinDicts" name="test_save" time="0.171"/>
	<testcase classname="TestGlideinDicts" name="test_save_monitor" time="0.154"/>
	<testcase classname="TestGlideinDicts" name="test_save_pub_key" time="0.146"/>
	<system-out>
<![CDATA[]]>	</system-out>
	<system-err>
<![CDATA[]]>	</system-err>
</testsuite>
