<?xml version="1.0" ?>
<testsuite errors="0" failures="0" name="TestPubCrypto-20190506181819" tests="3" time="0.128">
	<testcase classname="TestPubCrypto" name="test_symmetric" time="0.048"/>
	<testcase classname="TestPubCrypto" name="test_symmetric_base64" time="0.017"/>
	<testcase classname="TestPubCrypto" name="test_symmetric_hex" time="0.063"/>
	<system-out>
<![CDATA[]]>	</system-out>
	<system-err>
<![CDATA[]]>	</system-err>
</testsuite>
