<?xml version="1.0" ?>
<testsuite errors="0" failures="0" name="TestHashStatusStale-20190508081800" tests="1" time="0.000">
	<testcase classname="TestHashStatusStale" name="test_hash_status_stale" time="0.000">
		<skipped message="for now" type="skip"/>
	</testcase>
	<system-out>
<![CDATA[]]>	</system-out>
	<system-err>
<![CDATA[]]>	</system-err>
</testsuite>
