<?xml version="1.0" ?>
<testsuite errors="0" failures="0" name="TestVOFrontendSubParams-20190506220535" tests="4" time="0.123">
	<testcase classname="TestVOFrontendSubParams" name="test__eq__" time="0.036"/>
	<testcase classname="TestVOFrontendSubParams" name="test_extract_attr_val" time="0.028"/>
	<testcase classname="TestVOFrontendSubParams" name="test_init" time="0.031"/>
	<testcase classname="TestVOFrontendSubParams" name="test_looks_like_dict" time="0.027"/>
	<system-out>
<![CDATA[]]>	</system-out>
	<system-err>
<![CDATA[]]>	</system-err>
</testsuite>
