<?xml version="1.0" ?>
<testsuite errors="0" failures="0" name="TestGetEntryUserlogDir-20190506220532" tests="1" time="0.000">
	<testcase classname="TestGetEntryUserlogDir" name="test_get_entry_userlog_dir" time="0.000"/>
	<system-out>
<![CDATA[]]>	</system-out>
	<system-err>
<![CDATA[]]>	</system-err>
</testsuite>
