<?xml version="1.0" ?>
<testsuite errors="0" failures="0" name="TestTermsignal-20190506193831" tests="1" time="0.000">
	<testcase classname="TestTermsignal" name="test_termsignal" time="0.000">
		<skipped message="for now" type="skip"/>
	</testcase>
	<system-out>
<![CDATA[]]>	</system-out>
	<system-err>
<![CDATA[]]>	</system-err>
</testsuite>
