<?xml version="1.0" ?>
<testsuite errors="0" failures="0" name="TestCondorExe-20190514191447" tests="3" time="6.711">
	<testcase classname="TestCondorExe" name="test_exe_cmd" time="1.997"/>
	<testcase classname="TestCondorExe" name="test_exe_cmd_sbin" time="2.207"/>
	<testcase classname="TestCondorExe" name="test_iexe_cmd" time="2.506"/>
	<system-out>
<![CDATA[]]>	</system-out>
	<system-err>
<![CDATA[]]>	</system-err>
</testsuite>
