<?xml version="1.0" ?>
<testsuite errors="0" failures="0" name="TestPubCrypto-20190508124635" tests="3" time="0.127">
	<testcase classname="TestPubCrypto" name="test_symmetric" time="0.077"/>
	<testcase classname="TestPubCrypto" name="test_symmetric_base64" time="0.017"/>
	<testcase classname="TestPubCrypto" name="test_symmetric_hex" time="0.033"/>
	<system-out>
<![CDATA[]]>	</system-out>
	<system-err>
<![CDATA[]]>	</system-err>
</testsuite>
