<?xml version="1.0" ?>
<testsuite errors="0" failures="0" name="TestCondorExe-20190508075545" tests="3" time="3.214">
	<testcase classname="TestCondorExe" name="test_exe_cmd" time="1.018"/>
	<testcase classname="TestCondorExe" name="test_exe_cmd_sbin" time="1.100"/>
	<testcase classname="TestCondorExe" name="test_iexe_cmd" time="1.096"/>
	<system-out>
<![CDATA[]]>	</system-out>
	<system-err>
<![CDATA[]]>	</system-err>
</testsuite>
