<?xml version="1.0" ?>
<testsuite errors="0" failures="0" name="TestVOFrontendSubParams-20190509181642" tests="4" time="0.124">
	<testcase classname="TestVOFrontendSubParams" name="test__eq__" time="0.038"/>
	<testcase classname="TestVOFrontendSubParams" name="test_extract_attr_val" time="0.032"/>
	<testcase classname="TestVOFrontendSubParams" name="test_init" time="0.029"/>
	<testcase classname="TestVOFrontendSubParams" name="test_looks_like_dict" time="0.026"/>
	<system-out>
<![CDATA[]]>	</system-out>
	<system-err>
<![CDATA[]]>	</system-err>
</testsuite>
