<?xml version="1.0" ?>
<testsuite errors="0" failures="0" name="TestGlideinDicts-20190506220953" tests="9" time="1.438">
	<testcase classname="TestGlideinDicts" name="test_MainDicts_populate" time="0.187"/>
	<testcase classname="TestGlideinDicts" name="test__init__" time="0.127"/>
	<testcase classname="TestGlideinDicts" name="test_has_file_wrapper" time="0.138"/>
	<testcase classname="TestGlideinDicts" name="test_new_MainDicts" time="0.127"/>
	<testcase classname="TestGlideinDicts" name="test_new_SubDicts" time="0.168"/>
	<testcase classname="TestGlideinDicts" name="test_reuse" time="0.176"/>
	<testcase classname="TestGlideinDicts" name="test_save" time="0.164"/>
	<testcase classname="TestGlideinDicts" name="test_save_monitor" time="0.152"/>
	<testcase classname="TestGlideinDicts" name="test_save_pub_key" time="0.196"/>
	<system-out>
<![CDATA[]]>	</system-out>
	<system-err>
<![CDATA[]]>	</system-err>
</testsuite>
