<?xml version="1.0" ?>
<testsuite errors="0" failures="0" name="TestExtractUnrecoverableHeldForceX-20190506181702" tests="1" time="0.000">
	<testcase classname="TestExtractUnrecoverableHeldForceX" name="test_extract_unrecoverable_held_force_x" time="0.000">
		<skipped message="for now" type="skip"/>
	</testcase>
	<system-out>
<![CDATA[]]>	</system-out>
	<system-err>
<![CDATA[]]>	</system-err>
</testsuite>
