<?xml version="1.0" ?>
<testsuite errors="0" failures="0" name="TestGlideinDicts-20190514191500" tests="9" time="2.949">
	<testcase classname="TestGlideinDicts" name="test_MainDicts_populate" time="0.472"/>
	<testcase classname="TestGlideinDicts" name="test__init__" time="0.277"/>
	<testcase classname="TestGlideinDicts" name="test_has_file_wrapper" time="0.343"/>
	<testcase classname="TestGlideinDicts" name="test_new_MainDicts" time="0.313"/>
	<testcase classname="TestGlideinDicts" name="test_new_SubDicts" time="0.280"/>
	<testcase classname="TestGlideinDicts" name="test_reuse" time="0.378"/>
	<testcase classname="TestGlideinDicts" name="test_save" time="0.394"/>
	<testcase classname="TestGlideinDicts" name="test_save_monitor" time="0.227"/>
	<testcase classname="TestGlideinDicts" name="test_save_pub_key" time="0.264"/>
	<system-out>
<![CDATA[]]>	</system-out>
	<system-err>
<![CDATA[]]>	</system-err>
</testsuite>
