<?xml version="1.0" ?>
<testsuite errors="0" failures="0" name="TestCondorExe-20190508181627" tests="3" time="3.274">
	<testcase classname="TestCondorExe" name="test_exe_cmd" time="1.075"/>
	<testcase classname="TestCondorExe" name="test_exe_cmd_sbin" time="1.154"/>
	<testcase classname="TestCondorExe" name="test_iexe_cmd" time="1.044"/>
	<system-out>
<![CDATA[]]>	</system-out>
	<system-err>
<![CDATA[]]>	</system-err>
</testsuite>
