<?xml version="1.0" ?>
<testsuite errors="0" failures="0" name="TestRemoveGlideins-20190508181645" tests="1" time="0.000">
	<testcase classname="TestRemoveGlideins" name="test_remove_glideins" time="0.000">
		<skipped message="for now" type="skip"/>
	</testcase>
	<system-out>
<![CDATA[]]>	</system-out>
	<system-err>
<![CDATA[]]>	</system-err>
</testsuite>
