<?xml version="1.0" ?>
<testsuite errors="0" failures="0" name="TestCondorExe-20190507181644" tests="3" time="3.422">
	<testcase classname="TestCondorExe" name="test_exe_cmd" time="1.157"/>
	<testcase classname="TestCondorExe" name="test_exe_cmd_sbin" time="1.156"/>
	<testcase classname="TestCondorExe" name="test_iexe_cmd" time="1.108"/>
	<system-out>
<![CDATA[]]>	</system-out>
	<system-err>
<![CDATA[]]>	</system-err>
</testsuite>
