<?xml version="1.0" ?>
<testsuite errors="0" failures="0" name="TestCondorExe-20190506220527" tests="3" time="3.414">
	<testcase classname="TestCondorExe" name="test_exe_cmd" time="1.080"/>
	<testcase classname="TestCondorExe" name="test_exe_cmd_sbin" time="1.079"/>
	<testcase classname="TestCondorExe" name="test_iexe_cmd" time="1.254"/>
	<system-out>
<![CDATA[]]>	</system-out>
	<system-err>
<![CDATA[]]>	</system-err>
</testsuite>
