<?xml version="1.0" ?>
<testsuite errors="0" failures="0" name="TestForkManager-20190507181703" tests="7" time="41.024">
	<testcase classname="TestForkManager" name="test___init__" time="0.000"/>
	<testcase classname="TestForkManager" name="test_add_fork_and_len" time="0.000"/>
	<testcase classname="TestForkManager" name="test_bounded_fork_and_collect_use_epoll" time="10.254"/>
	<testcase classname="TestForkManager" name="test_bounded_fork_and_collect_use_poll" time="10.249"/>
	<testcase classname="TestForkManager" name="test_bounded_fork_and_collect_use_select" time="10.252"/>
	<testcase classname="TestForkManager" name="test_fork_and_collect" time="5.114"/>
	<testcase classname="TestForkManager" name="test_fork_and_wait" time="5.155"/>
	<system-out>
<![CDATA[]]>	</system-out>
	<system-err>
<![CDATA[]]>	</system-err>
</testsuite>
