<?xml version="1.0" ?>
<testsuite errors="0" failures="0" name="FETestCaseCondorStatus-20190506193834" tests="9" time="0.388">
	<testcase classname="FETestCaseCondorStatus" name="test_countCondorStatus" time="0.043"/>
	<testcase classname="FETestCaseCondorStatus" name="test_getClientCondorStatus" time="0.040"/>
	<testcase classname="FETestCaseCondorStatus" name="test_getClientCondorStatusCredIdOnly" time="0.042"/>
	<testcase classname="FETestCaseCondorStatus" name="test_getClientCondorStatusPerCredId" time="0.036"/>
	<testcase classname="FETestCaseCondorStatus" name="test_getCondorStatus" time="0.068"/>
	<testcase classname="FETestCaseCondorStatus" name="test_getCondorStatusSchedds" time="0.046"/>
	<testcase classname="FETestCaseCondorStatus" name="test_getFactoryEntryList" time="0.036"/>
	<testcase classname="FETestCaseCondorStatus" name="test_getIdleCondorStatus" time="0.042"/>
	<testcase classname="FETestCaseCondorStatus" name="test_getRunningCondorStatus" time="0.035"/>
	<system-out>
<![CDATA[]]>	</system-out>
	<system-err>
<![CDATA[]]>	</system-err>
</testsuite>
