<?xml version="1.0" ?>
<testsuite errors="0" failures="0" name="FETestCaseMisc-20190508124517" tests="5" time="0.219">
	<testcase classname="FETestCaseMisc" name="test_appendRealRunning" time="0.042"/>
	<testcase classname="FETestCaseMisc" name="test_evalParamExpr" time="0.043"/>
	<testcase classname="FETestCaseMisc" name="test_getGlideinCpusNum" time="0.043"/>
	<testcase classname="FETestCaseMisc" name="test_hashJob" time="0.045"/>
	<testcase classname="FETestCaseMisc" name="test_uniqueSets" time="0.045"/>
	<system-out>
<![CDATA[]]>	</system-out>
	<system-err>
<![CDATA[]]>	</system-err>
</testsuite>
