<?xml version="1.0" ?>
<testsuite errors="0" failures="0" name="TestCondorExe-20190506152521" tests="3" time="3.223">
	<testcase classname="TestCondorExe" name="test_exe_cmd" time="1.051"/>
	<testcase classname="TestCondorExe" name="test_exe_cmd_sbin" time="1.084"/>
	<testcase classname="TestCondorExe" name="test_iexe_cmd" time="1.088"/>
	<system-out>
<![CDATA[]]>	</system-out>
	<system-err>
<![CDATA[]]>	</system-err>
</testsuite>
