<?xml version="1.0" ?>
<testsuite errors="0" failures="0" name="TestHrs2sec-20190506213549" tests="1" time="0.000">
	<testcase classname="TestHrs2sec" name="test_hrs2sec" time="0.000"/>
	<system-out>
<![CDATA[]]>	</system-out>
	<system-err>
<![CDATA[]]>	</system-err>
</testsuite>
