<?xml version="1.0" ?>
<testsuite errors="0" failures="0" name="TestVOFrontendSubParams-20190508124511" tests="4" time="0.128">
	<testcase classname="TestVOFrontendSubParams" name="test__eq__" time="0.037"/>
	<testcase classname="TestVOFrontendSubParams" name="test_extract_attr_val" time="0.029"/>
	<testcase classname="TestVOFrontendSubParams" name="test_init" time="0.032"/>
	<testcase classname="TestVOFrontendSubParams" name="test_looks_like_dict" time="0.030"/>
	<system-out>
<![CDATA[]]>	</system-out>
	<system-err>
<![CDATA[]]>	</system-err>
</testsuite>
