<?xml version="1.0" ?>
<testsuite errors="0" failures="0" name="TestCondTarElement-20190506220535" tests="1" time="0.044">
	<testcase classname="TestCondTarElement" name="test_validate" time="0.044"/>
	<system-out>
<![CDATA[]]>	</system-out>
	<system-err>
<![CDATA[]]>	</system-err>
</testsuite>
