<?xml version="1.0" ?>
<testsuite errors="0" failures="0" name="TestPubCrypto-20190506220658" tests="3" time="0.125">
	<testcase classname="TestPubCrypto" name="test_symmetric" time="0.014"/>
	<testcase classname="TestPubCrypto" name="test_symmetric_base64" time="0.077"/>
	<testcase classname="TestPubCrypto" name="test_symmetric_hex" time="0.034"/>
	<system-out>
<![CDATA[]]>	</system-out>
	<system-err>
<![CDATA[]]>	</system-err>
</testsuite>
