<?xml version="1.0" ?>
<testsuite errors="0" failures="0" name="TestIsGlideinUnrecoverable-20190509181647" tests="1" time="0.000">
	<testcase classname="TestIsGlideinUnrecoverable" name="test_is_glidein_unrecoverable" time="0.000">
		<skipped message="for now" type="skip"/>
	</testcase>
	<system-out>
<![CDATA[]]>	</system-out>
	<system-err>
<![CDATA[]]>	</system-err>
</testsuite>
