<?xml version="1.0" ?>
<testsuite errors="0" failures="0" name="TestPubCrypto-20190506193951" tests="3" time="0.099">
	<testcase classname="TestPubCrypto" name="test_symmetric" time="0.044"/>
	<testcase classname="TestPubCrypto" name="test_symmetric_base64" time="0.037"/>
	<testcase classname="TestPubCrypto" name="test_symmetric_hex" time="0.018"/>
	<system-out>
<![CDATA[]]>	</system-out>
	<system-err>
<![CDATA[]]>	</system-err>
</testsuite>
