<?xml version="1.0" ?>
<testsuite errors="0" failures="0" name="TestSym3DESKey-20190514191639" tests="2" time="0.000">
	<testcase classname="TestSym3DESKey" name="test___init__" time="0.000"/>
	<testcase classname="TestSym3DESKey" name="test_symmetric" time="0.000">
		<skipped message="des3 decrypt throws exception, come back to this later" type="skip"/>
	</testcase>
	<system-out>
<![CDATA[]]>	</system-out>
	<system-err>
<![CDATA[]]>	</system-err>
</testsuite>
