<?xml version="1.0" ?>
<testsuite errors="0" failures="0" name="TestCheckParent-20190506182119" tests="1" time="0.000">
	<testcase classname="TestCheckParent" name="test_check_parent" time="0.000">
		<skipped message="grr" type="skip"/>
	</testcase>
	<system-out>
<![CDATA[]]>	</system-out>
	<system-err>
<![CDATA[]]>	</system-err>
</testsuite>
