<?xml version="1.0" ?>
<testsuite errors="0" failures="0" name="FETestCaseCondorStatus-20190504181810" tests="9" time="0.365">
	<testcase classname="FETestCaseCondorStatus" name="test_countCondorStatus" time="0.033"/>
	<testcase classname="FETestCaseCondorStatus" name="test_getClientCondorStatus" time="0.031"/>
	<testcase classname="FETestCaseCondorStatus" name="test_getClientCondorStatusCredIdOnly" time="0.036"/>
	<testcase classname="FETestCaseCondorStatus" name="test_getClientCondorStatusPerCredId" time="0.038"/>
	<testcase classname="FETestCaseCondorStatus" name="test_getCondorStatus" time="0.064"/>
	<testcase classname="FETestCaseCondorStatus" name="test_getCondorStatusSchedds" time="0.048"/>
	<testcase classname="FETestCaseCondorStatus" name="test_getFactoryEntryList" time="0.037"/>
	<testcase classname="FETestCaseCondorStatus" name="test_getIdleCondorStatus" time="0.040"/>
	<testcase classname="FETestCaseCondorStatus" name="test_getRunningCondorStatus" time="0.037"/>
	<system-out>
<![CDATA[]]>	</system-out>
	<system-err>
<![CDATA[]]>	</system-err>
</testsuite>
