<?xml version="1.0" ?>
<testsuite errors="0" failures="0" name="TestFetchForkResult-20190504181815" tests="1" time="1.004">
	<testcase classname="TestFetchForkResult" name="test_fetch_fork_result" time="1.004"/>
	<system-out>
<![CDATA[]]>	</system-out>
	<system-err>
<![CDATA[]]>	</system-err>
</testsuite>
