<?xml version="1.0" ?>
<testsuite errors="0" failures="0" name="TestPopulateGroupSecurity-20190504182226" tests="1" time="0.000">
	<testcase classname="TestPopulateGroupSecurity" name="test_populate_group_security" time="0.000">
		<skipped message="for now" type="skip"/>
	</testcase>
	<system-out>
<![CDATA[]]>	</system-out>
	<system-err>
<![CDATA[]]>	</system-err>
</testsuite>
