<?xml version="1.0" ?>
<testsuite errors="0" failures="0" name="TestPubCrypto-20190504152236" tests="3" time="0.141">
	<testcase classname="TestPubCrypto" name="test_symmetric" time="0.069"/>
	<testcase classname="TestPubCrypto" name="test_symmetric_base64" time="0.063"/>
	<testcase classname="TestPubCrypto" name="test_symmetric_hex" time="0.009"/>
	<system-out>
<![CDATA[]]>	</system-out>
	<system-err>
<![CDATA[]]>	</system-err>
</testsuite>
