<?xml version="1.0" ?>
<testsuite errors="0" failures="0" name="TestGetEntryMonitorDir-20190504163353" tests="1" time="0.000">
	<testcase classname="TestGetEntryMonitorDir" name="test_get_entry_monitor_dir" time="0.000"/>
	<system-out>
<![CDATA[]]>	</system-out>
	<system-err>
<![CDATA[]]>	</system-err>
</testsuite>
