<?xml version="1.0" ?>
<testsuite errors="0" failures="0" name="TestDays2sec-20190504181810" tests="1" time="0.000">
	<testcase classname="TestDays2sec" name="test_days2sec" time="0.000"/>
	<system-out>
<![CDATA[]]>	</system-out>
	<system-err>
<![CDATA[]]>	</system-err>
</testsuite>
