<?xml version="1.0" ?>
<testsuite errors="0" failures="0" name="TestEncodeDecodeData-20190504152122" tests="4" time="0.738">
	<testcase classname="TestEncodeDecodeData" name="test_decode_data" time="0.002"/>
	<testcase classname="TestEncodeDecodeData" name="test_encode_data" time="0.000"/>
	<testcase classname="TestEncodeDecodeData" name="test_symmetric_binary" time="0.382"/>
	<testcase classname="TestEncodeDecodeData" name="test_symmetric_text" time="0.354"/>
	<system-out>
<![CDATA[]]>	</system-out>
	<system-err>
<![CDATA[]]>	</system-err>
</testsuite>
