<?xml version="1.0" ?>
<testsuite errors="0" failures="0" name="TestPubCrypto-20190504181928" tests="3" time="0.040">
	<testcase classname="TestPubCrypto" name="test_symmetric" time="0.019"/>
	<testcase classname="TestPubCrypto" name="test_symmetric_base64" time="0.010"/>
	<testcase classname="TestPubCrypto" name="test_symmetric_hex" time="0.011"/>
	<system-out>
<![CDATA[]]>	</system-out>
	<system-err>
<![CDATA[]]>	</system-err>
</testsuite>
