<?xml version="1.0" ?>
<testsuite errors="0" failures="0" name="TestGlideinDicts-20190504163814" tests="7" time="1.270">
	<testcase classname="TestGlideinDicts" name="test_MainDicts_populate" time="0.213"/>
	<testcase classname="TestGlideinDicts" name="test__init__" time="0.186"/>
	<testcase classname="TestGlideinDicts" name="test_new_MainDicts" time="0.165"/>
	<testcase classname="TestGlideinDicts" name="test_new_SubDicts" time="0.145"/>
	<testcase classname="TestGlideinDicts" name="test_save" time="0.188"/>
	<testcase classname="TestGlideinDicts" name="test_save_monitor" time="0.185"/>
	<testcase classname="TestGlideinDicts" name="test_save_pub_key" time="0.188"/>
	<system-out>
<![CDATA[]]>	</system-out>
	<system-err>
<![CDATA[]]>	</system-err>
</testsuite>
