<?xml version="1.0" ?>
<testsuite errors="0" failures="0" name="TestPickSubmitFile-20190504163401" tests="1" time="0.000">
	<testcase classname="TestPickSubmitFile" name="test_pick_submit_file" time="0.000">
		<skipped message="for now" type="skip"/>
	</testcase>
	<system-out>
<![CDATA[]]>	</system-out>
	<system-err>
<![CDATA[]]>	</system-err>
</testsuite>
