<?xml version="1.0" ?>
<testsuite errors="0" failures="0" name="Test_validate_node-20190514191457" tests="3" time="0.224">
	<testcase classname="Test_validate_node" name="test_bad" time="0.049"/>
	<testcase classname="Test_validate_node" name="test_good" time="0.122"/>
	<testcase classname="Test_validate_node" name="test_range_not_allowed" time="0.053"/>
	<system-out>
<![CDATA[]]>	</system-out>
	<system-err>
<![CDATA[]]>	</system-err>
</testsuite>
