<?xml version="1.0" ?>
<testsuite errors="0" failures="0" name="FETestCaseCondorQ-20190514191518" tests="12" time="0.695">
	<testcase classname="FETestCaseCondorQ" name="test_countCondorQ" time="0.074"/>
	<testcase classname="FETestCaseCondorQ" name="test_getClientCondorStatusCredIdOnly" time="0.072"/>
	<testcase classname="FETestCaseCondorQ" name="test_getClientCondorStatusPerCredId" time="0.081"/>
	<testcase classname="FETestCaseCondorQ" name="test_getCondorQ" time="0.058"/>
	<testcase classname="FETestCaseCondorQ" name="test_getCondorQUsers" time="0.043"/>
	<testcase classname="FETestCaseCondorQ" name="test_getCondorQ_no_constraints" time="0.067"/>
	<testcase classname="FETestCaseCondorQ" name="test_getIdleCondorQ" time="0.045"/>
	<testcase classname="FETestCaseCondorQ" name="test_getIdleProxyCondorQ" time="0.047"/>
	<testcase classname="FETestCaseCondorQ" name="test_getIdleVomsCondorQ" time="0.047"/>
	<testcase classname="FETestCaseCondorQ" name="test_getOldCondorQ" time="0.053"/>
	<testcase classname="FETestCaseCondorQ" name="test_getRunningCondorQ" time="0.053"/>
	<testcase classname="FETestCaseCondorQ" name="test_oldCondorQ" time="0.055"/>
	<system-out>
<![CDATA[]]>	</system-out>
	<system-err>
<![CDATA[]]>	</system-err>
</testsuite>
