<?xml version="1.0" ?>
<testsuite errors="0" failures="0" name="TestClientDirSupport-20190506152511" tests="3" time="0.001">
	<testcase classname="TestClientDirSupport" name="test___init__" time="0.000">
		<skipped message="for now" type="skip"/>
	</testcase>
	<testcase classname="TestClientDirSupport" name="test_create_dir" time="0.000">
		<skipped message="for now" type="skip"/>
	</testcase>
	<testcase classname="TestClientDirSupport" name="test_delete_dir" time="0.000">
		<skipped message="for now" type="skip"/>
	</testcase>
	<system-out>
<![CDATA[]]>	</system-out>
	<system-err>
<![CDATA[]]>	</system-err>
</testsuite>
