<?xml version="1.0" ?>
<testsuite errors="0" failures="0" name="TestFrontendElement-20190506193822" tests="1" time="0.226">
	<testcase classname="TestFrontendElement" name="test_validate" time="0.226"/>
	<system-out>
<![CDATA[]]>	</system-out>
	<system-err>
<![CDATA[]]>	</system-err>
</testsuite>
