<?xml version="1.0" ?>
<testsuite errors="0" failures="0" name="FETestCaseMisc-20190506181658" tests="5" time="1.173">
	<testcase classname="FETestCaseMisc" name="test_appendRealRunning" time="0.245"/>
	<testcase classname="FETestCaseMisc" name="test_evalParamExpr" time="0.230"/>
	<testcase classname="FETestCaseMisc" name="test_getGlideinCpusNum" time="0.228"/>
	<testcase classname="FETestCaseMisc" name="test_hashJob" time="0.236"/>
	<testcase classname="FETestCaseMisc" name="test_uniqueSets" time="0.235"/>
	<system-out>
<![CDATA[]]>	</system-out>
	<system-err>
<![CDATA[]]>	</system-err>
</testsuite>
