<?xml version="1.0" ?>
<testsuite errors="0" failures="0" name="FETestCaseCondorStatus-20190506193837" tests="9" time="2.606">
	<testcase classname="FETestCaseCondorStatus" name="test_countCondorStatus" time="0.249"/>
	<testcase classname="FETestCaseCondorStatus" name="test_getClientCondorStatus" time="0.242"/>
	<testcase classname="FETestCaseCondorStatus" name="test_getClientCondorStatusCredIdOnly" time="0.260"/>
	<testcase classname="FETestCaseCondorStatus" name="test_getClientCondorStatusPerCredId" time="0.241"/>
	<testcase classname="FETestCaseCondorStatus" name="test_getCondorStatus" time="0.485"/>
	<testcase classname="FETestCaseCondorStatus" name="test_getCondorStatusSchedds" time="0.341"/>
	<testcase classname="FETestCaseCondorStatus" name="test_getFactoryEntryList" time="0.264"/>
	<testcase classname="FETestCaseCondorStatus" name="test_getIdleCondorStatus" time="0.281"/>
	<testcase classname="FETestCaseCondorStatus" name="test_getRunningCondorStatus" time="0.243"/>
	<system-out>
<![CDATA[]]>	</system-out>
	<system-err>
<![CDATA[]]>	</system-err>
</testsuite>
