<?xml version="1.0" ?>
<testsuite errors="0" failures="0" name="TestConfig-20190506152515" tests="17" time="3.321">
	<testcase classname="TestConfig" name="test___init__" time="0.194"/>
	<testcase classname="TestConfig" name="test_get_client_log_dirs" time="0.187"/>
	<testcase classname="TestConfig" name="test_get_client_proxy_dirs" time="0.181"/>
	<testcase classname="TestConfig" name="test_get_entries" time="0.190"/>
	<testcase classname="TestConfig" name="test_get_log_dir" time="0.205"/>
	<testcase classname="TestConfig" name="test_get_monitor_dir" time="0.186"/>
	<testcase classname="TestConfig" name="test_get_stage_dir" time="0.192"/>
	<testcase classname="TestConfig" name="test_get_submit_dir" time="0.204"/>
	<testcase classname="TestConfig" name="test_get_web_url" time="0.223"/>
	<testcase classname="TestConfig" name="test_set_client_log_dirs" time="0.196"/>
	<testcase classname="TestConfig" name="test_set_client_proxy_dirs" time="0.198"/>
	<testcase classname="TestConfig" name="test_set_log_dir" time="0.203"/>
	<testcase classname="TestConfig" name="test_set_monitor_dir" time="0.185"/>
	<testcase classname="TestConfig" name="test_set_stage_dir" time="0.211"/>
	<testcase classname="TestConfig" name="test_set_submit_dir" time="0.184"/>
	<testcase classname="TestConfig" name="test_set_web_url" time="0.193"/>
	<testcase classname="TestConfig" name="test_validate" time="0.190"/>
	<system-out>
<![CDATA[]]>	</system-out>
	<system-err>
<![CDATA[]]>	</system-err>
</testsuite>
