<?xml version="1.0" ?>
<testsuite errors="0" failures="0" name="FETestCaseCondorStatus-20190506181658" tests="9" time="2.826">
	<testcase classname="FETestCaseCondorStatus" name="test_countCondorStatus" time="0.259"/>
	<testcase classname="FETestCaseCondorStatus" name="test_getClientCondorStatus" time="0.274"/>
	<testcase classname="FETestCaseCondorStatus" name="test_getClientCondorStatusCredIdOnly" time="0.277"/>
	<testcase classname="FETestCaseCondorStatus" name="test_getClientCondorStatusPerCredId" time="0.279"/>
	<testcase classname="FETestCaseCondorStatus" name="test_getCondorStatus" time="0.503"/>
	<testcase classname="FETestCaseCondorStatus" name="test_getCondorStatusSchedds" time="0.377"/>
	<testcase classname="FETestCaseCondorStatus" name="test_getFactoryEntryList" time="0.284"/>
	<testcase classname="FETestCaseCondorStatus" name="test_getIdleCondorStatus" time="0.286"/>
	<testcase classname="FETestCaseCondorStatus" name="test_getRunningCondorStatus" time="0.288"/>
	<system-out>
<![CDATA[]]>	</system-out>
	<system-err>
<![CDATA[]]>	</system-err>
</testsuite>
