<?xml version="1.0" ?>
<testsuite errors="0" failures="0" name="TestForkManager-20190514191519" tests="7" time="41.086">
	<testcase classname="TestForkManager" name="test___init__" time="0.001"/>
	<testcase classname="TestForkManager" name="test_add_fork_and_len" time="0.001"/>
	<testcase classname="TestForkManager" name="test_bounded_fork_and_collect_use_epoll" time="10.271"/>
	<testcase classname="TestForkManager" name="test_bounded_fork_and_collect_use_poll" time="10.286"/>
	<testcase classname="TestForkManager" name="test_bounded_fork_and_collect_use_select" time="10.261"/>
	<testcase classname="TestForkManager" name="test_fork_and_collect" time="5.143"/>
	<testcase classname="TestForkManager" name="test_fork_and_wait" time="5.124"/>
	<system-out>
<![CDATA[]]>	</system-out>
	<system-err>
<![CDATA[]]>	</system-err>
</testsuite>
