<?xml version="1.0" ?>
<testsuite errors="0" failures="0" name="FETestCaseCount-20190506152529" tests="6" time="1.661">
	<testcase classname="FETestCaseCount" name="test_countMatch" time="0.310"/>
	<testcase classname="FETestCaseCount" name="test_countMatch_missingKey" time="0.314"/>
	<testcase classname="FETestCaseCount" name="test_countMatch_otherException" time="0.276"/>
	<testcase classname="FETestCaseCount" name="test_countRealRunning_match" time="0.255"/>
	<testcase classname="FETestCaseCount" name="test_countRealRunning_missingKey" time="0.264"/>
	<testcase classname="FETestCaseCount" name="test_countRealRunning_otherException" time="0.242"/>
	<system-out>
<![CDATA[]]>	</system-out>
	<system-err>
<![CDATA[]]>	</system-err>
</testsuite>
