<?xml version="1.0" ?>
<testsuite errors="0" failures="0" name="FETestCaseCondorQ-20190514191453" tests="12" time="4.075">
	<testcase classname="FETestCaseCondorQ" name="test_countCondorQ" time="0.322"/>
	<testcase classname="FETestCaseCondorQ" name="test_getClientCondorStatusCredIdOnly" time="0.340"/>
	<testcase classname="FETestCaseCondorQ" name="test_getClientCondorStatusPerCredId" time="0.315"/>
	<testcase classname="FETestCaseCondorQ" name="test_getCondorQ" time="0.386"/>
	<testcase classname="FETestCaseCondorQ" name="test_getCondorQUsers" time="0.375"/>
	<testcase classname="FETestCaseCondorQ" name="test_getCondorQ_no_constraints" time="0.294"/>
	<testcase classname="FETestCaseCondorQ" name="test_getIdleCondorQ" time="0.416"/>
	<testcase classname="FETestCaseCondorQ" name="test_getIdleProxyCondorQ" time="0.358"/>
	<testcase classname="FETestCaseCondorQ" name="test_getIdleVomsCondorQ" time="0.301"/>
	<testcase classname="FETestCaseCondorQ" name="test_getOldCondorQ" time="0.319"/>
	<testcase classname="FETestCaseCondorQ" name="test_getRunningCondorQ" time="0.301"/>
	<testcase classname="FETestCaseCondorQ" name="test_oldCondorQ" time="0.346"/>
	<system-out>
<![CDATA[]]>	</system-out>
	<system-err>
<![CDATA[]]>	</system-err>
</testsuite>
