<?xml version="1.0" ?>
<testsuite errors="0" failures="0" name="FETestCaseCondorQ-20190506181658" tests="12" time="3.481">
	<testcase classname="FETestCaseCondorQ" name="test_countCondorQ" time="0.304"/>
	<testcase classname="FETestCaseCondorQ" name="test_getClientCondorStatusCredIdOnly" time="0.286"/>
	<testcase classname="FETestCaseCondorQ" name="test_getClientCondorStatusPerCredId" time="0.279"/>
	<testcase classname="FETestCaseCondorQ" name="test_getCondorQ" time="0.314"/>
	<testcase classname="FETestCaseCondorQ" name="test_getCondorQUsers" time="0.284"/>
	<testcase classname="FETestCaseCondorQ" name="test_getCondorQ_no_constraints" time="0.261"/>
	<testcase classname="FETestCaseCondorQ" name="test_getIdleCondorQ" time="0.251"/>
	<testcase classname="FETestCaseCondorQ" name="test_getIdleProxyCondorQ" time="0.299"/>
	<testcase classname="FETestCaseCondorQ" name="test_getIdleVomsCondorQ" time="0.275"/>
	<testcase classname="FETestCaseCondorQ" name="test_getOldCondorQ" time="0.297"/>
	<testcase classname="FETestCaseCondorQ" name="test_getRunningCondorQ" time="0.289"/>
	<testcase classname="FETestCaseCondorQ" name="test_oldCondorQ" time="0.342"/>
	<system-out>
<![CDATA[]]>	</system-out>
	<system-err>
<![CDATA[]]>	</system-err>
</testsuite>
