<?xml version="1.0" ?>
<testsuite errors="0" failures="0" name="TestCondorExe-20190506181632" tests="3" time="2.760">
	<testcase classname="TestCondorExe" name="test_exe_cmd" time="0.916"/>
	<testcase classname="TestCondorExe" name="test_exe_cmd_sbin" time="0.951"/>
	<testcase classname="TestCondorExe" name="test_iexe_cmd" time="0.893"/>
	<system-out>
<![CDATA[]]>	</system-out>
	<system-err>
<![CDATA[]]>	</system-err>
</testsuite>
