<?xml version="1.0" ?>
<testsuite errors="0" failures="0" name="TestEncodeDecodeData-20190506181711" tests="4" time="3.633">
	<testcase classname="TestEncodeDecodeData" name="test_decode_data" time="0.014"/>
	<testcase classname="TestEncodeDecodeData" name="test_encode_data" time="0.002"/>
	<testcase classname="TestEncodeDecodeData" name="test_symmetric_binary" time="1.843"/>
	<testcase classname="TestEncodeDecodeData" name="test_symmetric_text" time="1.774"/>
	<system-out>
<![CDATA[]]>	</system-out>
	<system-err>
<![CDATA[]]>	</system-err>
</testsuite>
