<?xml version="1.0" ?>
<testsuite errors="0" failures="0" name="FETestCaseMisc-20190506152529" tests="5" time="1.185">
	<testcase classname="FETestCaseMisc" name="test_appendRealRunning" time="0.254"/>
	<testcase classname="FETestCaseMisc" name="test_evalParamExpr" time="0.227"/>
	<testcase classname="FETestCaseMisc" name="test_getGlideinCpusNum" time="0.242"/>
	<testcase classname="FETestCaseMisc" name="test_hashJob" time="0.228"/>
	<testcase classname="FETestCaseMisc" name="test_uniqueSets" time="0.233"/>
	<system-out>
<![CDATA[]]>	</system-out>
	<system-err>
<![CDATA[]]>	</system-err>
</testsuite>
