<?xml version="1.0" ?>
<testsuite errors="0" failures="0" name="FETestCaseCount-20190506181658" tests="6" time="1.751">
	<testcase classname="FETestCaseCount" name="test_countMatch" time="0.297"/>
	<testcase classname="FETestCaseCount" name="test_countMatch_missingKey" time="0.326"/>
	<testcase classname="FETestCaseCount" name="test_countMatch_otherException" time="0.323"/>
	<testcase classname="FETestCaseCount" name="test_countRealRunning_match" time="0.301"/>
	<testcase classname="FETestCaseCount" name="test_countRealRunning_missingKey" time="0.240"/>
	<testcase classname="FETestCaseCount" name="test_countRealRunning_otherException" time="0.264"/>
	<system-out>
<![CDATA[]]>	</system-out>
	<system-err>
<![CDATA[]]>	</system-err>
</testsuite>
