<?xml version="1.0" ?>
<testsuite errors="0" failures="0" name="TestPlugins-20190506181710" tests="5" time="0.214">
	<testcase classname="TestPlugins" name="test_proxy_all" time="0.028"/>
	<testcase classname="TestPlugins" name="test_proxy_cardinality" time="0.043"/>
	<testcase classname="TestPlugins" name="test_proxy_first" time="0.045"/>
	<testcase classname="TestPlugins" name="test_proxy_usermap" time="0.062"/>
	<testcase classname="TestPlugins" name="test_proxy_userr" time="0.035"/>
	<system-out>
<![CDATA[]]>	</system-out>
	<system-err>
<![CDATA[]]>	</system-err>
</testsuite>
