<?xml version="1.0" ?>
<testsuite errors="0" failures="0" name="FETestCaseCount-20190506193837" tests="6" time="1.573">
	<testcase classname="FETestCaseCount" name="test_countMatch" time="0.245"/>
	<testcase classname="FETestCaseCount" name="test_countMatch_missingKey" time="0.256"/>
	<testcase classname="FETestCaseCount" name="test_countMatch_otherException" time="0.255"/>
	<testcase classname="FETestCaseCount" name="test_countRealRunning_match" time="0.255"/>
	<testcase classname="FETestCaseCount" name="test_countRealRunning_missingKey" time="0.271"/>
	<testcase classname="FETestCaseCount" name="test_countRealRunning_otherException" time="0.292"/>
	<system-out>
<![CDATA[]]>	</system-out>
	<system-err>
<![CDATA[]]>	</system-err>
</testsuite>
