<?xml version="1.0" ?>
<testsuite errors="0" failures="0" name="FETestCaseCondorStatus-20190504181815" tests="9" time="0.410">
	<testcase classname="FETestCaseCondorStatus" name="test_countCondorStatus" time="0.038"/>
	<testcase classname="FETestCaseCondorStatus" name="test_getClientCondorStatus" time="0.041"/>
	<testcase classname="FETestCaseCondorStatus" name="test_getClientCondorStatusCredIdOnly" time="0.042"/>
	<testcase classname="FETestCaseCondorStatus" name="test_getClientCondorStatusPerCredId" time="0.044"/>
	<testcase classname="FETestCaseCondorStatus" name="test_getCondorStatus" time="0.079"/>
	<testcase classname="FETestCaseCondorStatus" name="test_getCondorStatusSchedds" time="0.052"/>
	<testcase classname="FETestCaseCondorStatus" name="test_getFactoryEntryList" time="0.040"/>
	<testcase classname="FETestCaseCondorStatus" name="test_getIdleCondorStatus" time="0.037"/>
	<testcase classname="FETestCaseCondorStatus" name="test_getRunningCondorStatus" time="0.039"/>
	<system-out>
<![CDATA[]]>	</system-out>
	<system-err>
<![CDATA[]]>	</system-err>
</testsuite>
