<?xml version="1.0" ?>
<testsuite errors="0" failures="0" name="TestSymAES256Key-20190504152240" tests="2" time="0.294">
	<testcase classname="TestSymAES256Key" name="test___init__" time="0.000"/>
	<testcase classname="TestSymAES256Key" name="test_symmetric" time="0.293"/>
	<system-out>
<![CDATA[]]>	</system-out>
	<system-err>
<![CDATA[]]>	</system-err>
</testsuite>
