<?xml version="1.0" ?>
<testsuite errors="0" failures="0" name="TestEscapeParam-20190504163406" tests="1" time="0.000">
	<testcase classname="TestEscapeParam" name="test_escape_param" time="0.000">
		<skipped message="for now" type="skip"/>
	</testcase>
	<system-out>
<![CDATA[]]>	</system-out>
	<system-err>
<![CDATA[]]>	</system-err>
</testsuite>
