<?xml version="1.0" ?>
<testsuite errors="0" failures="0" name="TestXmlstring2dict-20190504152243" tests="1" time="0.001">
	<testcase classname="TestXmlstring2dict" name="test_xmlstring2dict" time="0.001"/>
	<system-out>
<![CDATA[]]>	</system-out>
	<system-err>
<![CDATA[]]>	</system-err>
</testsuite>
