<?xml version="1.0" ?>
<testsuite errors="0" failures="0" name="TestGlideinDicts-20190504182228" tests="9" time="1.227">
	<testcase classname="TestGlideinDicts" name="test_MainDicts_populate" time="0.282"/>
	<testcase classname="TestGlideinDicts" name="test__init__" time="0.123"/>
	<testcase classname="TestGlideinDicts" name="test_has_file_wrapper" time="0.107"/>
	<testcase classname="TestGlideinDicts" name="test_new_MainDicts" time="0.108"/>
	<testcase classname="TestGlideinDicts" name="test_new_SubDicts" time="0.104"/>
	<testcase classname="TestGlideinDicts" name="test_reuse" time="0.111"/>
	<testcase classname="TestGlideinDicts" name="test_save" time="0.163"/>
	<testcase classname="TestGlideinDicts" name="test_save_monitor" time="0.120"/>
	<testcase classname="TestGlideinDicts" name="test_save_pub_key" time="0.108"/>
	<system-out>
<![CDATA[]]>	</system-out>
	<system-err>
<![CDATA[]]>	</system-err>
</testsuite>
