<?xml version="1.0" ?>
<testsuite errors="0" failures="0" name="TestGlideinDicts-20190504152534" tests="9" time="1.289">
	<testcase classname="TestGlideinDicts" name="test_MainDicts_populate" time="0.201"/>
	<testcase classname="TestGlideinDicts" name="test__init__" time="0.124"/>
	<testcase classname="TestGlideinDicts" name="test_has_file_wrapper" time="0.121"/>
	<testcase classname="TestGlideinDicts" name="test_new_MainDicts" time="0.127"/>
	<testcase classname="TestGlideinDicts" name="test_new_SubDicts" time="0.124"/>
	<testcase classname="TestGlideinDicts" name="test_reuse" time="0.139"/>
	<testcase classname="TestGlideinDicts" name="test_save" time="0.195"/>
	<testcase classname="TestGlideinDicts" name="test_save_monitor" time="0.122"/>
	<testcase classname="TestGlideinDicts" name="test_save_pub_key" time="0.136"/>
	<system-out>
<![CDATA[]]>	</system-out>
	<system-err>
<![CDATA[]]>	</system-err>
</testsuite>
