<?xml version="1.0" ?>
<testsuite errors="0" failures="0" name="TestCondorExe-20190504181801" tests="3" time="3.246">
	<testcase classname="TestCondorExe" name="test_exe_cmd" time="1.157"/>
	<testcase classname="TestCondorExe" name="test_exe_cmd_sbin" time="1.065"/>
	<testcase classname="TestCondorExe" name="test_iexe_cmd" time="1.024"/>
	<system-out>
<![CDATA[]]>	</system-out>
	<system-err>
<![CDATA[]]>	</system-err>
</testsuite>
