<?xml version="1.0" ?>
<testsuite errors="0" failures="0" name="TestEncodeDecodeData-20190504181818" tests="4" time="0.622">
	<testcase classname="TestEncodeDecodeData" name="test_decode_data" time="0.002"/>
	<testcase classname="TestEncodeDecodeData" name="test_encode_data" time="0.001"/>
	<testcase classname="TestEncodeDecodeData" name="test_symmetric_binary" time="0.326"/>
	<testcase classname="TestEncodeDecodeData" name="test_symmetric_text" time="0.293"/>
	<system-out>
<![CDATA[]]>	</system-out>
	<system-err>
<![CDATA[]]>	</system-err>
</testsuite>
