<?xml version="1.0" ?>
<testsuite errors="0" failures="0" name="TestGlideinDicts-20190504163820" tests="9" time="1.218">
	<testcase classname="TestGlideinDicts" name="test_MainDicts_populate" time="0.211"/>
	<testcase classname="TestGlideinDicts" name="test__init__" time="0.105"/>
	<testcase classname="TestGlideinDicts" name="test_has_file_wrapper" time="0.109"/>
	<testcase classname="TestGlideinDicts" name="test_new_MainDicts" time="0.109"/>
	<testcase classname="TestGlideinDicts" name="test_new_SubDicts" time="0.112"/>
	<testcase classname="TestGlideinDicts" name="test_reuse" time="0.112"/>
	<testcase classname="TestGlideinDicts" name="test_save" time="0.182"/>
	<testcase classname="TestGlideinDicts" name="test_save_monitor" time="0.138"/>
	<testcase classname="TestGlideinDicts" name="test_save_pub_key" time="0.140"/>
	<system-out>
<![CDATA[]]>	</system-out>
	<system-err>
<![CDATA[]]>	</system-err>
</testsuite>
