<?xml version="1.0" ?>
<testsuite errors="0" failures="0" name="TestCondorExe-20190504163352" tests="3" time="3.320">
	<testcase classname="TestCondorExe" name="test_exe_cmd" time="1.141"/>
	<testcase classname="TestCondorExe" name="test_exe_cmd_sbin" time="1.059"/>
	<testcase classname="TestCondorExe" name="test_iexe_cmd" time="1.119"/>
	<system-out>
<![CDATA[]]>	</system-out>
	<system-err>
<![CDATA[]]>	</system-err>
</testsuite>
