<?xml version="1.0" ?>
<testsuite errors="0" failures="0" name="FETestCaseCondorStatus-20190504152123" tests="9" time="0.336">
	<testcase classname="FETestCaseCondorStatus" name="test_countCondorStatus" time="0.042"/>
	<testcase classname="FETestCaseCondorStatus" name="test_getClientCondorStatus" time="0.035"/>
	<testcase classname="FETestCaseCondorStatus" name="test_getClientCondorStatusCredIdOnly" time="0.031"/>
	<testcase classname="FETestCaseCondorStatus" name="test_getClientCondorStatusPerCredId" time="0.031"/>
	<testcase classname="FETestCaseCondorStatus" name="test_getCondorStatus" time="0.058"/>
	<testcase classname="FETestCaseCondorStatus" name="test_getCondorStatusSchedds" time="0.042"/>
	<testcase classname="FETestCaseCondorStatus" name="test_getFactoryEntryList" time="0.035"/>
	<testcase classname="FETestCaseCondorStatus" name="test_getIdleCondorStatus" time="0.030"/>
	<testcase classname="FETestCaseCondorStatus" name="test_getRunningCondorStatus" time="0.030"/>
	<system-out>
<![CDATA[]]>	</system-out>
	<system-err>
<![CDATA[]]>	</system-err>
</testsuite>
