<?xml version="1.0" ?>
<testsuite errors="0" failures="0" name="TestCondorExe-20190504152109" tests="3" time="3.367">
	<testcase classname="TestCondorExe" name="test_exe_cmd" time="1.116"/>
	<testcase classname="TestCondorExe" name="test_exe_cmd_sbin" time="1.132"/>
	<testcase classname="TestCondorExe" name="test_iexe_cmd" time="1.120"/>
	<system-out>
<![CDATA[]]>	</system-out>
	<system-err>
<![CDATA[]]>	</system-err>
</testsuite>
