<?xml version="1.0" ?>
<testsuite errors="0" failures="0" name="TestTarSupport-20190504163819" tests="2" time="0.014">
	<testcase classname="TestTarSupport" name="test_tarSupport_blob" time="0.007"/>
	<testcase classname="TestTarSupport" name="test_tarSupport_file" time="0.008"/>
	<system-out>
<![CDATA[]]>	</system-out>
	<system-err>
<![CDATA[]]>	</system-err>
</testsuite>
