<?xml version="1.0" ?>
<testsuite errors="0" failures="0" name="TestMutableSymKey-20190504163524" tests="4" time="0.000">
	<testcase classname="TestMutableSymKey" name="test___init__" time="0.000"/>
	<testcase classname="TestMutableSymKey" name="test_get_wcrypto" time="0.000"/>
	<testcase classname="TestMutableSymKey" name="test_is_valid" time="0.000"/>
	<testcase classname="TestMutableSymKey" name="test_redefine" time="0.000"/>
	<system-out>
<![CDATA[]]>	</system-out>
	<system-err>
<![CDATA[]]>	</system-err>
</testsuite>
