<?xml version="1.0" ?>
<testsuite errors="0" failures="0" name="TestFactFileElement-20190504152100" tests="1" time="0.224">
	<testcase classname="TestFactFileElement" name="test_validate" time="0.224"/>
	<system-out>
<![CDATA[]]>	</system-out>
	<system-err>
<![CDATA[]]>	</system-err>
</testsuite>
