<?xml version="1.0" ?>
<testsuite errors="0" failures="0" name="TestParse-20190504181753" tests="1" time="0.991">
	<testcase classname="TestParse" name="test_parse" time="0.991"/>
	<system-out>
<![CDATA[]]>	</system-out>
	<system-err>
<![CDATA[]]>	</system-err>
</testsuite>
