<?xml version="1.0" ?>
<testsuite errors="0" failures="0" name="FETestCaseCondorStatus-20190504152116" tests="9" time="2.751">
	<testcase classname="FETestCaseCondorStatus" name="test_countCondorStatus" time="0.259"/>
	<testcase classname="FETestCaseCondorStatus" name="test_getClientCondorStatus" time="0.268"/>
	<testcase classname="FETestCaseCondorStatus" name="test_getClientCondorStatusCredIdOnly" time="0.258"/>
	<testcase classname="FETestCaseCondorStatus" name="test_getClientCondorStatusPerCredId" time="0.260"/>
	<testcase classname="FETestCaseCondorStatus" name="test_getCondorStatus" time="0.526"/>
	<testcase classname="FETestCaseCondorStatus" name="test_getCondorStatusSchedds" time="0.383"/>
	<testcase classname="FETestCaseCondorStatus" name="test_getFactoryEntryList" time="0.256"/>
	<testcase classname="FETestCaseCondorStatus" name="test_getIdleCondorStatus" time="0.279"/>
	<testcase classname="FETestCaseCondorStatus" name="test_getRunningCondorStatus" time="0.263"/>
	<system-out>
<![CDATA[]]>	</system-out>
	<system-err>
<![CDATA[]]>	</system-err>
</testsuite>
