<?xml version="1.0" ?>
<testsuite errors="0" failures="0" name="TestGetEntrySubmitDir-20190504152052" tests="1" time="0.001">
	<testcase classname="TestGetEntrySubmitDir" name="test_get_entry_submit_dir" time="0.001"/>
	<system-out>
<![CDATA[]]>	</system-out>
	<system-err>
<![CDATA[]]>	</system-err>
</testsuite>
