<?xml version="1.0" ?>
<testsuite errors="0" failures="0" name="FETestCaseMisc-20190504152116" tests="5" time="1.312">
	<testcase classname="FETestCaseMisc" name="test_appendRealRunning" time="0.264"/>
	<testcase classname="FETestCaseMisc" name="test_evalParamExpr" time="0.271"/>
	<testcase classname="FETestCaseMisc" name="test_getGlideinCpusNum" time="0.238"/>
	<testcase classname="FETestCaseMisc" name="test_hashJob" time="0.251"/>
	<testcase classname="FETestCaseMisc" name="test_uniqueSets" time="0.288"/>
	<system-out>
<![CDATA[]]>	</system-out>
	<system-err>
<![CDATA[]]>	</system-err>
</testsuite>
