<?xml version="1.0" ?>
<testsuite errors="0" failures="0" name="TestPopulateFrontendDescript-20190504153241" tests="1" time="0.000">
	<testcase classname="TestPopulateFrontendDescript" name="test_populate_frontend_descript" time="0.000">
		<skipped message="for now" type="skip"/>
	</testcase>
	<system-out>
<![CDATA[]]>	</system-out>
	<system-err>
<![CDATA[]]>	</system-err>
</testsuite>
