<?xml version="1.0" ?>
<testsuite errors="0" failures="0" name="FETestCaseCondorQ-20190504163400" tests="12" time="3.396">
	<testcase classname="FETestCaseCondorQ" name="test_countCondorQ" time="0.265"/>
	<testcase classname="FETestCaseCondorQ" name="test_getClientCondorStatusCredIdOnly" time="0.291"/>
	<testcase classname="FETestCaseCondorQ" name="test_getClientCondorStatusPerCredId" time="0.288"/>
	<testcase classname="FETestCaseCondorQ" name="test_getCondorQ" time="0.305"/>
	<testcase classname="FETestCaseCondorQ" name="test_getCondorQUsers" time="0.281"/>
	<testcase classname="FETestCaseCondorQ" name="test_getCondorQ_no_constraints" time="0.268"/>
	<testcase classname="FETestCaseCondorQ" name="test_getIdleCondorQ" time="0.284"/>
	<testcase classname="FETestCaseCondorQ" name="test_getIdleProxyCondorQ" time="0.288"/>
	<testcase classname="FETestCaseCondorQ" name="test_getIdleVomsCondorQ" time="0.285"/>
	<testcase classname="FETestCaseCondorQ" name="test_getOldCondorQ" time="0.257"/>
	<testcase classname="FETestCaseCondorQ" name="test_getRunningCondorQ" time="0.265"/>
	<testcase classname="FETestCaseCondorQ" name="test_oldCondorQ" time="0.318"/>
	<system-out>
<![CDATA[]]>	</system-out>
	<system-err>
<![CDATA[]]>	</system-err>
</testsuite>
