<?xml version="1.0" ?>
<testsuite errors="0" failures="0" name="TestEntryElement-20190504152100" tests="3" time="0.660">
	<testcase classname="TestEntryElement" name="test_getName" time="0.221"/>
	<testcase classname="TestEntryElement" name="test_validate" time="0.228"/>
	<testcase classname="TestEntryElement" name="test_validate_sub_elements" time="0.211"/>
	<system-out>
<![CDATA[]]>	</system-out>
	<system-err>
<![CDATA[]]>	</system-err>
</testsuite>
