<?xml version="1.0" ?>
<testsuite errors="0" failures="0" name="FETestCaseCount-20190504181808" tests="7" time="1.930">
	<testcase classname="FETestCaseCount" name="test_countMatch" time="0.249"/>
	<testcase classname="FETestCaseCount" name="test_countMatchDowntime" time="0.275"/>
	<testcase classname="FETestCaseCount" name="test_countMatch_missingKey" time="0.289"/>
	<testcase classname="FETestCaseCount" name="test_countMatch_otherException" time="0.296"/>
	<testcase classname="FETestCaseCount" name="test_countRealRunning_match" time="0.275"/>
	<testcase classname="FETestCaseCount" name="test_countRealRunning_missingKey" time="0.271"/>
	<testcase classname="FETestCaseCount" name="test_countRealRunning_otherException" time="0.274"/>
	<system-out>
<![CDATA[]]>	</system-out>
	<system-err>
<![CDATA[]]>	</system-err>
</testsuite>
