<?xml version="1.0" ?>
<testsuite errors="0" failures="0" name="FETestCaseCondorQ-20190504181808" tests="12" time="3.310">
	<testcase classname="FETestCaseCondorQ" name="test_countCondorQ" time="0.256"/>
	<testcase classname="FETestCaseCondorQ" name="test_getClientCondorStatusCredIdOnly" time="0.256"/>
	<testcase classname="FETestCaseCondorQ" name="test_getClientCondorStatusPerCredId" time="0.252"/>
	<testcase classname="FETestCaseCondorQ" name="test_getCondorQ" time="0.309"/>
	<testcase classname="FETestCaseCondorQ" name="test_getCondorQUsers" time="0.276"/>
	<testcase classname="FETestCaseCondorQ" name="test_getCondorQ_no_constraints" time="0.278"/>
	<testcase classname="FETestCaseCondorQ" name="test_getIdleCondorQ" time="0.260"/>
	<testcase classname="FETestCaseCondorQ" name="test_getIdleProxyCondorQ" time="0.257"/>
	<testcase classname="FETestCaseCondorQ" name="test_getIdleVomsCondorQ" time="0.264"/>
	<testcase classname="FETestCaseCondorQ" name="test_getOldCondorQ" time="0.272"/>
	<testcase classname="FETestCaseCondorQ" name="test_getRunningCondorQ" time="0.284"/>
	<testcase classname="FETestCaseCondorQ" name="test_oldCondorQ" time="0.345"/>
	<system-out>
<![CDATA[]]>	</system-out>
	<system-err>
<![CDATA[]]>	</system-err>
</testsuite>
