<?xml version="1.0" ?>
<testsuite errors="0" failures="0" name="TestDictFileTwoKeys-20190504163334" tests="21" time="0.050">
	<testcase classname="TestDictFileTwoKeys" name="test___getitem__" time="0.001"/>
	<testcase classname="TestDictFileTwoKeys" name="test___init__" time="0.001"/>
	<testcase classname="TestDictFileTwoKeys" name="test_add_has_key2_get_val2" time="0.001"/>
	<testcase classname="TestDictFileTwoKeys" name="test_add_no_overwrite" time="0.001"/>
	<testcase classname="TestDictFileTwoKeys" name="test_erase" time="0.001"/>
	<testcase classname="TestDictFileTwoKeys" name="test_file_footer" time="0.001"/>
	<testcase classname="TestDictFileTwoKeys" name="test_file_header" time="0.001"/>
	<testcase classname="TestDictFileTwoKeys" name="test_format_val" time="0.001"/>
	<testcase classname="TestDictFileTwoKeys" name="test_get_dir" time="0.001"/>
	<testcase classname="TestDictFileTwoKeys" name="test_get_filepath" time="0.001"/>
	<testcase classname="TestDictFileTwoKeys" name="test_get_fname" time="0.001"/>
	<testcase classname="TestDictFileTwoKeys" name="test_has_key" time="0.001"/>
	<testcase classname="TestDictFileTwoKeys" name="test_is_compatible" time="0.001"/>
	<testcase classname="TestDictFileTwoKeys" name="test_is_compatible2" time="0.001"/>
	<testcase classname="TestDictFileTwoKeys" name="test_is_equal" time="0.020"/>
	<testcase classname="TestDictFileTwoKeys" name="test_parse_val" time="0.003"/>
	<testcase classname="TestDictFileTwoKeys" name="test_remove" time="0.001"/>
	<testcase classname="TestDictFileTwoKeys" name="test_save" time="0.002"/>
	<testcase classname="TestDictFileTwoKeys" name="test_save_into_load_from_fd" time="0.004"/>
	<testcase classname="TestDictFileTwoKeys" name="test_save_to_load_from_str" time="0.004"/>
	<testcase classname="TestDictFileTwoKeys" name="test_set_readonly" time="0.001"/>
	<system-out>
<![CDATA[]]>	</system-out>
	<system-err>
<![CDATA[]]>	</system-err>
</testsuite>
