<?xml version="1.0" ?>
<testsuite errors="0" failures="0" name="FETestCaseCount-20190504152116" tests="7" time="2.098">
	<testcase classname="FETestCaseCount" name="test_countMatch" time="0.278"/>
	<testcase classname="FETestCaseCount" name="test_countMatchDowntime" time="0.307"/>
	<testcase classname="FETestCaseCount" name="test_countMatch_missingKey" time="0.307"/>
	<testcase classname="FETestCaseCount" name="test_countMatch_otherException" time="0.323"/>
	<testcase classname="FETestCaseCount" name="test_countRealRunning_match" time="0.291"/>
	<testcase classname="FETestCaseCount" name="test_countRealRunning_missingKey" time="0.298"/>
	<testcase classname="FETestCaseCount" name="test_countRealRunning_otherException" time="0.292"/>
	<system-out>
<![CDATA[]]>	</system-out>
	<system-err>
<![CDATA[]]>	</system-err>
</testsuite>
