<?xml version="1.0" ?>
<testsuite errors="0" failures="0" name="TestSymAES256Key-20190504163534" tests="2" time="2.091">
	<testcase classname="TestSymAES256Key" name="test___init__" time="0.002"/>
	<testcase classname="TestSymAES256Key" name="test_symmetric" time="2.089"/>
	<system-out>
<![CDATA[]]>	</system-out>
	<system-err>
<![CDATA[]]>	</system-err>
</testsuite>
