<?xml version="1.0" ?>
<testsuite errors="0" failures="0" name="TestGlideinDicts-20190504182934" tests="9" time="4.572">
	<testcase classname="TestGlideinDicts" name="test_MainDicts_populate" time="0.676"/>
	<testcase classname="TestGlideinDicts" name="test__init__" time="0.507"/>
	<testcase classname="TestGlideinDicts" name="test_has_file_wrapper" time="0.446"/>
	<testcase classname="TestGlideinDicts" name="test_new_MainDicts" time="0.496"/>
	<testcase classname="TestGlideinDicts" name="test_new_SubDicts" time="0.434"/>
	<testcase classname="TestGlideinDicts" name="test_reuse" time="0.513"/>
	<testcase classname="TestGlideinDicts" name="test_save" time="0.598"/>
	<testcase classname="TestGlideinDicts" name="test_save_monitor" time="0.443"/>
	<testcase classname="TestGlideinDicts" name="test_save_pub_key" time="0.459"/>
	<system-out>
<![CDATA[]]>	</system-out>
	<system-err>
<![CDATA[]]>	</system-err>
</testsuite>
