<?xml version="1.0" ?>
<testsuite errors="0" failures="0" name="TestGlideinMainDicts-20190504163337" tests="6" time="1.200">
	<testcase classname="TestGlideinMainDicts" name="test___init__" time="0.196"/>
	<testcase classname="TestGlideinMainDicts" name="test_get_daemon_log_dir" time="0.195"/>
	<testcase classname="TestGlideinMainDicts" name="test_get_main_dicts" time="0.194"/>
	<testcase classname="TestGlideinMainDicts" name="test_load" time="0.201"/>
	<testcase classname="TestGlideinMainDicts" name="test_reuse" time="0.211"/>
	<testcase classname="TestGlideinMainDicts" name="test_save" time="0.203"/>
	<system-out>
<![CDATA[]]>	</system-out>
	<system-err>
<![CDATA[]]>	</system-err>
</testsuite>
