<?xml version="1.0" ?>
<testsuite errors="0" failures="0" name="TestCondorExe-20190504163330" tests="3" time="3.042">
	<testcase classname="TestCondorExe" name="test_exe_cmd" time="1.105"/>
	<testcase classname="TestCondorExe" name="test_exe_cmd_sbin" time="0.964"/>
	<testcase classname="TestCondorExe" name="test_iexe_cmd" time="0.974"/>
	<system-out>
<![CDATA[]]>	</system-out>
	<system-err>
<![CDATA[]]>	</system-err>
</testsuite>
