<?xml version="1.0" ?>
<testsuite errors="0" failures="0" name="TestGlideinDicts-20190504164525" tests="9" time="4.690">
	<testcase classname="TestGlideinDicts" name="test_MainDicts_populate" time="0.671"/>
	<testcase classname="TestGlideinDicts" name="test__init__" time="0.515"/>
	<testcase classname="TestGlideinDicts" name="test_has_file_wrapper" time="0.383"/>
	<testcase classname="TestGlideinDicts" name="test_new_MainDicts" time="0.465"/>
	<testcase classname="TestGlideinDicts" name="test_new_SubDicts" time="0.463"/>
	<testcase classname="TestGlideinDicts" name="test_reuse" time="0.473"/>
	<testcase classname="TestGlideinDicts" name="test_save" time="0.666"/>
	<testcase classname="TestGlideinDicts" name="test_save_monitor" time="0.506"/>
	<testcase classname="TestGlideinDicts" name="test_save_pub_key" time="0.548"/>
	<system-out>
<![CDATA[]]>	</system-out>
	<system-err>
<![CDATA[]]>	</system-err>
</testsuite>
