<?xml version="1.0" ?>
<testsuite errors="0" failures="0" name="TestCondorExe-20190504152046" tests="3" time="3.043">
	<testcase classname="TestCondorExe" name="test_exe_cmd" time="1.030"/>
	<testcase classname="TestCondorExe" name="test_exe_cmd_sbin" time="0.999"/>
	<testcase classname="TestCondorExe" name="test_iexe_cmd" time="1.014"/>
	<system-out>
<![CDATA[]]>	</system-out>
	<system-err>
<![CDATA[]]>	</system-err>
</testsuite>
