<?xml version="1.0" ?>
<testsuite errors="0" failures="0" name="TestFrontendElement-20190504152100" tests="1" time="0.215">
	<testcase classname="TestFrontendElement" name="test_validate" time="0.215"/>
	<system-out>
<![CDATA[]]>	</system-out>
	<system-err>
<![CDATA[]]>	</system-err>
</testsuite>
