<?xml version="1.0" ?>
<testsuite errors="0" failures="0" name="FETestCaseCondorQ-20190504152116" tests="12" time="3.454">
	<testcase classname="FETestCaseCondorQ" name="test_countCondorQ" time="0.277"/>
	<testcase classname="FETestCaseCondorQ" name="test_getClientCondorStatusCredIdOnly" time="0.284"/>
	<testcase classname="FETestCaseCondorQ" name="test_getClientCondorStatusPerCredId" time="0.311"/>
	<testcase classname="FETestCaseCondorQ" name="test_getCondorQ" time="0.334"/>
	<testcase classname="FETestCaseCondorQ" name="test_getCondorQUsers" time="0.266"/>
	<testcase classname="FETestCaseCondorQ" name="test_getCondorQ_no_constraints" time="0.265"/>
	<testcase classname="FETestCaseCondorQ" name="test_getIdleCondorQ" time="0.275"/>
	<testcase classname="FETestCaseCondorQ" name="test_getIdleProxyCondorQ" time="0.266"/>
	<testcase classname="FETestCaseCondorQ" name="test_getIdleVomsCondorQ" time="0.287"/>
	<testcase classname="FETestCaseCondorQ" name="test_getOldCondorQ" time="0.293"/>
	<testcase classname="FETestCaseCondorQ" name="test_getRunningCondorQ" time="0.296"/>
	<testcase classname="FETestCaseCondorQ" name="test_oldCondorQ" time="0.300"/>
	<system-out>
<![CDATA[]]>	</system-out>
	<system-err>
<![CDATA[]]>	</system-err>
</testsuite>
