<?xml version="1.0" ?>
<testsuite errors="0" failures="0" name="TestSymAES256Key-20190504181941" tests="2" time="1.996">
	<testcase classname="TestSymAES256Key" name="test___init__" time="0.001"/>
	<testcase classname="TestSymAES256Key" name="test_symmetric" time="1.995"/>
	<system-out>
<![CDATA[]]>	</system-out>
	<system-err>
<![CDATA[]]>	</system-err>
</testsuite>
