<?xml version="1.0" ?>
<testsuite errors="0" failures="0" name="TestPerfMetric-20190504163533" tests="8" time="0.006">
	<testcase classname="TestPerfMetric" name="test___init__" time="0.001"/>
	<testcase classname="TestPerfMetric" name="test___repr__" time="0.001"/>
	<testcase classname="TestPerfMetric" name="test___str__" time="0.001"/>
	<testcase classname="TestPerfMetric" name="test_deregister_event" time="0.001"/>
	<testcase classname="TestPerfMetric" name="test_event_end" time="0.001"/>
	<testcase classname="TestPerfMetric" name="test_event_lifetime" time="0.001"/>
	<testcase classname="TestPerfMetric" name="test_event_start" time="0.001"/>
	<testcase classname="TestPerfMetric" name="test_register_event_time" time="0.001"/>
	<system-out>
<![CDATA[]]>	</system-out>
	<system-err>
<![CDATA[]]>	</system-err>
</testsuite>
