<?xml version="1.0" ?>
<testsuite errors="0" failures="0" name="FETestCaseMisc-20190504163400" tests="5" time="1.390">
	<testcase classname="FETestCaseMisc" name="test_appendRealRunning" time="0.288"/>
	<testcase classname="FETestCaseMisc" name="test_evalParamExpr" time="0.272"/>
	<testcase classname="FETestCaseMisc" name="test_getGlideinCpusNum" time="0.285"/>
	<testcase classname="FETestCaseMisc" name="test_hashJob" time="0.262"/>
	<testcase classname="FETestCaseMisc" name="test_uniqueSets" time="0.284"/>
	<system-out>
<![CDATA[]]>	</system-out>
	<system-err>
<![CDATA[]]>	</system-err>
</testsuite>
