<?xml version="1.0" ?>
<testsuite errors="0" failures="0" name="FETestCaseCondorStatus-20190504163400" tests="9" time="2.819">
	<testcase classname="FETestCaseCondorStatus" name="test_countCondorStatus" time="0.287"/>
	<testcase classname="FETestCaseCondorStatus" name="test_getClientCondorStatus" time="0.284"/>
	<testcase classname="FETestCaseCondorStatus" name="test_getClientCondorStatusCredIdOnly" time="0.267"/>
	<testcase classname="FETestCaseCondorStatus" name="test_getClientCondorStatusPerCredId" time="0.258"/>
	<testcase classname="FETestCaseCondorStatus" name="test_getCondorStatus" time="0.510"/>
	<testcase classname="FETestCaseCondorStatus" name="test_getCondorStatusSchedds" time="0.397"/>
	<testcase classname="FETestCaseCondorStatus" name="test_getFactoryEntryList" time="0.269"/>
	<testcase classname="FETestCaseCondorStatus" name="test_getIdleCondorStatus" time="0.277"/>
	<testcase classname="FETestCaseCondorStatus" name="test_getRunningCondorStatus" time="0.269"/>
	<system-out>
<![CDATA[]]>	</system-out>
	<system-err>
<![CDATA[]]>	</system-err>
</testsuite>
