<?xml version="1.0" ?>
<testsuite errors="0" failures="0" name="TestGlideinDicts-20190504153241" tests="9" time="4.421">
	<testcase classname="TestGlideinDicts" name="test_MainDicts_populate" time="0.596"/>
	<testcase classname="TestGlideinDicts" name="test__init__" time="0.488"/>
	<testcase classname="TestGlideinDicts" name="test_has_file_wrapper" time="0.422"/>
	<testcase classname="TestGlideinDicts" name="test_new_MainDicts" time="0.461"/>
	<testcase classname="TestGlideinDicts" name="test_new_SubDicts" time="0.558"/>
	<testcase classname="TestGlideinDicts" name="test_reuse" time="0.410"/>
	<testcase classname="TestGlideinDicts" name="test_save" time="0.490"/>
	<testcase classname="TestGlideinDicts" name="test_save_monitor" time="0.482"/>
	<testcase classname="TestGlideinDicts" name="test_save_pub_key" time="0.514"/>
	<system-out>
<![CDATA[]]>	</system-out>
	<system-err>
<![CDATA[]]>	</system-err>
</testsuite>
