<?xml version="1.0" ?>
<testsuite errors="0" failures="0" name="TestConfig-20190504163344" tests="17" time="3.381">
	<testcase classname="TestConfig" name="test___init__" time="0.190"/>
	<testcase classname="TestConfig" name="test_get_client_log_dirs" time="0.194"/>
	<testcase classname="TestConfig" name="test_get_client_proxy_dirs" time="0.190"/>
	<testcase classname="TestConfig" name="test_get_entries" time="0.189"/>
	<testcase classname="TestConfig" name="test_get_log_dir" time="0.203"/>
	<testcase classname="TestConfig" name="test_get_monitor_dir" time="0.217"/>
	<testcase classname="TestConfig" name="test_get_stage_dir" time="0.207"/>
	<testcase classname="TestConfig" name="test_get_submit_dir" time="0.193"/>
	<testcase classname="TestConfig" name="test_get_web_url" time="0.194"/>
	<testcase classname="TestConfig" name="test_set_client_log_dirs" time="0.206"/>
	<testcase classname="TestConfig" name="test_set_client_proxy_dirs" time="0.200"/>
	<testcase classname="TestConfig" name="test_set_log_dir" time="0.194"/>
	<testcase classname="TestConfig" name="test_set_monitor_dir" time="0.194"/>
	<testcase classname="TestConfig" name="test_set_stage_dir" time="0.196"/>
	<testcase classname="TestConfig" name="test_set_submit_dir" time="0.217"/>
	<testcase classname="TestConfig" name="test_set_web_url" time="0.202"/>
	<testcase classname="TestConfig" name="test_validate" time="0.196"/>
	<system-out>
<![CDATA[]]>	</system-out>
	<system-err>
<![CDATA[]]>	</system-err>
</testsuite>
