<?xml version="1.0" ?>
<testsuite errors="0" failures="0" name="TestSubmitGlideins-20190514191504" tests="1" time="0.000">
	<testcase classname="TestSubmitGlideins" name="test_submit_glideins" time="0.000">
		<skipped message="for now" type="skip"/>
	</testcase>
	<system-out>
<![CDATA[]]>	</system-out>
	<system-err>
<![CDATA[]]>	</system-err>
</testsuite>
