<?xml version="1.0" ?>
<testsuite errors="0" failures="0" name="TestGlideinDicts-20190514191449" tests="7" time="2.196">
	<testcase classname="TestGlideinDicts" name="test_MainDicts_populate" time="0.380"/>
	<testcase classname="TestGlideinDicts" name="test__init__" time="0.319"/>
	<testcase classname="TestGlideinDicts" name="test_new_MainDicts" time="0.250"/>
	<testcase classname="TestGlideinDicts" name="test_new_SubDicts" time="0.318"/>
	<testcase classname="TestGlideinDicts" name="test_save" time="0.397"/>
	<testcase classname="TestGlideinDicts" name="test_save_monitor" time="0.258"/>
	<testcase classname="TestGlideinDicts" name="test_save_pub_key" time="0.274"/>
	<system-out>
<![CDATA[]]>	</system-out>
	<system-err>
<![CDATA[]]>	</system-err>
</testsuite>
