<?xml version="1.0" ?>
<testsuite errors="0" failures="0" name="TestGlideinMainDicts-20190514191448" tests="6" time="0.311">
	<testcase classname="TestGlideinMainDicts" name="test___init__" time="0.062"/>
	<testcase classname="TestGlideinMainDicts" name="test_get_daemon_log_dir" time="0.051"/>
	<testcase classname="TestGlideinMainDicts" name="test_get_main_dicts" time="0.039"/>
	<testcase classname="TestGlideinMainDicts" name="test_load" time="0.045"/>
	<testcase classname="TestGlideinMainDicts" name="test_reuse" time="0.052"/>
	<testcase classname="TestGlideinMainDicts" name="test_save" time="0.061"/>
	<system-out>
<![CDATA[]]>	</system-out>
	<system-err>
<![CDATA[]]>	</system-err>
</testsuite>
