<?xml version="1.0" ?>
<testsuite errors="0" failures="0" name="FETestCaseCount-20190514191505" tests="7" time="0.412">
	<testcase classname="FETestCaseCount" name="test_countMatch" time="0.062"/>
	<testcase classname="FETestCaseCount" name="test_countMatchDowntime" time="0.036"/>
	<testcase classname="FETestCaseCount" name="test_countMatch_missingKey" time="0.109"/>
	<testcase classname="FETestCaseCount" name="test_countMatch_otherException" time="0.039"/>
	<testcase classname="FETestCaseCount" name="test_countRealRunning_match" time="0.056"/>
	<testcase classname="FETestCaseCount" name="test_countRealRunning_missingKey" time="0.053"/>
	<testcase classname="FETestCaseCount" name="test_countRealRunning_otherException" time="0.056"/>
	<system-out>
<![CDATA[]]>	</system-out>
	<system-err>
<![CDATA[]]>	</system-err>
</testsuite>
