<?xml version="1.0" ?>
<testsuite errors="0" failures="0" name="FETestCaseCondorStatus-20190515181805" tests="9" time="0.292">
	<testcase classname="FETestCaseCondorStatus" name="test_countCondorStatus" time="0.030"/>
	<testcase classname="FETestCaseCondorStatus" name="test_getClientCondorStatus" time="0.028"/>
	<testcase classname="FETestCaseCondorStatus" name="test_getClientCondorStatusCredIdOnly" time="0.028"/>
	<testcase classname="FETestCaseCondorStatus" name="test_getClientCondorStatusPerCredId" time="0.028"/>
	<testcase classname="FETestCaseCondorStatus" name="test_getCondorStatus" time="0.052"/>
	<testcase classname="FETestCaseCondorStatus" name="test_getCondorStatusSchedds" time="0.039"/>
	<testcase classname="FETestCaseCondorStatus" name="test_getFactoryEntryList" time="0.029"/>
	<testcase classname="FETestCaseCondorStatus" name="test_getIdleCondorStatus" time="0.028"/>
	<testcase classname="FETestCaseCondorStatus" name="test_getRunningCondorStatus" time="0.028"/>
	<system-out>
<![CDATA[]]>	</system-out>
	<system-err>
<![CDATA[]]>	</system-err>
</testsuite>
