<?xml version="1.0" ?>
<testsuite errors="0" failures="0" name="FETestCaseMisc-20190514191505" tests="5" time="0.313">
	<testcase classname="FETestCaseMisc" name="test_appendRealRunning" time="0.112"/>
	<testcase classname="FETestCaseMisc" name="test_evalParamExpr" time="0.066"/>
	<testcase classname="FETestCaseMisc" name="test_getGlideinCpusNum" time="0.040"/>
	<testcase classname="FETestCaseMisc" name="test_hashJob" time="0.040"/>
	<testcase classname="FETestCaseMisc" name="test_uniqueSets" time="0.054"/>
	<system-out>
<![CDATA[]]>	</system-out>
	<system-err>
<![CDATA[]]>	</system-err>
</testsuite>
