<?xml version="1.0" ?>
<testsuite errors="0" failures="0" name="FETestCaseCount-20190508131609" tests="7" time="1.639">
	<testcase classname="FETestCaseCount" name="test_countMatch" time="0.228"/>
	<testcase classname="FETestCaseCount" name="test_countMatchDowntime" time="0.244"/>
	<testcase classname="FETestCaseCount" name="test_countMatch_missingKey" time="0.249"/>
	<testcase classname="FETestCaseCount" name="test_countMatch_otherException" time="0.240"/>
	<testcase classname="FETestCaseCount" name="test_countRealRunning_match" time="0.226"/>
	<testcase classname="FETestCaseCount" name="test_countRealRunning_missingKey" time="0.228"/>
	<testcase classname="FETestCaseCount" name="test_countRealRunning_otherException" time="0.224"/>
	<system-out>
<![CDATA[]]>	</system-out>
	<system-err>
<![CDATA[]]>	</system-err>
</testsuite>
