<?xml version="1.0" ?>
<testsuite errors="0" failures="0" name="TestSymAES128Key-20190514191708" tests="2" time="3.388">
	<testcase classname="TestSymAES128Key" name="test___init__" time="0.001"/>
	<testcase classname="TestSymAES128Key" name="test_symmetric" time="3.387"/>
	<system-out>
<![CDATA[]]>	</system-out>
	<system-err>
<![CDATA[]]>	</system-err>
</testsuite>
