<?xml version="1.0" ?>
<testsuite errors="0" failures="0" name="TestSymBlowfishKey-20190507181841" tests="2" time="2.038">
	<testcase classname="TestSymBlowfishKey" name="test___init__" time="0.001"/>
	<testcase classname="TestSymBlowfishKey" name="test_symmetric" time="2.037"/>
	<system-out>
<![CDATA[]]>	</system-out>
	<system-err>
<![CDATA[]]>	</system-err>
</testsuite>
