<?xml version="1.0" ?>
<testsuite errors="0" failures="0" name="FETestCaseCount-20190506213601" tests="7" time="1.927">
	<testcase classname="FETestCaseCount" name="test_countMatch" time="0.299"/>
	<testcase classname="FETestCaseCount" name="test_countMatchDowntime" time="0.301"/>
	<testcase classname="FETestCaseCount" name="test_countMatch_missingKey" time="0.296"/>
	<testcase classname="FETestCaseCount" name="test_countMatch_otherException" time="0.258"/>
	<testcase classname="FETestCaseCount" name="test_countRealRunning_match" time="0.259"/>
	<testcase classname="FETestCaseCount" name="test_countRealRunning_missingKey" time="0.265"/>
	<testcase classname="FETestCaseCount" name="test_countRealRunning_otherException" time="0.250"/>
	<system-out>
<![CDATA[]]>	</system-out>
	<system-err>
<![CDATA[]]>	</system-err>
</testsuite>
