<?xml version="1.0" ?>
<testsuite errors="0" failures="0" name="FETestCaseCondorStatus-20190508181702" tests="9" time="2.631">
	<testcase classname="FETestCaseCondorStatus" name="test_countCondorStatus" time="0.258"/>
	<testcase classname="FETestCaseCondorStatus" name="test_getClientCondorStatus" time="0.250"/>
	<testcase classname="FETestCaseCondorStatus" name="test_getClientCondorStatusCredIdOnly" time="0.232"/>
	<testcase classname="FETestCaseCondorStatus" name="test_getClientCondorStatusPerCredId" time="0.265"/>
	<testcase classname="FETestCaseCondorStatus" name="test_getCondorStatus" time="0.478"/>
	<testcase classname="FETestCaseCondorStatus" name="test_getCondorStatusSchedds" time="0.367"/>
	<testcase classname="FETestCaseCondorStatus" name="test_getFactoryEntryList" time="0.259"/>
	<testcase classname="FETestCaseCondorStatus" name="test_getIdleCondorStatus" time="0.266"/>
	<testcase classname="FETestCaseCondorStatus" name="test_getRunningCondorStatus" time="0.255"/>
	<system-out>
<![CDATA[]]>	</system-out>
	<system-err>
<![CDATA[]]>	</system-err>
</testsuite>
