<?xml version="1.0" ?>
<testsuite errors="0" failures="0" name="FETestCaseCondorQ-20190508075619" tests="12" time="2.968">
	<testcase classname="FETestCaseCondorQ" name="test_countCondorQ" time="0.249"/>
	<testcase classname="FETestCaseCondorQ" name="test_getClientCondorStatusCredIdOnly" time="0.223"/>
	<testcase classname="FETestCaseCondorQ" name="test_getClientCondorStatusPerCredId" time="0.243"/>
	<testcase classname="FETestCaseCondorQ" name="test_getCondorQ" time="0.267"/>
	<testcase classname="FETestCaseCondorQ" name="test_getCondorQUsers" time="0.228"/>
	<testcase classname="FETestCaseCondorQ" name="test_getCondorQ_no_constraints" time="0.233"/>
	<testcase classname="FETestCaseCondorQ" name="test_getIdleCondorQ" time="0.234"/>
	<testcase classname="FETestCaseCondorQ" name="test_getIdleProxyCondorQ" time="0.232"/>
	<testcase classname="FETestCaseCondorQ" name="test_getIdleVomsCondorQ" time="0.258"/>
	<testcase classname="FETestCaseCondorQ" name="test_getOldCondorQ" time="0.247"/>
	<testcase classname="FETestCaseCondorQ" name="test_getRunningCondorQ" time="0.255"/>
	<testcase classname="FETestCaseCondorQ" name="test_oldCondorQ" time="0.302"/>
	<system-out>
<![CDATA[]]>	</system-out>
	<system-err>
<![CDATA[]]>	</system-err>
</testsuite>
