<?xml version="1.0" ?>
<testsuite errors="0" failures="0" name="TestGlideinDicts-20190508075553" tests="7" time="3.565">
	<testcase classname="TestGlideinDicts" name="test_MainDicts_populate" time="0.592"/>
	<testcase classname="TestGlideinDicts" name="test__init__" time="0.458"/>
	<testcase classname="TestGlideinDicts" name="test_new_MainDicts" time="0.429"/>
	<testcase classname="TestGlideinDicts" name="test_new_SubDicts" time="0.508"/>
	<testcase classname="TestGlideinDicts" name="test_save" time="0.620"/>
	<testcase classname="TestGlideinDicts" name="test_save_monitor" time="0.477"/>
	<testcase classname="TestGlideinDicts" name="test_save_pub_key" time="0.480"/>
	<system-out>
<![CDATA[]]>	</system-out>
	<system-err>
<![CDATA[]]>	</system-err>
</testsuite>
