<?xml version="1.0" ?>
<testsuite errors="0" failures="0" name="TestIsSingularOf-20190506213746" tests="1" time="0.001">
	<testcase classname="TestIsSingularOf" name="test_is_singular_of" time="0.001"/>
	<system-out>
<![CDATA[]]>	</system-out>
	<system-err>
<![CDATA[]]>	</system-err>
</testsuite>
