<?xml version="1.0" ?>
<testsuite errors="0" failures="0" name="FETestCaseMisc-20190508075619" tests="5" time="1.248">
	<testcase classname="FETestCaseMisc" name="test_appendRealRunning" time="0.264"/>
	<testcase classname="FETestCaseMisc" name="test_evalParamExpr" time="0.256"/>
	<testcase classname="FETestCaseMisc" name="test_getGlideinCpusNum" time="0.228"/>
	<testcase classname="FETestCaseMisc" name="test_hashJob" time="0.242"/>
	<testcase classname="FETestCaseMisc" name="test_uniqueSets" time="0.258"/>
	<system-out>
<![CDATA[]]>	</system-out>
	<system-err>
<![CDATA[]]>	</system-err>
</testsuite>
