<?xml version="1.0" ?>
<testsuite errors="0" failures="0" name="TestVOFrontendSubParams-20190508181645" tests="4" time="0.077">
	<testcase classname="TestVOFrontendSubParams" name="test__eq__" time="0.019"/>
	<testcase classname="TestVOFrontendSubParams" name="test_extract_attr_val" time="0.019"/>
	<testcase classname="TestVOFrontendSubParams" name="test_init" time="0.019"/>
	<testcase classname="TestVOFrontendSubParams" name="test_looks_like_dict" time="0.020"/>
	<system-out>
<![CDATA[]]>	</system-out>
	<system-err>
<![CDATA[]]>	</system-err>
</testsuite>
