<?xml version="1.0" ?>
<testsuite errors="0" failures="0" name="TestConfig-20190514191506" tests="17" time="5.428">
	<testcase classname="TestConfig" name="test___init__" time="0.224"/>
	<testcase classname="TestConfig" name="test_get_client_log_dirs" time="0.312"/>
	<testcase classname="TestConfig" name="test_get_client_proxy_dirs" time="0.316"/>
	<testcase classname="TestConfig" name="test_get_entries" time="0.258"/>
	<testcase classname="TestConfig" name="test_get_log_dir" time="0.255"/>
	<testcase classname="TestConfig" name="test_get_monitor_dir" time="0.372"/>
	<testcase classname="TestConfig" name="test_get_stage_dir" time="0.367"/>
	<testcase classname="TestConfig" name="test_get_submit_dir" time="0.411"/>
	<testcase classname="TestConfig" name="test_get_web_url" time="0.310"/>
	<testcase classname="TestConfig" name="test_set_client_log_dirs" time="0.359"/>
	<testcase classname="TestConfig" name="test_set_client_proxy_dirs" time="0.273"/>
	<testcase classname="TestConfig" name="test_set_log_dir" time="0.388"/>
	<testcase classname="TestConfig" name="test_set_monitor_dir" time="0.350"/>
	<testcase classname="TestConfig" name="test_set_stage_dir" time="0.262"/>
	<testcase classname="TestConfig" name="test_set_submit_dir" time="0.425"/>
	<testcase classname="TestConfig" name="test_set_web_url" time="0.283"/>
	<testcase classname="TestConfig" name="test_validate" time="0.265"/>
	<system-out>
<![CDATA[]]>	</system-out>
	<system-err>
<![CDATA[]]>	</system-err>
</testsuite>
