<?xml version="1.0" ?>
<testsuite errors="0" failures="0" name="FETestCaseCondorQ-20190506213601" tests="12" time="3.296">
	<testcase classname="FETestCaseCondorQ" name="test_countCondorQ" time="0.290"/>
	<testcase classname="FETestCaseCondorQ" name="test_getClientCondorStatusCredIdOnly" time="0.301"/>
	<testcase classname="FETestCaseCondorQ" name="test_getClientCondorStatusPerCredId" time="0.290"/>
	<testcase classname="FETestCaseCondorQ" name="test_getCondorQ" time="0.306"/>
	<testcase classname="FETestCaseCondorQ" name="test_getCondorQUsers" time="0.272"/>
	<testcase classname="FETestCaseCondorQ" name="test_getCondorQ_no_constraints" time="0.265"/>
	<testcase classname="FETestCaseCondorQ" name="test_getIdleCondorQ" time="0.289"/>
	<testcase classname="FETestCaseCondorQ" name="test_getIdleProxyCondorQ" time="0.248"/>
	<testcase classname="FETestCaseCondorQ" name="test_getIdleVomsCondorQ" time="0.230"/>
	<testcase classname="FETestCaseCondorQ" name="test_getOldCondorQ" time="0.242"/>
	<testcase classname="FETestCaseCondorQ" name="test_getRunningCondorQ" time="0.241"/>
	<testcase classname="FETestCaseCondorQ" name="test_oldCondorQ" time="0.323"/>
	<system-out>
<![CDATA[]]>	</system-out>
	<system-err>
<![CDATA[]]>	</system-err>
</testsuite>
