<?xml version="1.0" ?>
<testsuite errors="0" failures="0" name="TestForkManager-20190509181723" tests="7" time="41.105">
	<testcase classname="TestForkManager" name="test___init__" time="0.002"/>
	<testcase classname="TestForkManager" name="test_add_fork_and_len" time="0.001"/>
	<testcase classname="TestForkManager" name="test_bounded_fork_and_collect_use_epoll" time="10.271"/>
	<testcase classname="TestForkManager" name="test_bounded_fork_and_collect_use_poll" time="10.288"/>
	<testcase classname="TestForkManager" name="test_bounded_fork_and_collect_use_select" time="10.253"/>
	<testcase classname="TestForkManager" name="test_fork_and_collect" time="5.145"/>
	<testcase classname="TestForkManager" name="test_fork_and_wait" time="5.144"/>
	<system-out>
<![CDATA[]]>	</system-out>
	<system-err>
<![CDATA[]]>	</system-err>
</testsuite>
