<?xml version="1.0" ?>
<testsuite errors="0" failures="0" name="FETestCaseMisc-20190507181709" tests="5" time="1.185">
	<testcase classname="FETestCaseMisc" name="test_appendRealRunning" time="0.243"/>
	<testcase classname="FETestCaseMisc" name="test_evalParamExpr" time="0.233"/>
	<testcase classname="FETestCaseMisc" name="test_getGlideinCpusNum" time="0.237"/>
	<testcase classname="FETestCaseMisc" name="test_hashJob" time="0.225"/>
	<testcase classname="FETestCaseMisc" name="test_uniqueSets" time="0.247"/>
	<system-out>
<![CDATA[]]>	</system-out>
	<system-err>
<![CDATA[]]>	</system-err>
</testsuite>
