<?xml version="1.0" ?>
<testsuite errors="0" failures="0" name="FETestCaseCondorStatus-20190508075619" tests="9" time="2.839">
	<testcase classname="FETestCaseCondorStatus" name="test_countCondorStatus" time="0.277"/>
	<testcase classname="FETestCaseCondorStatus" name="test_getClientCondorStatus" time="0.278"/>
	<testcase classname="FETestCaseCondorStatus" name="test_getClientCondorStatusCredIdOnly" time="0.275"/>
	<testcase classname="FETestCaseCondorStatus" name="test_getClientCondorStatusPerCredId" time="0.271"/>
	<testcase classname="FETestCaseCondorStatus" name="test_getCondorStatus" time="0.501"/>
	<testcase classname="FETestCaseCondorStatus" name="test_getCondorStatusSchedds" time="0.395"/>
	<testcase classname="FETestCaseCondorStatus" name="test_getFactoryEntryList" time="0.292"/>
	<testcase classname="FETestCaseCondorStatus" name="test_getIdleCondorStatus" time="0.274"/>
	<testcase classname="FETestCaseCondorStatus" name="test_getRunningCondorStatus" time="0.276"/>
	<system-out>
<![CDATA[]]>	</system-out>
	<system-err>
<![CDATA[]]>	</system-err>
</testsuite>
