<?xml version="1.0" ?>
<testsuite errors="0" failures="0" name="TestGlideinEntryDicts-20190509181632" tests="11" time="2.427">
	<testcase classname="TestGlideinEntryDicts" name="test___init__" time="0.242"/>
	<testcase classname="TestGlideinEntryDicts" name="test_get_sub_dicts" time="0.248"/>
	<testcase classname="TestGlideinEntryDicts" name="test_get_sub_log_dir" time="0.257"/>
	<testcase classname="TestGlideinEntryDicts" name="test_get_sub_stage_dir" time="0.253"/>
	<testcase classname="TestGlideinEntryDicts" name="test_get_sub_work_dir" time="0.251"/>
	<testcase classname="TestGlideinEntryDicts" name="test_reuse" time="0.286"/>
	<testcase classname="TestGlideinEntryDicts" name="test_reuse_nocheck" time="0.269"/>
	<testcase classname="TestGlideinEntryDicts" name="test_save" time="0.365"/>
	<testcase classname="TestGlideinEntryDicts" name="test_save_final" time="0.254"/>
	<testcase classname="TestGlideinEntryDicts" name="test_erase" time="0.000">
		<skipped message="broken af" type="skip"/>
	</testcase>
	<testcase classname="TestGlideinEntryDicts" name="test_load" time="0.000">
		<skipped message="doesnt work" type="skip"/>
	</testcase>
	<system-out>
<![CDATA[]]>	</system-out>
	<system-err>
<![CDATA[]]>	</system-err>
</testsuite>
