<?xml version="1.0" ?>
<testsuite errors="0" failures="0" name="TestGlideinDicts-20190509181638" tests="7" time="3.636">
	<testcase classname="TestGlideinDicts" name="test_MainDicts_populate" time="0.669"/>
	<testcase classname="TestGlideinDicts" name="test__init__" time="0.474"/>
	<testcase classname="TestGlideinDicts" name="test_new_MainDicts" time="0.484"/>
	<testcase classname="TestGlideinDicts" name="test_new_SubDicts" time="0.471"/>
	<testcase classname="TestGlideinDicts" name="test_save" time="0.648"/>
	<testcase classname="TestGlideinDicts" name="test_save_monitor" time="0.449"/>
	<testcase classname="TestGlideinDicts" name="test_save_pub_key" time="0.440"/>
	<system-out>
<![CDATA[]]>	</system-out>
	<system-err>
<![CDATA[]]>	</system-err>
</testsuite>
