<?xml version="1.0" ?>
<testsuite errors="0" failures="0" name="TestEncodeDecodeData-20190508131622" tests="4" time="3.606">
	<testcase classname="TestEncodeDecodeData" name="test_decode_data" time="0.016"/>
	<testcase classname="TestEncodeDecodeData" name="test_encode_data" time="0.002"/>
	<testcase classname="TestEncodeDecodeData" name="test_symmetric_binary" time="1.732"/>
	<testcase classname="TestEncodeDecodeData" name="test_symmetric_text" time="1.855"/>
	<system-out>
<![CDATA[]]>	</system-out>
	<system-err>
<![CDATA[]]>	</system-err>
</testsuite>
