<?xml version="1.0" ?>
<testsuite errors="0" failures="0" name="TestAddAttrUnparsedReal-20190508181636" tests="1" time="0.000">
	<testcase classname="TestAddAttrUnparsedReal" name="test_add_attr_unparsed_real" time="0.000">
		<skipped message="for now" type="skip"/>
	</testcase>
	<system-out>
<![CDATA[]]>	</system-out>
	<system-err>
<![CDATA[]]>	</system-err>
</testsuite>
