<?xml version="1.0" ?>
<testsuite errors="0" failures="0" name="TestGlideinDicts-20190506214720" tests="7" time="3.604">
	<testcase classname="TestGlideinDicts" name="test_MainDicts_populate" time="0.656"/>
	<testcase classname="TestGlideinDicts" name="test__init__" time="0.490"/>
	<testcase classname="TestGlideinDicts" name="test_new_MainDicts" time="0.512"/>
	<testcase classname="TestGlideinDicts" name="test_new_SubDicts" time="0.493"/>
	<testcase classname="TestGlideinDicts" name="test_save" time="0.574"/>
	<testcase classname="TestGlideinDicts" name="test_save_monitor" time="0.429"/>
	<testcase classname="TestGlideinDicts" name="test_save_pub_key" time="0.450"/>
	<system-out>
<![CDATA[]]>	</system-out>
	<system-err>
<![CDATA[]]>	</system-err>
</testsuite>
