<?xml version="1.0" ?>
<testsuite errors="0" failures="0" name="FETestCaseCondorQ-20190514191529" tests="12" time="3.510">
	<testcase classname="FETestCaseCondorQ" name="test_countCondorQ" time="0.337"/>
	<testcase classname="FETestCaseCondorQ" name="test_getClientCondorStatusCredIdOnly" time="0.305"/>
	<testcase classname="FETestCaseCondorQ" name="test_getClientCondorStatusPerCredId" time="0.289"/>
	<testcase classname="FETestCaseCondorQ" name="test_getCondorQ" time="0.318"/>
	<testcase classname="FETestCaseCondorQ" name="test_getCondorQUsers" time="0.294"/>
	<testcase classname="FETestCaseCondorQ" name="test_getCondorQ_no_constraints" time="0.292"/>
	<testcase classname="FETestCaseCondorQ" name="test_getIdleCondorQ" time="0.298"/>
	<testcase classname="FETestCaseCondorQ" name="test_getIdleProxyCondorQ" time="0.290"/>
	<testcase classname="FETestCaseCondorQ" name="test_getIdleVomsCondorQ" time="0.288"/>
	<testcase classname="FETestCaseCondorQ" name="test_getOldCondorQ" time="0.255"/>
	<testcase classname="FETestCaseCondorQ" name="test_getRunningCondorQ" time="0.237"/>
	<testcase classname="FETestCaseCondorQ" name="test_oldCondorQ" time="0.307"/>
	<system-out>
<![CDATA[]]>	</system-out>
	<system-err>
<![CDATA[]]>	</system-err>
</testsuite>
