<?xml version="1.0" ?>
<testsuite errors="0" failures="0" name="FETestCaseCondorStatus-20190508124535" tests="9" time="2.570">
	<testcase classname="FETestCaseCondorStatus" name="test_countCondorStatus" time="0.221"/>
	<testcase classname="FETestCaseCondorStatus" name="test_getClientCondorStatus" time="0.251"/>
	<testcase classname="FETestCaseCondorStatus" name="test_getClientCondorStatusCredIdOnly" time="0.237"/>
	<testcase classname="FETestCaseCondorStatus" name="test_getClientCondorStatusPerCredId" time="0.255"/>
	<testcase classname="FETestCaseCondorStatus" name="test_getCondorStatus" time="0.509"/>
	<testcase classname="FETestCaseCondorStatus" name="test_getCondorStatusSchedds" time="0.344"/>
	<testcase classname="FETestCaseCondorStatus" name="test_getFactoryEntryList" time="0.268"/>
	<testcase classname="FETestCaseCondorStatus" name="test_getIdleCondorStatus" time="0.252"/>
	<testcase classname="FETestCaseCondorStatus" name="test_getRunningCondorStatus" time="0.234"/>
	<system-out>
<![CDATA[]]>	</system-out>
	<system-err>
<![CDATA[]]>	</system-err>
</testsuite>
