<?xml version="1.0" ?>
<testsuite errors="0" failures="0" name="FETestCaseCondorStatus-20190508131609" tests="9" time="2.669">
	<testcase classname="FETestCaseCondorStatus" name="test_countCondorStatus" time="0.293"/>
	<testcase classname="FETestCaseCondorStatus" name="test_getClientCondorStatus" time="0.263"/>
	<testcase classname="FETestCaseCondorStatus" name="test_getClientCondorStatusCredIdOnly" time="0.230"/>
	<testcase classname="FETestCaseCondorStatus" name="test_getClientCondorStatusPerCredId" time="0.240"/>
	<testcase classname="FETestCaseCondorStatus" name="test_getCondorStatus" time="0.459"/>
	<testcase classname="FETestCaseCondorStatus" name="test_getCondorStatusSchedds" time="0.387"/>
	<testcase classname="FETestCaseCondorStatus" name="test_getFactoryEntryList" time="0.290"/>
	<testcase classname="FETestCaseCondorStatus" name="test_getIdleCondorStatus" time="0.268"/>
	<testcase classname="FETestCaseCondorStatus" name="test_getRunningCondorStatus" time="0.239"/>
	<system-out>
<![CDATA[]]>	</system-out>
	<system-err>
<![CDATA[]]>	</system-err>
</testsuite>
