<?xml version="1.0" ?>
<testsuite errors="0" failures="0" name="FETestCaseCondorStatus-20190506213601" tests="9" time="2.719">
	<testcase classname="FETestCaseCondorStatus" name="test_countCondorStatus" time="0.245"/>
	<testcase classname="FETestCaseCondorStatus" name="test_getClientCondorStatus" time="0.269"/>
	<testcase classname="FETestCaseCondorStatus" name="test_getClientCondorStatusCredIdOnly" time="0.214"/>
	<testcase classname="FETestCaseCondorStatus" name="test_getClientCondorStatusPerCredId" time="0.218"/>
	<testcase classname="FETestCaseCondorStatus" name="test_getCondorStatus" time="0.471"/>
	<testcase classname="FETestCaseCondorStatus" name="test_getCondorStatusSchedds" time="0.370"/>
	<testcase classname="FETestCaseCondorStatus" name="test_getFactoryEntryList" time="0.333"/>
	<testcase classname="FETestCaseCondorStatus" name="test_getIdleCondorStatus" time="0.317"/>
	<testcase classname="FETestCaseCondorStatus" name="test_getRunningCondorStatus" time="0.282"/>
	<system-out>
<![CDATA[]]>	</system-out>
	<system-err>
<![CDATA[]]>	</system-err>
</testsuite>
