<?xml version="1.0" ?>
<testsuite errors="0" failures="0" name="FETestCaseCondorQ-20190506220552" tests="12" time="3.029">
	<testcase classname="FETestCaseCondorQ" name="test_countCondorQ" time="0.271"/>
	<testcase classname="FETestCaseCondorQ" name="test_getClientCondorStatusCredIdOnly" time="0.246"/>
	<testcase classname="FETestCaseCondorQ" name="test_getClientCondorStatusPerCredId" time="0.261"/>
	<testcase classname="FETestCaseCondorQ" name="test_getCondorQ" time="0.307"/>
	<testcase classname="FETestCaseCondorQ" name="test_getCondorQUsers" time="0.238"/>
	<testcase classname="FETestCaseCondorQ" name="test_getCondorQ_no_constraints" time="0.232"/>
	<testcase classname="FETestCaseCondorQ" name="test_getIdleCondorQ" time="0.240"/>
	<testcase classname="FETestCaseCondorQ" name="test_getIdleProxyCondorQ" time="0.232"/>
	<testcase classname="FETestCaseCondorQ" name="test_getIdleVomsCondorQ" time="0.257"/>
	<testcase classname="FETestCaseCondorQ" name="test_getOldCondorQ" time="0.224"/>
	<testcase classname="FETestCaseCondorQ" name="test_getRunningCondorQ" time="0.249"/>
	<testcase classname="FETestCaseCondorQ" name="test_oldCondorQ" time="0.270"/>
	<system-out>
<![CDATA[]]>	</system-out>
	<system-err>
<![CDATA[]]>	</system-err>
</testsuite>
