<?xml version="1.0" ?>
<testsuite errors="0" failures="0" name="TestGlideinMainDicts-20190506213537" tests="6" time="1.455">
	<testcase classname="TestGlideinMainDicts" name="test___init__" time="0.236"/>
	<testcase classname="TestGlideinMainDicts" name="test_get_daemon_log_dir" time="0.220"/>
	<testcase classname="TestGlideinMainDicts" name="test_get_main_dicts" time="0.244"/>
	<testcase classname="TestGlideinMainDicts" name="test_load" time="0.248"/>
	<testcase classname="TestGlideinMainDicts" name="test_reuse" time="0.261"/>
	<testcase classname="TestGlideinMainDicts" name="test_save" time="0.246"/>
	<system-out>
<![CDATA[]]>	</system-out>
	<system-err>
<![CDATA[]]>	</system-err>
</testsuite>
