<?xml version="1.0" ?>
<testsuite errors="0" failures="0" name="TestGetEntryLogDir-20190508124501" tests="1" time="0.001">
	<testcase classname="TestGetEntryLogDir" name="test_get_entry_log_dir" time="0.001"/>
	<system-out>
<![CDATA[]]>	</system-out>
	<system-err>
<![CDATA[]]>	</system-err>
</testsuite>
