<?xml version="1.0" ?>
<testsuite errors="0" failures="0" name="TestGlideinDicts-20190508131543" tests="7" time="3.623">
	<testcase classname="TestGlideinDicts" name="test_MainDicts_populate" time="0.620"/>
	<testcase classname="TestGlideinDicts" name="test__init__" time="0.473"/>
	<testcase classname="TestGlideinDicts" name="test_new_MainDicts" time="0.474"/>
	<testcase classname="TestGlideinDicts" name="test_new_SubDicts" time="0.436"/>
	<testcase classname="TestGlideinDicts" name="test_save" time="0.641"/>
	<testcase classname="TestGlideinDicts" name="test_save_monitor" time="0.478"/>
	<testcase classname="TestGlideinDicts" name="test_save_pub_key" time="0.500"/>
	<system-out>
<![CDATA[]]>	</system-out>
	<system-err>
<![CDATA[]]>	</system-err>
</testsuite>
