<?xml version="1.0" ?>
<testsuite errors="0" failures="0" name="FETestCaseMisc-20190509181704" tests="5" time="1.401">
	<testcase classname="FETestCaseMisc" name="test_appendRealRunning" time="0.297"/>
	<testcase classname="FETestCaseMisc" name="test_evalParamExpr" time="0.283"/>
	<testcase classname="FETestCaseMisc" name="test_getGlideinCpusNum" time="0.271"/>
	<testcase classname="FETestCaseMisc" name="test_hashJob" time="0.281"/>
	<testcase classname="FETestCaseMisc" name="test_uniqueSets" time="0.268"/>
	<system-out>
<![CDATA[]]>	</system-out>
	<system-err>
<![CDATA[]]>	</system-err>
</testsuite>
