<?xml version="1.0" ?>
<testsuite errors="0" failures="0" name="FETestCaseCondorStatus-20190506220552" tests="9" time="2.522">
	<testcase classname="FETestCaseCondorStatus" name="test_countCondorStatus" time="0.226"/>
	<testcase classname="FETestCaseCondorStatus" name="test_getClientCondorStatus" time="0.252"/>
	<testcase classname="FETestCaseCondorStatus" name="test_getClientCondorStatusCredIdOnly" time="0.236"/>
	<testcase classname="FETestCaseCondorStatus" name="test_getClientCondorStatusPerCredId" time="0.256"/>
	<testcase classname="FETestCaseCondorStatus" name="test_getCondorStatus" time="0.457"/>
	<testcase classname="FETestCaseCondorStatus" name="test_getCondorStatusSchedds" time="0.356"/>
	<testcase classname="FETestCaseCondorStatus" name="test_getFactoryEntryList" time="0.229"/>
	<testcase classname="FETestCaseCondorStatus" name="test_getIdleCondorStatus" time="0.251"/>
	<testcase classname="FETestCaseCondorStatus" name="test_getRunningCondorStatus" time="0.260"/>
	<system-out>
<![CDATA[]]>	</system-out>
	<system-err>
<![CDATA[]]>	</system-err>
</testsuite>
