<?xml version="1.0" ?>
<testsuite errors="0" failures="0" name="TestConfig-20190506220537" tests="17" time="4.099">
	<testcase classname="TestConfig" name="test___init__" time="0.242"/>
	<testcase classname="TestConfig" name="test_get_client_log_dirs" time="0.238"/>
	<testcase classname="TestConfig" name="test_get_client_proxy_dirs" time="0.239"/>
	<testcase classname="TestConfig" name="test_get_entries" time="0.247"/>
	<testcase classname="TestConfig" name="test_get_log_dir" time="0.239"/>
	<testcase classname="TestConfig" name="test_get_monitor_dir" time="0.247"/>
	<testcase classname="TestConfig" name="test_get_stage_dir" time="0.255"/>
	<testcase classname="TestConfig" name="test_get_submit_dir" time="0.250"/>
	<testcase classname="TestConfig" name="test_get_web_url" time="0.264"/>
	<testcase classname="TestConfig" name="test_set_client_log_dirs" time="0.259"/>
	<testcase classname="TestConfig" name="test_set_client_proxy_dirs" time="0.268"/>
	<testcase classname="TestConfig" name="test_set_log_dir" time="0.257"/>
	<testcase classname="TestConfig" name="test_set_monitor_dir" time="0.241"/>
	<testcase classname="TestConfig" name="test_set_stage_dir" time="0.207"/>
	<testcase classname="TestConfig" name="test_set_submit_dir" time="0.217"/>
	<testcase classname="TestConfig" name="test_set_web_url" time="0.220"/>
	<testcase classname="TestConfig" name="test_validate" time="0.209"/>
	<system-out>
<![CDATA[]]>	</system-out>
	<system-err>
<![CDATA[]]>	</system-err>
</testsuite>
