<?xml version="1.0" ?>
<testsuite errors="0" failures="0" name="TestCondorExe-20190509181624" tests="3" time="2.971">
	<testcase classname="TestCondorExe" name="test_exe_cmd" time="1.071"/>
	<testcase classname="TestCondorExe" name="test_exe_cmd_sbin" time="0.931"/>
	<testcase classname="TestCondorExe" name="test_iexe_cmd" time="0.969"/>
	<system-out>
<![CDATA[]]>	</system-out>
	<system-err>
<![CDATA[]]>	</system-err>
</testsuite>
