<?xml version="1.0" ?>
<testsuite errors="0" failures="0" name="TestCondorExe-20190508131529" tests="3" time="3.022">
	<testcase classname="TestCondorExe" name="test_exe_cmd" time="1.043"/>
	<testcase classname="TestCondorExe" name="test_exe_cmd_sbin" time="0.995"/>
	<testcase classname="TestCondorExe" name="test_iexe_cmd" time="0.984"/>
	<system-out>
<![CDATA[]]>	</system-out>
	<system-err>
<![CDATA[]]>	</system-err>
</testsuite>
