<?xml version="1.0" ?>
<testsuite errors="0" failures="0" name="FETestCaseCondorStatus-20190509181704" tests="9" time="2.572">
	<testcase classname="FETestCaseCondorStatus" name="test_countCondorStatus" time="0.240"/>
	<testcase classname="FETestCaseCondorStatus" name="test_getClientCondorStatus" time="0.230"/>
	<testcase classname="FETestCaseCondorStatus" name="test_getClientCondorStatusCredIdOnly" time="0.249"/>
	<testcase classname="FETestCaseCondorStatus" name="test_getClientCondorStatusPerCredId" time="0.247"/>
	<testcase classname="FETestCaseCondorStatus" name="test_getCondorStatus" time="0.477"/>
	<testcase classname="FETestCaseCondorStatus" name="test_getCondorStatusSchedds" time="0.350"/>
	<testcase classname="FETestCaseCondorStatus" name="test_getFactoryEntryList" time="0.255"/>
	<testcase classname="FETestCaseCondorStatus" name="test_getIdleCondorStatus" time="0.278"/>
	<testcase classname="FETestCaseCondorStatus" name="test_getRunningCondorStatus" time="0.247"/>
	<system-out>
<![CDATA[]]>	</system-out>
	<system-err>
<![CDATA[]]>	</system-err>
</testsuite>
