<?xml version="1.0" ?>
<testsuite errors="0" failures="0" name="FETestCaseMisc-20190506213601" tests="5" time="1.136">
	<testcase classname="FETestCaseMisc" name="test_appendRealRunning" time="0.238"/>
	<testcase classname="FETestCaseMisc" name="test_evalParamExpr" time="0.235"/>
	<testcase classname="FETestCaseMisc" name="test_getGlideinCpusNum" time="0.231"/>
	<testcase classname="FETestCaseMisc" name="test_hashJob" time="0.216"/>
	<testcase classname="FETestCaseMisc" name="test_uniqueSets" time="0.216"/>
	<system-out>
<![CDATA[]]>	</system-out>
	<system-err>
<![CDATA[]]>	</system-err>
</testsuite>
