<?xml version="1.0" ?>
<testsuite errors="0" failures="0" name="TestPubCrypto-20190508124705" tests="3" time="0.096">
	<testcase classname="TestPubCrypto" name="test_symmetric" time="0.022"/>
	<testcase classname="TestPubCrypto" name="test_symmetric_base64" time="0.034"/>
	<testcase classname="TestPubCrypto" name="test_symmetric_hex" time="0.040"/>
	<system-out>
<![CDATA[]]>	</system-out>
	<system-err>
<![CDATA[]]>	</system-err>
</testsuite>
