<?xml version="1.0" ?>
<testsuite errors="0" failures="0" name="FETestCaseCondorQ-20190508124535" tests="12" time="2.940">
	<testcase classname="FETestCaseCondorQ" name="test_countCondorQ" time="0.247"/>
	<testcase classname="FETestCaseCondorQ" name="test_getClientCondorStatusCredIdOnly" time="0.250"/>
	<testcase classname="FETestCaseCondorQ" name="test_getClientCondorStatusPerCredId" time="0.246"/>
	<testcase classname="FETestCaseCondorQ" name="test_getCondorQ" time="0.294"/>
	<testcase classname="FETestCaseCondorQ" name="test_getCondorQUsers" time="0.271"/>
	<testcase classname="FETestCaseCondorQ" name="test_getCondorQ_no_constraints" time="0.235"/>
	<testcase classname="FETestCaseCondorQ" name="test_getIdleCondorQ" time="0.231"/>
	<testcase classname="FETestCaseCondorQ" name="test_getIdleProxyCondorQ" time="0.222"/>
	<testcase classname="FETestCaseCondorQ" name="test_getIdleVomsCondorQ" time="0.237"/>
	<testcase classname="FETestCaseCondorQ" name="test_getOldCondorQ" time="0.232"/>
	<testcase classname="FETestCaseCondorQ" name="test_getRunningCondorQ" time="0.215"/>
	<testcase classname="FETestCaseCondorQ" name="test_oldCondorQ" time="0.259"/>
	<system-out>
<![CDATA[]]>	</system-out>
	<system-err>
<![CDATA[]]>	</system-err>
</testsuite>
