<?xml version="1.0" ?>
<testsuite errors="0" failures="0" name="TestPlugins-20190508075631" tests="5" time="0.152">
	<testcase classname="TestPlugins" name="test_proxy_all" time="0.022"/>
	<testcase classname="TestPlugins" name="test_proxy_cardinality" time="0.022"/>
	<testcase classname="TestPlugins" name="test_proxy_first" time="0.030"/>
	<testcase classname="TestPlugins" name="test_proxy_usermap" time="0.046"/>
	<testcase classname="TestPlugins" name="test_proxy_userr" time="0.031"/>
	<system-out>
<![CDATA[]]>	</system-out>
	<system-err>
<![CDATA[]]>	</system-err>
</testsuite>
