<?xml version="1.0" ?>
<testsuite errors="0" failures="0" name="TestExprParserSymmetric-20190509181721" tests="3" time="0.348">
	<testcase classname="TestExprParserSymmetric" name="test__compile" time="0.122"/>
	<testcase classname="TestExprParserSymmetric" name="test_parse_symmetric" time="0.165"/>
	<testcase classname="TestExprParserSymmetric" name="test_unparse_ret" time="0.061"/>
	<system-out>
<![CDATA[]]>	</system-out>
	<system-err>
<![CDATA[]]>	</system-err>
</testsuite>
