<?xml version="1.0" ?>
<testsuite errors="0" failures="0" name="TestConfig-20190514191454" tests="17" time="5.381">
	<testcase classname="TestConfig" name="test___init__" time="0.309"/>
	<testcase classname="TestConfig" name="test_get_client_log_dirs" time="0.282"/>
	<testcase classname="TestConfig" name="test_get_client_proxy_dirs" time="0.266"/>
	<testcase classname="TestConfig" name="test_get_entries" time="0.343"/>
	<testcase classname="TestConfig" name="test_get_log_dir" time="0.300"/>
	<testcase classname="TestConfig" name="test_get_monitor_dir" time="0.456"/>
	<testcase classname="TestConfig" name="test_get_stage_dir" time="0.318"/>
	<testcase classname="TestConfig" name="test_get_submit_dir" time="0.295"/>
	<testcase classname="TestConfig" name="test_get_web_url" time="0.267"/>
	<testcase classname="TestConfig" name="test_set_client_log_dirs" time="0.374"/>
	<testcase classname="TestConfig" name="test_set_client_proxy_dirs" time="0.325"/>
	<testcase classname="TestConfig" name="test_set_log_dir" time="0.276"/>
	<testcase classname="TestConfig" name="test_set_monitor_dir" time="0.277"/>
	<testcase classname="TestConfig" name="test_set_stage_dir" time="0.297"/>
	<testcase classname="TestConfig" name="test_set_submit_dir" time="0.291"/>
	<testcase classname="TestConfig" name="test_set_web_url" time="0.369"/>
	<testcase classname="TestConfig" name="test_validate" time="0.337"/>
	<system-out>
<![CDATA[]]>	</system-out>
	<system-err>
<![CDATA[]]>	</system-err>
</testsuite>
