<?xml version="1.0" ?>
<testsuite errors="0" failures="0" name="TestEncodeDecodeData-20190514191536" tests="4" time="4.597">
	<testcase classname="TestEncodeDecodeData" name="test_decode_data" time="0.019"/>
	<testcase classname="TestEncodeDecodeData" name="test_encode_data" time="0.003"/>
	<testcase classname="TestEncodeDecodeData" name="test_symmetric_binary" time="2.207"/>
	<testcase classname="TestEncodeDecodeData" name="test_symmetric_text" time="2.369"/>
	<system-out>
<![CDATA[]]>	</system-out>
	<system-err>
<![CDATA[]]>	</system-err>
</testsuite>
