<?xml version="1.0" ?>
<testsuite errors="0" failures="0" name="TestSymDESKey-20190514191658" tests="2" time="3.146">
	<testcase classname="TestSymDESKey" name="test___init__" time="0.002"/>
	<testcase classname="TestSymDESKey" name="test_symmetric" time="3.145"/>
	<system-out>
<![CDATA[]]>	</system-out>
	<system-err>
<![CDATA[]]>	</system-err>
</testsuite>
