<?xml version="1.0" ?>
<testsuite errors="0" failures="0" name="TestEntry-20190514191509" tests="32" time="5.742">
	<testcase classname="TestEntry" name="test___init__" time="0.178"/>
	<testcase classname="TestEntry" name="test_dump_obj" time="0.099"/>
	<testcase classname="TestEntry" name="test_getGlideinConfiguredLimits" time="0.118"/>
	<testcase classname="TestEntry" name="test_getGlideinExpectedCores" time="0.104"/>
	<testcase classname="TestEntry" name="test_getLogStatsCurrentStatsData" time="0.120"/>
	<testcase classname="TestEntry" name="test_getLogStatsData" time="0.114"/>
	<testcase classname="TestEntry" name="test_getLogStatsOldStatsData" time="0.127"/>
	<testcase classname="TestEntry" name="test_getState" time="0.164"/>
	<testcase classname="TestEntry" name="test_isClientBlacklisted" time="0.132"/>
	<testcase classname="TestEntry" name="test_isClientInWhitelist" time="0.118"/>
	<testcase classname="TestEntry" name="test_isClientWhitelisted" time="0.072"/>
	<testcase classname="TestEntry" name="test_loadContext" time="0.143"/>
	<testcase classname="TestEntry" name="test_loadWhitelist" time="0.142"/>
	<testcase classname="TestEntry" name="test_setDowntime" time="0.151"/>
	<testcase classname="TestEntry" name="test_setState" time="0.121"/>
	<testcase classname="TestEntry" name="test_unsetInDowntime" time="0.131"/>
	<testcase classname="TestEntry" name="test_writeStats" time="3.700"/>
	<testcase classname="TestEntry" name="test_advertise" time="0.000">
		<skipped message="for now" type="skip"/>
	</testcase>
	<testcase classname="TestEntry" name="test_dump" time="0.000">
		<skipped message="for now" type="skip"/>
	</testcase>
	<testcase classname="TestEntry" name="test_glideinsWithinLimits" time="0.000">
		<skipped message="4#@!&amp;&amp;*$%" type="skip"/>
	</testcase>
	<testcase classname="TestEntry" name="test_initIteration" time="0.000">
		<skipped message="for now" type="skip"/>
	</testcase>
	<testcase classname="TestEntry" name="test_isInDowntime" time="0.000">
		<skipped message="for now" type="skip"/>
	</testcase>
	<testcase classname="TestEntry" name="test_isSecurityClassAllowed" time="0.000">
		<skipped message="for now" type="skip"/>
	</testcase>
	<testcase classname="TestEntry" name="test_isSecurityClassInDowntime" time="0.000">
		<skipped message="for now" type="skip"/>
	</testcase>
	<testcase classname="TestEntry" name="test_loadDowntimes" time="0.000">
		<skipped message="for now" type="skip"/>
	</testcase>
	<testcase classname="TestEntry" name="test_logLogStats" time="0.000">
		<skipped message="for now" type="skip"/>
	</testcase>
	<testcase classname="TestEntry" name="test_queryQueuedGlideins" time="0.000">
		<skipped message="for now" type="skip"/>
	</testcase>
	<testcase classname="TestEntry" name="test_setLogStatsCurrentStatsData" time="0.000">
		<skipped message="for now" type="skip"/>
	</testcase>
	<testcase classname="TestEntry" name="test_setLogStatsData" time="0.000">
		<skipped message="for now" type="skip"/>
	</testcase>
	<testcase classname="TestEntry" name="test_setLogStatsOldStatsData" time="0.000">
		<skipped message="for now" type="skip"/>
	</testcase>
	<testcase classname="TestEntry" name="test_setState_old" time="0.000">
		<skipped message="for now" type="skip"/>
	</testcase>
	<testcase classname="TestEntry" name="test_writeClassadsToFile" time="0.000">
		<skipped message="doeesnt work" type="skip"/>
	</testcase>
	<system-out>
<![CDATA[]]>	</system-out>
	<system-err>
<![CDATA[]]>	</system-err>
</testsuite>
