<?xml version="1.0" ?>
<testsuite errors="0" failures="0" name="TestAutoSymKey-20190514191658" tests="1" time="0.001">
	<testcase classname="TestAutoSymKey" name="test_auto_load" time="0.001"/>
	<system-out>
<![CDATA[]]>	</system-out>
	<system-err>
<![CDATA[]]>	</system-err>
</testsuite>
