<?xml version="1.0" ?>
<testsuite errors="0" failures="0" name="TestGlideinDicts-20190514191440" tests="7" time="4.642">
	<testcase classname="TestGlideinDicts" name="test_MainDicts_populate" time="0.779"/>
	<testcase classname="TestGlideinDicts" name="test__init__" time="0.615"/>
	<testcase classname="TestGlideinDicts" name="test_new_MainDicts" time="0.572"/>
	<testcase classname="TestGlideinDicts" name="test_new_SubDicts" time="0.623"/>
	<testcase classname="TestGlideinDicts" name="test_save" time="0.745"/>
	<testcase classname="TestGlideinDicts" name="test_save_monitor" time="0.604"/>
	<testcase classname="TestGlideinDicts" name="test_save_pub_key" time="0.703"/>
	<system-out>
<![CDATA[]]>	</system-out>
	<system-err>
<![CDATA[]]>	</system-err>
</testsuite>
