<?xml version="1.0" ?>
<testsuite errors="0" failures="0" name="TestDowntimes-20190514191533" tests="5" time="0.180">
	<testcase classname="TestDowntimes" name="test_downtimesfile" time="0.113"/>
	<testcase classname="TestDowntimes" name="test_entryonlydowntime" time="0.017"/>
	<testcase classname="TestDowntimes" name="test_setdelayedperiod" time="0.014"/>
	<testcase classname="TestDowntimes" name="test_setfrontendsecclass" time="0.022"/>
	<testcase classname="TestDowntimes" name="test_setperiodwithendtime" time="0.014"/>
	<system-out>
<![CDATA[]]>	</system-out>
	<system-err>
<![CDATA[]]>	</system-err>
</testsuite>
