<?xml version="1.0" ?>
<testsuite errors="0" failures="0" name="TestCondorExe-20190506220529" tests="3" time="3.559">
	<testcase classname="TestCondorExe" name="test_exe_cmd" time="1.331"/>
	<testcase classname="TestCondorExe" name="test_exe_cmd_sbin" time="1.124"/>
	<testcase classname="TestCondorExe" name="test_iexe_cmd" time="1.104"/>
	<system-out>
<![CDATA[]]>	</system-out>
	<system-err>
<![CDATA[]]>	</system-err>
</testsuite>
