<?xml version="1.0" ?>
<testsuite errors="0" failures="0" name="TestGetSubmitEnvironment-20190508131553" tests="1" time="0.000">
	<testcase classname="TestGetSubmitEnvironment" name="test_get_submit_environment" time="0.000">
		<skipped message="for now" type="skip"/>
	</testcase>
	<system-out>
<![CDATA[]]>	</system-out>
	<system-err>
<![CDATA[]]>	</system-err>
</testsuite>
