<?xml version="1.0" ?>
<testsuite errors="0" failures="0" name="TestCalcGlideinCcbs-20190508124511" tests="1" time="0.000">
	<testcase classname="TestCalcGlideinCcbs" name="test_calc_glidein_ccbs" time="0.000">
		<skipped message="for now" type="skip"/>
	</testcase>
	<system-out>
<![CDATA[]]>	</system-out>
	<system-err>
<![CDATA[]]>	</system-err>
</testsuite>
