<?xml version="1.0" ?>
<testsuite errors="0" failures="0" name="TestEntryElement-20190509181643" tests="3" time="0.089">
	<testcase classname="TestEntryElement" name="test_getName" time="0.028"/>
	<testcase classname="TestEntryElement" name="test_validate" time="0.031"/>
	<testcase classname="TestEntryElement" name="test_validate_sub_elements" time="0.030"/>
	<system-out>
<![CDATA[]]>	</system-out>
	<system-err>
<![CDATA[]]>	</system-err>
</testsuite>
