<?xml version="1.0" ?>
<testsuite errors="0" failures="0" name="TestKeepIdleGlideins-20190506220542" tests="1" time="0.000">
	<testcase classname="TestKeepIdleGlideins" name="test_keep_idle_glideins" time="0.000">
		<skipped message="for now" type="skip"/>
	</testcase>
	<system-out>
<![CDATA[]]>	</system-out>
	<system-err>
<![CDATA[]]>	</system-err>
</testsuite>
