<?xml version="1.0" ?>
<testsuite errors="0" failures="0" name="TestGlideinDicts-20190508081752" tests="7" time="1.126">
	<testcase classname="TestGlideinDicts" name="test_MainDicts_populate" time="0.225"/>
	<testcase classname="TestGlideinDicts" name="test__init__" time="0.135"/>
	<testcase classname="TestGlideinDicts" name="test_new_MainDicts" time="0.130"/>
	<testcase classname="TestGlideinDicts" name="test_new_SubDicts" time="0.146"/>
	<testcase classname="TestGlideinDicts" name="test_save" time="0.195"/>
	<testcase classname="TestGlideinDicts" name="test_save_monitor" time="0.142"/>
	<testcase classname="TestGlideinDicts" name="test_save_pub_key" time="0.153"/>
	<system-out>
<![CDATA[]]>	</system-out>
	<system-err>
<![CDATA[]]>	</system-err>
</testsuite>
