<?xml version="1.0" ?>
<testsuite errors="0" failures="0" name="TestGlideinDicts-20190508124509" tests="7" time="1.109">
	<testcase classname="TestGlideinDicts" name="test_MainDicts_populate" time="0.207"/>
	<testcase classname="TestGlideinDicts" name="test__init__" time="0.139"/>
	<testcase classname="TestGlideinDicts" name="test_new_MainDicts" time="0.141"/>
	<testcase classname="TestGlideinDicts" name="test_new_SubDicts" time="0.137"/>
	<testcase classname="TestGlideinDicts" name="test_save" time="0.199"/>
	<testcase classname="TestGlideinDicts" name="test_save_monitor" time="0.137"/>
	<testcase classname="TestGlideinDicts" name="test_save_pub_key" time="0.148"/>
	<system-out>
<![CDATA[]]>	</system-out>
	<system-err>
<![CDATA[]]>	</system-err>
</testsuite>
