<?xml version="1.0" ?>
<testsuite errors="0" failures="0" name="TestGetGroupWorkDir-20190506213545" tests="1" time="0.000">
	<testcase classname="TestGetGroupWorkDir" name="test_get_group_work_dir" time="0.000"/>
	<system-out>
<![CDATA[]]>	</system-out>
	<system-err>
<![CDATA[]]>	</system-err>
</testsuite>
