<?xml version="1.0" ?>
<testsuite errors="0" failures="0" name="TestGlideinDicts-20190506214008" tests="7" time="0.891">
	<testcase classname="TestGlideinDicts" name="test_MainDicts_populate" time="0.174"/>
	<testcase classname="TestGlideinDicts" name="test__init__" time="0.101"/>
	<testcase classname="TestGlideinDicts" name="test_new_MainDicts" time="0.106"/>
	<testcase classname="TestGlideinDicts" name="test_new_SubDicts" time="0.136"/>
	<testcase classname="TestGlideinDicts" name="test_save" time="0.159"/>
	<testcase classname="TestGlideinDicts" name="test_save_monitor" time="0.108"/>
	<testcase classname="TestGlideinDicts" name="test_save_pub_key" time="0.107"/>
	<system-out>
<![CDATA[]]>	</system-out>
	<system-err>
<![CDATA[]]>	</system-err>
</testsuite>
