<?xml version="1.0" ?>
<testsuite errors="0" failures="0" name="TestGlideinMainDicts-20190514191503" tests="6" time="0.511">
	<testcase classname="TestGlideinMainDicts" name="test___init__" time="0.102"/>
	<testcase classname="TestGlideinMainDicts" name="test_get_daemon_log_dir" time="0.088"/>
	<testcase classname="TestGlideinMainDicts" name="test_get_main_dicts" time="0.065"/>
	<testcase classname="TestGlideinMainDicts" name="test_load" time="0.041"/>
	<testcase classname="TestGlideinMainDicts" name="test_reuse" time="0.081"/>
	<testcase classname="TestGlideinMainDicts" name="test_save" time="0.133"/>
	<system-out>
<![CDATA[]]>	</system-out>
	<system-err>
<![CDATA[]]>	</system-err>
</testsuite>
