<?xml version="1.0" ?>
<testsuite errors="0" failures="0" name="FETestCaseMisc-20190509181648" tests="5" time="0.169">
	<testcase classname="FETestCaseMisc" name="test_appendRealRunning" time="0.038"/>
	<testcase classname="FETestCaseMisc" name="test_evalParamExpr" time="0.032"/>
	<testcase classname="FETestCaseMisc" name="test_getGlideinCpusNum" time="0.035"/>
	<testcase classname="FETestCaseMisc" name="test_hashJob" time="0.032"/>
	<testcase classname="FETestCaseMisc" name="test_uniqueSets" time="0.031"/>
	<system-out>
<![CDATA[]]>	</system-out>
	<system-err>
<![CDATA[]]>	</system-err>
</testsuite>
