<?xml version="1.0" ?>
<testsuite errors="0" failures="0" name="TestCondorExe-20190508124502" tests="3" time="3.390">
	<testcase classname="TestCondorExe" name="test_exe_cmd" time="1.228"/>
	<testcase classname="TestCondorExe" name="test_exe_cmd_sbin" time="1.114"/>
	<testcase classname="TestCondorExe" name="test_iexe_cmd" time="1.048"/>
	<system-out>
<![CDATA[]]>	</system-out>
	<system-err>
<![CDATA[]]>	</system-err>
</testsuite>
