<?xml version="1.0" ?>
<testsuite errors="0" failures="0" name="TestCondorExe-20190508075548" tests="3" time="3.336">
	<testcase classname="TestCondorExe" name="test_exe_cmd" time="1.089"/>
	<testcase classname="TestCondorExe" name="test_exe_cmd_sbin" time="1.130"/>
	<testcase classname="TestCondorExe" name="test_iexe_cmd" time="1.117"/>
	<system-out>
<![CDATA[]]>	</system-out>
	<system-err>
<![CDATA[]]>	</system-err>
</testsuite>
