<?xml version="1.0" ?>
<testsuite errors="0" failures="0" name="TestPopulateGroupDescript-20190514191510" tests="1" time="0.000">
	<testcase classname="TestPopulateGroupDescript" name="test_populate_group_descript" time="0.000">
		<skipped message="for now" type="skip"/>
	</testcase>
	<system-out>
<![CDATA[]]>	</system-out>
	<system-err>
<![CDATA[]]>	</system-err>
</testsuite>
