<?xml version="1.0" ?>
<testsuite errors="0" failures="0" name="TestIterToDict-20190509181639" tests="1" time="0.000">
	<testcase classname="TestIterToDict" name="test_iter_to_dict" time="0.000">
		<skipped message="for now" type="skip"/>
	</testcase>
	<system-out>
<![CDATA[]]>	</system-out>
	<system-err>
<![CDATA[]]>	</system-err>
</testsuite>
