<?xml version="1.0" ?>
<testsuite errors="0" failures="0" name="TestGlideinDicts-20190508131544" tests="7" time="1.075">
	<testcase classname="TestGlideinDicts" name="test_MainDicts_populate" time="0.221"/>
	<testcase classname="TestGlideinDicts" name="test__init__" time="0.139"/>
	<testcase classname="TestGlideinDicts" name="test_new_MainDicts" time="0.139"/>
	<testcase classname="TestGlideinDicts" name="test_new_SubDicts" time="0.123"/>
	<testcase classname="TestGlideinDicts" name="test_save" time="0.171"/>
	<testcase classname="TestGlideinDicts" name="test_save_monitor" time="0.141"/>
	<testcase classname="TestGlideinDicts" name="test_save_pub_key" time="0.142"/>
	<system-out>
<![CDATA[]]>	</system-out>
	<system-err>
<![CDATA[]]>	</system-err>
</testsuite>
