<?xml version="1.0" ?>
<testsuite errors="0" failures="0" name="TestGlideinDicts-20190506220955" tests="7" time="1.043">
	<testcase classname="TestGlideinDicts" name="test_MainDicts_populate" time="0.163"/>
	<testcase classname="TestGlideinDicts" name="test__init__" time="0.104"/>
	<testcase classname="TestGlideinDicts" name="test_new_MainDicts" time="0.127"/>
	<testcase classname="TestGlideinDicts" name="test_new_SubDicts" time="0.182"/>
	<testcase classname="TestGlideinDicts" name="test_save" time="0.224"/>
	<testcase classname="TestGlideinDicts" name="test_save_monitor" time="0.113"/>
	<testcase classname="TestGlideinDicts" name="test_save_pub_key" time="0.129"/>
	<system-out>
<![CDATA[]]>	</system-out>
	<system-err>
<![CDATA[]]>	</system-err>
</testsuite>
