<?xml version="1.0" ?>
<testsuite errors="0" failures="0" name="TestGlideinDicts-20190508181637" tests="7" time="1.093">
	<testcase classname="TestGlideinDicts" name="test_MainDicts_populate" time="0.227"/>
	<testcase classname="TestGlideinDicts" name="test__init__" time="0.132"/>
	<testcase classname="TestGlideinDicts" name="test_new_MainDicts" time="0.128"/>
	<testcase classname="TestGlideinDicts" name="test_new_SubDicts" time="0.147"/>
	<testcase classname="TestGlideinDicts" name="test_save" time="0.186"/>
	<testcase classname="TestGlideinDicts" name="test_save_monitor" time="0.132"/>
	<testcase classname="TestGlideinDicts" name="test_save_pub_key" time="0.140"/>
	<system-out>
<![CDATA[]]>	</system-out>
	<system-err>
<![CDATA[]]>	</system-err>
</testsuite>
