<?xml version="1.0" ?>
<testsuite errors="0" failures="0" name="TestPubCrypto-20190508075721" tests="3" time="0.109">
	<testcase classname="TestPubCrypto" name="test_symmetric" time="0.031"/>
	<testcase classname="TestPubCrypto" name="test_symmetric_base64" time="0.038"/>
	<testcase classname="TestPubCrypto" name="test_symmetric_hex" time="0.041"/>
	<system-out>
<![CDATA[]]>	</system-out>
	<system-err>
<![CDATA[]]>	</system-err>
</testsuite>
