<?xml version="1.0" ?>
<testsuite errors="0" failures="0" name="TestEntryElement-20190506213546" tests="3" time="0.102">
	<testcase classname="TestEntryElement" name="test_getName" time="0.034"/>
	<testcase classname="TestEntryElement" name="test_validate" time="0.038"/>
	<testcase classname="TestEntryElement" name="test_validate_sub_elements" time="0.031"/>
	<system-out>
<![CDATA[]]>	</system-out>
	<system-err>
<![CDATA[]]>	</system-err>
</testsuite>
