<?xml version="1.0" ?>
<testsuite errors="0" failures="0" name="TestVOFrontendParams-20190514191510" tests="14" time="0.531">
	<testcase classname="TestVOFrontendParams" name="test__eq__" time="0.053"/>
	<testcase classname="TestVOFrontendParams" name="test_buildDir" time="0.028"/>
	<testcase classname="TestVOFrontendParams" name="test_derive" time="0.030"/>
	<testcase classname="TestVOFrontendParams" name="test_derive_match_attrs" time="0.029"/>
	<testcase classname="TestVOFrontendParams" name="test_extract_attr_val" time="0.031"/>
	<testcase classname="TestVOFrontendParams" name="test_file_read_and_write" time="0.070"/>
	<testcase classname="TestVOFrontendParams" name="test_get_description" time="0.074"/>
	<testcase classname="TestVOFrontendParams" name="test_get_subparams_class" time="0.031"/>
	<testcase classname="TestVOFrontendParams" name="test_get_top_element" time="0.027"/>
	<testcase classname="TestVOFrontendParams" name="test_get_xml" time="0.036"/>
	<testcase classname="TestVOFrontendParams" name="test_get_xml_format" time="0.027"/>
	<testcase classname="TestVOFrontendParams" name="test_init" time="0.031"/>
	<testcase classname="TestVOFrontendParams" name="test_init_defaults" time="0.036"/>
	<testcase classname="TestVOFrontendParams" name="test_validate_names" time="0.027"/>
	<system-out>
<![CDATA[]]>	</system-out>
	<system-err>
<![CDATA[]]>	</system-err>
</testsuite>
