<?xml version="1.0" ?>
<testsuite errors="0" failures="0" name="TestConfig-20190514191512" tests="17" time="0.822">
	<testcase classname="TestConfig" name="test___init__" time="0.082"/>
	<testcase classname="TestConfig" name="test_get_client_log_dirs" time="0.050"/>
	<testcase classname="TestConfig" name="test_get_client_proxy_dirs" time="0.045"/>
	<testcase classname="TestConfig" name="test_get_entries" time="0.043"/>
	<testcase classname="TestConfig" name="test_get_log_dir" time="0.041"/>
	<testcase classname="TestConfig" name="test_get_monitor_dir" time="0.043"/>
	<testcase classname="TestConfig" name="test_get_stage_dir" time="0.043"/>
	<testcase classname="TestConfig" name="test_get_submit_dir" time="0.041"/>
	<testcase classname="TestConfig" name="test_get_web_url" time="0.041"/>
	<testcase classname="TestConfig" name="test_set_client_log_dirs" time="0.044"/>
	<testcase classname="TestConfig" name="test_set_client_proxy_dirs" time="0.041"/>
	<testcase classname="TestConfig" name="test_set_log_dir" time="0.041"/>
	<testcase classname="TestConfig" name="test_set_monitor_dir" time="0.041"/>
	<testcase classname="TestConfig" name="test_set_stage_dir" time="0.040"/>
	<testcase classname="TestConfig" name="test_set_submit_dir" time="0.076"/>
	<testcase classname="TestConfig" name="test_set_web_url" time="0.068"/>
	<testcase classname="TestConfig" name="test_validate" time="0.042"/>
	<system-out>
<![CDATA[]]>	</system-out>
	<system-err>
<![CDATA[]]>	</system-err>
</testsuite>
