<?xml version="1.0" ?>
<testsuite errors="0" failures="0" name="TestFactAttrElement-20190506213546" tests="1" time="0.036">
	<testcase classname="TestFactAttrElement" name="test_validate" time="0.036"/>
	<system-out>
<![CDATA[]]>	</system-out>
	<system-err>
<![CDATA[]]>	</system-err>
</testsuite>
