<?xml version="1.0" ?>
<testsuite errors="0" failures="0" name="TestGlideinDicts-20190514191505" tests="7" time="2.385">
	<testcase classname="TestGlideinDicts" name="test_MainDicts_populate" time="0.432"/>
	<testcase classname="TestGlideinDicts" name="test__init__" time="0.204"/>
	<testcase classname="TestGlideinDicts" name="test_new_MainDicts" time="0.253"/>
	<testcase classname="TestGlideinDicts" name="test_new_SubDicts" time="0.301"/>
	<testcase classname="TestGlideinDicts" name="test_save" time="0.416"/>
	<testcase classname="TestGlideinDicts" name="test_save_monitor" time="0.321"/>
	<testcase classname="TestGlideinDicts" name="test_save_pub_key" time="0.458"/>
	<system-out>
<![CDATA[]]>	</system-out>
	<system-err>
<![CDATA[]]>	</system-err>
</testsuite>
