<?xml version="1.0" ?>
<testsuite errors="0" failures="0" name="TestCondTarElement-20190515181719" tests="1" time="0.182">
	<testcase classname="TestCondTarElement" name="test_validate" time="0.182"/>
	<system-out>
<![CDATA[]]>	</system-out>
	<system-err>
<![CDATA[]]>	</system-err>
</testsuite>
