<?xml version="1.0" ?>
<testsuite errors="0" failures="0" name="TestExprParserSymmetric-20190508081818" tests="3" time="0.375">
	<testcase classname="TestExprParserSymmetric" name="test__compile" time="0.149"/>
	<testcase classname="TestExprParserSymmetric" name="test_parse_symmetric" time="0.171"/>
	<testcase classname="TestExprParserSymmetric" name="test_unparse_ret" time="0.056"/>
	<system-out>
<![CDATA[]]>	</system-out>
	<system-err>
<![CDATA[]]>	</system-err>
</testsuite>
