<?xml version="1.0" ?>
<testsuite errors="0" failures="0" name="FETestCaseCondorStatus-20190508124527" tests="9" time="2.566">
	<testcase classname="FETestCaseCondorStatus" name="test_countCondorStatus" time="0.258"/>
	<testcase classname="FETestCaseCondorStatus" name="test_getClientCondorStatus" time="0.257"/>
	<testcase classname="FETestCaseCondorStatus" name="test_getClientCondorStatusCredIdOnly" time="0.256"/>
	<testcase classname="FETestCaseCondorStatus" name="test_getClientCondorStatusPerCredId" time="0.269"/>
	<testcase classname="FETestCaseCondorStatus" name="test_getCondorStatus" time="0.457"/>
	<testcase classname="FETestCaseCondorStatus" name="test_getCondorStatusSchedds" time="0.341"/>
	<testcase classname="FETestCaseCondorStatus" name="test_getFactoryEntryList" time="0.243"/>
	<testcase classname="FETestCaseCondorStatus" name="test_getIdleCondorStatus" time="0.235"/>
	<testcase classname="FETestCaseCondorStatus" name="test_getRunningCondorStatus" time="0.251"/>
	<system-out>
<![CDATA[]]>	</system-out>
	<system-err>
<![CDATA[]]>	</system-err>
</testsuite>
