<?xml version="1.0" ?>
<testsuite errors="0" failures="0" name="TestForkManager-20190514191528" tests="7" time="41.220">
	<testcase classname="TestForkManager" name="test___init__" time="0.002"/>
	<testcase classname="TestForkManager" name="test_add_fork_and_len" time="0.001"/>
	<testcase classname="TestForkManager" name="test_bounded_fork_and_collect_use_epoll" time="10.255"/>
	<testcase classname="TestForkManager" name="test_bounded_fork_and_collect_use_poll" time="10.379"/>
	<testcase classname="TestForkManager" name="test_bounded_fork_and_collect_use_select" time="10.243"/>
	<testcase classname="TestForkManager" name="test_fork_and_collect" time="5.147"/>
	<testcase classname="TestForkManager" name="test_fork_and_wait" time="5.192"/>
	<system-out>
<![CDATA[]]>	</system-out>
	<system-err>
<![CDATA[]]>	</system-err>
</testsuite>
