<?xml version="1.0" ?>
<testsuite errors="0" failures="0" name="FETestCaseMisc-20190507181659" tests="5" time="1.430">
	<testcase classname="FETestCaseMisc" name="test_appendRealRunning" time="0.290"/>
	<testcase classname="FETestCaseMisc" name="test_evalParamExpr" time="0.287"/>
	<testcase classname="FETestCaseMisc" name="test_getGlideinCpusNum" time="0.277"/>
	<testcase classname="FETestCaseMisc" name="test_hashJob" time="0.295"/>
	<testcase classname="FETestCaseMisc" name="test_uniqueSets" time="0.282"/>
	<system-out>
<![CDATA[]]>	</system-out>
	<system-err>
<![CDATA[]]>	</system-err>
</testsuite>
