<?xml version="1.0" ?>
<testsuite errors="0" failures="0" name="FETestCaseCount-20190515181733" tests="7" time="1.541">
	<testcase classname="FETestCaseCount" name="test_countMatch" time="0.214"/>
	<testcase classname="FETestCaseCount" name="test_countMatchDowntime" time="0.236"/>
	<testcase classname="FETestCaseCount" name="test_countMatch_missingKey" time="0.232"/>
	<testcase classname="FETestCaseCount" name="test_countMatch_otherException" time="0.227"/>
	<testcase classname="FETestCaseCount" name="test_countRealRunning_match" time="0.210"/>
	<testcase classname="FETestCaseCount" name="test_countRealRunning_missingKey" time="0.211"/>
	<testcase classname="FETestCaseCount" name="test_countRealRunning_otherException" time="0.211"/>
	<system-out>
<![CDATA[]]>	</system-out>
	<system-err>
<![CDATA[]]>	</system-err>
</testsuite>
