<?xml version="1.0" ?>
<testsuite errors="0" failures="0" name="FETestCaseCondorStatus-20190507181659" tests="9" time="2.544">
	<testcase classname="FETestCaseCondorStatus" name="test_countCondorStatus" time="0.247"/>
	<testcase classname="FETestCaseCondorStatus" name="test_getClientCondorStatus" time="0.265"/>
	<testcase classname="FETestCaseCondorStatus" name="test_getClientCondorStatusCredIdOnly" time="0.234"/>
	<testcase classname="FETestCaseCondorStatus" name="test_getClientCondorStatusPerCredId" time="0.249"/>
	<testcase classname="FETestCaseCondorStatus" name="test_getCondorStatus" time="0.447"/>
	<testcase classname="FETestCaseCondorStatus" name="test_getCondorStatusSchedds" time="0.362"/>
	<testcase classname="FETestCaseCondorStatus" name="test_getFactoryEntryList" time="0.263"/>
	<testcase classname="FETestCaseCondorStatus" name="test_getIdleCondorStatus" time="0.246"/>
	<testcase classname="FETestCaseCondorStatus" name="test_getRunningCondorStatus" time="0.231"/>
	<system-out>
<![CDATA[]]>	</system-out>
	<system-err>
<![CDATA[]]>	</system-err>
</testsuite>
