<?xml version="1.0" ?>
<testsuite errors="0" failures="0" name="FETestCaseCondorQ-20190515181733" tests="12" time="2.609">
	<testcase classname="FETestCaseCondorQ" name="test_countCondorQ" time="0.212"/>
	<testcase classname="FETestCaseCondorQ" name="test_getClientCondorStatusCredIdOnly" time="0.216"/>
	<testcase classname="FETestCaseCondorQ" name="test_getClientCondorStatusPerCredId" time="0.292"/>
	<testcase classname="FETestCaseCondorQ" name="test_getCondorQ" time="0.229"/>
	<testcase classname="FETestCaseCondorQ" name="test_getCondorQUsers" time="0.200"/>
	<testcase classname="FETestCaseCondorQ" name="test_getCondorQ_no_constraints" time="0.206"/>
	<testcase classname="FETestCaseCondorQ" name="test_getIdleCondorQ" time="0.209"/>
	<testcase classname="FETestCaseCondorQ" name="test_getIdleProxyCondorQ" time="0.201"/>
	<testcase classname="FETestCaseCondorQ" name="test_getIdleVomsCondorQ" time="0.206"/>
	<testcase classname="FETestCaseCondorQ" name="test_getOldCondorQ" time="0.201"/>
	<testcase classname="FETestCaseCondorQ" name="test_getRunningCondorQ" time="0.202"/>
	<testcase classname="FETestCaseCondorQ" name="test_oldCondorQ" time="0.235"/>
	<system-out>
<![CDATA[]]>	</system-out>
	<system-err>
<![CDATA[]]>	</system-err>
</testsuite>
