<?xml version="1.0" ?>
<testsuite errors="0" failures="0" name="TestLogStats-20190508081759" tests="1" time="0.000">
	<testcase classname="TestLogStats" name="test_log_stats" time="0.000">
		<skipped message="for now" type="skip"/>
	</testcase>
	<system-out>
<![CDATA[]]>	</system-out>
	<system-err>
<![CDATA[]]>	</system-err>
</testsuite>
