<?xml version="1.0" ?>
<testsuite errors="0" failures="0" name="TestGlideinDicts-20190514191429" tests="7" time="3.535">
	<testcase classname="TestGlideinDicts" name="test_MainDicts_populate" time="0.592"/>
	<testcase classname="TestGlideinDicts" name="test__init__" time="0.565"/>
	<testcase classname="TestGlideinDicts" name="test_new_MainDicts" time="0.491"/>
	<testcase classname="TestGlideinDicts" name="test_new_SubDicts" time="0.423"/>
	<testcase classname="TestGlideinDicts" name="test_save" time="0.617"/>
	<testcase classname="TestGlideinDicts" name="test_save_monitor" time="0.425"/>
	<testcase classname="TestGlideinDicts" name="test_save_pub_key" time="0.421"/>
	<system-out>
<![CDATA[]]>	</system-out>
	<system-err>
<![CDATA[]]>	</system-err>
</testsuite>
