<?xml version="1.0" ?>
<testsuite errors="0" failures="0" name="FETestCaseMisc-20190514191503" tests="5" time="1.736">
	<testcase classname="FETestCaseMisc" name="test_appendRealRunning" time="0.359"/>
	<testcase classname="FETestCaseMisc" name="test_evalParamExpr" time="0.321"/>
	<testcase classname="FETestCaseMisc" name="test_getGlideinCpusNum" time="0.327"/>
	<testcase classname="FETestCaseMisc" name="test_hashJob" time="0.374"/>
	<testcase classname="FETestCaseMisc" name="test_uniqueSets" time="0.355"/>
	<system-out>
<![CDATA[]]>	</system-out>
	<system-err>
<![CDATA[]]>	</system-err>
</testsuite>
