<?xml version="1.0" ?>
<testsuite errors="0" failures="0" name="TestGlideinDicts-20190508124500" tests="7" time="3.722">
	<testcase classname="TestGlideinDicts" name="test_MainDicts_populate" time="0.631"/>
	<testcase classname="TestGlideinDicts" name="test__init__" time="0.443"/>
	<testcase classname="TestGlideinDicts" name="test_new_MainDicts" time="0.507"/>
	<testcase classname="TestGlideinDicts" name="test_new_SubDicts" time="0.503"/>
	<testcase classname="TestGlideinDicts" name="test_save" time="0.638"/>
	<testcase classname="TestGlideinDicts" name="test_save_monitor" time="0.510"/>
	<testcase classname="TestGlideinDicts" name="test_save_pub_key" time="0.489"/>
	<system-out>
<![CDATA[]]>	</system-out>
	<system-err>
<![CDATA[]]>	</system-err>
</testsuite>
