<?xml version="1.0" ?>
<testsuite errors="0" failures="0" name="TestConfig-20190514191440" tests="17" time="4.825">
	<testcase classname="TestConfig" name="test___init__" time="0.285"/>
	<testcase classname="TestConfig" name="test_get_client_log_dirs" time="0.278"/>
	<testcase classname="TestConfig" name="test_get_client_proxy_dirs" time="0.270"/>
	<testcase classname="TestConfig" name="test_get_entries" time="0.266"/>
	<testcase classname="TestConfig" name="test_get_log_dir" time="0.274"/>
	<testcase classname="TestConfig" name="test_get_monitor_dir" time="0.271"/>
	<testcase classname="TestConfig" name="test_get_stage_dir" time="0.269"/>
	<testcase classname="TestConfig" name="test_get_submit_dir" time="0.268"/>
	<testcase classname="TestConfig" name="test_get_web_url" time="0.293"/>
	<testcase classname="TestConfig" name="test_set_client_log_dirs" time="0.289"/>
	<testcase classname="TestConfig" name="test_set_client_proxy_dirs" time="0.289"/>
	<testcase classname="TestConfig" name="test_set_log_dir" time="0.278"/>
	<testcase classname="TestConfig" name="test_set_monitor_dir" time="0.270"/>
	<testcase classname="TestConfig" name="test_set_stage_dir" time="0.312"/>
	<testcase classname="TestConfig" name="test_set_submit_dir" time="0.367"/>
	<testcase classname="TestConfig" name="test_set_web_url" time="0.270"/>
	<testcase classname="TestConfig" name="test_validate" time="0.277"/>
	<system-out>
<![CDATA[]]>	</system-out>
	<system-err>
<![CDATA[]]>	</system-err>
</testsuite>
