<?xml version="1.0" ?>
<testsuite errors="0" failures="0" name="FETestCaseCount-20190508081800" tests="7" time="1.984">
	<testcase classname="FETestCaseCount" name="test_countMatch" time="0.286"/>
	<testcase classname="FETestCaseCount" name="test_countMatchDowntime" time="0.332"/>
	<testcase classname="FETestCaseCount" name="test_countMatch_missingKey" time="0.371"/>
	<testcase classname="FETestCaseCount" name="test_countMatch_otherException" time="0.275"/>
	<testcase classname="FETestCaseCount" name="test_countRealRunning_match" time="0.246"/>
	<testcase classname="FETestCaseCount" name="test_countRealRunning_missingKey" time="0.232"/>
	<testcase classname="FETestCaseCount" name="test_countRealRunning_otherException" time="0.242"/>
	<system-out>
<![CDATA[]]>	</system-out>
	<system-err>
<![CDATA[]]>	</system-err>
</testsuite>
