<?xml version="1.0" ?>
<testsuite errors="0" failures="0" name="TestClientLogDirSupport-20190508081730" tests="1" time="0.000">
	<testcase classname="TestClientLogDirSupport" name="test___init__" time="0.000">
		<skipped message="for now" type="skip"/>
	</testcase>
	<system-out>
<![CDATA[]]>	</system-out>
	<system-err>
<![CDATA[]]>	</system-err>
</testsuite>
