<?xml version="1.0" ?>
<testsuite errors="0" failures="0" name="FETestCaseCondorQ-20190514191503" tests="12" time="4.130">
	<testcase classname="FETestCaseCondorQ" name="test_countCondorQ" time="0.366"/>
	<testcase classname="FETestCaseCondorQ" name="test_getClientCondorStatusCredIdOnly" time="0.322"/>
	<testcase classname="FETestCaseCondorQ" name="test_getClientCondorStatusPerCredId" time="0.312"/>
	<testcase classname="FETestCaseCondorQ" name="test_getCondorQ" time="0.420"/>
	<testcase classname="FETestCaseCondorQ" name="test_getCondorQUsers" time="0.487"/>
	<testcase classname="FETestCaseCondorQ" name="test_getCondorQ_no_constraints" time="0.335"/>
	<testcase classname="FETestCaseCondorQ" name="test_getIdleCondorQ" time="0.305"/>
	<testcase classname="FETestCaseCondorQ" name="test_getIdleProxyCondorQ" time="0.293"/>
	<testcase classname="FETestCaseCondorQ" name="test_getIdleVomsCondorQ" time="0.312"/>
	<testcase classname="FETestCaseCondorQ" name="test_getOldCondorQ" time="0.318"/>
	<testcase classname="FETestCaseCondorQ" name="test_getRunningCondorQ" time="0.319"/>
	<testcase classname="FETestCaseCondorQ" name="test_oldCondorQ" time="0.342"/>
	<system-out>
<![CDATA[]]>	</system-out>
	<system-err>
<![CDATA[]]>	</system-err>
</testsuite>
