<?xml version="1.0" ?>
<testsuite errors="0" failures="0" name="TestGlideinDicts-20190515182842" tests="7" time="3.583">
	<testcase classname="TestGlideinDicts" name="test_MainDicts_populate" time="0.713"/>
	<testcase classname="TestGlideinDicts" name="test__init__" time="0.446"/>
	<testcase classname="TestGlideinDicts" name="test_new_MainDicts" time="0.443"/>
	<testcase classname="TestGlideinDicts" name="test_new_SubDicts" time="0.462"/>
	<testcase classname="TestGlideinDicts" name="test_save" time="0.644"/>
	<testcase classname="TestGlideinDicts" name="test_save_monitor" time="0.452"/>
	<testcase classname="TestGlideinDicts" name="test_save_pub_key" time="0.423"/>
	<system-out>
<![CDATA[]]>	</system-out>
	<system-err>
<![CDATA[]]>	</system-err>
</testsuite>
