<?xml version="1.0" ?>
<testsuite errors="0" failures="0" name="TestGlideinDicts-20190507182814" tests="7" time="3.477">
	<testcase classname="TestGlideinDicts" name="test_MainDicts_populate" time="0.626"/>
	<testcase classname="TestGlideinDicts" name="test__init__" time="0.413"/>
	<testcase classname="TestGlideinDicts" name="test_new_MainDicts" time="0.488"/>
	<testcase classname="TestGlideinDicts" name="test_new_SubDicts" time="0.426"/>
	<testcase classname="TestGlideinDicts" name="test_save" time="0.619"/>
	<testcase classname="TestGlideinDicts" name="test_save_monitor" time="0.417"/>
	<testcase classname="TestGlideinDicts" name="test_save_pub_key" time="0.488"/>
	<system-out>
<![CDATA[]]>	</system-out>
	<system-err>
<![CDATA[]]>	</system-err>
</testsuite>
