<?xml version="1.0" ?>
<testsuite errors="0" failures="0" name="TestCondorExe-20190514191416" tests="3" time="2.785">
	<testcase classname="TestCondorExe" name="test_exe_cmd" time="0.993"/>
	<testcase classname="TestCondorExe" name="test_exe_cmd_sbin" time="0.921"/>
	<testcase classname="TestCondorExe" name="test_iexe_cmd" time="0.871"/>
	<system-out>
<![CDATA[]]>	</system-out>
	<system-err>
<![CDATA[]]>	</system-err>
</testsuite>
