<?xml version="1.0" ?>
<testsuite errors="0" failures="0" name="TestOldGetValidCondorTarballs-20190514191429" tests="1" time="0.000">
	<testcase classname="TestOldGetValidCondorTarballs" name="test_old_get_valid_condor_tarballs" time="0.000">
		<skipped message="for now" type="skip"/>
	</testcase>
	<system-out>
<![CDATA[]]>	</system-out>
	<system-err>
<![CDATA[]]>	</system-err>
</testsuite>
