<?xml version="1.0" ?>
<testsuite errors="0" failures="0" name="TestWaitForPids-20190504181833" tests="1" time="10.019">
	<testcase classname="TestWaitForPids" name="test_wait_for_pids" time="10.019"/>
	<system-out>
<![CDATA[]]>	</system-out>
	<system-err>
<![CDATA[]]>	</system-err>
</testsuite>
