<?xml version="1.0" ?>
<testsuite errors="0" failures="0" name="TestX509Proxies-20190504152116" tests="3" time="0.001">
	<testcase classname="TestX509Proxies" name="test___init__" time="0.000">
		<skipped message="for now" type="skip"/>
	</testcase>
	<testcase classname="TestX509Proxies" name="test_add_fname" time="0.000">
		<skipped message="for now" type="skip"/>
	</testcase>
	<testcase classname="TestX509Proxies" name="test_get_username" time="0.000">
		<skipped message="for now" type="skip"/>
	</testcase>
	<system-out>
<![CDATA[{'log': <logging.Logger instance at 0x2cf50e0>, 'signatures': <glideinwms.factory.glideFactoryConfig.SignatureFile instance at 0x2cfd878>, 'name': 'el6_osg34', 'downtimes': <glideinwms.factory.glideFactoryDowntimeLib.DowntimeFile instance at 0x2cfdc20>, 'jobParams': <glideinwms.factory.glideFactoryConfig.JobParams instance at 0x2cfdb00>, 'startupDir': '/test_dir/glideinwms/unittests/fixtures/factory/work-dir', 'securityList': {}, 'frontendWhitelist': 'Off', 'gfiFactoryConfig': <glideinwms.factory.glideFactoryInterface.FactoryConfig instance at 0x2e8a710>, 'scheddName': 'schedd_glideins5@fermicloud322.fnal.gov', 'gflFactoryConfig': <glideinwms.factory.glideFactoryLib.FactoryConfig instance at 0x2e8a320>, 'monitorDir': '/test_dir/glideinwms/unittests/fixtures/factory/work-dir/monitor/entry_el6_osg34', 'jobAttributes': <glideinwms.factory.glideFactoryConfig.JobAttributes instance at 0x2cfdab8>, 'frontendDescript': <glideinwms.factory.glideFactoryConfig.FrontendDescript instance at 0x2cfd7e8>, 'glideinDescript': <glideinwms.factory.glideFactoryConfig.GlideinDescript instance at 0x2cfd050>, 'glideinTotals': None, 'monitoringConfig': <glideinwms.factory.glideFactoryMonitoring.MonitoringConfig instance at 0x2ea4440>, 'jobDescript': <glideinwms.factory.glideFactoryConfig.JobDescript instance at 0x2cfda28>, 'limits_triggered': {}, 'logDir': 'server-log/entry_el6_osg34'}
======= START: <glideinwms.factory.glideFactoryEntry.Entry instance at 0x2f85d40> ======
{'name': 'el6_osg34', 'parent': <logging.RootLogger instance at 0x27387e8>, 'handlers': [<glideinwms.lib.logSupport.GlideinHandler instance at 0x2cf5560>, <glideinwms.lib.logSupport.GlideinHandler instance at 0x2cf53f8>, <glideinwms.lib.logSupport.GlideinHandler instance at 0x2f85950>, <glideinwms.lib.logSupport.GlideinHandler instance at 0x2f85830>], 'level': 10, 'disabled': 0, 'manager': <logging.Manager instance at 0x2738830>, 'propagate': 1, 'filters': []}
======= START: <logging.Logger instance at 0x2cf50e0> ======
name = el6_osg34
{'name': 'root', 'parent': None, 'handlers': [], 'level': 30, 'disabled': 0, 'propagate': 1, 'filters': []}
======= START: <logging.RootLogger instance at 0x27387e8> ======
name = root
parent = None
handlers = []
level = 30
disabled = 0
propagate = 1
filters = []
======= END: <logging.RootLogger instance at 0x27387e8> ======
handlers = [<glideinwms.lib.logSupport.GlideinHandler instance at 0x2cf5560>, <glideinwms.lib.logSupport.GlideinHandler instance at 0x2cf53f8>, <glideinwms.lib.logSupport.GlideinHandler instance at 0x2f85950>, <glideinwms.lib.logSupport.GlideinHandler instance at 0x2f85830>]
level = 10
disabled = 0
{'emittedNoHandlerWarning': 0, 'disable': 0, 'root': <logging.RootLogger instance at 0x27387e8>, 'loggerDict': {'future_stdlib': <logging.Logger instance at 0x289c440>, 'el6_osg34': <logging.Logger instance at 0x2cf50e0>}}
======= START: <logging.Manager instance at 0x2738830> ======
emittedNoHandlerWarning = 0
disable = 0
{'name': 'root', 'parent': None, 'handlers': [], 'level': 30, 'disabled': 0, 'propagate': 1, 'filters': []}
======= START: <logging.RootLogger instance at 0x27387e8> ======
name = root
parent = None
handlers = []
level = 30
disabled = 0
propagate = 1
filters = []
======= END: <logging.RootLogger instance at 0x27387e8> ======
loggerDict = {'future_stdlib': <logging.Logger instance at 0x289c440>, 'el6_osg34': <logging.Logger instance at 0x2cf50e0>}
======= END: <logging.Manager instance at 0x2738830> ======
propagate = 1
filters = []
======= END: <logging.Logger instance at 0x2cf50e0> ======
{'data': {'entry_el7_osg33_descript': 'description.i6pevu.cfg', 'entry_el6_osg34_descript': 'description.i6pevu.cfg', 'entry_el7_osg33_sign': 'e90d5f628db820858101ebb75716ccc0fa59ef50', 'entry_el7_osg34_descript': 'description.i6pevu.cfg', 'entry_TEST_SITE_1_sign': '0e7655b1fa2778d9d98e1e2227a246af84a73028', 'entry_el7_osg34_sign': 'b03f6ea38b8cccaf3289d368c6c293d4b144a936', 'entry_el6_osg34_sign': '8241893b98a499d6c108b7e88ba503b3037ab02f', 'entry_el6_osg33_sign': '4ceef7f3100dbc509dc870ecc9e5c81172a722c1', 'main_sign': 'bfc925d3741b3b48114a9d17c4c919dcb638f9f2', 'entry_el6_osg33_descript': 'description.i6pevu.cfg', 'entry_TEST_ENTRY_descript': 'description.i6pevu.cfg', 'entry_TEST_SITE_HTCCE_2_descript': 'description.i6pevu.cfg', 'main_descript': 'description.i6pevu.cfg', 'entry_TEST_SITE_2_descript': 'description.i6pevu.cfg', 'entry_TEST_SITE_2_sign': 'ef8689c229afda5562fee3c0ec77a2b49305b8e0', 'entry_TEST_ENTRY_sign': '96b57620e1a679a500fb28a0b392893c5be8fe5e', 'entry_TEST_SITE_1_descript': 'description.i6pevu.cfg', 'entry_TEST_SITE_HTCCE_2_sign': 'e055ff7b79626afb5159810db6cfbac8d0343475'}, 'config_file': 'signatures.sha1'}
======= START: 
entry_el7_osg33_descript = description.i6pevu.cfg, (<type 'str'>)
entry_el6_osg34_descript = description.i6pevu.cfg, (<type 'str'>)
entry_el7_osg33_sign = e90d5f628db820858101ebb75716ccc0fa59ef50, (<type 'str'>)
entry_el7_osg34_descript = description.i6pevu.cfg, (<type 'str'>)
entry_TEST_SITE_1_sign = 0e7655b1fa2778d9d98e1e2227a246af84a73028, (<type 'str'>)
entry_el7_osg34_sign = b03f6ea38b8cccaf3289d368c6c293d4b144a936, (<type 'str'>)
entry_el6_osg34_sign = 8241893b98a499d6c108b7e88ba503b3037ab02f, (<type 'str'>)
entry_el6_osg33_sign = 4ceef7f3100dbc509dc870ecc9e5c81172a722c1, (<type 'str'>)
main_sign = bfc925d3741b3b48114a9d17c4c919dcb638f9f2, (<type 'str'>)
entry_el6_osg33_descript = description.i6pevu.cfg, (<type 'str'>)
entry_TEST_ENTRY_descript = description.i6pevu.cfg, (<type 'str'>)
entry_TEST_SITE_HTCCE_2_descript = description.i6pevu.cfg, (<type 'str'>)
main_descript = description.i6pevu.cfg, (<type 'str'>)
entry_TEST_SITE_2_descript = description.i6pevu.cfg, (<type 'str'>)
entry_TEST_SITE_2_sign = ef8689c229afda5562fee3c0ec77a2b49305b8e0, (<type 'str'>)
entry_TEST_ENTRY_sign = 96b57620e1a679a500fb28a0b392893c5be8fe5e, (<type 'str'>)
entry_TEST_SITE_1_descript = description.i6pevu.cfg, (<type 'str'>)
entry_TEST_SITE_HTCCE_2_sign = e055ff7b79626afb5159810db6cfbac8d0343475, (<type 'str'>)
 ======
data = {'entry_el7_osg33_descript': 'description.i6pevu.cfg', 'entry_el6_osg34_descript': 'description.i6pevu.cfg', 'entry_el7_osg33_sign': 'e90d5f628db820858101ebb75716ccc0fa59ef50', 'entry_el7_osg34_descript': 'description.i6pevu.cfg', 'entry_TEST_SITE_1_sign': '0e7655b1fa2778d9d98e1e2227a246af84a73028', 'entry_el7_osg34_sign': 'b03f6ea38b8cccaf3289d368c6c293d4b144a936', 'entry_el6_osg34_sign': '8241893b98a499d6c108b7e88ba503b3037ab02f', 'entry_el6_osg33_sign': '4ceef7f3100dbc509dc870ecc9e5c81172a722c1', 'main_sign': 'bfc925d3741b3b48114a9d17c4c919dcb638f9f2', 'entry_el6_osg33_descript': 'description.i6pevu.cfg', 'entry_TEST_ENTRY_descript': 'description.i6pevu.cfg', 'entry_TEST_SITE_HTCCE_2_descript': 'description.i6pevu.cfg', 'main_descript': 'description.i6pevu.cfg', 'entry_TEST_SITE_2_descript': 'description.i6pevu.cfg', 'entry_TEST_SITE_2_sign': 'ef8689c229afda5562fee3c0ec77a2b49305b8e0', 'entry_TEST_ENTRY_sign': '96b57620e1a679a500fb28a0b392893c5be8fe5e', 'entry_TEST_SITE_1_descript': 'description.i6pevu.cfg', 'entry_TEST_SITE_HTCCE_2_sign': 'e055ff7b79626afb5159810db6cfbac8d0343475'}
config_file = signatures.sha1
======= END: 
entry_el7_osg33_descript = description.i6pevu.cfg, (<type 'str'>)
entry_el6_osg34_descript = description.i6pevu.cfg, (<type 'str'>)
entry_el7_osg33_sign = e90d5f628db820858101ebb75716ccc0fa59ef50, (<type 'str'>)
entry_el7_osg34_descript = description.i6pevu.cfg, (<type 'str'>)
entry_TEST_SITE_1_sign = 0e7655b1fa2778d9d98e1e2227a246af84a73028, (<type 'str'>)
entry_el7_osg34_sign = b03f6ea38b8cccaf3289d368c6c293d4b144a936, (<type 'str'>)
entry_el6_osg34_sign = 8241893b98a499d6c108b7e88ba503b3037ab02f, (<type 'str'>)
entry_el6_osg33_sign = 4ceef7f3100dbc509dc870ecc9e5c81172a722c1, (<type 'str'>)
main_sign = bfc925d3741b3b48114a9d17c4c919dcb638f9f2, (<type 'str'>)
entry_el6_osg33_descript = description.i6pevu.cfg, (<type 'str'>)
entry_TEST_ENTRY_descript = description.i6pevu.cfg, (<type 'str'>)
entry_TEST_SITE_HTCCE_2_descript = description.i6pevu.cfg, (<type 'str'>)
main_descript = description.i6pevu.cfg, (<type 'str'>)
entry_TEST_SITE_2_descript = description.i6pevu.cfg, (<type 'str'>)
entry_TEST_SITE_2_sign = ef8689c229afda5562fee3c0ec77a2b49305b8e0, (<type 'str'>)
entry_TEST_ENTRY_sign = 96b57620e1a679a500fb28a0b392893c5be8fe5e, (<type 'str'>)
entry_TEST_SITE_1_descript = description.i6pevu.cfg, (<type 'str'>)
entry_TEST_SITE_HTCCE_2_sign = e055ff7b79626afb5159810db6cfbac8d0343475, (<type 'str'>)
 ======
name = el6_osg34
{'downtime_comment': '', 'fname': '/var/lib/gwms-factory/work-dir/glideinWMS.downtimes'}
======= START: <glideinwms.factory.glideFactoryDowntimeLib.DowntimeFile instance at 0x2cfdc20> ======
downtime_comment = 
fname = /var/lib/gwms-factory/work-dir/glideinWMS.downtimes
======= END: <glideinwms.factory.glideFactoryDowntimeLib.DowntimeFile instance at 0x2cfdc20> ======
{'data': {'CONDOR_VERSION': '8.6.5', 'CONDOR_OS': 'rhel6', 'GLIDEIN_Collector': 'Fake', 'GLIDEIN_Report_Failed': 'NEVER', 'CONDOR_ARCH': 'x86_64'}, 'config_file': 'params.cfg', 'entry_name': 'el6_osg34'}
======= START: 
CONDOR_VERSION = 8.6.5, (<type 'str'>)
CONDOR_OS = rhel6, (<type 'str'>)
GLIDEIN_Collector = Fake, (<type 'str'>)
GLIDEIN_Report_Failed = NEVER, (<type 'str'>)
CONDOR_ARCH = x86_64, (<type 'str'>)
 ======
data = {'CONDOR_VERSION': '8.6.5', 'CONDOR_OS': 'rhel6', 'GLIDEIN_Collector': 'Fake', 'GLIDEIN_Report_Failed': 'NEVER', 'CONDOR_ARCH': 'x86_64'}
config_file = params.cfg
entry_name = el6_osg34
======= END: 
CONDOR_VERSION = 8.6.5, (<type 'str'>)
CONDOR_OS = rhel6, (<type 'str'>)
GLIDEIN_Collector = Fake, (<type 'str'>)
GLIDEIN_Report_Failed = NEVER, (<type 'str'>)
CONDOR_ARCH = x86_64, (<type 'str'>)
 ======
startupDir = /test_dir/glideinwms/unittests/fixtures/factory/work-dir
securityList = {}
frontendWhitelist = Off
{'glidein_attr_prefix': '', 'client_web_signtype_suffix': 'SignType', 'client_req_prefix': 'Req', 'glidein_config_prefix': 'GlideinConfig', 'client_web_prefix': 'Web', 'glidein_web_prefix': 'Web', 'factory_global': 'glidefactoryglobal', 'encrypted_param_prefix': 'GlideinEncParam', 'factoryclient_id': 'glidefactoryclient', 'glideinwms_version': 'glideinWMS UNKNOWN', 'factory_id': 'glidefactory', 'glidein_monitor_prefix': 'GlideinMonitor', 'factory_collector': None, 'advertise_use_multi': False, 'client_id': 'glideclient', 'factory_signtype_id': 'SupportedSignTypes', 'glidein_param_prefix': 'GlideinParam', 'lock_dir': '.', 'advertise_use_tcp': False}
======= START: <glideinwms.factory.glideFactoryInterface.FactoryConfig instance at 0x2e8a710> ======
glidein_attr_prefix = 
client_web_signtype_suffix = SignType
client_req_prefix = Req
glidein_config_prefix = GlideinConfig
client_web_prefix = Web
glidein_web_prefix = Web
factory_global = glidefactoryglobal
encrypted_param_prefix = GlideinEncParam
factoryclient_id = glidefactoryclient
glideinwms_version = glideinWMS UNKNOWN
factory_id = glidefactory
glidein_monitor_prefix = GlideinMonitor
factory_collector = None
advertise_use_multi = False
client_id = glideclient
factory_signtype_id = SupportedSignTypes
glidein_param_prefix = GlideinParam
lock_dir = .
advertise_use_tcp = False
======= END: <glideinwms.factory.glideFactoryInterface.FactoryConfig instance at 0x2e8a710> ======
scheddName = schedd_glideins5@fermicloud322.fnal.gov
{'credential_id_startd_attribute': 'GLIDEIN_CredentialIdentifier', 'glidein_startd_attribute': 'GLIDEIN_Name', 'log_base_dir': 'server-log', 'log_stats': <glideinwms.factory.glideFactoryMonitoring.condorLogSummary instance at 0x2cfdb48>, 'slots_layout': 'fixed', 'entry_schedd_attribute': 'GlideinEntryName', 'remove_sleep': 0.20000000000000001, 'supported_signtypes': ['sha1', 'sha256'], 'schedd_startd_attribute': 'GLIDEIN_Schedd', 'stale_maxage': {1: 604800, 2: 2678400, -1: 7200}, 'max_releases': 20, 'client_startd_attribute': 'GLIDEIN_Client', 'glidein_schedd_attribute': 'GlideinName', 'factory_startd_attribute': 'GLIDEIN_Factory', 'min_release_time': 300, 'credential_secclass_schedd_attribute': 'GlideinSecurityClass', 'rrd_stats': <glideinwms.factory.glideFactoryMonitoring.FactoryStatusData instance at 0x2cfdb90>, 'clusterid_startd_attribute': 'GLIDEIN_ClusterId', 'procid_startd_attribute': 'GLIDEIN_ProcId', 'glidein_name': 'gfactory_instance', 'client_log_base_dir': 'client-log', 'max_submits': 100, 'credential_id_schedd_attribute': 'GlideinCredentialIdentifier', 'client_internals': None, 'submit_sleep': 0.20000000000000001, 'max_release_count': 10, 'max_cluster_size': 10, 'factory_name': 'gfactory_service', 'client_proxies_base_dir': '/var/lib/gwms-factory/client-proxies', 'frontend_name_attribute': 'GlideinFrontendName', 'qc_stats': None, 'factory_schedd_attribute': 'GlideinFactory', 'max_removes': 5, 'count_env': 'GLIDEIN_COUNT', 'client_stats': None, 'release_sleep': 0.20000000000000001, 'submit_dir': '/test_dir/glideinwms/unittests/fixtures/factory/work-dir', 'entry_startd_attribute': 'GLIDEIN_Entry_Name', 'client_schedd_attribute': 'GlideinClient'}
======= START: <glideinwms.factory.glideFactoryLib.FactoryConfig instance at 0x2e8a320> ======
credential_id_startd_attribute = GLIDEIN_CredentialIdentifier
glidein_startd_attribute = GLIDEIN_Name
log_base_dir = server-log
{'updated': 1556983277.00932, 'old_stats_data': {}, 'log': <logging.Logger instance at 0x2cf50e0>, 'current_stats_data': {}, 'stats_diff': {}, 'job_statuses': ('Running', 'Idle', 'Wait', 'Held', 'Completed', 'Removed'), 'updated_year': 2019, 'files_updated': None, 'job_statuses_short': ('Running', 'Idle', 'Wait', 'Held'), 'data': {}}
======= START: <glideinwms.factory.glideFactoryMonitoring.condorLogSummary instance at 0x2cfdb48> ======
updated = 1556983277.01
old_stats_data = {}
{'name': 'el6_osg34', 'parent': <logging.RootLogger instance at 0x27387e8>, 'handlers': [<glideinwms.lib.logSupport.GlideinHandler instance at 0x2cf5560>, <glideinwms.lib.logSupport.GlideinHandler instance at 0x2cf53f8>, <glideinwms.lib.logSupport.GlideinHandler instance at 0x2f85950>, <glideinwms.lib.logSupport.GlideinHandler instance at 0x2f85830>], 'level': 10, 'disabled': 0, 'manager': <logging.Manager instance at 0x2738830>, 'propagate': 1, 'filters': []}
======= START: <logging.Logger instance at 0x2cf50e0> ======
name = el6_osg34
{'name': 'root', 'parent': None, 'handlers': [], 'level': 30, 'disabled': 0, 'propagate': 1, 'filters': []}
======= START: <logging.RootLogger instance at 0x27387e8> ======
name = root
parent = None
handlers = []
level = 30
disabled = 0
propagate = 1
filters = []
======= END: <logging.RootLogger instance at 0x27387e8> ======
handlers = [<glideinwms.lib.logSupport.GlideinHandler instance at 0x2cf5560>, <glideinwms.lib.logSupport.GlideinHandler instance at 0x2cf53f8>, <glideinwms.lib.logSupport.GlideinHandler instance at 0x2f85950>, <glideinwms.lib.logSupport.GlideinHandler instance at 0x2f85830>]
level = 10
disabled = 0
{'emittedNoHandlerWarning': 0, 'disable': 0, 'root': <logging.RootLogger instance at 0x27387e8>, 'loggerDict': {'future_stdlib': <logging.Logger instance at 0x289c440>, 'el6_osg34': <logging.Logger instance at 0x2cf50e0>}}
======= START: <logging.Manager instance at 0x2738830> ======
emittedNoHandlerWarning = 0
disable = 0
{'name': 'root', 'parent': None, 'handlers': [], 'level': 30, 'disabled': 0, 'propagate': 1, 'filters': []}
======= START: <logging.RootLogger instance at 0x27387e8> ======
name = root
parent = None
handlers = []
level = 30
disabled = 0
propagate = 1
filters = []
======= END: <logging.RootLogger instance at 0x27387e8> ======
loggerDict = {'future_stdlib': <logging.Logger instance at 0x289c440>, 'el6_osg34': <logging.Logger instance at 0x2cf50e0>}
======= END: <logging.Manager instance at 0x2738830> ======
propagate = 1
filters = []
======= END: <logging.Logger instance at 0x2cf50e0> ======
current_stats_data = {}
stats_diff = {}
job_statuses = ('Running', 'Idle', 'Wait', 'Held', 'Completed', 'Removed')
updated_year = 2019
files_updated = None
job_statuses_short = ('Running', 'Idle', 'Wait', 'Held')
data = {}
======= END: <glideinwms.factory.glideFactoryMonitoring.condorLogSummary instance at 0x2cfdb48> ======
slots_layout = fixed
entry_schedd_attribute = GlideinEntryName
remove_sleep = 0.2
supported_signtypes = ['sha1', 'sha256']
schedd_startd_attribute = GLIDEIN_Schedd
stale_maxage = {1: 604800, 2: 2678400, -1: 7200}
max_releases = 20
client_startd_attribute = GLIDEIN_Client
glidein_schedd_attribute = GlideinName
factory_startd_attribute = GLIDEIN_Factory
min_release_time = 300
credential_secclass_schedd_attribute = GlideinSecurityClass
{'updated': 1556983277.0094571, 'log': <logging.Logger instance at 0x2cf50e0>, 'data': {'Log_Counts.rrd': {}, 'Status_Attributes.rrd': {}, 'Log_Completed.rrd': {}, 'Log_Completed_WasteTime.rrd': {}, 'Log_Completed_Stats.rrd': {}}, 'tab': '   ', 'total': 'total/', 'resolution': (7200, 86400, 604800), 'frontends': [], 'base_dir': '/test_dir/glideinwms/unittests/fixtures/factory/work-dir/monitor/entry_el6_osg34'}
======= START: <glideinwms.factory.glideFactoryMonitoring.FactoryStatusData instance at 0x2cfdb90> ======
updated = 1556983277.01
{'name': 'el6_osg34', 'parent': <logging.RootLogger instance at 0x27387e8>, 'handlers': [<glideinwms.lib.logSupport.GlideinHandler instance at 0x2cf5560>, <glideinwms.lib.logSupport.GlideinHandler instance at 0x2cf53f8>, <glideinwms.lib.logSupport.GlideinHandler instance at 0x2f85950>, <glideinwms.lib.logSupport.GlideinHandler instance at 0x2f85830>], 'level': 10, 'disabled': 0, 'manager': <logging.Manager instance at 0x2738830>, 'propagate': 1, 'filters': []}
======= START: <logging.Logger instance at 0x2cf50e0> ======
name = el6_osg34
{'name': 'root', 'parent': None, 'handlers': [], 'level': 30, 'disabled': 0, 'propagate': 1, 'filters': []}
======= START: <logging.RootLogger instance at 0x27387e8> ======
name = root
parent = None
handlers = []
level = 30
disabled = 0
propagate = 1
filters = []
======= END: <logging.RootLogger instance at 0x27387e8> ======
handlers = [<glideinwms.lib.logSupport.GlideinHandler instance at 0x2cf5560>, <glideinwms.lib.logSupport.GlideinHandler instance at 0x2cf53f8>, <glideinwms.lib.logSupport.GlideinHandler instance at 0x2f85950>, <glideinwms.lib.logSupport.GlideinHandler instance at 0x2f85830>]
level = 10
disabled = 0
{'emittedNoHandlerWarning': 0, 'disable': 0, 'root': <logging.RootLogger instance at 0x27387e8>, 'loggerDict': {'future_stdlib': <logging.Logger instance at 0x289c440>, 'el6_osg34': <logging.Logger instance at 0x2cf50e0>}}
======= START: <logging.Manager instance at 0x2738830> ======
emittedNoHandlerWarning = 0
disable = 0
{'name': 'root', 'parent': None, 'handlers': [], 'level': 30, 'disabled': 0, 'propagate': 1, 'filters': []}
======= START: <logging.RootLogger instance at 0x27387e8> ======
name = root
parent = None
handlers = []
level = 30
disabled = 0
propagate = 1
filters = []
======= END: <logging.RootLogger instance at 0x27387e8> ======
loggerDict = {'future_stdlib': <logging.Logger instance at 0x289c440>, 'el6_osg34': <logging.Logger instance at 0x2cf50e0>}
======= END: <logging.Manager instance at 0x2738830> ======
propagate = 1
filters = []
======= END: <logging.Logger instance at 0x2cf50e0> ======
data = {'Log_Counts.rrd': {}, 'Status_Attributes.rrd': {}, 'Log_Completed.rrd': {}, 'Log_Completed_WasteTime.rrd': {}, 'Log_Completed_Stats.rrd': {}}
tab =    
total = total/
resolution = (7200, 86400, 604800)
frontends = []
base_dir = /test_dir/glideinwms/unittests/fixtures/factory/work-dir/monitor/entry_el6_osg34
======= END: <glideinwms.factory.glideFactoryMonitoring.FactoryStatusData instance at 0x2cfdb90> ======
clusterid_startd_attribute = GLIDEIN_ClusterId
procid_startd_attribute = GLIDEIN_ProcId
glidein_name = gfactory_instance
client_log_base_dir = client-log
max_submits = 100
credential_id_schedd_attribute = GlideinCredentialIdentifier
client_internals = None
submit_sleep = 0.2
max_release_count = 10
max_cluster_size = 10
factory_name = gfactory_service
client_proxies_base_dir = /var/lib/gwms-factory/client-proxies
frontend_name_attribute = GlideinFrontendName
qc_stats = None
factory_schedd_attribute = GlideinFactory
max_removes = 5
count_env = GLIDEIN_COUNT
client_stats = None
release_sleep = 0.2
submit_dir = /test_dir/glideinwms/unittests/fixtures/factory/work-dir
entry_startd_attribute = GLIDEIN_Entry_Name
client_schedd_attribute = GlideinClient
======= END: <glideinwms.factory.glideFactoryLib.FactoryConfig instance at 0x2e8a320> ======
monitorDir = /test_dir/glideinwms/unittests/fixtures/factory/work-dir/monitor/entry_el6_osg34
{'data': {'SINGULARITY_BIN': '/usr/bin', 'GLIDEIN_Gatekeeper': u'fermicloud105.fnal.gov fermicloud105.fnal.gov:9619', 'GLIDEIN_Supported_VOs': 'OSG', 'GLIDEIN_GridType': u'condor', 'GLIDEIN_SupportedAuthenticationMethod': u'grid_proxy', 'GLIDEIN_REQUIRE_GLEXEC_USE': u'False', 'GLIDEIN_Site': 'el6_osg34', 'GLIDEIN_SlotsLayout': u'fixed', 'GLIDEIN_REQUIRE_VOMS': u'False', 'GLIDEIN_Verbosity': u'fast', 'GLIDEIN_TrustDomain': u'OSG', 'USE_CCB': 'True', 'GLIDEIN_Downtime_Comment': '', 'GLEXEC_JOB': 'True', 'USE_MATCH_AUTH': 'True', 'GLIDEIN_SINGULARITY_REQUIRE': 'False', 'GLIDEIN_WorkDir': u'OSG', 'GLIDEIN_GlobusRSL': u'(queue=default)(jobtype=single)'}, 'config_file': 'attributes.cfg', 'entry_name': 'el6_osg34'}
======= START: 
SINGULARITY_BIN = /usr/bin, (<type 'str'>)
GLIDEIN_Gatekeeper = fermicloud105.fnal.gov fermicloud105.fnal.gov:9619, (<type 'unicode'>)
GLIDEIN_Supported_VOs = OSG, (<type 'str'>)
GLIDEIN_GridType = condor, (<type 'unicode'>)
GLIDEIN_SupportedAuthenticationMethod = grid_proxy, (<type 'unicode'>)
GLIDEIN_REQUIRE_GLEXEC_USE = False, (<type 'unicode'>)
GLIDEIN_Site = el6_osg34, (<type 'str'>)
GLIDEIN_SlotsLayout = fixed, (<type 'unicode'>)
GLIDEIN_REQUIRE_VOMS = False, (<type 'unicode'>)
GLIDEIN_Verbosity = fast, (<type 'unicode'>)
GLIDEIN_TrustDomain = OSG, (<type 'unicode'>)
USE_CCB = True, (<type 'str'>)
GLIDEIN_Downtime_Comment = , (<type 'str'>)
GLEXEC_JOB = True, (<type 'str'>)
USE_MATCH_AUTH = True, (<type 'str'>)
GLIDEIN_SINGULARITY_REQUIRE = False, (<type 'str'>)
GLIDEIN_WorkDir = OSG, (<type 'unicode'>)
GLIDEIN_GlobusRSL = (queue=default)(jobtype=single), (<type 'unicode'>)
 ======
data = {'SINGULARITY_BIN': '/usr/bin', 'GLIDEIN_Gatekeeper': u'fermicloud105.fnal.gov fermicloud105.fnal.gov:9619', 'GLIDEIN_Supported_VOs': 'OSG', 'GLIDEIN_GridType': u'condor', 'GLIDEIN_SupportedAuthenticationMethod': u'grid_proxy', 'GLIDEIN_REQUIRE_GLEXEC_USE': u'False', 'GLIDEIN_Site': 'el6_osg34', 'GLIDEIN_SlotsLayout': u'fixed', 'GLIDEIN_REQUIRE_VOMS': u'False', 'GLIDEIN_Verbosity': u'fast', 'GLIDEIN_TrustDomain': u'OSG', 'USE_CCB': 'True', 'GLIDEIN_Downtime_Comment': '', 'GLEXEC_JOB': 'True', 'USE_MATCH_AUTH': 'True', 'GLIDEIN_SINGULARITY_REQUIRE': 'False', 'GLIDEIN_WorkDir': u'OSG', 'GLIDEIN_GlobusRSL': u'(queue=default)(jobtype=single)'}
config_file = attributes.cfg
entry_name = el6_osg34
======= END: 
SINGULARITY_BIN = /usr/bin, (<type 'str'>)
GLIDEIN_Gatekeeper = fermicloud105.fnal.gov fermicloud105.fnal.gov:9619, (<type 'unicode'>)
GLIDEIN_Supported_VOs = OSG, (<type 'str'>)
GLIDEIN_GridType = condor, (<type 'unicode'>)
GLIDEIN_SupportedAuthenticationMethod = grid_proxy, (<type 'unicode'>)
GLIDEIN_REQUIRE_GLEXEC_USE = False, (<type 'unicode'>)
GLIDEIN_Site = el6_osg34, (<type 'str'>)
GLIDEIN_SlotsLayout = fixed, (<type 'unicode'>)
GLIDEIN_REQUIRE_VOMS = False, (<type 'unicode'>)
GLIDEIN_Verbosity = fast, (<type 'unicode'>)
GLIDEIN_TrustDomain = OSG, (<type 'unicode'>)
USE_CCB = True, (<type 'str'>)
GLIDEIN_Downtime_Comment = , (<type 'str'>)
GLEXEC_JOB = True, (<type 'str'>)
USE_MATCH_AUTH = True, (<type 'str'>)
GLIDEIN_SINGULARITY_REQUIRE = False, (<type 'str'>)
GLIDEIN_WorkDir = OSG, (<type 'unicode'>)
GLIDEIN_GlobusRSL = (queue=default)(jobtype=single), (<type 'unicode'>)
 ======
{'data': {'vofrontend_service': {'ident': u'vofrontend_service@fermicloud322.fnal.gov', 'usermap': {u'frontend': u'frontend'}}}, 'config_file': 'frontend.descript'}
======= START: 
vofrontend_service = {'ident': u'vofrontend_service@fermicloud322.fnal.gov', 'usermap': {u'frontend': u'frontend'}}, (<type 'dict'>)
 ======
data = {'vofrontend_service': {'ident': u'vofrontend_service@fermicloud322.fnal.gov', 'usermap': {u'frontend': u'frontend'}}}
config_file = frontend.descript
======= END: 
vofrontend_service = {'ident': u'vofrontend_service@fermicloud322.fnal.gov', 'usermap': {u'frontend': u'frontend'}}, (<type 'dict'>)
 ======
{'data': {'JobLogRetentionMinDays': '3.0', 'MonitorLink': '', 'SummaryLogRetentionMaxMBs': '100.0', 'EntryParallelWorkers': '0', 'SummaryLogRetentionMinDays': '3.0', 'CondorLogRetentionMaxMBs': '100.0', 'LoopDelay': '60', 'AdvertiseDelay': '5', 'JobLogRetentionMaxDays': '7.0', 'FactoryCollector': None, 'GlideinName': 'gfactory_instance', 'MonitorDisplayText': '', 'SummaryLogRetentionMaxDays': '31.0', 'RestartInterval': '1800', 'PubKeyType': 'RSA', 'FactoryName': 'gfactory_service', 'Entries': 'el6_osg33,el6_osg34,el7_osg33,el7_osg34', 'RemoveOldCredAge': '30', 'CondorLogRetentionMinDays': '3.0', 'MonitorUpdateThreadCount': '1', 'OldPubKeyGraceTime': '900', 'AdvertiseWithTCP': 'False', 'WebURL': 'http://fermicloud322.fnal.gov/factory/stage', 'ClientProxiesBaseDir': '/var/lib/gwms-factory/client-proxies', 'RestartAttempts': '3', 'RemoveOldCredFreq': '24', 'CondorTarballDirMap': "{u'/var/lib/gwms-factory/condor/condor-8.6.5-x86_64_RedHat6-stripped': u'/var/lib/gwms-factory/web-area/stage/condor_bin_1.i6pdq1.tgz', u'/var/lib/gwms-factory/condor/condor-8.6.5-x86_64_RedHat7-stripped': u'/var/lib/gwms-factory/web-area/stage/condor_bin_2.i6pdq1.tgz', u'/usr': u'/var/lib/gwms-factory/web-area/stage/condor_bin_0.i6pdq1.tgz'}", 'ClientLogBaseDir': 'client-log', 'AdvertiseWithMultiple': 'False', 'ProcessLogs': "[{u'compression': u'', u'extension': u'info', u'min_days': u'3.0', u'msg_types': u'INFO', u'max_days': u'7.0', u'max_mbytes': u'100.0', u'backup_count': u'5'}, {u'compression': u'', u'extension': u'err', u'min_days': u'3.0', u'msg_types': u'DEBUG,ERR,WARN,EXCEPTION', u'max_days': u'7.0', u'max_mbytes': u'100.0', u'backup_count': u'5'}]", 'AdvertisePilotAccounting': 'False', 'JobLogRetentionMaxMBs': '100.0', 'LogDir': 'server-log', 'DowntimesFile': '/var/lib/gwms-factory/work-dir/glideinWMS.downtimes', 'CondorLogRetentionMaxDays': '14.0'}, 'default_rsakey_fname': 'rsa.key', 'config_file': 'glidein.descript', 'backup_rsakey_fname': 'rsa.key.bak'}
======= START: 
JobLogRetentionMinDays = 3.0, (<type 'str'>)
MonitorLink = , (<type 'str'>)
SummaryLogRetentionMaxMBs = 100.0, (<type 'str'>)
EntryParallelWorkers = 0, (<type 'str'>)
SummaryLogRetentionMinDays = 3.0, (<type 'str'>)
CondorLogRetentionMaxMBs = 100.0, (<type 'str'>)
LoopDelay = 60, (<type 'str'>)
AdvertiseDelay = 5, (<type 'str'>)
JobLogRetentionMaxDays = 7.0, (<type 'str'>)
FactoryCollector = None, (<type 'NoneType'>)
GlideinName = gfactory_instance, (<type 'str'>)
MonitorDisplayText = , (<type 'str'>)
SummaryLogRetentionMaxDays = 31.0, (<type 'str'>)
RestartInterval = 1800, (<type 'str'>)
PubKeyType = RSA, (<type 'str'>)
FactoryName = gfactory_service, (<type 'str'>)
Entries = el6_osg33,el6_osg34,el7_osg33,el7_osg34, (<type 'str'>)
RemoveOldCredAge = 30, (<type 'str'>)
CondorLogRetentionMinDays = 3.0, (<type 'str'>)
MonitorUpdateThreadCount = 1, (<type 'str'>)
OldPubKeyGraceTime = 900, (<type 'str'>)
AdvertiseWithTCP = False, (<type 'str'>)
WebURL = http://fermicloud322.fnal.gov/factory/stage, (<type 'str'>)
ClientProxiesBaseDir = /var/lib/gwms-factory/client-proxies, (<type 'str'>)
RestartAttempts = 3, (<type 'str'>)
RemoveOldCredFreq = 24, (<type 'str'>)
CondorTarballDirMap = {u'/var/lib/gwms-factory/condor/condor-8.6.5-x86_64_RedHat6-stripped': u'/var/lib/gwms-factory/web-area/stage/condor_bin_1.i6pdq1.tgz', u'/var/lib/gwms-factory/condor/condor-8.6.5-x86_64_RedHat7-stripped': u'/var/lib/gwms-factory/web-area/stage/condor_bin_2.i6pdq1.tgz', u'/usr': u'/var/lib/gwms-factory/web-area/stage/condor_bin_0.i6pdq1.tgz'}, (<type 'str'>)
ClientLogBaseDir = client-log, (<type 'str'>)
AdvertiseWithMultiple = False, (<type 'str'>)
ProcessLogs = [{u'compression': u'', u'extension': u'info', u'min_days': u'3.0', u'msg_types': u'INFO', u'max_days': u'7.0', u'max_mbytes': u'100.0', u'backup_count': u'5'}, {u'compression': u'', u'extension': u'err', u'min_days': u'3.0', u'msg_types': u'DEBUG,ERR,WARN,EXCEPTION', u'max_days': u'7.0', u'max_mbytes': u'100.0', u'backup_count': u'5'}], (<type 'str'>)
AdvertisePilotAccounting = False, (<type 'str'>)
JobLogRetentionMaxMBs = 100.0, (<type 'str'>)
LogDir = server-log, (<type 'str'>)
DowntimesFile = /var/lib/gwms-factory/work-dir/glideinWMS.downtimes, (<type 'str'>)
CondorLogRetentionMaxDays = 14.0, (<type 'str'>)
 ======
data = {'JobLogRetentionMinDays': '3.0', 'MonitorLink': '', 'SummaryLogRetentionMaxMBs': '100.0', 'EntryParallelWorkers': '0', 'SummaryLogRetentionMinDays': '3.0', 'CondorLogRetentionMaxMBs': '100.0', 'LoopDelay': '60', 'AdvertiseDelay': '5', 'JobLogRetentionMaxDays': '7.0', 'FactoryCollector': None, 'GlideinName': 'gfactory_instance', 'MonitorDisplayText': '', 'SummaryLogRetentionMaxDays': '31.0', 'RestartInterval': '1800', 'PubKeyType': 'RSA', 'FactoryName': 'gfactory_service', 'Entries': 'el6_osg33,el6_osg34,el7_osg33,el7_osg34', 'RemoveOldCredAge': '30', 'CondorLogRetentionMinDays': '3.0', 'MonitorUpdateThreadCount': '1', 'OldPubKeyGraceTime': '900', 'AdvertiseWithTCP': 'False', 'WebURL': 'http://fermicloud322.fnal.gov/factory/stage', 'ClientProxiesBaseDir': '/var/lib/gwms-factory/client-proxies', 'RestartAttempts': '3', 'RemoveOldCredFreq': '24', 'CondorTarballDirMap': "{u'/var/lib/gwms-factory/condor/condor-8.6.5-x86_64_RedHat6-stripped': u'/var/lib/gwms-factory/web-area/stage/condor_bin_1.i6pdq1.tgz', u'/var/lib/gwms-factory/condor/condor-8.6.5-x86_64_RedHat7-stripped': u'/var/lib/gwms-factory/web-area/stage/condor_bin_2.i6pdq1.tgz', u'/usr': u'/var/lib/gwms-factory/web-area/stage/condor_bin_0.i6pdq1.tgz'}", 'ClientLogBaseDir': 'client-log', 'AdvertiseWithMultiple': 'False', 'ProcessLogs': "[{u'compression': u'', u'extension': u'info', u'min_days': u'3.0', u'msg_types': u'INFO', u'max_days': u'7.0', u'max_mbytes': u'100.0', u'backup_count': u'5'}, {u'compression': u'', u'extension': u'err', u'min_days': u'3.0', u'msg_types': u'DEBUG,ERR,WARN,EXCEPTION', u'max_days': u'7.0', u'max_mbytes': u'100.0', u'backup_count': u'5'}]", 'AdvertisePilotAccounting': 'False', 'JobLogRetentionMaxMBs': '100.0', 'LogDir': 'server-log', 'DowntimesFile': '/var/lib/gwms-factory/work-dir/glideinWMS.downtimes', 'CondorLogRetentionMaxDays': '14.0'}
default_rsakey_fname = rsa.key
config_file = glidein.descript
backup_rsakey_fname = rsa.key.bak
======= END: 
JobLogRetentionMinDays = 3.0, (<type 'str'>)
MonitorLink = , (<type 'str'>)
SummaryLogRetentionMaxMBs = 100.0, (<type 'str'>)
EntryParallelWorkers = 0, (<type 'str'>)
SummaryLogRetentionMinDays = 3.0, (<type 'str'>)
CondorLogRetentionMaxMBs = 100.0, (<type 'str'>)
LoopDelay = 60, (<type 'str'>)
AdvertiseDelay = 5, (<type 'str'>)
JobLogRetentionMaxDays = 7.0, (<type 'str'>)
FactoryCollector = None, (<type 'NoneType'>)
GlideinName = gfactory_instance, (<type 'str'>)
MonitorDisplayText = , (<type 'str'>)
SummaryLogRetentionMaxDays = 31.0, (<type 'str'>)
RestartInterval = 1800, (<type 'str'>)
PubKeyType = RSA, (<type 'str'>)
FactoryName = gfactory_service, (<type 'str'>)
Entries = el6_osg33,el6_osg34,el7_osg33,el7_osg34, (<type 'str'>)
RemoveOldCredAge = 30, (<type 'str'>)
CondorLogRetentionMinDays = 3.0, (<type 'str'>)
MonitorUpdateThreadCount = 1, (<type 'str'>)
OldPubKeyGraceTime = 900, (<type 'str'>)
AdvertiseWithTCP = False, (<type 'str'>)
WebURL = http://fermicloud322.fnal.gov/factory/stage, (<type 'str'>)
ClientProxiesBaseDir = /var/lib/gwms-factory/client-proxies, (<type 'str'>)
RestartAttempts = 3, (<type 'str'>)
RemoveOldCredFreq = 24, (<type 'str'>)
CondorTarballDirMap = {u'/var/lib/gwms-factory/condor/condor-8.6.5-x86_64_RedHat6-stripped': u'/var/lib/gwms-factory/web-area/stage/condor_bin_1.i6pdq1.tgz', u'/var/lib/gwms-factory/condor/condor-8.6.5-x86_64_RedHat7-stripped': u'/var/lib/gwms-factory/web-area/stage/condor_bin_2.i6pdq1.tgz', u'/usr': u'/var/lib/gwms-factory/web-area/stage/condor_bin_0.i6pdq1.tgz'}, (<type 'str'>)
ClientLogBaseDir = client-log, (<type 'str'>)
AdvertiseWithMultiple = False, (<type 'str'>)
ProcessLogs = [{u'compression': u'', u'extension': u'info', u'min_days': u'3.0', u'msg_types': u'INFO', u'max_days': u'7.0', u'max_mbytes': u'100.0', u'backup_count': u'5'}, {u'compression': u'', u'extension': u'err', u'min_days': u'3.0', u'msg_types': u'DEBUG,ERR,WARN,EXCEPTION', u'max_days': u'7.0', u'max_mbytes': u'100.0', u'backup_count': u'5'}], (<type 'str'>)
AdvertisePilotAccounting = False, (<type 'str'>)
JobLogRetentionMaxMBs = 100.0, (<type 'str'>)
LogDir = server-log, (<type 'str'>)
DowntimesFile = /var/lib/gwms-factory/work-dir/glideinWMS.downtimes, (<type 'str'>)
CondorLogRetentionMaxDays = 14.0, (<type 'str'>)
 ======
glideinTotals = None
{'logCleanupObj': None, 'rrd_ds_name': 'val', 'my_name': 'el6_osg34@gfactory_instance', 'log': <logging.Logger instance at 0x2cf50e0>, 'rrd_obj': <glideinwms.lib.rrdSupport.rrdSupport instance at 0x2ea45a8>, 'rrd_heartbeat': 1800, 'log_dir': 'server-log/entry_el6_osg34', 'rrd_archives': [('AVERAGE', 0.80000000000000004, 1, 740), ('AVERAGE', 0.92000000000000004, 12, 740), ('AVERAGE', 0.97999999999999998, 144, 740)], 'rrd_step': 300, 'monitor_dir': '/test_dir/glideinwms/unittests/fixtures/factory/work-dir/monitor/entry_el6_osg34'}
======= START: <glideinwms.factory.glideFactoryMonitoring.MonitoringConfig instance at 0x2ea4440> ======
logCleanupObj = None
rrd_ds_name = val
my_name = el6_osg34@gfactory_instance
{'name': 'el6_osg34', 'parent': <logging.RootLogger instance at 0x27387e8>, 'handlers': [<glideinwms.lib.logSupport.GlideinHandler instance at 0x2cf5560>, <glideinwms.lib.logSupport.GlideinHandler instance at 0x2cf53f8>, <glideinwms.lib.logSupport.GlideinHandler instance at 0x2f85950>, <glideinwms.lib.logSupport.GlideinHandler instance at 0x2f85830>], 'level': 10, 'disabled': 0, 'manager': <logging.Manager instance at 0x2738830>, 'propagate': 1, 'filters': []}
======= START: <logging.Logger instance at 0x2cf50e0> ======
name = el6_osg34
{'name': 'root', 'parent': None, 'handlers': [], 'level': 30, 'disabled': 0, 'propagate': 1, 'filters': []}
======= START: <logging.RootLogger instance at 0x27387e8> ======
name = root
parent = None
handlers = []
level = 30
disabled = 0
propagate = 1
filters = []
======= END: <logging.RootLogger instance at 0x27387e8> ======
handlers = [<glideinwms.lib.logSupport.GlideinHandler instance at 0x2cf5560>, <glideinwms.lib.logSupport.GlideinHandler instance at 0x2cf53f8>, <glideinwms.lib.logSupport.GlideinHandler instance at 0x2f85950>, <glideinwms.lib.logSupport.GlideinHandler instance at 0x2f85830>]
level = 10
disabled = 0
{'emittedNoHandlerWarning': 0, 'disable': 0, 'root': <logging.RootLogger instance at 0x27387e8>, 'loggerDict': {'future_stdlib': <logging.Logger instance at 0x289c440>, 'el6_osg34': <logging.Logger instance at 0x2cf50e0>}}
======= START: <logging.Manager instance at 0x2738830> ======
emittedNoHandlerWarning = 0
disable = 0
{'name': 'root', 'parent': None, 'handlers': [], 'level': 30, 'disabled': 0, 'propagate': 1, 'filters': []}
======= START: <logging.RootLogger instance at 0x27387e8> ======
name = root
parent = None
handlers = []
level = 30
disabled = 0
propagate = 1
filters = []
======= END: <logging.RootLogger instance at 0x27387e8> ======
loggerDict = {'future_stdlib': <logging.Logger instance at 0x289c440>, 'el6_osg34': <logging.Logger instance at 0x2cf50e0>}
======= END: <logging.Manager instance at 0x2738830> ======
propagate = 1
filters = []
======= END: <logging.Logger instance at 0x2cf50e0> ======
{'rrd_obj': None}
======= START: <glideinwms.lib.rrdSupport.rrdSupport instance at 0x2ea45a8> ======
rrd_obj = None
======= END: <glideinwms.lib.rrdSupport.rrdSupport instance at 0x2ea45a8> ======
rrd_heartbeat = 1800
log_dir = server-log/entry_el6_osg34
rrd_archives = [('AVERAGE', 0.80000000000000004, 1, 740), ('AVERAGE', 0.92000000000000004, 12, 740), ('AVERAGE', 0.97999999999999998, 144, 740)]
rrd_step = 300
monitor_dir = /test_dir/glideinwms/unittests/fixtures/factory/work-dir/monitor/entry_el6_osg34
======= END: <glideinwms.factory.glideFactoryMonitoring.MonitoringConfig instance at 0x2ea4440> ======
{'data': {'PerFrontendMaxIdle': '', 'PerEntryMaxGlideins': '10000', 'RemoveSleep': '0.2', 'RequireGlideinGlexecUse': 'False', 'GridType': 'condor', 'TrustDomain': 'OSG', 'PerEntryMaxHeld': '1000', 'DowntimesFile': '/var/lib/gwms-factory/work-dir/entry_el6_osg34/glideinWMS.downtimes', 'AllowedVOs': '', 'WhitelistMode': 'Off', 'PerFrontendMaxGlideins': '', 'Verbosity': 'fast', 'DefaultPerFrontendMaxHeld': '50', 'Schedd': 'schedd_glideins5@fermicloud322.fnal.gov', 'MaxReleaseRate': '20', 'StartupDir': 'OSG', 'EntryName': 'el6_osg34', 'SubmitSleep': '0.2', 'SubmitCluster': '10', 'DefaultPerFrontendMaxIdle': '100', 'Gatekeeper': 'fermicloud105.fnal.gov fermicloud105.fnal.gov:9619', 'SubmitSlotsLayout': 'fixed', 'MaxRemoveRate': '5', 'PerFrontendMaxHeld': '', 'MaxSubmitRate': '100', 'AuthMethod': 'grid_proxy', 'DefaultPerFrontendMaxGlideins': '5000', 'GlobusRSL': '(queue=default)(jobtype=single)', 'RequireVomsProxy': 'False', 'ReleaseSleep': '0.2', 'PerEntryMaxIdle': '2000'}, 'config_file': 'entry_el6_osg34/job.descript', 'entry_name': 'el6_osg34', 'config_file_short': 'job.descript'}
======= START: 
PerFrontendMaxIdle = , (<type 'str'>)
PerEntryMaxGlideins = 10000, (<type 'str'>)
RemoveSleep = 0.2, (<type 'str'>)
RequireGlideinGlexecUse = False, (<type 'str'>)
GridType = condor, (<type 'str'>)
TrustDomain = OSG, (<type 'str'>)
PerEntryMaxHeld = 1000, (<type 'str'>)
DowntimesFile = /var/lib/gwms-factory/work-dir/entry_el6_osg34/glideinWMS.downtimes, (<type 'str'>)
AllowedVOs = , (<type 'str'>)
WhitelistMode = Off, (<type 'str'>)
PerFrontendMaxGlideins = , (<type 'str'>)
Verbosity = fast, (<type 'str'>)
DefaultPerFrontendMaxHeld = 50, (<type 'str'>)
Schedd = schedd_glideins5@fermicloud322.fnal.gov, (<type 'str'>)
MaxReleaseRate = 20, (<type 'str'>)
StartupDir = OSG, (<type 'str'>)
EntryName = el6_osg34, (<type 'str'>)
SubmitSleep = 0.2, (<type 'str'>)
SubmitCluster = 10, (<type 'str'>)
DefaultPerFrontendMaxIdle = 100, (<type 'str'>)
Gatekeeper = fermicloud105.fnal.gov fermicloud105.fnal.gov:9619, (<type 'str'>)
SubmitSlotsLayout = fixed, (<type 'str'>)
MaxRemoveRate = 5, (<type 'str'>)
PerFrontendMaxHeld = , (<type 'str'>)
MaxSubmitRate = 100, (<type 'str'>)
AuthMethod = grid_proxy, (<type 'str'>)
DefaultPerFrontendMaxGlideins = 5000, (<type 'str'>)
GlobusRSL = (queue=default)(jobtype=single), (<type 'str'>)
RequireVomsProxy = False, (<type 'str'>)
ReleaseSleep = 0.2, (<type 'str'>)
PerEntryMaxIdle = 2000, (<type 'str'>)
 ======
data = {'PerFrontendMaxIdle': '', 'PerEntryMaxGlideins': '10000', 'RemoveSleep': '0.2', 'RequireGlideinGlexecUse': 'False', 'GridType': 'condor', 'TrustDomain': 'OSG', 'PerEntryMaxHeld': '1000', 'DowntimesFile': '/var/lib/gwms-factory/work-dir/entry_el6_osg34/glideinWMS.downtimes', 'AllowedVOs': '', 'WhitelistMode': 'Off', 'PerFrontendMaxGlideins': '', 'Verbosity': 'fast', 'DefaultPerFrontendMaxHeld': '50', 'Schedd': 'schedd_glideins5@fermicloud322.fnal.gov', 'MaxReleaseRate': '20', 'StartupDir': 'OSG', 'EntryName': 'el6_osg34', 'SubmitSleep': '0.2', 'SubmitCluster': '10', 'DefaultPerFrontendMaxIdle': '100', 'Gatekeeper': 'fermicloud105.fnal.gov fermicloud105.fnal.gov:9619', 'SubmitSlotsLayout': 'fixed', 'MaxRemoveRate': '5', 'PerFrontendMaxHeld': '', 'MaxSubmitRate': '100', 'AuthMethod': 'grid_proxy', 'DefaultPerFrontendMaxGlideins': '5000', 'GlobusRSL': '(queue=default)(jobtype=single)', 'RequireVomsProxy': 'False', 'ReleaseSleep': '0.2', 'PerEntryMaxIdle': '2000'}
config_file = entry_el6_osg34/job.descript
entry_name = el6_osg34
config_file_short = job.descript
======= END: 
PerFrontendMaxIdle = , (<type 'str'>)
PerEntryMaxGlideins = 10000, (<type 'str'>)
RemoveSleep = 0.2, (<type 'str'>)
RequireGlideinGlexecUse = False, (<type 'str'>)
GridType = condor, (<type 'str'>)
TrustDomain = OSG, (<type 'str'>)
PerEntryMaxHeld = 1000, (<type 'str'>)
DowntimesFile = /var/lib/gwms-factory/work-dir/entry_el6_osg34/glideinWMS.downtimes, (<type 'str'>)
AllowedVOs = , (<type 'str'>)
WhitelistMode = Off, (<type 'str'>)
PerFrontendMaxGlideins = , (<type 'str'>)
Verbosity = fast, (<type 'str'>)
DefaultPerFrontendMaxHeld = 50, (<type 'str'>)
Schedd = schedd_glideins5@fermicloud322.fnal.gov, (<type 'str'>)
MaxReleaseRate = 20, (<type 'str'>)
StartupDir = OSG, (<type 'str'>)
EntryName = el6_osg34, (<type 'str'>)
SubmitSleep = 0.2, (<type 'str'>)
SubmitCluster = 10, (<type 'str'>)
DefaultPerFrontendMaxIdle = 100, (<type 'str'>)
Gatekeeper = fermicloud105.fnal.gov fermicloud105.fnal.gov:9619, (<type 'str'>)
SubmitSlotsLayout = fixed, (<type 'str'>)
MaxRemoveRate = 5, (<type 'str'>)
PerFrontendMaxHeld = , (<type 'str'>)
MaxSubmitRate = 100, (<type 'str'>)
AuthMethod = grid_proxy, (<type 'str'>)
DefaultPerFrontendMaxGlideins = 5000, (<type 'str'>)
GlobusRSL = (queue=default)(jobtype=single), (<type 'str'>)
RequireVomsProxy = False, (<type 'str'>)
ReleaseSleep = 0.2, (<type 'str'>)
PerEntryMaxIdle = 2000, (<type 'str'>)
 ======
limits_triggered = {}
logDir = server-log/entry_el6_osg34
======= END: <glideinwms.factory.glideFactoryEntry.Entry instance at 0x2f85d40> ======
]]>	</system-out>
	<system-err>
<![CDATA[]]>	</system-err>
</testsuite>
