<?xml version="1.0" ?>
<testsuite errors="0" failures="0" name="FETestCaseCount-20190504163406" tests="6" time="1.471">
	<testcase classname="FETestCaseCount" name="test_countMatch" time="0.259"/>
	<testcase classname="FETestCaseCount" name="test_countMatch_missingKey" time="0.270"/>
	<testcase classname="FETestCaseCount" name="test_countMatch_otherException" time="0.251"/>
	<testcase classname="FETestCaseCount" name="test_countRealRunning_match" time="0.220"/>
	<testcase classname="FETestCaseCount" name="test_countRealRunning_missingKey" time="0.226"/>
	<testcase classname="FETestCaseCount" name="test_countRealRunning_otherException" time="0.244"/>
	<system-out>
<![CDATA[]]>	</system-out>
	<system-err>
<![CDATA[]]>	</system-err>
</testsuite>
