<?xml version="1.0" ?>
<testsuite errors="0" failures="0" name="FETestCaseCondorStatus-20190504152122" tests="9" time="2.575">
	<testcase classname="FETestCaseCondorStatus" name="test_countCondorStatus" time="0.295"/>
	<testcase classname="FETestCaseCondorStatus" name="test_getClientCondorStatus" time="0.229"/>
	<testcase classname="FETestCaseCondorStatus" name="test_getClientCondorStatusCredIdOnly" time="0.250"/>
	<testcase classname="FETestCaseCondorStatus" name="test_getClientCondorStatusPerCredId" time="0.264"/>
	<testcase classname="FETestCaseCondorStatus" name="test_getCondorStatus" time="0.486"/>
	<testcase classname="FETestCaseCondorStatus" name="test_getCondorStatusSchedds" time="0.360"/>
	<testcase classname="FETestCaseCondorStatus" name="test_getFactoryEntryList" time="0.226"/>
	<testcase classname="FETestCaseCondorStatus" name="test_getIdleCondorStatus" time="0.238"/>
	<testcase classname="FETestCaseCondorStatus" name="test_getRunningCondorStatus" time="0.228"/>
	<system-out>
<![CDATA[]]>	</system-out>
	<system-err>
<![CDATA[]]>	</system-err>
</testsuite>
