<?xml version="1.0" ?>
<testsuite errors="0" failures="0" name="TestSymAES128Key-20190504152253" tests="2" time="2.112">
	<testcase classname="TestSymAES128Key" name="test___init__" time="0.001"/>
	<testcase classname="TestSymAES128Key" name="test_symmetric" time="2.111"/>
	<system-out>
<![CDATA[]]>	</system-out>
	<system-err>
<![CDATA[]]>	</system-err>
</testsuite>
