<?xml version="1.0" ?>
<testsuite errors="0" failures="0" name="TestCondorExe-20190504152055" tests="3" time="2.787">
	<testcase classname="TestCondorExe" name="test_exe_cmd" time="1.031"/>
	<testcase classname="TestCondorExe" name="test_exe_cmd_sbin" time="0.906"/>
	<testcase classname="TestCondorExe" name="test_iexe_cmd" time="0.850"/>
	<system-out>
<![CDATA[]]>	</system-out>
	<system-err>
<![CDATA[]]>	</system-err>
</testsuite>
