<?xml version="1.0" ?>
<testsuite errors="0" failures="0" name="TestConfig-20190504163350" tests="17" time="3.793">
	<testcase classname="TestConfig" name="test___init__" time="0.232"/>
	<testcase classname="TestConfig" name="test_get_client_log_dirs" time="0.206"/>
	<testcase classname="TestConfig" name="test_get_client_proxy_dirs" time="0.218"/>
	<testcase classname="TestConfig" name="test_get_entries" time="0.226"/>
	<testcase classname="TestConfig" name="test_get_log_dir" time="0.229"/>
	<testcase classname="TestConfig" name="test_get_monitor_dir" time="0.215"/>
	<testcase classname="TestConfig" name="test_get_stage_dir" time="0.234"/>
	<testcase classname="TestConfig" name="test_get_submit_dir" time="0.249"/>
	<testcase classname="TestConfig" name="test_get_web_url" time="0.243"/>
	<testcase classname="TestConfig" name="test_set_client_log_dirs" time="0.239"/>
	<testcase classname="TestConfig" name="test_set_client_proxy_dirs" time="0.229"/>
	<testcase classname="TestConfig" name="test_set_log_dir" time="0.219"/>
	<testcase classname="TestConfig" name="test_set_monitor_dir" time="0.203"/>
	<testcase classname="TestConfig" name="test_set_stage_dir" time="0.212"/>
	<testcase classname="TestConfig" name="test_set_submit_dir" time="0.217"/>
	<testcase classname="TestConfig" name="test_set_web_url" time="0.207"/>
	<testcase classname="TestConfig" name="test_validate" time="0.215"/>
	<system-out>
<![CDATA[]]>	</system-out>
	<system-err>
<![CDATA[]]>	</system-err>
</testsuite>
