<?xml version="1.0" ?>
<testsuite errors="0" failures="0" name="TestEntryElement-20190504163350" tests="3" time="0.640">
	<testcase classname="TestEntryElement" name="test_getName" time="0.217"/>
	<testcase classname="TestEntryElement" name="test_validate" time="0.205"/>
	<testcase classname="TestEntryElement" name="test_validate_sub_elements" time="0.218"/>
	<system-out>
<![CDATA[]]>	</system-out>
	<system-err>
<![CDATA[]]>	</system-err>
</testsuite>
