<?xml version="1.0" ?>
<testsuite errors="0" failures="0" name="FETestCaseMisc-20190504181815" tests="5" time="1.237">
	<testcase classname="FETestCaseMisc" name="test_appendRealRunning" time="0.223"/>
	<testcase classname="FETestCaseMisc" name="test_evalParamExpr" time="0.221"/>
	<testcase classname="FETestCaseMisc" name="test_getGlideinCpusNum" time="0.264"/>
	<testcase classname="FETestCaseMisc" name="test_hashJob" time="0.267"/>
	<testcase classname="FETestCaseMisc" name="test_uniqueSets" time="0.262"/>
	<system-out>
<![CDATA[]]>	</system-out>
	<system-err>
<![CDATA[]]>	</system-err>
</testsuite>
