<?xml version="1.0" ?>
<testsuite errors="0" failures="0" name="TestExprParserSymmetric-20190504152138" tests="3" time="0.339">
	<testcase classname="TestExprParserSymmetric" name="test__compile" time="0.125"/>
	<testcase classname="TestExprParserSymmetric" name="test_parse_symmetric" time="0.162"/>
	<testcase classname="TestExprParserSymmetric" name="test_unparse_ret" time="0.052"/>
	<system-out>
<![CDATA[]]>	</system-out>
	<system-err>
<![CDATA[]]>	</system-err>
</testsuite>
