<?xml version="1.0" ?>
<testsuite errors="0" failures="0" name="TestIsGlideinWithinHeldLimits-20190504181814" tests="1" time="0.000">
	<testcase classname="TestIsGlideinWithinHeldLimits" name="test_is_glidein_within_held_limits" time="0.000">
		<skipped message="for now" type="skip"/>
	</testcase>
	<system-out>
<![CDATA[]]>	</system-out>
	<system-err>
<![CDATA[]]>	</system-err>
</testsuite>
