<?xml version="1.0" ?>
<testsuite errors="0" failures="0" name="TestPlugins-20190504152133" tests="5" time="0.151">
	<testcase classname="TestPlugins" name="test_proxy_all" time="0.029"/>
	<testcase classname="TestPlugins" name="test_proxy_cardinality" time="0.026"/>
	<testcase classname="TestPlugins" name="test_proxy_first" time="0.024"/>
	<testcase classname="TestPlugins" name="test_proxy_usermap" time="0.046"/>
	<testcase classname="TestPlugins" name="test_proxy_userr" time="0.026"/>
	<system-out>
<![CDATA[]]>	</system-out>
	<system-err>
<![CDATA[]]>	</system-err>
</testsuite>
