<?xml version="1.0" ?>
<testsuite errors="0" failures="0" name="FETestCaseCondorQ-20190504163406" tests="12" time="3.193">
	<testcase classname="FETestCaseCondorQ" name="test_countCondorQ" time="0.245"/>
	<testcase classname="FETestCaseCondorQ" name="test_getClientCondorStatusCredIdOnly" time="0.274"/>
	<testcase classname="FETestCaseCondorQ" name="test_getClientCondorStatusPerCredId" time="0.286"/>
	<testcase classname="FETestCaseCondorQ" name="test_getCondorQ" time="0.330"/>
	<testcase classname="FETestCaseCondorQ" name="test_getCondorQUsers" time="0.283"/>
	<testcase classname="FETestCaseCondorQ" name="test_getCondorQ_no_constraints" time="0.286"/>
	<testcase classname="FETestCaseCondorQ" name="test_getIdleCondorQ" time="0.225"/>
	<testcase classname="FETestCaseCondorQ" name="test_getIdleProxyCondorQ" time="0.256"/>
	<testcase classname="FETestCaseCondorQ" name="test_getIdleVomsCondorQ" time="0.228"/>
	<testcase classname="FETestCaseCondorQ" name="test_getOldCondorQ" time="0.280"/>
	<testcase classname="FETestCaseCondorQ" name="test_getRunningCondorQ" time="0.244"/>
	<testcase classname="FETestCaseCondorQ" name="test_oldCondorQ" time="0.257"/>
	<system-out>
<![CDATA[]]>	</system-out>
	<system-err>
<![CDATA[]]>	</system-err>
</testsuite>
