<?xml version="1.0" ?>
<testsuite errors="0" failures="0" name="TestEntryElement-20190504181759" tests="3" time="0.718">
	<testcase classname="TestEntryElement" name="test_getName" time="0.232"/>
	<testcase classname="TestEntryElement" name="test_validate" time="0.242"/>
	<testcase classname="TestEntryElement" name="test_validate_sub_elements" time="0.243"/>
	<system-out>
<![CDATA[]]>	</system-out>
	<system-err>
<![CDATA[]]>	</system-err>
</testsuite>
