<?xml version="1.0" ?>
<testsuite errors="0" failures="0" name="FETestCaseCount-20190504181815" tests="6" time="1.568">
	<testcase classname="FETestCaseCount" name="test_countMatch" time="0.236"/>
	<testcase classname="FETestCaseCount" name="test_countMatch_missingKey" time="0.282"/>
	<testcase classname="FETestCaseCount" name="test_countMatch_otherException" time="0.279"/>
	<testcase classname="FETestCaseCount" name="test_countRealRunning_match" time="0.222"/>
	<testcase classname="FETestCaseCount" name="test_countRealRunning_missingKey" time="0.254"/>
	<testcase classname="FETestCaseCount" name="test_countRealRunning_otherException" time="0.294"/>
	<system-out>
<![CDATA[]]>	</system-out>
	<system-err>
<![CDATA[]]>	</system-err>
</testsuite>
