<?xml version="1.0" ?>
<testsuite errors="0" failures="0" name="FETestCaseCondorStatus-20190504163406" tests="9" time="2.577">
	<testcase classname="FETestCaseCondorStatus" name="test_countCondorStatus" time="0.266"/>
	<testcase classname="FETestCaseCondorStatus" name="test_getClientCondorStatus" time="0.278"/>
	<testcase classname="FETestCaseCondorStatus" name="test_getClientCondorStatusCredIdOnly" time="0.253"/>
	<testcase classname="FETestCaseCondorStatus" name="test_getClientCondorStatusPerCredId" time="0.231"/>
	<testcase classname="FETestCaseCondorStatus" name="test_getCondorStatus" time="0.480"/>
	<testcase classname="FETestCaseCondorStatus" name="test_getCondorStatusSchedds" time="0.326"/>
	<testcase classname="FETestCaseCondorStatus" name="test_getFactoryEntryList" time="0.242"/>
	<testcase classname="FETestCaseCondorStatus" name="test_getIdleCondorStatus" time="0.252"/>
	<testcase classname="FETestCaseCondorStatus" name="test_getRunningCondorStatus" time="0.248"/>
	<system-out>
<![CDATA[]]>	</system-out>
	<system-err>
<![CDATA[]]>	</system-err>
</testsuite>
