<?xml version="1.0" ?>
<testsuite errors="0" failures="0" name="TestCleanupSupport-20190504152055" tests="1" time="0.014">
	<testcase classname="TestCleanupSupport" name="test_PrivsepDirCleanupWSpace" time="0.014"/>
	<system-out>
<![CDATA[]]>	</system-out>
	<system-err>
<![CDATA[]]>	</system-err>
</testsuite>
