<?xml version="1.0" ?>
<testsuite errors="0" failures="0" name="FETestCaseMisc-20190504152122" tests="5" time="1.187">
	<testcase classname="FETestCaseMisc" name="test_appendRealRunning" time="0.253"/>
	<testcase classname="FETestCaseMisc" name="test_evalParamExpr" time="0.231"/>
	<testcase classname="FETestCaseMisc" name="test_getGlideinCpusNum" time="0.249"/>
	<testcase classname="FETestCaseMisc" name="test_hashJob" time="0.221"/>
	<testcase classname="FETestCaseMisc" name="test_uniqueSets" time="0.233"/>
	<system-out>
<![CDATA[]]>	</system-out>
	<system-err>
<![CDATA[]]>	</system-err>
</testsuite>
