<?xml version="1.0" ?>
<testsuite errors="0" failures="0" name="TestEncodeDecodeData-20190504181828" tests="4" time="3.784">
	<testcase classname="TestEncodeDecodeData" name="test_decode_data" time="0.017"/>
	<testcase classname="TestEncodeDecodeData" name="test_encode_data" time="0.003"/>
	<testcase classname="TestEncodeDecodeData" name="test_symmetric_binary" time="1.900"/>
	<testcase classname="TestEncodeDecodeData" name="test_symmetric_text" time="1.864"/>
	<system-out>
<![CDATA[]]>	</system-out>
	<system-err>
<![CDATA[]]>	</system-err>
</testsuite>
