<?xml version="1.0" ?>
<testsuite errors="0" failures="0" name="FETestCaseCount-20190504152122" tests="6" time="1.553">
	<testcase classname="FETestCaseCount" name="test_countMatch" time="0.226"/>
	<testcase classname="FETestCaseCount" name="test_countMatch_missingKey" time="0.254"/>
	<testcase classname="FETestCaseCount" name="test_countMatch_otherException" time="0.290"/>
	<testcase classname="FETestCaseCount" name="test_countRealRunning_match" time="0.248"/>
	<testcase classname="FETestCaseCount" name="test_countRealRunning_missingKey" time="0.277"/>
	<testcase classname="FETestCaseCount" name="test_countRealRunning_otherException" time="0.257"/>
	<system-out>
<![CDATA[]]>	</system-out>
	<system-err>
<![CDATA[]]>	</system-err>
</testsuite>
