<?xml version="1.0" ?>
<testsuite errors="0" failures="0" name="FETestCaseCondorStatus-20190504181815" tests="9" time="2.608">
	<testcase classname="FETestCaseCondorStatus" name="test_countCondorStatus" time="0.268"/>
	<testcase classname="FETestCaseCondorStatus" name="test_getClientCondorStatus" time="0.256"/>
	<testcase classname="FETestCaseCondorStatus" name="test_getClientCondorStatusCredIdOnly" time="0.263"/>
	<testcase classname="FETestCaseCondorStatus" name="test_getClientCondorStatusPerCredId" time="0.282"/>
	<testcase classname="FETestCaseCondorStatus" name="test_getCondorStatus" time="0.475"/>
	<testcase classname="FETestCaseCondorStatus" name="test_getCondorStatusSchedds" time="0.373"/>
	<testcase classname="FETestCaseCondorStatus" name="test_getFactoryEntryList" time="0.234"/>
	<testcase classname="FETestCaseCondorStatus" name="test_getIdleCondorStatus" time="0.235"/>
	<testcase classname="FETestCaseCondorStatus" name="test_getRunningCondorStatus" time="0.222"/>
	<system-out>
<![CDATA[]]>	</system-out>
	<system-err>
<![CDATA[]]>	</system-err>
</testsuite>
