<?xml version="1.0" ?>
<testsuite errors="0" failures="0" name="FETestCaseCondorStatus-20190514191453" tests="9" time="3.005">
	<testcase classname="FETestCaseCondorStatus" name="test_countCondorStatus" time="0.299"/>
	<testcase classname="FETestCaseCondorStatus" name="test_getClientCondorStatus" time="0.282"/>
	<testcase classname="FETestCaseCondorStatus" name="test_getClientCondorStatusCredIdOnly" time="0.293"/>
	<testcase classname="FETestCaseCondorStatus" name="test_getClientCondorStatusPerCredId" time="0.292"/>
	<testcase classname="FETestCaseCondorStatus" name="test_getCondorStatus" time="0.551"/>
	<testcase classname="FETestCaseCondorStatus" name="test_getCondorStatusSchedds" time="0.424"/>
	<testcase classname="FETestCaseCondorStatus" name="test_getFactoryEntryList" time="0.294"/>
	<testcase classname="FETestCaseCondorStatus" name="test_getIdleCondorStatus" time="0.294"/>
	<testcase classname="FETestCaseCondorStatus" name="test_getRunningCondorStatus" time="0.276"/>
	<system-out>
<![CDATA[]]>	</system-out>
	<system-err>
<![CDATA[]]>	</system-err>
</testsuite>
