<?xml version="1.0" ?>
<testsuite errors="0" failures="0" name="FETestCaseCount-20190514191453" tests="6" time="2.378">
	<testcase classname="FETestCaseCount" name="test_countMatch" time="0.346"/>
	<testcase classname="FETestCaseCount" name="test_countMatch_missingKey" time="0.511"/>
	<testcase classname="FETestCaseCount" name="test_countMatch_otherException" time="0.486"/>
	<testcase classname="FETestCaseCount" name="test_countRealRunning_match" time="0.290"/>
	<testcase classname="FETestCaseCount" name="test_countRealRunning_missingKey" time="0.306"/>
	<testcase classname="FETestCaseCount" name="test_countRealRunning_otherException" time="0.438"/>
	<system-out>
<![CDATA[]]>	</system-out>
	<system-err>
<![CDATA[]]>	</system-err>
</testsuite>
