<?xml version="1.0" ?>
<testsuite errors="0" failures="0" name="TestExprParserSymmetric-20190514191517" tests="3" time="0.463">
	<testcase classname="TestExprParserSymmetric" name="test__compile" time="0.170"/>
	<testcase classname="TestExprParserSymmetric" name="test_parse_symmetric" time="0.225"/>
	<testcase classname="TestExprParserSymmetric" name="test_unparse_ret" time="0.069"/>
	<system-out>
<![CDATA[]]>	</system-out>
	<system-err>
<![CDATA[]]>	</system-err>
</testsuite>
