<?xml version="1.0" ?>
<testsuite errors="0" failures="0" name="TestDowntimes-20190514191507" tests="5" time="0.213">
	<testcase classname="TestDowntimes" name="test_downtimesfile" time="0.111"/>
	<testcase classname="TestDowntimes" name="test_entryonlydowntime" time="0.030"/>
	<testcase classname="TestDowntimes" name="test_setdelayedperiod" time="0.015"/>
	<testcase classname="TestDowntimes" name="test_setfrontendsecclass" time="0.038"/>
	<testcase classname="TestDowntimes" name="test_setperiodwithendtime" time="0.019"/>
	<system-out>
<![CDATA[]]>	</system-out>
	<system-err>
<![CDATA[]]>	</system-err>
</testsuite>
