<?xml version="1.0" ?>
<testsuite errors="0" failures="0" name="TestParse-20190514191433" tests="1" time="1.006">
	<testcase classname="TestParse" name="test_parse" time="1.006"/>
	<system-out>
<![CDATA[]]>	</system-out>
	<system-err>
<![CDATA[]]>	</system-err>
</testsuite>
