<?xml version="1.0" ?>
<testsuite errors="0" failures="0" name="TestLogSupport-20190507181857" tests="4" time="567.448">
	<testcase classname="TestLogSupport" name="test_backup_count" time="223.186"/>
	<testcase classname="TestLogSupport" name="test_logSupport_compression" time="224.186"/>
	<testcase classname="TestLogSupport" name="test_logSupport_size_rotate" time="27.353"/>
	<testcase classname="TestLogSupport" name="test_logSupport_time_rotate" time="92.722"/>
	<system-out>
<![CDATA[]]>	</system-out>
	<system-err>
<![CDATA[./test_logSupport.py:35: YAMLLoadWarning: calling yaml.load() without Loader=... is deprecated, as the default Loader is unsafe. Please read https://msg.pyyaml.org/load for full details.
  self.config = yaml.load(file(config_file, 'r'))
]]>	</system-err>
</testsuite>
