<?xml version="1.0" ?>
<testsuite errors="0" failures="0" name="TestFactFileElement-20190507181654" tests="1" time="0.231">
	<testcase classname="TestFactFileElement" name="test_validate" time="0.231"/>
	<system-out>
<![CDATA[]]>	</system-out>
	<system-err>
<![CDATA[]]>	</system-err>
</testsuite>
