<?xml version="1.0" ?>
<testsuite errors="0" failures="0" name="TestGlideinDicts-20190508124508" tests="7" time="3.693">
	<testcase classname="TestGlideinDicts" name="test_MainDicts_populate" time="0.647"/>
	<testcase classname="TestGlideinDicts" name="test__init__" time="0.476"/>
	<testcase classname="TestGlideinDicts" name="test_new_MainDicts" time="0.519"/>
	<testcase classname="TestGlideinDicts" name="test_new_SubDicts" time="0.482"/>
	<testcase classname="TestGlideinDicts" name="test_save" time="0.613"/>
	<testcase classname="TestGlideinDicts" name="test_save_monitor" time="0.474"/>
	<testcase classname="TestGlideinDicts" name="test_save_pub_key" time="0.482"/>
	<system-out>
<![CDATA[]]>	</system-out>
	<system-err>
<![CDATA[]]>	</system-err>
</testsuite>
