<?xml version="1.0" ?>
<testsuite errors="0" failures="0" name="FETestCaseCondorStatus-20190507181709" tests="9" time="2.369">
	<testcase classname="FETestCaseCondorStatus" name="test_countCondorStatus" time="0.223"/>
	<testcase classname="FETestCaseCondorStatus" name="test_getClientCondorStatus" time="0.220"/>
	<testcase classname="FETestCaseCondorStatus" name="test_getClientCondorStatusCredIdOnly" time="0.232"/>
	<testcase classname="FETestCaseCondorStatus" name="test_getClientCondorStatusPerCredId" time="0.213"/>
	<testcase classname="FETestCaseCondorStatus" name="test_getCondorStatus" time="0.419"/>
	<testcase classname="FETestCaseCondorStatus" name="test_getCondorStatusSchedds" time="0.315"/>
	<testcase classname="FETestCaseCondorStatus" name="test_getFactoryEntryList" time="0.245"/>
	<testcase classname="FETestCaseCondorStatus" name="test_getIdleCondorStatus" time="0.240"/>
	<testcase classname="FETestCaseCondorStatus" name="test_getRunningCondorStatus" time="0.261"/>
	<system-out>
<![CDATA[]]>	</system-out>
	<system-err>
<![CDATA[]]>	</system-err>
</testsuite>
