<?xml version="1.0" ?>
<testsuite errors="0" failures="0" name="TestConfig-20190508124519" tests="17" time="3.799">
	<testcase classname="TestConfig" name="test___init__" time="0.232"/>
	<testcase classname="TestConfig" name="test_get_client_log_dirs" time="0.232"/>
	<testcase classname="TestConfig" name="test_get_client_proxy_dirs" time="0.212"/>
	<testcase classname="TestConfig" name="test_get_entries" time="0.215"/>
	<testcase classname="TestConfig" name="test_get_log_dir" time="0.212"/>
	<testcase classname="TestConfig" name="test_get_monitor_dir" time="0.205"/>
	<testcase classname="TestConfig" name="test_get_stage_dir" time="0.197"/>
	<testcase classname="TestConfig" name="test_get_submit_dir" time="0.230"/>
	<testcase classname="TestConfig" name="test_get_web_url" time="0.227"/>
	<testcase classname="TestConfig" name="test_set_client_log_dirs" time="0.217"/>
	<testcase classname="TestConfig" name="test_set_client_proxy_dirs" time="0.230"/>
	<testcase classname="TestConfig" name="test_set_log_dir" time="0.246"/>
	<testcase classname="TestConfig" name="test_set_monitor_dir" time="0.236"/>
	<testcase classname="TestConfig" name="test_set_stage_dir" time="0.219"/>
	<testcase classname="TestConfig" name="test_set_submit_dir" time="0.218"/>
	<testcase classname="TestConfig" name="test_set_web_url" time="0.229"/>
	<testcase classname="TestConfig" name="test_validate" time="0.243"/>
	<system-out>
<![CDATA[]]>	</system-out>
	<system-err>
<![CDATA[]]>	</system-err>
</testsuite>
