<?xml version="1.0" ?>
<testsuite errors="0" failures="0" name="TestSymBlowfishKey-20190514191708" tests="2" time="2.733">
	<testcase classname="TestSymBlowfishKey" name="test___init__" time="0.002"/>
	<testcase classname="TestSymBlowfishKey" name="test_symmetric" time="2.731"/>
	<system-out>
<![CDATA[]]>	</system-out>
	<system-err>
<![CDATA[]]>	</system-err>
</testsuite>
