<?xml version="1.0" ?>
<testsuite errors="0" failures="0" name="FETestCaseCondorQ-20190507181709" tests="12" time="3.233">
	<testcase classname="FETestCaseCondorQ" name="test_countCondorQ" time="0.225"/>
	<testcase classname="FETestCaseCondorQ" name="test_getClientCondorStatusCredIdOnly" time="0.267"/>
	<testcase classname="FETestCaseCondorQ" name="test_getClientCondorStatusPerCredId" time="0.249"/>
	<testcase classname="FETestCaseCondorQ" name="test_getCondorQ" time="0.315"/>
	<testcase classname="FETestCaseCondorQ" name="test_getCondorQUsers" time="0.270"/>
	<testcase classname="FETestCaseCondorQ" name="test_getCondorQ_no_constraints" time="0.292"/>
	<testcase classname="FETestCaseCondorQ" name="test_getIdleCondorQ" time="0.283"/>
	<testcase classname="FETestCaseCondorQ" name="test_getIdleProxyCondorQ" time="0.285"/>
	<testcase classname="FETestCaseCondorQ" name="test_getIdleVomsCondorQ" time="0.279"/>
	<testcase classname="FETestCaseCondorQ" name="test_getOldCondorQ" time="0.277"/>
	<testcase classname="FETestCaseCondorQ" name="test_getRunningCondorQ" time="0.236"/>
	<testcase classname="FETestCaseCondorQ" name="test_oldCondorQ" time="0.255"/>
	<system-out>
<![CDATA[]]>	</system-out>
	<system-err>
<![CDATA[]]>	</system-err>
</testsuite>
