<?xml version="1.0" ?>
<testsuite errors="0" failures="0" name="TestEntryElement-20190507181654" tests="3" time="0.697">
	<testcase classname="TestEntryElement" name="test_getName" time="0.223"/>
	<testcase classname="TestEntryElement" name="test_validate" time="0.226"/>
	<testcase classname="TestEntryElement" name="test_validate_sub_elements" time="0.248"/>
	<system-out>
<![CDATA[]]>	</system-out>
	<system-err>
<![CDATA[]]>	</system-err>
</testsuite>
