<?xml version="1.0" ?>
<testsuite errors="0" failures="0" name="TestGlideinDicts-20190514191451" tests="7" time="5.625">
	<testcase classname="TestGlideinDicts" name="test_MainDicts_populate" time="0.976"/>
	<testcase classname="TestGlideinDicts" name="test__init__" time="0.810"/>
	<testcase classname="TestGlideinDicts" name="test_new_MainDicts" time="0.726"/>
	<testcase classname="TestGlideinDicts" name="test_new_SubDicts" time="0.804"/>
	<testcase classname="TestGlideinDicts" name="test_save" time="1.026"/>
	<testcase classname="TestGlideinDicts" name="test_save_monitor" time="0.597"/>
	<testcase classname="TestGlideinDicts" name="test_save_pub_key" time="0.686"/>
	<system-out>
<![CDATA[]]>	</system-out>
	<system-err>
<![CDATA[]]>	</system-err>
</testsuite>
