<?xml version="1.0" ?>
<testsuite errors="0" failures="0" name="FETestCaseCondorStatus-20190514191529" tests="9" time="3.148">
	<testcase classname="FETestCaseCondorStatus" name="test_countCondorStatus" time="0.249"/>
	<testcase classname="FETestCaseCondorStatus" name="test_getClientCondorStatus" time="0.284"/>
	<testcase classname="FETestCaseCondorStatus" name="test_getClientCondorStatusCredIdOnly" time="0.341"/>
	<testcase classname="FETestCaseCondorStatus" name="test_getClientCondorStatusPerCredId" time="0.307"/>
	<testcase classname="FETestCaseCondorStatus" name="test_getCondorStatus" time="0.605"/>
	<testcase classname="FETestCaseCondorStatus" name="test_getCondorStatusSchedds" time="0.378"/>
	<testcase classname="FETestCaseCondorStatus" name="test_getFactoryEntryList" time="0.315"/>
	<testcase classname="FETestCaseCondorStatus" name="test_getIdleCondorStatus" time="0.343"/>
	<testcase classname="FETestCaseCondorStatus" name="test_getRunningCondorStatus" time="0.326"/>
	<system-out>
<![CDATA[]]>	</system-out>
	<system-err>
<![CDATA[]]>	</system-err>
</testsuite>
