<?xml version="1.0" ?>
<testsuite errors="0" failures="0" name="FETestCaseMisc-20190514191529" tests="5" time="1.598">
	<testcase classname="FETestCaseMisc" name="test_appendRealRunning" time="0.308"/>
	<testcase classname="FETestCaseMisc" name="test_evalParamExpr" time="0.346"/>
	<testcase classname="FETestCaseMisc" name="test_getGlideinCpusNum" time="0.308"/>
	<testcase classname="FETestCaseMisc" name="test_hashJob" time="0.317"/>
	<testcase classname="FETestCaseMisc" name="test_uniqueSets" time="0.319"/>
	<system-out>
<![CDATA[]]>	</system-out>
	<system-err>
<![CDATA[]]>	</system-err>
</testsuite>
