<?xml version="1.0" ?>
<testsuite errors="0" failures="0" name="TestExprParserSymmetric-20190507181726" tests="3" time="0.329">
	<testcase classname="TestExprParserSymmetric" name="test__compile" time="0.122"/>
	<testcase classname="TestExprParserSymmetric" name="test_parse_symmetric" time="0.157"/>
	<testcase classname="TestExprParserSymmetric" name="test_unparse_ret" time="0.051"/>
	<system-out>
<![CDATA[]]>	</system-out>
	<system-err>
<![CDATA[]]>	</system-err>
</testsuite>
