<?xml version="1.0" ?>
<testsuite errors="0" failures="0" name="TestGlideinDicts-20190508081750" tests="7" time="3.602">
	<testcase classname="TestGlideinDicts" name="test_MainDicts_populate" time="0.617"/>
	<testcase classname="TestGlideinDicts" name="test__init__" time="0.481"/>
	<testcase classname="TestGlideinDicts" name="test_new_MainDicts" time="0.495"/>
	<testcase classname="TestGlideinDicts" name="test_new_SubDicts" time="0.469"/>
	<testcase classname="TestGlideinDicts" name="test_save" time="0.595"/>
	<testcase classname="TestGlideinDicts" name="test_save_monitor" time="0.466"/>
	<testcase classname="TestGlideinDicts" name="test_save_pub_key" time="0.479"/>
	<system-out>
<![CDATA[]]>	</system-out>
	<system-err>
<![CDATA[]]>	</system-err>
</testsuite>
