<?xml version="1.0" ?>
<testsuite errors="0" failures="0" name="TestGlideinDicts-20190507182827" tests="7" time="3.771">
	<testcase classname="TestGlideinDicts" name="test_MainDicts_populate" time="0.690"/>
	<testcase classname="TestGlideinDicts" name="test__init__" time="0.435"/>
	<testcase classname="TestGlideinDicts" name="test_new_MainDicts" time="0.488"/>
	<testcase classname="TestGlideinDicts" name="test_new_SubDicts" time="0.500"/>
	<testcase classname="TestGlideinDicts" name="test_save" time="0.663"/>
	<testcase classname="TestGlideinDicts" name="test_save_monitor" time="0.494"/>
	<testcase classname="TestGlideinDicts" name="test_save_pub_key" time="0.501"/>
	<system-out>
<![CDATA[]]>	</system-out>
	<system-err>
<![CDATA[]]>	</system-err>
</testsuite>
