<?xml version="1.0" ?>
<testsuite errors="0" failures="0" name="TestCondorExe-20190507181638" tests="3" time="3.024">
	<testcase classname="TestCondorExe" name="test_exe_cmd" time="1.049"/>
	<testcase classname="TestCondorExe" name="test_exe_cmd_sbin" time="1.014"/>
	<testcase classname="TestCondorExe" name="test_iexe_cmd" time="0.961"/>
	<system-out>
<![CDATA[]]>	</system-out>
	<system-err>
<![CDATA[]]>	</system-err>
</testsuite>
