<?xml version="1.0" ?>
<testsuite errors="0" failures="0" name="TestGlideinMainDicts-20190508124502" tests="6" time="1.539">
	<testcase classname="TestGlideinMainDicts" name="test___init__" time="0.238"/>
	<testcase classname="TestGlideinMainDicts" name="test_get_daemon_log_dir" time="0.265"/>
	<testcase classname="TestGlideinMainDicts" name="test_get_main_dicts" time="0.231"/>
	<testcase classname="TestGlideinMainDicts" name="test_load" time="0.271"/>
	<testcase classname="TestGlideinMainDicts" name="test_reuse" time="0.263"/>
	<testcase classname="TestGlideinMainDicts" name="test_save" time="0.271"/>
	<system-out>
<![CDATA[]]>	</system-out>
	<system-err>
<![CDATA[]]>	</system-err>
</testsuite>
