<?xml version="1.0" ?>
<testsuite errors="0" failures="0" name="TestFactoryConfig-20190514191517" tests="14" time="1.962">
	<testcase classname="TestFactoryConfig" name="test__contains__" time="0.093"/>
	<testcase classname="TestFactoryConfig" name="test__init__" time="0.091"/>
	<testcase classname="TestFactoryConfig" name="test_backup_and_load_old_key" time="0.086"/>
	<testcase classname="TestFactoryConfig" name="test_backup_rsa_key" time="0.083"/>
	<testcase classname="TestFactoryConfig" name="test_get_all_frontend_sec_classes" time="0.079"/>
	<testcase classname="TestFactoryConfig" name="test_get_all_usernames" time="0.067"/>
	<testcase classname="TestFactoryConfig" name="test_get_frontend_name" time="0.089"/>
	<testcase classname="TestFactoryConfig" name="test_get_identity" time="0.081"/>
	<testcase classname="TestFactoryConfig" name="test_get_username" time="0.106"/>
	<testcase classname="TestFactoryConfig" name="test_has_key" time="0.083"/>
	<testcase classname="TestFactoryConfig" name="test_load_old_rsa_key" time="0.067"/>
	<testcase classname="TestFactoryConfig" name="test_load_pub_key" time="0.835"/>
	<testcase classname="TestFactoryConfig" name="test_remove_old_key" time="0.102"/>
	<testcase classname="TestFactoryConfig" name="test_str_" time="0.100"/>
	<system-out>
<![CDATA[]]>	</system-out>
	<system-err>
<![CDATA[]]>	</system-err>
</testsuite>
