<?xml version="1.0" ?>
<testsuite errors="0" failures="0" name="TestGetPerfMetric-20190514191707" tests="1" time="0.002">
	<testcase classname="TestGetPerfMetric" name="test_get_perf_metric" time="0.002"/>
	<system-out>
<![CDATA[]]>	</system-out>
	<system-err>
<![CDATA[]]>	</system-err>
</testsuite>
