<?xml version="1.0" ?>
<testsuite errors="0" failures="0" name="FETestCaseCount-20190514191529" tests="7" time="2.402">
	<testcase classname="FETestCaseCount" name="test_countMatch" time="0.329"/>
	<testcase classname="FETestCaseCount" name="test_countMatchDowntime" time="0.326"/>
	<testcase classname="FETestCaseCount" name="test_countMatch_missingKey" time="0.349"/>
	<testcase classname="FETestCaseCount" name="test_countMatch_otherException" time="0.375"/>
	<testcase classname="FETestCaseCount" name="test_countRealRunning_match" time="0.310"/>
	<testcase classname="FETestCaseCount" name="test_countRealRunning_missingKey" time="0.349"/>
	<testcase classname="FETestCaseCount" name="test_countRealRunning_otherException" time="0.364"/>
	<system-out>
<![CDATA[]]>	</system-out>
	<system-err>
<![CDATA[]]>	</system-err>
</testsuite>
