<?xml version="1.0" ?>
<testsuite errors="0" failures="0" name="FETestCaseCondorStatus-20190508181702" tests="9" time="3.115">
	<testcase classname="FETestCaseCondorStatus" name="test_countCondorStatus" time="0.259"/>
	<testcase classname="FETestCaseCondorStatus" name="test_getClientCondorStatus" time="0.260"/>
	<testcase classname="FETestCaseCondorStatus" name="test_getClientCondorStatusCredIdOnly" time="0.340"/>
	<testcase classname="FETestCaseCondorStatus" name="test_getClientCondorStatusPerCredId" time="0.328"/>
	<testcase classname="FETestCaseCondorStatus" name="test_getCondorStatus" time="0.590"/>
	<testcase classname="FETestCaseCondorStatus" name="test_getCondorStatusSchedds" time="0.439"/>
	<testcase classname="FETestCaseCondorStatus" name="test_getFactoryEntryList" time="0.312"/>
	<testcase classname="FETestCaseCondorStatus" name="test_getIdleCondorStatus" time="0.284"/>
	<testcase classname="FETestCaseCondorStatus" name="test_getRunningCondorStatus" time="0.303"/>
	<system-out>
<![CDATA[]]>	</system-out>
	<system-err>
<![CDATA[]]>	</system-err>
</testsuite>
