<?xml version="1.0" ?>
<testsuite errors="0" failures="0" name="TestHashStatus-20190506213543" tests="1" time="0.000">
	<testcase classname="TestHashStatus" name="test_hash_status" time="0.000">
		<skipped message="for now" type="skip"/>
	</testcase>
	<system-out>
<![CDATA[]]>	</system-out>
	<system-err>
<![CDATA[]]>	</system-err>
</testsuite>
