<?xml version="1.0" ?>
<testsuite errors="0" failures="0" name="TestConfig-20190506213529" tests="17" time="3.570">
	<testcase classname="TestConfig" name="test___init__" time="0.191"/>
	<testcase classname="TestConfig" name="test_get_client_log_dirs" time="0.193"/>
	<testcase classname="TestConfig" name="test_get_client_proxy_dirs" time="0.190"/>
	<testcase classname="TestConfig" name="test_get_entries" time="0.197"/>
	<testcase classname="TestConfig" name="test_get_log_dir" time="0.208"/>
	<testcase classname="TestConfig" name="test_get_monitor_dir" time="0.220"/>
	<testcase classname="TestConfig" name="test_get_stage_dir" time="0.206"/>
	<testcase classname="TestConfig" name="test_get_submit_dir" time="0.204"/>
	<testcase classname="TestConfig" name="test_get_web_url" time="0.196"/>
	<testcase classname="TestConfig" name="test_set_client_log_dirs" time="0.189"/>
	<testcase classname="TestConfig" name="test_set_client_proxy_dirs" time="0.223"/>
	<testcase classname="TestConfig" name="test_set_log_dir" time="0.252"/>
	<testcase classname="TestConfig" name="test_set_monitor_dir" time="0.229"/>
	<testcase classname="TestConfig" name="test_set_stage_dir" time="0.189"/>
	<testcase classname="TestConfig" name="test_set_submit_dir" time="0.258"/>
	<testcase classname="TestConfig" name="test_set_web_url" time="0.207"/>
	<testcase classname="TestConfig" name="test_validate" time="0.217"/>
	<system-out>
<![CDATA[]]>	</system-out>
	<system-err>
<![CDATA[]]>	</system-err>
</testsuite>
