<?xml version="1.0" ?>
<testsuite errors="0" failures="0" name="TestFetchForkResultList-20190508075638" tests="1" time="10.020">
	<testcase classname="TestFetchForkResultList" name="test_fetch_fork_result_list" time="10.020"/>
	<system-out>
<![CDATA[]]>	</system-out>
	<system-err>
<![CDATA[]]>	</system-err>
</testsuite>
