<?xml version="1.0" ?>
<testsuite errors="0" failures="0" name="TestExtractNonRunSimple-20190506220527" tests="1" time="0.000">
	<testcase classname="TestExtractNonRunSimple" name="test_extract_non_run_simple" time="0.000">
		<skipped message="for now" type="skip"/>
	</testcase>
	<system-out>
<![CDATA[]]>	</system-out>
	<system-err>
<![CDATA[]]>	</system-err>
</testsuite>
