<?xml version="1.0" ?>
<testsuite errors="0" failures="0" name="FETestCaseCondorQ-20190507181652" tests="12" time="3.342">
	<testcase classname="FETestCaseCondorQ" name="test_countCondorQ" time="0.279"/>
	<testcase classname="FETestCaseCondorQ" name="test_getClientCondorStatusCredIdOnly" time="0.291"/>
	<testcase classname="FETestCaseCondorQ" name="test_getClientCondorStatusPerCredId" time="0.289"/>
	<testcase classname="FETestCaseCondorQ" name="test_getCondorQ" time="0.314"/>
	<testcase classname="FETestCaseCondorQ" name="test_getCondorQUsers" time="0.288"/>
	<testcase classname="FETestCaseCondorQ" name="test_getCondorQ_no_constraints" time="0.261"/>
	<testcase classname="FETestCaseCondorQ" name="test_getIdleCondorQ" time="0.252"/>
	<testcase classname="FETestCaseCondorQ" name="test_getIdleProxyCondorQ" time="0.252"/>
	<testcase classname="FETestCaseCondorQ" name="test_getIdleVomsCondorQ" time="0.259"/>
	<testcase classname="FETestCaseCondorQ" name="test_getOldCondorQ" time="0.255"/>
	<testcase classname="FETestCaseCondorQ" name="test_getRunningCondorQ" time="0.284"/>
	<testcase classname="FETestCaseCondorQ" name="test_oldCondorQ" time="0.319"/>
	<system-out>
<![CDATA[]]>	</system-out>
	<system-err>
<![CDATA[]]>	</system-err>
</testsuite>
