<?xml version="1.0" ?>
<testsuite errors="0" failures="0" name="TestXmlfile2dict-20190508082000" tests="1" time="0.008">
	<testcase classname="TestXmlfile2dict" name="test_xmlfile2dict" time="0.008"/>
	<system-out>
<![CDATA[]]>	</system-out>
	<system-err>
<![CDATA[]]>	</system-err>
</testsuite>
