<?xml version="1.0" ?>
<testsuite errors="0" failures="0" name="TestPubCrypto-20190508131743" tests="3" time="0.124">
	<testcase classname="TestPubCrypto" name="test_symmetric" time="0.039"/>
	<testcase classname="TestPubCrypto" name="test_symmetric_base64" time="0.047"/>
	<testcase classname="TestPubCrypto" name="test_symmetric_hex" time="0.038"/>
	<system-out>
<![CDATA[]]>	</system-out>
	<system-err>
<![CDATA[]]>	</system-err>
</testsuite>
