<?xml version="1.0" ?>
<testsuite errors="0" failures="0" name="TestEncodingSupport-20190506152514" tests="5" time="0.016">
	<testcase classname="TestEncodingSupport" name="test_decodeException" time="0.001"/>
	<testcase classname="TestEncodingSupport" name="test_encodeDecode_b16" time="0.008"/>
	<testcase classname="TestEncodingSupport" name="test_encodeDecode_b32" time="0.006"/>
	<testcase classname="TestEncodingSupport" name="test_encodeDecode_b64" time="0.001"/>
	<testcase classname="TestEncodingSupport" name="test_encodeException" time="0.001"/>
	<system-out>
<![CDATA[]]>	</system-out>
	<system-err>
<![CDATA[]]>	</system-err>
</testsuite>
