<?xml version="1.0" ?>
<testsuite errors="0" failures="0" name="TestFrontendMainDicts-20190506195005" tests="10" time="1.125">
	<testcase classname="TestFrontendMainDicts" name="test__init__" time="0.210"/>
	<testcase classname="TestFrontendMainDicts" name="test_find_parend_dir" time="0.179"/>
	<testcase classname="TestFrontendMainDicts" name="test_populate" time="0.200"/>
	<testcase classname="TestFrontendMainDicts" name="test_populate_common_attrs" time="0.171"/>
	<testcase classname="TestFrontendMainDicts" name="test_reuse" time="0.195"/>
	<testcase classname="TestFrontendMainDicts" name="test_save_monitor" time="0.170"/>
	<testcase classname="TestFrontendMainDicts" name="test_apply_group_glexec_policy" time="0.000">
		<skipped message="hmm" type="skip"/>
	</testcase>
	<testcase classname="TestFrontendMainDicts" name="test_apply_group_singularity_policy" time="0.000">
		<skipped message="hmm" type="skip"/>
	</testcase>
	<testcase classname="TestFrontendMainDicts" name="test_apply_multicore_policy" time="0.000">
		<skipped message="hmm" type="skip"/>
	</testcase>
	<testcase classname="TestFrontendMainDicts" name="test_save" time="0.000">
		<skipped message="hmm" type="skip"/>
	</testcase>
	<system-out>
<![CDATA[]]>	</system-out>
	<system-err>
<![CDATA[]]>	</system-err>
</testsuite>
