<?xml version="1.0" ?>
<testsuite errors="0" failures="0" name="TestEntryElement-20190509181648" tests="3" time="0.704">
	<testcase classname="TestEntryElement" name="test_getName" time="0.250"/>
	<testcase classname="TestEntryElement" name="test_validate" time="0.246"/>
	<testcase classname="TestEntryElement" name="test_validate_sub_elements" time="0.208"/>
	<system-out>
<![CDATA[]]>	</system-out>
	<system-err>
<![CDATA[]]>	</system-err>
</testsuite>
