<?xml version="1.0" ?>
<testsuite errors="0" failures="0" name="TestCondorExe-20190506181622" tests="3" time="3.019">
	<testcase classname="TestCondorExe" name="test_exe_cmd" time="1.049"/>
	<testcase classname="TestCondorExe" name="test_exe_cmd_sbin" time="1.052"/>
	<testcase classname="TestCondorExe" name="test_iexe_cmd" time="0.917"/>
	<system-out>
<![CDATA[]]>	</system-out>
	<system-err>
<![CDATA[]]>	</system-err>
</testsuite>
