<?xml version="1.0" ?>
<testsuite errors="0" failures="0" name="FETestCaseCondorQ-20190508131609" tests="12" time="3.124">
	<testcase classname="FETestCaseCondorQ" name="test_countCondorQ" time="0.232"/>
	<testcase classname="FETestCaseCondorQ" name="test_getClientCondorStatusCredIdOnly" time="0.247"/>
	<testcase classname="FETestCaseCondorQ" name="test_getClientCondorStatusPerCredId" time="0.276"/>
	<testcase classname="FETestCaseCondorQ" name="test_getCondorQ" time="0.282"/>
	<testcase classname="FETestCaseCondorQ" name="test_getCondorQUsers" time="0.259"/>
	<testcase classname="FETestCaseCondorQ" name="test_getCondorQ_no_constraints" time="0.291"/>
	<testcase classname="FETestCaseCondorQ" name="test_getIdleCondorQ" time="0.252"/>
	<testcase classname="FETestCaseCondorQ" name="test_getIdleProxyCondorQ" time="0.246"/>
	<testcase classname="FETestCaseCondorQ" name="test_getIdleVomsCondorQ" time="0.256"/>
	<testcase classname="FETestCaseCondorQ" name="test_getOldCondorQ" time="0.241"/>
	<testcase classname="FETestCaseCondorQ" name="test_getRunningCondorQ" time="0.246"/>
	<testcase classname="FETestCaseCondorQ" name="test_oldCondorQ" time="0.297"/>
	<system-out>
<![CDATA[]]>	</system-out>
	<system-err>
<![CDATA[]]>	</system-err>
</testsuite>
