<?xml version="1.0" ?>
<testsuite errors="0" failures="0" name="TestGlideinDicts-20190506214711" tests="9" time="4.357">
	<testcase classname="TestGlideinDicts" name="test_MainDicts_populate" time="0.684"/>
	<testcase classname="TestGlideinDicts" name="test__init__" time="0.497"/>
	<testcase classname="TestGlideinDicts" name="test_has_file_wrapper" time="0.390"/>
	<testcase classname="TestGlideinDicts" name="test_new_MainDicts" time="0.500"/>
	<testcase classname="TestGlideinDicts" name="test_new_SubDicts" time="0.375"/>
	<testcase classname="TestGlideinDicts" name="test_reuse" time="0.384"/>
	<testcase classname="TestGlideinDicts" name="test_save" time="0.626"/>
	<testcase classname="TestGlideinDicts" name="test_save_monitor" time="0.465"/>
	<testcase classname="TestGlideinDicts" name="test_save_pub_key" time="0.436"/>
	<system-out>
<![CDATA[]]>	</system-out>
	<system-err>
<![CDATA[]]>	</system-err>
</testsuite>
