<?xml version="1.0" ?>
<testsuite errors="0" failures="0" name="FETestCaseMisc-20190506193834" tests="5" time="1.245">
	<testcase classname="FETestCaseMisc" name="test_appendRealRunning" time="0.215"/>
	<testcase classname="FETestCaseMisc" name="test_evalParamExpr" time="0.267"/>
	<testcase classname="FETestCaseMisc" name="test_getGlideinCpusNum" time="0.275"/>
	<testcase classname="FETestCaseMisc" name="test_hashJob" time="0.220"/>
	<testcase classname="FETestCaseMisc" name="test_uniqueSets" time="0.268"/>
	<system-out>
<![CDATA[]]>	</system-out>
	<system-err>
<![CDATA[]]>	</system-err>
</testsuite>
