<?xml version="1.0" ?>
<testsuite errors="0" failures="0" name="TestGlideinDicts-20190508075547" tests="9" time="4.563">
	<testcase classname="TestGlideinDicts" name="test_MainDicts_populate" time="0.643"/>
	<testcase classname="TestGlideinDicts" name="test__init__" time="0.428"/>
	<testcase classname="TestGlideinDicts" name="test_has_file_wrapper" time="0.474"/>
	<testcase classname="TestGlideinDicts" name="test_new_MainDicts" time="0.459"/>
	<testcase classname="TestGlideinDicts" name="test_new_SubDicts" time="0.471"/>
	<testcase classname="TestGlideinDicts" name="test_reuse" time="0.482"/>
	<testcase classname="TestGlideinDicts" name="test_save" time="0.632"/>
	<testcase classname="TestGlideinDicts" name="test_save_monitor" time="0.480"/>
	<testcase classname="TestGlideinDicts" name="test_save_pub_key" time="0.494"/>
	<system-out>
<![CDATA[]]>	</system-out>
	<system-err>
<![CDATA[]]>	</system-err>
</testsuite>
