<?xml version="1.0" ?>
<testsuite errors="0" failures="0" name="TestPlugins-20190508181719" tests="5" time="0.123">
	<testcase classname="TestPlugins" name="test_proxy_all" time="0.023"/>
	<testcase classname="TestPlugins" name="test_proxy_cardinality" time="0.020"/>
	<testcase classname="TestPlugins" name="test_proxy_first" time="0.018"/>
	<testcase classname="TestPlugins" name="test_proxy_usermap" time="0.036"/>
	<testcase classname="TestPlugins" name="test_proxy_userr" time="0.026"/>
	<system-out>
<![CDATA[]]>	</system-out>
	<system-err>
<![CDATA[]]>	</system-err>
</testsuite>
