<?xml version="1.0" ?>
<testsuite errors="0" failures="0" name="FETestCaseCondorQ-20190506193834" tests="12" time="3.003">
	<testcase classname="FETestCaseCondorQ" name="test_countCondorQ" time="0.223"/>
	<testcase classname="FETestCaseCondorQ" name="test_getClientCondorStatusCredIdOnly" time="0.229"/>
	<testcase classname="FETestCaseCondorQ" name="test_getClientCondorStatusPerCredId" time="0.232"/>
	<testcase classname="FETestCaseCondorQ" name="test_getCondorQ" time="0.275"/>
	<testcase classname="FETestCaseCondorQ" name="test_getCondorQUsers" time="0.262"/>
	<testcase classname="FETestCaseCondorQ" name="test_getCondorQ_no_constraints" time="0.275"/>
	<testcase classname="FETestCaseCondorQ" name="test_getIdleCondorQ" time="0.283"/>
	<testcase classname="FETestCaseCondorQ" name="test_getIdleProxyCondorQ" time="0.243"/>
	<testcase classname="FETestCaseCondorQ" name="test_getIdleVomsCondorQ" time="0.226"/>
	<testcase classname="FETestCaseCondorQ" name="test_getOldCondorQ" time="0.221"/>
	<testcase classname="FETestCaseCondorQ" name="test_getRunningCondorQ" time="0.225"/>
	<testcase classname="FETestCaseCondorQ" name="test_oldCondorQ" time="0.308"/>
	<system-out>
<![CDATA[]]>	</system-out>
	<system-err>
<![CDATA[]]>	</system-err>
</testsuite>
