<?xml version="1.0" ?>
<testsuite errors="0" failures="0" name="FETestCaseMisc-20190506152521" tests="5" time="1.327">
	<testcase classname="FETestCaseMisc" name="test_appendRealRunning" time="0.276"/>
	<testcase classname="FETestCaseMisc" name="test_evalParamExpr" time="0.277"/>
	<testcase classname="FETestCaseMisc" name="test_getGlideinCpusNum" time="0.251"/>
	<testcase classname="FETestCaseMisc" name="test_hashJob" time="0.275"/>
	<testcase classname="FETestCaseMisc" name="test_uniqueSets" time="0.249"/>
	<system-out>
<![CDATA[]]>	</system-out>
	<system-err>
<![CDATA[]]>	</system-err>
</testsuite>
