<?xml version="1.0" ?>
<testsuite errors="0" failures="0" name="TestGlideinDicts-20190514191424" tests="9" time="4.334">
	<testcase classname="TestGlideinDicts" name="test_MainDicts_populate" time="0.528"/>
	<testcase classname="TestGlideinDicts" name="test__init__" time="0.464"/>
	<testcase classname="TestGlideinDicts" name="test_has_file_wrapper" time="0.495"/>
	<testcase classname="TestGlideinDicts" name="test_new_MainDicts" time="0.485"/>
	<testcase classname="TestGlideinDicts" name="test_new_SubDicts" time="0.440"/>
	<testcase classname="TestGlideinDicts" name="test_reuse" time="0.463"/>
	<testcase classname="TestGlideinDicts" name="test_save" time="0.610"/>
	<testcase classname="TestGlideinDicts" name="test_save_monitor" time="0.414"/>
	<testcase classname="TestGlideinDicts" name="test_save_pub_key" time="0.436"/>
	<system-out>
<![CDATA[]]>	</system-out>
	<system-err>
<![CDATA[]]>	</system-err>
</testsuite>
