<?xml version="1.0" ?>
<testsuite errors="0" failures="0" name="TestPlugins-20190508131624" tests="5" time="0.213">
	<testcase classname="TestPlugins" name="test_proxy_all" time="0.039"/>
	<testcase classname="TestPlugins" name="test_proxy_cardinality" time="0.033"/>
	<testcase classname="TestPlugins" name="test_proxy_first" time="0.032"/>
	<testcase classname="TestPlugins" name="test_proxy_usermap" time="0.062"/>
	<testcase classname="TestPlugins" name="test_proxy_userr" time="0.046"/>
	<system-out>
<![CDATA[]]>	</system-out>
	<system-err>
<![CDATA[]]>	</system-err>
</testsuite>
