<?xml version="1.0" ?>
<testsuite errors="0" failures="0" name="FETestCaseCount-20190508124533" tests="7" time="1.857">
	<testcase classname="FETestCaseCount" name="test_countMatch" time="0.232"/>
	<testcase classname="FETestCaseCount" name="test_countMatchDowntime" time="0.270"/>
	<testcase classname="FETestCaseCount" name="test_countMatch_missingKey" time="0.315"/>
	<testcase classname="FETestCaseCount" name="test_countMatch_otherException" time="0.291"/>
	<testcase classname="FETestCaseCount" name="test_countRealRunning_match" time="0.223"/>
	<testcase classname="FETestCaseCount" name="test_countRealRunning_missingKey" time="0.229"/>
	<testcase classname="FETestCaseCount" name="test_countRealRunning_otherException" time="0.297"/>
	<system-out>
<![CDATA[]]>	</system-out>
	<system-err>
<![CDATA[]]>	</system-err>
</testsuite>
