<?xml version="1.0" ?>
<testsuite errors="0" failures="0" name="FETestCaseCount-20190506213544" tests="7" time="2.027">
	<testcase classname="FETestCaseCount" name="test_countMatch" time="0.280"/>
	<testcase classname="FETestCaseCount" name="test_countMatchDowntime" time="0.309"/>
	<testcase classname="FETestCaseCount" name="test_countMatch_missingKey" time="0.316"/>
	<testcase classname="FETestCaseCount" name="test_countMatch_otherException" time="0.324"/>
	<testcase classname="FETestCaseCount" name="test_countRealRunning_match" time="0.295"/>
	<testcase classname="FETestCaseCount" name="test_countRealRunning_missingKey" time="0.240"/>
	<testcase classname="FETestCaseCount" name="test_countRealRunning_otherException" time="0.263"/>
	<system-out>
<![CDATA[]]>	</system-out>
	<system-err>
<![CDATA[]]>	</system-err>
</testsuite>
