<?xml version="1.0" ?>
<testsuite errors="0" failures="0" name="FETestCaseCondorQ-20190508081810" tests="12" time="3.236">
	<testcase classname="FETestCaseCondorQ" name="test_countCondorQ" time="0.238"/>
	<testcase classname="FETestCaseCondorQ" name="test_getClientCondorStatusCredIdOnly" time="0.257"/>
	<testcase classname="FETestCaseCondorQ" name="test_getClientCondorStatusPerCredId" time="0.297"/>
	<testcase classname="FETestCaseCondorQ" name="test_getCondorQ" time="0.322"/>
	<testcase classname="FETestCaseCondorQ" name="test_getCondorQUsers" time="0.293"/>
	<testcase classname="FETestCaseCondorQ" name="test_getCondorQ_no_constraints" time="0.298"/>
	<testcase classname="FETestCaseCondorQ" name="test_getIdleCondorQ" time="0.254"/>
	<testcase classname="FETestCaseCondorQ" name="test_getIdleProxyCondorQ" time="0.225"/>
	<testcase classname="FETestCaseCondorQ" name="test_getIdleVomsCondorQ" time="0.231"/>
	<testcase classname="FETestCaseCondorQ" name="test_getOldCondorQ" time="0.252"/>
	<testcase classname="FETestCaseCondorQ" name="test_getRunningCondorQ" time="0.267"/>
	<testcase classname="FETestCaseCondorQ" name="test_oldCondorQ" time="0.301"/>
	<system-out>
<![CDATA[]]>	</system-out>
	<system-err>
<![CDATA[]]>	</system-err>
</testsuite>
