<?xml version="1.0" ?>
<testsuite errors="0" failures="0" name="FETestCaseCondorQ-20190506181657" tests="12" time="3.359">
	<testcase classname="FETestCaseCondorQ" name="test_countCondorQ" time="0.286"/>
	<testcase classname="FETestCaseCondorQ" name="test_getClientCondorStatusCredIdOnly" time="0.304"/>
	<testcase classname="FETestCaseCondorQ" name="test_getClientCondorStatusPerCredId" time="0.237"/>
	<testcase classname="FETestCaseCondorQ" name="test_getCondorQ" time="0.302"/>
	<testcase classname="FETestCaseCondorQ" name="test_getCondorQUsers" time="0.273"/>
	<testcase classname="FETestCaseCondorQ" name="test_getCondorQ_no_constraints" time="0.297"/>
	<testcase classname="FETestCaseCondorQ" name="test_getIdleCondorQ" time="0.279"/>
	<testcase classname="FETestCaseCondorQ" name="test_getIdleProxyCondorQ" time="0.277"/>
	<testcase classname="FETestCaseCondorQ" name="test_getIdleVomsCondorQ" time="0.283"/>
	<testcase classname="FETestCaseCondorQ" name="test_getOldCondorQ" time="0.271"/>
	<testcase classname="FETestCaseCondorQ" name="test_getRunningCondorQ" time="0.257"/>
	<testcase classname="FETestCaseCondorQ" name="test_oldCondorQ" time="0.294"/>
	<system-out>
<![CDATA[]]>	</system-out>
	<system-err>
<![CDATA[]]>	</system-err>
</testsuite>
