<?xml version="1.0" ?>
<testsuite errors="0" failures="0" name="FETestCaseCondorStatus-20190506220528" tests="9" time="2.553">
	<testcase classname="FETestCaseCondorStatus" name="test_countCondorStatus" time="0.255"/>
	<testcase classname="FETestCaseCondorStatus" name="test_getClientCondorStatus" time="0.226"/>
	<testcase classname="FETestCaseCondorStatus" name="test_getClientCondorStatusCredIdOnly" time="0.265"/>
	<testcase classname="FETestCaseCondorStatus" name="test_getClientCondorStatusPerCredId" time="0.265"/>
	<testcase classname="FETestCaseCondorStatus" name="test_getCondorStatus" time="0.461"/>
	<testcase classname="FETestCaseCondorStatus" name="test_getCondorStatusSchedds" time="0.360"/>
	<testcase classname="FETestCaseCondorStatus" name="test_getFactoryEntryList" time="0.246"/>
	<testcase classname="FETestCaseCondorStatus" name="test_getIdleCondorStatus" time="0.241"/>
	<testcase classname="FETestCaseCondorStatus" name="test_getRunningCondorStatus" time="0.235"/>
	<system-out>
<![CDATA[]]>	</system-out>
	<system-err>
<![CDATA[]]>	</system-err>
</testsuite>
