<?xml version="1.0" ?>
<testsuite errors="0" failures="0" name="TestDowntimes-20190509181719" tests="5" time="0.138">
	<testcase classname="TestDowntimes" name="test_downtimesfile" time="0.090"/>
	<testcase classname="TestDowntimes" name="test_entryonlydowntime" time="0.011"/>
	<testcase classname="TestDowntimes" name="test_setdelayedperiod" time="0.011"/>
	<testcase classname="TestDowntimes" name="test_setfrontendsecclass" time="0.017"/>
	<testcase classname="TestDowntimes" name="test_setperiodwithendtime" time="0.009"/>
	<system-out>
<![CDATA[]]>	</system-out>
	<system-err>
<![CDATA[]]>	</system-err>
</testsuite>
