<?xml version="1.0" ?>
<testsuite errors="0" failures="0" name="TestExprParserSymmetric-20190506152540" tests="3" time="0.390">
	<testcase classname="TestExprParserSymmetric" name="test__compile" time="0.146"/>
	<testcase classname="TestExprParserSymmetric" name="test_parse_symmetric" time="0.186"/>
	<testcase classname="TestExprParserSymmetric" name="test_unparse_ret" time="0.059"/>
	<system-out>
<![CDATA[]]>	</system-out>
	<system-err>
<![CDATA[]]>	</system-err>
</testsuite>
