<?xml version="1.0" ?>
<testsuite errors="0" failures="0" name="FETestCaseCount-20190506181657" tests="7" time="1.733">
	<testcase classname="FETestCaseCount" name="test_countMatch" time="0.253"/>
	<testcase classname="FETestCaseCount" name="test_countMatchDowntime" time="0.249"/>
	<testcase classname="FETestCaseCount" name="test_countMatch_missingKey" time="0.255"/>
	<testcase classname="FETestCaseCount" name="test_countMatch_otherException" time="0.248"/>
	<testcase classname="FETestCaseCount" name="test_countRealRunning_match" time="0.229"/>
	<testcase classname="FETestCaseCount" name="test_countRealRunning_missingKey" time="0.262"/>
	<testcase classname="FETestCaseCount" name="test_countRealRunning_otherException" time="0.237"/>
	<system-out>
<![CDATA[]]>	</system-out>
	<system-err>
<![CDATA[]]>	</system-err>
</testsuite>
