<?xml version="1.0" ?>
<testsuite errors="0" failures="0" name="TestExprParserSymmetric-20190507181711" tests="3" time="0.367">
	<testcase classname="TestExprParserSymmetric" name="test__compile" time="0.133"/>
	<testcase classname="TestExprParserSymmetric" name="test_parse_symmetric" time="0.171"/>
	<testcase classname="TestExprParserSymmetric" name="test_unparse_ret" time="0.063"/>
	<system-out>
<![CDATA[]]>	</system-out>
	<system-err>
<![CDATA[]]>	</system-err>
</testsuite>
