<?xml version="1.0" ?>
<testsuite errors="0" failures="0" name="FETestCaseCount-20190508131609" tests="7" time="1.679">
	<testcase classname="FETestCaseCount" name="test_countMatch" time="0.249"/>
	<testcase classname="FETestCaseCount" name="test_countMatchDowntime" time="0.239"/>
	<testcase classname="FETestCaseCount" name="test_countMatch_missingKey" time="0.272"/>
	<testcase classname="FETestCaseCount" name="test_countMatch_otherException" time="0.249"/>
	<testcase classname="FETestCaseCount" name="test_countRealRunning_match" time="0.220"/>
	<testcase classname="FETestCaseCount" name="test_countRealRunning_missingKey" time="0.222"/>
	<testcase classname="FETestCaseCount" name="test_countRealRunning_otherException" time="0.228"/>
	<system-out>
<![CDATA[]]>	</system-out>
	<system-err>
<![CDATA[]]>	</system-err>
</testsuite>
