<?xml version="1.0" ?>
<testsuite errors="0" failures="0" name="FETestCaseCondorStatus-20190507181652" tests="9" time="2.841">
	<testcase classname="FETestCaseCondorStatus" name="test_countCondorStatus" time="0.273"/>
	<testcase classname="FETestCaseCondorStatus" name="test_getClientCondorStatus" time="0.294"/>
	<testcase classname="FETestCaseCondorStatus" name="test_getClientCondorStatusCredIdOnly" time="0.287"/>
	<testcase classname="FETestCaseCondorStatus" name="test_getClientCondorStatusPerCredId" time="0.270"/>
	<testcase classname="FETestCaseCondorStatus" name="test_getCondorStatus" time="0.502"/>
	<testcase classname="FETestCaseCondorStatus" name="test_getCondorStatusSchedds" time="0.369"/>
	<testcase classname="FETestCaseCondorStatus" name="test_getFactoryEntryList" time="0.294"/>
	<testcase classname="FETestCaseCondorStatus" name="test_getIdleCondorStatus" time="0.281"/>
	<testcase classname="FETestCaseCondorStatus" name="test_getRunningCondorStatus" time="0.269"/>
	<system-out>
<![CDATA[]]>	</system-out>
	<system-err>
<![CDATA[]]>	</system-err>
</testsuite>
