<?xml version="1.0" ?>
<testsuite errors="0" failures="0" name="FETestCaseCount-20190506220528" tests="7" time="1.904">
	<testcase classname="FETestCaseCount" name="test_countMatch" time="0.270"/>
	<testcase classname="FETestCaseCount" name="test_countMatchDowntime" time="0.274"/>
	<testcase classname="FETestCaseCount" name="test_countMatch_missingKey" time="0.287"/>
	<testcase classname="FETestCaseCount" name="test_countMatch_otherException" time="0.298"/>
	<testcase classname="FETestCaseCount" name="test_countRealRunning_match" time="0.258"/>
	<testcase classname="FETestCaseCount" name="test_countRealRunning_missingKey" time="0.254"/>
	<testcase classname="FETestCaseCount" name="test_countRealRunning_otherException" time="0.263"/>
	<system-out>
<![CDATA[]]>	</system-out>
	<system-err>
<![CDATA[]]>	</system-err>
</testsuite>
