<?xml version="1.0" ?>
<testsuite errors="0" failures="0" name="TestGlideinMainDicts-20190506193811" tests="6" time="1.251">
	<testcase classname="TestGlideinMainDicts" name="test___init__" time="0.198"/>
	<testcase classname="TestGlideinMainDicts" name="test_get_daemon_log_dir" time="0.196"/>
	<testcase classname="TestGlideinMainDicts" name="test_get_main_dicts" time="0.195"/>
	<testcase classname="TestGlideinMainDicts" name="test_load" time="0.201"/>
	<testcase classname="TestGlideinMainDicts" name="test_reuse" time="0.213"/>
	<testcase classname="TestGlideinMainDicts" name="test_save" time="0.248"/>
	<system-out>
<![CDATA[]]>	</system-out>
	<system-err>
<![CDATA[]]>	</system-err>
</testsuite>
