<?xml version="1.0" ?>
<testsuite errors="0" failures="0" name="TestGlideinDicts-20190508081740" tests="9" time="4.465">
	<testcase classname="TestGlideinDicts" name="test_MainDicts_populate" time="0.605"/>
	<testcase classname="TestGlideinDicts" name="test__init__" time="0.454"/>
	<testcase classname="TestGlideinDicts" name="test_has_file_wrapper" time="0.505"/>
	<testcase classname="TestGlideinDicts" name="test_new_MainDicts" time="0.403"/>
	<testcase classname="TestGlideinDicts" name="test_new_SubDicts" time="0.464"/>
	<testcase classname="TestGlideinDicts" name="test_reuse" time="0.449"/>
	<testcase classname="TestGlideinDicts" name="test_save" time="0.599"/>
	<testcase classname="TestGlideinDicts" name="test_save_monitor" time="0.476"/>
	<testcase classname="TestGlideinDicts" name="test_save_pub_key" time="0.510"/>
	<system-out>
<![CDATA[]]>	</system-out>
	<system-err>
<![CDATA[]]>	</system-err>
</testsuite>
