<?xml version="1.0" ?>
<testsuite errors="0" failures="0" name="TestEntryElement-20190508131553" tests="3" time="0.649">
	<testcase classname="TestEntryElement" name="test_getName" time="0.214"/>
	<testcase classname="TestEntryElement" name="test_validate" time="0.211"/>
	<testcase classname="TestEntryElement" name="test_validate_sub_elements" time="0.224"/>
	<system-out>
<![CDATA[]]>	</system-out>
	<system-err>
<![CDATA[]]>	</system-err>
</testsuite>
