<?xml version="1.0" ?>
<testsuite errors="0" failures="0" name="TestDowntimes-20190514191522" tests="5" time="0.191">
	<testcase classname="TestDowntimes" name="test_downtimesfile" time="0.106"/>
	<testcase classname="TestDowntimes" name="test_entryonlydowntime" time="0.031"/>
	<testcase classname="TestDowntimes" name="test_setdelayedperiod" time="0.022"/>
	<testcase classname="TestDowntimes" name="test_setfrontendsecclass" time="0.019"/>
	<testcase classname="TestDowntimes" name="test_setperiodwithendtime" time="0.012"/>
	<system-out>
<![CDATA[]]>	</system-out>
	<system-err>
<![CDATA[]]>	</system-err>
</testsuite>
