<?xml version="1.0" ?>
<testsuite errors="0" failures="0" name="TestEntrySetElement-20190506181636" tests="2" time="0.402">
	<testcase classname="TestEntrySetElement" name="test_validate_entries" time="0.198"/>
	<testcase classname="TestEntrySetElement" name="test_validate_entry_sets" time="0.204"/>
	<system-out>
<![CDATA[]]>	</system-out>
	<system-err>
<![CDATA[]]>	</system-err>
</testsuite>
