<?xml version="1.0" ?>
<testsuite errors="0" failures="0" name="TestCondorExe-20190506213514" tests="3" time="2.957">
	<testcase classname="TestCondorExe" name="test_exe_cmd" time="1.047"/>
	<testcase classname="TestCondorExe" name="test_exe_cmd_sbin" time="0.994"/>
	<testcase classname="TestCondorExe" name="test_iexe_cmd" time="0.916"/>
	<system-out>
<![CDATA[]]>	</system-out>
	<system-err>
<![CDATA[]]>	</system-err>
</testsuite>
