<?xml version="1.0" ?>
<testsuite errors="0" failures="0" name="TestPubCrypto-20190506220701" tests="3" time="0.148">
	<testcase classname="TestPubCrypto" name="test_symmetric" time="0.078"/>
	<testcase classname="TestPubCrypto" name="test_symmetric_base64" time="0.053"/>
	<testcase classname="TestPubCrypto" name="test_symmetric_hex" time="0.017"/>
	<system-out>
<![CDATA[]]>	</system-out>
	<system-err>
<![CDATA[]]>	</system-err>
</testsuite>
