<?xml version="1.0" ?>
<testsuite errors="0" failures="0" name="TestGlideinDicts-20190506221658" tests="9" time="4.381">
	<testcase classname="TestGlideinDicts" name="test_MainDicts_populate" time="0.635"/>
	<testcase classname="TestGlideinDicts" name="test__init__" time="0.492"/>
	<testcase classname="TestGlideinDicts" name="test_has_file_wrapper" time="0.391"/>
	<testcase classname="TestGlideinDicts" name="test_new_MainDicts" time="0.428"/>
	<testcase classname="TestGlideinDicts" name="test_new_SubDicts" time="0.500"/>
	<testcase classname="TestGlideinDicts" name="test_reuse" time="0.443"/>
	<testcase classname="TestGlideinDicts" name="test_save" time="0.597"/>
	<testcase classname="TestGlideinDicts" name="test_save_monitor" time="0.426"/>
	<testcase classname="TestGlideinDicts" name="test_save_pub_key" time="0.468"/>
	<system-out>
<![CDATA[]]>	</system-out>
	<system-err>
<![CDATA[]]>	</system-err>
</testsuite>
