<?xml version="1.0" ?>
<testsuite errors="0" failures="0" name="TestGlideinDicts-20190508124503" tests="9" time="4.685">
	<testcase classname="TestGlideinDicts" name="test_MainDicts_populate" time="0.635"/>
	<testcase classname="TestGlideinDicts" name="test__init__" time="0.504"/>
	<testcase classname="TestGlideinDicts" name="test_has_file_wrapper" time="0.465"/>
	<testcase classname="TestGlideinDicts" name="test_new_MainDicts" time="0.483"/>
	<testcase classname="TestGlideinDicts" name="test_new_SubDicts" time="0.464"/>
	<testcase classname="TestGlideinDicts" name="test_reuse" time="0.505"/>
	<testcase classname="TestGlideinDicts" name="test_save" time="0.619"/>
	<testcase classname="TestGlideinDicts" name="test_save_monitor" time="0.501"/>
	<testcase classname="TestGlideinDicts" name="test_save_pub_key" time="0.510"/>
	<system-out>
<![CDATA[]]>	</system-out>
	<system-err>
<![CDATA[]]>	</system-err>
</testsuite>
