<?xml version="1.0" ?>
<testsuite errors="0" failures="0" name="FETestCaseCount-20190508075617" tests="7" time="1.786">
	<testcase classname="FETestCaseCount" name="test_countMatch" time="0.236"/>
	<testcase classname="FETestCaseCount" name="test_countMatchDowntime" time="0.259"/>
	<testcase classname="FETestCaseCount" name="test_countMatch_missingKey" time="0.259"/>
	<testcase classname="FETestCaseCount" name="test_countMatch_otherException" time="0.254"/>
	<testcase classname="FETestCaseCount" name="test_countRealRunning_match" time="0.263"/>
	<testcase classname="FETestCaseCount" name="test_countRealRunning_missingKey" time="0.259"/>
	<testcase classname="FETestCaseCount" name="test_countRealRunning_otherException" time="0.256"/>
	<system-out>
<![CDATA[]]>	</system-out>
	<system-err>
<![CDATA[]]>	</system-err>
</testsuite>
