<?xml version="1.0" ?>
<testsuite errors="0" failures="0" name="TestForkResultError-20190506213603" tests="1" time="0.001">
	<testcase classname="TestForkResultError" name="test___init__" time="0.001"/>
	<system-out>
<![CDATA[]]>	</system-out>
	<system-err>
<![CDATA[]]>	</system-err>
</testsuite>
