<?xml version="1.0" ?>
<testsuite errors="0" failures="0" name="TestExprParserSymmetric-20190508075637" tests="3" time="0.354">
	<testcase classname="TestExprParserSymmetric" name="test__compile" time="0.128"/>
	<testcase classname="TestExprParserSymmetric" name="test_parse_symmetric" time="0.175"/>
	<testcase classname="TestExprParserSymmetric" name="test_unparse_ret" time="0.051"/>
	<system-out>
<![CDATA[]]>	</system-out>
	<system-err>
<![CDATA[]]>	</system-err>
</testsuite>
