<?xml version="1.0" ?>
<testsuite errors="0" failures="0" name="FEElementTestCase-20190508131618" tests="3" time="1.066">
	<testcase classname="FEElementTestCase" name="test_compute_glidein_max_run" time="0.031"/>
	<testcase classname="FEElementTestCase" name="test_get_condor_q" time="0.065"/>
	<testcase classname="FEElementTestCase" name="test_some_iterate_one_artifacts" time="0.971"/>
	<system-out>
<![CDATA[]]>	</system-out>
	<system-err>
<![CDATA[]]>	</system-err>
</testsuite>
