<?xml version="1.0" ?>
<testsuite errors="0" failures="0" name="TestConfig-20190509181648" tests="17" time="3.981">
	<testcase classname="TestConfig" name="test___init__" time="0.244"/>
	<testcase classname="TestConfig" name="test_get_client_log_dirs" time="0.247"/>
	<testcase classname="TestConfig" name="test_get_client_proxy_dirs" time="0.251"/>
	<testcase classname="TestConfig" name="test_get_entries" time="0.256"/>
	<testcase classname="TestConfig" name="test_get_log_dir" time="0.233"/>
	<testcase classname="TestConfig" name="test_get_monitor_dir" time="0.210"/>
	<testcase classname="TestConfig" name="test_get_stage_dir" time="0.223"/>
	<testcase classname="TestConfig" name="test_get_submit_dir" time="0.226"/>
	<testcase classname="TestConfig" name="test_get_web_url" time="0.221"/>
	<testcase classname="TestConfig" name="test_set_client_log_dirs" time="0.259"/>
	<testcase classname="TestConfig" name="test_set_client_proxy_dirs" time="0.231"/>
	<testcase classname="TestConfig" name="test_set_log_dir" time="0.237"/>
	<testcase classname="TestConfig" name="test_set_monitor_dir" time="0.238"/>
	<testcase classname="TestConfig" name="test_set_stage_dir" time="0.236"/>
	<testcase classname="TestConfig" name="test_set_submit_dir" time="0.223"/>
	<testcase classname="TestConfig" name="test_set_web_url" time="0.200"/>
	<testcase classname="TestConfig" name="test_validate" time="0.244"/>
	<system-out>
<![CDATA[]]>	</system-out>
	<system-err>
<![CDATA[]]>	</system-err>
</testsuite>
