<?xml version="1.0" ?>
<testsuite errors="0" failures="0" name="TestGlideinFrontendElement-20190509181718" tests="35" time="0.110">
	<testcase classname="TestGlideinFrontendElement" name="test___init__" time="0.013"/>
	<testcase classname="TestGlideinFrontendElement" name="test_configure" time="0.027"/>
	<testcase classname="TestGlideinFrontendElement" name="test_deadvertiseAllClassads" time="0.021"/>
	<testcase classname="TestGlideinFrontendElement" name="test_init_factory_stats_arr" time="0.013"/>
	<testcase classname="TestGlideinFrontendElement" name="test_log_factory_header" time="0.017"/>
	<testcase classname="TestGlideinFrontendElement" name="test_set_glidein_config_limits" time="0.013"/>
	<testcase classname="TestGlideinFrontendElement" name="test_build_resource_classad" time="0.000">
		<skipped message="for now" type="skip"/>
	</testcase>
	<testcase classname="TestGlideinFrontendElement" name="test_check_removal_type" time="0.000">
		<skipped message="for now" type="skip"/>
	</testcase>
	<testcase classname="TestGlideinFrontendElement" name="test_check_removal_type_config" time="0.000">
		<skipped message="grr" type="skip"/>
	</testcase>
	<testcase classname="TestGlideinFrontendElement" name="test_choose_remove_excess_type" time="0.000">
		<skipped message="for now" type="skip"/>
	</testcase>
	<testcase classname="TestGlideinFrontendElement" name="test_compute_glidein_max_run" time="0.000">
		<skipped message="for now" type="skip"/>
	</testcase>
	<testcase classname="TestGlideinFrontendElement" name="test_compute_glidein_min_idle" time="0.000">
		<skipped message="for now" type="skip"/>
	</testcase>
	<testcase classname="TestGlideinFrontendElement" name="test_count_factory_entries_without_classads" time="0.000">
		<skipped message="for now" type="skip"/>
	</testcase>
	<testcase classname="TestGlideinFrontendElement" name="test_decide_removal_type" time="0.000">
		<skipped message="grr" type="skip"/>
	</testcase>
	<testcase classname="TestGlideinFrontendElement" name="test_do_match" time="0.000">
		<skipped message="hhmmm" type="skip"/>
	</testcase>
	<testcase classname="TestGlideinFrontendElement" name="test_expand__d_d" time="0.000">
		<skipped message="for now" type="skip"/>
	</testcase>
	<testcase classname="TestGlideinFrontendElement" name="test_get_condor_status" time="0.000">
		<skipped message="grr" type="skip"/>
	</testcase>
	<testcase classname="TestGlideinFrontendElement" name="test_identify_bad_schedds" time="0.000">
		<skipped message="for now" type="skip"/>
	</testcase>
	<testcase classname="TestGlideinFrontendElement" name="test_identify_limits_triggered" time="0.000">
		<skipped message="for now" type="skip"/>
	</testcase>
	<testcase classname="TestGlideinFrontendElement" name="test_iterate" time="0.000">
		<skipped message="for now" type="skip"/>
	</testcase>
	<testcase classname="TestGlideinFrontendElement" name="test_log_and_print_total_stats" time="0.000">
		<skipped message="for now" type="skip"/>
	</testcase>
	<testcase classname="TestGlideinFrontendElement" name="test_log_and_print_unmatched" time="0.000">
		<skipped message="for now" type="skip"/>
	</testcase>
	<testcase classname="TestGlideinFrontendElement" name="test_log_and_sum_factory_line" time="0.000">
		<skipped message="for now" type="skip"/>
	</testcase>
	<testcase classname="TestGlideinFrontendElement" name="test_main" time="0.000">
		<skipped message="grr" type="skip"/>
	</testcase>
	<testcase classname="TestGlideinFrontendElement" name="test_populate_condorq_dict_types" time="0.000">
		<skipped message="for now" type="skip"/>
	</testcase>
	<testcase classname="TestGlideinFrontendElement" name="test_populate_pubkey" time="0.000">
		<skipped message="grr" type="skip"/>
	</testcase>
	<testcase classname="TestGlideinFrontendElement" name="test_populate_status_dict_types" time="0.000">
		<skipped message="for now" type="skip"/>
	</testcase>
	<testcase classname="TestGlideinFrontendElement" name="test_query_entries" time="0.000">
		<skipped message="for now" type="skip"/>
	</testcase>
	<testcase classname="TestGlideinFrontendElement" name="test_query_factory" time="0.000">
		<skipped message="for now" type="skip"/>
	</testcase>
	<testcase classname="TestGlideinFrontendElement" name="test_query_factoryclients" time="0.000">
		<skipped message="for now" type="skip"/>
	</testcase>
	<testcase classname="TestGlideinFrontendElement" name="test_query_globals" time="0.000">
		<skipped message="for now" type="skip"/>
	</testcase>
	<testcase classname="TestGlideinFrontendElement" name="test_subprocess_count_dt" time="0.000">
		<skipped message="for now" type="skip"/>
	</testcase>
	<testcase classname="TestGlideinFrontendElement" name="test_subprocess_count_glidein" time="0.000">
		<skipped message="for now" type="skip"/>
	</testcase>
	<testcase classname="TestGlideinFrontendElement" name="test_subprocess_count_real" time="0.000">
		<skipped message="for now" type="skip"/>
	</testcase>
	<testcase classname="TestGlideinFrontendElement" name="test_write_stats" time="0.000">
		<skipped message="for now" type="skip"/>
	</testcase>
	<system-out>
<![CDATA[]]>	</system-out>
	<system-err>
<![CDATA[]]>	</system-err>
</testsuite>
