<?xml version="1.0" ?>
<testsuite errors="0" failures="0" name="TestGlideinDicts-20190506182915" tests="9" time="4.464">
	<testcase classname="TestGlideinDicts" name="test_MainDicts_populate" time="0.760"/>
	<testcase classname="TestGlideinDicts" name="test__init__" time="0.477"/>
	<testcase classname="TestGlideinDicts" name="test_has_file_wrapper" time="0.472"/>
	<testcase classname="TestGlideinDicts" name="test_new_MainDicts" time="0.443"/>
	<testcase classname="TestGlideinDicts" name="test_new_SubDicts" time="0.470"/>
	<testcase classname="TestGlideinDicts" name="test_reuse" time="0.432"/>
	<testcase classname="TestGlideinDicts" name="test_save" time="0.557"/>
	<testcase classname="TestGlideinDicts" name="test_save_monitor" time="0.423"/>
	<testcase classname="TestGlideinDicts" name="test_save_pub_key" time="0.430"/>
	<system-out>
<![CDATA[]]>	</system-out>
	<system-err>
<![CDATA[]]>	</system-err>
</testsuite>
