<?xml version="1.0" ?>
<testsuite errors="0" failures="0" name="TeOBstAddAttrUnparsed-20190508181631" tests="1" time="0.000">
	<testcase classname="TeOBstAddAttrUnparsed" name="test_add_attr_unparsed" time="0.000">
		<skipped message="for now" type="skip"/>
	</testcase>
	<system-out>
<![CDATA[]]>	</system-out>
	<system-err>
<![CDATA[]]>	</system-err>
</testsuite>
