<?xml version="1.0" ?>
<testsuite errors="0" failures="0" name="TestEntryElement-20190508181646" tests="3" time="0.677">
	<testcase classname="TestEntryElement" name="test_getName" time="0.199"/>
	<testcase classname="TestEntryElement" name="test_validate" time="0.233"/>
	<testcase classname="TestEntryElement" name="test_validate_sub_elements" time="0.246"/>
	<system-out>
<![CDATA[]]>	</system-out>
	<system-err>
<![CDATA[]]>	</system-err>
</testsuite>
