<?xml version="1.0" ?>
<testsuite errors="0" failures="0" name="TestGlideinDicts-20190506153650" tests="9" time="4.646">
	<testcase classname="TestGlideinDicts" name="test_MainDicts_populate" time="0.631"/>
	<testcase classname="TestGlideinDicts" name="test__init__" time="0.439"/>
	<testcase classname="TestGlideinDicts" name="test_has_file_wrapper" time="0.469"/>
	<testcase classname="TestGlideinDicts" name="test_new_MainDicts" time="0.475"/>
	<testcase classname="TestGlideinDicts" name="test_new_SubDicts" time="0.456"/>
	<testcase classname="TestGlideinDicts" name="test_reuse" time="0.493"/>
	<testcase classname="TestGlideinDicts" name="test_save" time="0.695"/>
	<testcase classname="TestGlideinDicts" name="test_save_monitor" time="0.486"/>
	<testcase classname="TestGlideinDicts" name="test_save_pub_key" time="0.503"/>
	<system-out>
<![CDATA[]]>	</system-out>
	<system-err>
<![CDATA[]]>	</system-err>
</testsuite>
