<?xml version="1.0" ?>
<testsuite errors="0" failures="0" name="TestGlideinDicts-20190506194957" tests="9" time="4.495">
	<testcase classname="TestGlideinDicts" name="test_MainDicts_populate" time="0.691"/>
	<testcase classname="TestGlideinDicts" name="test__init__" time="0.481"/>
	<testcase classname="TestGlideinDicts" name="test_has_file_wrapper" time="0.398"/>
	<testcase classname="TestGlideinDicts" name="test_new_MainDicts" time="0.413"/>
	<testcase classname="TestGlideinDicts" name="test_new_SubDicts" time="0.502"/>
	<testcase classname="TestGlideinDicts" name="test_reuse" time="0.503"/>
	<testcase classname="TestGlideinDicts" name="test_save" time="0.577"/>
	<testcase classname="TestGlideinDicts" name="test_save_monitor" time="0.480"/>
	<testcase classname="TestGlideinDicts" name="test_save_pub_key" time="0.450"/>
	<system-out>
<![CDATA[]]>	</system-out>
	<system-err>
<![CDATA[]]>	</system-err>
</testsuite>
