<?xml version="1.0" ?>
<testsuite errors="0" failures="0" name="FETestCaseCondorQ-20190508181702" tests="12" time="3.844">
	<testcase classname="FETestCaseCondorQ" name="test_countCondorQ" time="0.324"/>
	<testcase classname="FETestCaseCondorQ" name="test_getClientCondorStatusCredIdOnly" time="0.301"/>
	<testcase classname="FETestCaseCondorQ" name="test_getClientCondorStatusPerCredId" time="0.285"/>
	<testcase classname="FETestCaseCondorQ" name="test_getCondorQ" time="0.360"/>
	<testcase classname="FETestCaseCondorQ" name="test_getCondorQUsers" time="0.345"/>
	<testcase classname="FETestCaseCondorQ" name="test_getCondorQ_no_constraints" time="0.363"/>
	<testcase classname="FETestCaseCondorQ" name="test_getIdleCondorQ" time="0.275"/>
	<testcase classname="FETestCaseCondorQ" name="test_getIdleProxyCondorQ" time="0.302"/>
	<testcase classname="FETestCaseCondorQ" name="test_getIdleVomsCondorQ" time="0.305"/>
	<testcase classname="FETestCaseCondorQ" name="test_getOldCondorQ" time="0.299"/>
	<testcase classname="FETestCaseCondorQ" name="test_getRunningCondorQ" time="0.315"/>
	<testcase classname="FETestCaseCondorQ" name="test_oldCondorQ" time="0.370"/>
	<system-out>
<![CDATA[]]>	</system-out>
	<system-err>
<![CDATA[]]>	</system-err>
</testsuite>
