<?xml version="1.0" ?>
<testsuite errors="0" failures="0" name="TestPubCrypto-20190508081945" tests="3" time="0.096">
	<testcase classname="TestPubCrypto" name="test_symmetric" time="0.051"/>
	<testcase classname="TestPubCrypto" name="test_symmetric_base64" time="0.024"/>
	<testcase classname="TestPubCrypto" name="test_symmetric_hex" time="0.021"/>
	<system-out>
<![CDATA[]]>	</system-out>
	<system-err>
<![CDATA[]]>	</system-err>
</testsuite>
