<?xml version="1.0" ?>
<testsuite errors="0" failures="0" name="FETestCaseCondorQ-20190506213544" tests="12" time="3.360">
	<testcase classname="FETestCaseCondorQ" name="test_countCondorQ" time="0.292"/>
	<testcase classname="FETestCaseCondorQ" name="test_getClientCondorStatusCredIdOnly" time="0.275"/>
	<testcase classname="FETestCaseCondorQ" name="test_getClientCondorStatusPerCredId" time="0.300"/>
	<testcase classname="FETestCaseCondorQ" name="test_getCondorQ" time="0.300"/>
	<testcase classname="FETestCaseCondorQ" name="test_getCondorQUsers" time="0.268"/>
	<testcase classname="FETestCaseCondorQ" name="test_getCondorQ_no_constraints" time="0.271"/>
	<testcase classname="FETestCaseCondorQ" name="test_getIdleCondorQ" time="0.285"/>
	<testcase classname="FETestCaseCondorQ" name="test_getIdleProxyCondorQ" time="0.290"/>
	<testcase classname="FETestCaseCondorQ" name="test_getIdleVomsCondorQ" time="0.287"/>
	<testcase classname="FETestCaseCondorQ" name="test_getOldCondorQ" time="0.245"/>
	<testcase classname="FETestCaseCondorQ" name="test_getRunningCondorQ" time="0.258"/>
	<testcase classname="FETestCaseCondorQ" name="test_oldCondorQ" time="0.289"/>
	<system-out>
<![CDATA[]]>	</system-out>
	<system-err>
<![CDATA[]]>	</system-err>
</testsuite>
