<?xml version="1.0" ?>
<testsuite errors="0" failures="0" name="TestGlideinDicts-20190507182816" tests="9" time="4.689">
	<testcase classname="TestGlideinDicts" name="test_MainDicts_populate" time="0.733"/>
	<testcase classname="TestGlideinDicts" name="test__init__" time="0.508"/>
	<testcase classname="TestGlideinDicts" name="test_has_file_wrapper" time="0.491"/>
	<testcase classname="TestGlideinDicts" name="test_new_MainDicts" time="0.429"/>
	<testcase classname="TestGlideinDicts" name="test_new_SubDicts" time="0.507"/>
	<testcase classname="TestGlideinDicts" name="test_reuse" time="0.509"/>
	<testcase classname="TestGlideinDicts" name="test_save" time="0.644"/>
	<testcase classname="TestGlideinDicts" name="test_save_monitor" time="0.445"/>
	<testcase classname="TestGlideinDicts" name="test_save_pub_key" time="0.423"/>
	<system-out>
<![CDATA[]]>	</system-out>
	<system-err>
<![CDATA[]]>	</system-err>
</testsuite>
