<?xml version="1.0" ?>
<testsuite errors="0" failures="0" name="FETestCaseCondorStatus-20190506181657" tests="9" time="2.696">
	<testcase classname="FETestCaseCondorStatus" name="test_countCondorStatus" time="0.265"/>
	<testcase classname="FETestCaseCondorStatus" name="test_getClientCondorStatus" time="0.296"/>
	<testcase classname="FETestCaseCondorStatus" name="test_getClientCondorStatusCredIdOnly" time="0.267"/>
	<testcase classname="FETestCaseCondorStatus" name="test_getClientCondorStatusPerCredId" time="0.252"/>
	<testcase classname="FETestCaseCondorStatus" name="test_getCondorStatus" time="0.470"/>
	<testcase classname="FETestCaseCondorStatus" name="test_getCondorStatusSchedds" time="0.362"/>
	<testcase classname="FETestCaseCondorStatus" name="test_getFactoryEntryList" time="0.284"/>
	<testcase classname="FETestCaseCondorStatus" name="test_getIdleCondorStatus" time="0.258"/>
	<testcase classname="FETestCaseCondorStatus" name="test_getRunningCondorStatus" time="0.241"/>
	<system-out>
<![CDATA[]]>	</system-out>
	<system-err>
<![CDATA[]]>	</system-err>
</testsuite>
