<?xml version="1.0" ?>
<testsuite errors="0" failures="0" name="TestCondorExe-20190504163350" tests="3" time="3.280">
	<testcase classname="TestCondorExe" name="test_exe_cmd" time="1.050"/>
	<testcase classname="TestCondorExe" name="test_exe_cmd_sbin" time="1.129"/>
	<testcase classname="TestCondorExe" name="test_iexe_cmd" time="1.102"/>
	<system-out>
<![CDATA[]]>	</system-out>
	<system-err>
<![CDATA[]]>	</system-err>
</testsuite>
