<?xml version="1.0" ?>
<testsuite errors="0" failures="0" name="TestCondorExe-20190504181759" tests="3" time="3.535">
	<testcase classname="TestCondorExe" name="test_exe_cmd" time="1.096"/>
	<testcase classname="TestCondorExe" name="test_exe_cmd_sbin" time="1.144"/>
	<testcase classname="TestCondorExe" name="test_iexe_cmd" time="1.295"/>
	<system-out>
<![CDATA[]]>	</system-out>
	<system-err>
<![CDATA[]]>	</system-err>
</testsuite>
