<?xml version="1.0" ?>
<testsuite errors="0" failures="0" name="TestGetGroupNameFromGroupStageDir-20190504152113" tests="1" time="0.000">
	<testcase classname="TestGetGroupNameFromGroupStageDir" name="test_get_group_name_from_group_stage_dir" time="0.000"/>
	<system-out>
<![CDATA[]]>	</system-out>
	<system-err>
<![CDATA[]]>	</system-err>
</testsuite>
