<?xml version="1.0" ?>
<testsuite errors="0" failures="0" name="TestWhich-20190504163402" tests="1" time="0.000">
	<testcase classname="TestWhich" name="test_which" time="0.000"/>
	<system-out>
<![CDATA[]]>	</system-out>
	<system-err>
<![CDATA[]]>	</system-err>
</testsuite>
