<?xml version="1.0" ?>
<testsuite errors="0" failures="0" name="FETestCaseCount-20190504181812" tests="6" time="0.250">
	<testcase classname="FETestCaseCount" name="test_countMatch" time="0.039"/>
	<testcase classname="FETestCaseCount" name="test_countMatch_missingKey" time="0.039"/>
	<testcase classname="FETestCaseCount" name="test_countMatch_otherException" time="0.040"/>
	<testcase classname="FETestCaseCount" name="test_countRealRunning_match" time="0.042"/>
	<testcase classname="FETestCaseCount" name="test_countRealRunning_missingKey" time="0.045"/>
	<testcase classname="FETestCaseCount" name="test_countRealRunning_otherException" time="0.046"/>
	<system-out>
<![CDATA[]]>	</system-out>
	<system-err>
<![CDATA[]]>	</system-err>
</testsuite>
