<?xml version="1.0" ?>
<testsuite errors="0" failures="0" name="TestGlideinDicts-20190504163356" tests="7" time="0.000">
	<testcase classname="TestGlideinDicts" name="test___init__" time="0.000">
		<skipped message="for now" type="skip"/>
	</testcase>
	<testcase classname="TestGlideinDicts" name="test_get_sub_name_from_sub_stage_dir" time="0.000">
		<skipped message="for now" type="skip"/>
	</testcase>
	<testcase classname="TestGlideinDicts" name="test_new_MainDicts" time="0.000">
		<skipped message="for now" type="skip"/>
	</testcase>
	<testcase classname="TestGlideinDicts" name="test_new_SubDicts" time="0.000">
		<skipped message="for now" type="skip"/>
	</testcase>
	<testcase classname="TestGlideinDicts" name="test_populate" time="0.000">
		<skipped message="for now" type="skip"/>
	</testcase>
	<testcase classname="TestGlideinDicts" name="test_reuse" time="0.000">
		<skipped message="for now" type="skip"/>
	</testcase>
	<testcase classname="TestGlideinDicts" name="test_sortit" time="0.000">
		<skipped message="for now" type="skip"/>
	</testcase>
	<system-out>
<![CDATA[]]>	</system-out>
	<system-err>
<![CDATA[]]>	</system-err>
</testsuite>
