<?xml version="1.0" ?>
<testsuite errors="0" failures="0" name="TestForkManager-20190504181816" tests="7" time="40.985">
	<testcase classname="TestForkManager" name="test___init__" time="0.000"/>
	<testcase classname="TestForkManager" name="test_add_fork_and_len" time="0.000"/>
	<testcase classname="TestForkManager" name="test_bounded_fork_and_collect_use_epoll" time="10.238"/>
	<testcase classname="TestForkManager" name="test_bounded_fork_and_collect_use_poll" time="10.204"/>
	<testcase classname="TestForkManager" name="test_bounded_fork_and_collect_use_select" time="10.229"/>
	<testcase classname="TestForkManager" name="test_fork_and_collect" time="5.164"/>
	<testcase classname="TestForkManager" name="test_fork_and_wait" time="5.150"/>
	<system-out>
<![CDATA[]]>	</system-out>
	<system-err>
<![CDATA[]]>	</system-err>
</testsuite>
