<?xml version="1.0" ?>
<testsuite errors="0" failures="0" name="TestForkManager-20190506213614" tests="7" time="41.399">
	<testcase classname="TestForkManager" name="test___init__" time="0.002"/>
	<testcase classname="TestForkManager" name="test_add_fork_and_len" time="0.002"/>
	<testcase classname="TestForkManager" name="test_bounded_fork_and_collect_use_epoll" time="10.297"/>
	<testcase classname="TestForkManager" name="test_bounded_fork_and_collect_use_poll" time="10.419"/>
	<testcase classname="TestForkManager" name="test_bounded_fork_and_collect_use_select" time="10.384"/>
	<testcase classname="TestForkManager" name="test_fork_and_collect" time="5.179"/>
	<testcase classname="TestForkManager" name="test_fork_and_wait" time="5.115"/>
	<system-out>
<![CDATA[]]>	</system-out>
	<system-err>
<![CDATA[]]>	</system-err>
</testsuite>
