<?xml version="1.0" ?>
<testsuite errors="0" failures="0" name="TestIsGlideinHeldNTimes-20190506193843" tests="1" time="0.000">
	<testcase classname="TestIsGlideinHeldNTimes" name="test_is_glidein_held_n_times" time="0.000">
		<skipped message="for now" type="skip"/>
	</testcase>
	<system-out>
<![CDATA[]]>	</system-out>
	<system-err>
<![CDATA[]]>	</system-err>
</testsuite>
