<?xml version="1.0" ?>
<testsuite errors="0" failures="0" name="TestFrontendMainDicts-20190506221717" tests="10" time="1.192">
	<testcase classname="TestFrontendMainDicts" name="test__init__" time="0.210"/>
	<testcase classname="TestFrontendMainDicts" name="test_find_parend_dir" time="0.173"/>
	<testcase classname="TestFrontendMainDicts" name="test_populate" time="0.217"/>
	<testcase classname="TestFrontendMainDicts" name="test_populate_common_attrs" time="0.225"/>
	<testcase classname="TestFrontendMainDicts" name="test_reuse" time="0.199"/>
	<testcase classname="TestFrontendMainDicts" name="test_save_monitor" time="0.166"/>
	<testcase classname="TestFrontendMainDicts" name="test_apply_group_glexec_policy" time="0.000">
		<skipped message="hmm" type="skip"/>
	</testcase>
	<testcase classname="TestFrontendMainDicts" name="test_apply_group_singularity_policy" time="0.000">
		<skipped message="hmm" type="skip"/>
	</testcase>
	<testcase classname="TestFrontendMainDicts" name="test_apply_multicore_policy" time="0.000">
		<skipped message="hmm" type="skip"/>
	</testcase>
	<testcase classname="TestFrontendMainDicts" name="test_save" time="0.000">
		<skipped message="hmm" type="skip"/>
	</testcase>
	<system-out>
<![CDATA[]]>	</system-out>
	<system-err>
<![CDATA[]]>	</system-err>
</testsuite>
