<?xml version="1.0" ?>
<testsuite errors="0" failures="0" name="TestCondorExe-20190507181633" tests="3" time="2.604">
	<testcase classname="TestCondorExe" name="test_exe_cmd" time="0.888"/>
	<testcase classname="TestCondorExe" name="test_exe_cmd_sbin" time="0.893"/>
	<testcase classname="TestCondorExe" name="test_iexe_cmd" time="0.824"/>
	<system-out>
<![CDATA[]]>	</system-out>
	<system-err>
<![CDATA[]]>	</system-err>
</testsuite>
