<?xml version="1.0" ?>
<testsuite errors="0" failures="0" name="FETestCaseCondorStatus-20190508181705" tests="9" time="2.544">
	<testcase classname="FETestCaseCondorStatus" name="test_countCondorStatus" time="0.230"/>
	<testcase classname="FETestCaseCondorStatus" name="test_getClientCondorStatus" time="0.253"/>
	<testcase classname="FETestCaseCondorStatus" name="test_getClientCondorStatusCredIdOnly" time="0.264"/>
	<testcase classname="FETestCaseCondorStatus" name="test_getClientCondorStatusPerCredId" time="0.278"/>
	<testcase classname="FETestCaseCondorStatus" name="test_getCondorStatus" time="0.453"/>
	<testcase classname="FETestCaseCondorStatus" name="test_getCondorStatusSchedds" time="0.296"/>
	<testcase classname="FETestCaseCondorStatus" name="test_getFactoryEntryList" time="0.259"/>
	<testcase classname="FETestCaseCondorStatus" name="test_getIdleCondorStatus" time="0.261"/>
	<testcase classname="FETestCaseCondorStatus" name="test_getRunningCondorStatus" time="0.251"/>
	<system-out>
<![CDATA[]]>	</system-out>
	<system-err>
<![CDATA[]]>	</system-err>
</testsuite>
