<?xml version="1.0" ?>
<testsuite errors="0" failures="0" name="TestGlideinDicts-20190508124505" tests="9" time="4.724">
	<testcase classname="TestGlideinDicts" name="test_MainDicts_populate" time="0.640"/>
	<testcase classname="TestGlideinDicts" name="test__init__" time="0.467"/>
	<testcase classname="TestGlideinDicts" name="test_has_file_wrapper" time="0.477"/>
	<testcase classname="TestGlideinDicts" name="test_new_MainDicts" time="0.511"/>
	<testcase classname="TestGlideinDicts" name="test_new_SubDicts" time="0.516"/>
	<testcase classname="TestGlideinDicts" name="test_reuse" time="0.495"/>
	<testcase classname="TestGlideinDicts" name="test_save" time="0.626"/>
	<testcase classname="TestGlideinDicts" name="test_save_monitor" time="0.506"/>
	<testcase classname="TestGlideinDicts" name="test_save_pub_key" time="0.486"/>
	<system-out>
<![CDATA[]]>	</system-out>
	<system-err>
<![CDATA[]]>	</system-err>
</testsuite>
