<?xml version="1.0" ?>
<testsuite errors="0" failures="0" name="TestSymAES128Key-20190506220721" tests="2" time="1.999">
	<testcase classname="TestSymAES128Key" name="test___init__" time="0.001"/>
	<testcase classname="TestSymAES128Key" name="test_symmetric" time="1.998"/>
	<system-out>
<![CDATA[]]>	</system-out>
	<system-err>
<![CDATA[]]>	</system-err>
</testsuite>
