<?xml version="1.0" ?>
<testsuite errors="0" failures="0" name="TestParametryzedSymKey-20190506152718" tests="1" time="0.001">
	<testcase classname="TestParametryzedSymKey" name="test___init__" time="0.001"/>
	<system-out>
<![CDATA[]]>	</system-out>
	<system-err>
<![CDATA[]]>	</system-err>
</testsuite>
