<?xml version="1.0" ?>
<testsuite errors="0" failures="0" name="TestExpandDD-20190506221721" tests="1" time="0.000">
	<testcase classname="TestExpandDD" name="test_expand__d_d" time="0.000">
		<skipped message="grr" type="skip"/>
	</testcase>
	<system-out>
<![CDATA[]]>	</system-out>
	<system-err>
<![CDATA[]]>	</system-err>
</testsuite>
