<?xml version="1.0" ?>
<testsuite errors="0" failures="0" name="TestGlideinDicts-20190508075550" tests="9" time="4.664">
	<testcase classname="TestGlideinDicts" name="test_MainDicts_populate" time="0.628"/>
	<testcase classname="TestGlideinDicts" name="test__init__" time="0.471"/>
	<testcase classname="TestGlideinDicts" name="test_has_file_wrapper" time="0.510"/>
	<testcase classname="TestGlideinDicts" name="test_new_MainDicts" time="0.477"/>
	<testcase classname="TestGlideinDicts" name="test_new_SubDicts" time="0.489"/>
	<testcase classname="TestGlideinDicts" name="test_reuse" time="0.513"/>
	<testcase classname="TestGlideinDicts" name="test_save" time="0.599"/>
	<testcase classname="TestGlideinDicts" name="test_save_monitor" time="0.494"/>
	<testcase classname="TestGlideinDicts" name="test_save_pub_key" time="0.482"/>
	<system-out>
<![CDATA[]]>	</system-out>
	<system-err>
<![CDATA[]]>	</system-err>
</testsuite>
