<?xml version="1.0" ?>
<testsuite errors="0" failures="0" name="TestGlideinEntryDicts-20190506220524" tests="11" time="2.408">
	<testcase classname="TestGlideinEntryDicts" name="test___init__" time="0.261"/>
	<testcase classname="TestGlideinEntryDicts" name="test_get_sub_dicts" time="0.279"/>
	<testcase classname="TestGlideinEntryDicts" name="test_get_sub_log_dir" time="0.220"/>
	<testcase classname="TestGlideinEntryDicts" name="test_get_sub_stage_dir" time="0.240"/>
	<testcase classname="TestGlideinEntryDicts" name="test_get_sub_work_dir" time="0.231"/>
	<testcase classname="TestGlideinEntryDicts" name="test_reuse" time="0.262"/>
	<testcase classname="TestGlideinEntryDicts" name="test_reuse_nocheck" time="0.270"/>
	<testcase classname="TestGlideinEntryDicts" name="test_save" time="0.386"/>
	<testcase classname="TestGlideinEntryDicts" name="test_save_final" time="0.258"/>
	<testcase classname="TestGlideinEntryDicts" name="test_erase" time="0.000">
		<skipped message="broken af" type="skip"/>
	</testcase>
	<testcase classname="TestGlideinEntryDicts" name="test_load" time="0.000">
		<skipped message="doesnt work" type="skip"/>
	</testcase>
	<system-out>
<![CDATA[]]>	</system-out>
	<system-err>
<![CDATA[]]>	</system-err>
</testsuite>
