<?xml version="1.0" ?>
<testsuite errors="0" failures="0" name="FETestCaseCondorStatus-20190506213555" tests="9" time="2.471">
	<testcase classname="FETestCaseCondorStatus" name="test_countCondorStatus" time="0.280"/>
	<testcase classname="FETestCaseCondorStatus" name="test_getClientCondorStatus" time="0.241"/>
	<testcase classname="FETestCaseCondorStatus" name="test_getClientCondorStatusCredIdOnly" time="0.260"/>
	<testcase classname="FETestCaseCondorStatus" name="test_getClientCondorStatusPerCredId" time="0.213"/>
	<testcase classname="FETestCaseCondorStatus" name="test_getCondorStatus" time="0.454"/>
	<testcase classname="FETestCaseCondorStatus" name="test_getCondorStatusSchedds" time="0.318"/>
	<testcase classname="FETestCaseCondorStatus" name="test_getFactoryEntryList" time="0.241"/>
	<testcase classname="FETestCaseCondorStatus" name="test_getIdleCondorStatus" time="0.244"/>
	<testcase classname="FETestCaseCondorStatus" name="test_getRunningCondorStatus" time="0.221"/>
	<system-out>
<![CDATA[]]>	</system-out>
	<system-err>
<![CDATA[]]>	</system-err>
</testsuite>
