<?xml version="1.0" ?>
<testsuite errors="0" failures="0" name="TestGlideinDicts-20190506214715" tests="9" time="4.435">
	<testcase classname="TestGlideinDicts" name="test_MainDicts_populate" time="0.579"/>
	<testcase classname="TestGlideinDicts" name="test__init__" time="0.465"/>
	<testcase classname="TestGlideinDicts" name="test_has_file_wrapper" time="0.442"/>
	<testcase classname="TestGlideinDicts" name="test_new_MainDicts" time="0.400"/>
	<testcase classname="TestGlideinDicts" name="test_new_SubDicts" time="0.501"/>
	<testcase classname="TestGlideinDicts" name="test_reuse" time="0.521"/>
	<testcase classname="TestGlideinDicts" name="test_save" time="0.613"/>
	<testcase classname="TestGlideinDicts" name="test_save_monitor" time="0.426"/>
	<testcase classname="TestGlideinDicts" name="test_save_pub_key" time="0.487"/>
	<system-out>
<![CDATA[]]>	</system-out>
	<system-err>
<![CDATA[]]>	</system-err>
</testsuite>
