<?xml version="1.0" ?>
<testsuite errors="0" failures="0" name="FETestCaseCondorQ-20190506193844" tests="12" time="3.105">
	<testcase classname="FETestCaseCondorQ" name="test_countCondorQ" time="0.251"/>
	<testcase classname="FETestCaseCondorQ" name="test_getClientCondorStatusCredIdOnly" time="0.247"/>
	<testcase classname="FETestCaseCondorQ" name="test_getClientCondorStatusPerCredId" time="0.246"/>
	<testcase classname="FETestCaseCondorQ" name="test_getCondorQ" time="0.281"/>
	<testcase classname="FETestCaseCondorQ" name="test_getCondorQUsers" time="0.250"/>
	<testcase classname="FETestCaseCondorQ" name="test_getCondorQ_no_constraints" time="0.286"/>
	<testcase classname="FETestCaseCondorQ" name="test_getIdleCondorQ" time="0.245"/>
	<testcase classname="FETestCaseCondorQ" name="test_getIdleProxyCondorQ" time="0.260"/>
	<testcase classname="FETestCaseCondorQ" name="test_getIdleVomsCondorQ" time="0.247"/>
	<testcase classname="FETestCaseCondorQ" name="test_getOldCondorQ" time="0.248"/>
	<testcase classname="FETestCaseCondorQ" name="test_getRunningCondorQ" time="0.260"/>
	<testcase classname="FETestCaseCondorQ" name="test_oldCondorQ" time="0.284"/>
	<system-out>
<![CDATA[]]>	</system-out>
	<system-err>
<![CDATA[]]>	</system-err>
</testsuite>
