<?xml version="1.0" ?>
<testsuite errors="0" failures="0" name="FETestCaseCondorQ-20190508131611" tests="12" time="3.107">
	<testcase classname="FETestCaseCondorQ" name="test_countCondorQ" time="0.253"/>
	<testcase classname="FETestCaseCondorQ" name="test_getClientCondorStatusCredIdOnly" time="0.228"/>
	<testcase classname="FETestCaseCondorQ" name="test_getClientCondorStatusPerCredId" time="0.236"/>
	<testcase classname="FETestCaseCondorQ" name="test_getCondorQ" time="0.300"/>
	<testcase classname="FETestCaseCondorQ" name="test_getCondorQUsers" time="0.277"/>
	<testcase classname="FETestCaseCondorQ" name="test_getCondorQ_no_constraints" time="0.266"/>
	<testcase classname="FETestCaseCondorQ" name="test_getIdleCondorQ" time="0.262"/>
	<testcase classname="FETestCaseCondorQ" name="test_getIdleProxyCondorQ" time="0.233"/>
	<testcase classname="FETestCaseCondorQ" name="test_getIdleVomsCondorQ" time="0.274"/>
	<testcase classname="FETestCaseCondorQ" name="test_getOldCondorQ" time="0.268"/>
	<testcase classname="FETestCaseCondorQ" name="test_getRunningCondorQ" time="0.236"/>
	<testcase classname="FETestCaseCondorQ" name="test_oldCondorQ" time="0.274"/>
	<system-out>
<![CDATA[]]>	</system-out>
	<system-err>
<![CDATA[]]>	</system-err>
</testsuite>
