<?xml version="1.0" ?>
<testsuite errors="0" failures="0" name="FETestCaseMisc-20190508124535" tests="5" time="1.181">
	<testcase classname="FETestCaseMisc" name="test_appendRealRunning" time="0.216"/>
	<testcase classname="FETestCaseMisc" name="test_evalParamExpr" time="0.216"/>
	<testcase classname="FETestCaseMisc" name="test_getGlideinCpusNum" time="0.229"/>
	<testcase classname="FETestCaseMisc" name="test_hashJob" time="0.260"/>
	<testcase classname="FETestCaseMisc" name="test_uniqueSets" time="0.261"/>
	<system-out>
<![CDATA[]]>	</system-out>
	<system-err>
<![CDATA[]]>	</system-err>
</testsuite>
