<?xml version="1.0" ?>
<testsuite errors="0" failures="0" name="TestGlideinDicts-20190508181634" tests="9" time="4.537">
	<testcase classname="TestGlideinDicts" name="test_MainDicts_populate" time="0.600"/>
	<testcase classname="TestGlideinDicts" name="test__init__" time="0.459"/>
	<testcase classname="TestGlideinDicts" name="test_has_file_wrapper" time="0.471"/>
	<testcase classname="TestGlideinDicts" name="test_new_MainDicts" time="0.506"/>
	<testcase classname="TestGlideinDicts" name="test_new_SubDicts" time="0.458"/>
	<testcase classname="TestGlideinDicts" name="test_reuse" time="0.464"/>
	<testcase classname="TestGlideinDicts" name="test_save" time="0.622"/>
	<testcase classname="TestGlideinDicts" name="test_save_monitor" time="0.474"/>
	<testcase classname="TestGlideinDicts" name="test_save_pub_key" time="0.484"/>
	<system-out>
<![CDATA[]]>	</system-out>
	<system-err>
<![CDATA[]]>	</system-err>
</testsuite>
