<?xml version="1.0" ?>
<testsuite errors="0" failures="0" name="FETestCaseMisc-20190508075620" tests="5" time="1.317">
	<testcase classname="FETestCaseMisc" name="test_appendRealRunning" time="0.278"/>
	<testcase classname="FETestCaseMisc" name="test_evalParamExpr" time="0.271"/>
	<testcase classname="FETestCaseMisc" name="test_getGlideinCpusNum" time="0.251"/>
	<testcase classname="FETestCaseMisc" name="test_hashJob" time="0.257"/>
	<testcase classname="FETestCaseMisc" name="test_uniqueSets" time="0.259"/>
	<system-out>
<![CDATA[]]>	</system-out>
	<system-err>
<![CDATA[]]>	</system-err>
</testsuite>
