<?xml version="1.0" ?>
<testsuite errors="0" failures="0" name="TestFrontendElement-20190508075605" tests="1" time="0.212">
	<testcase classname="TestFrontendElement" name="test_validate" time="0.212"/>
	<system-out>
<![CDATA[]]>	</system-out>
	<system-err>
<![CDATA[]]>	</system-err>
</testsuite>
