<?xml version="1.0" ?>
<testsuite errors="0" failures="0" name="TestFrontendDicts-20190509181646" tests="3" time="0.524">
	<testcase classname="TestFrontendDicts" name="test__init__" time="0.216"/>
	<testcase classname="TestFrontendDicts" name="test_populate" time="0.307"/>
	<testcase classname="TestFrontendDicts" name="test_save" time="0.000">
		<skipped message="hmm" type="skip"/>
	</testcase>
	<system-out>
<![CDATA[]]>	</system-out>
	<system-err>
<![CDATA[]]>	</system-err>
</testsuite>
