<?xml version="1.0" ?>
<testsuite errors="0" failures="0" name="TestGetGroupNameFromGroupStageDir-20190508131547" tests="1" time="0.001">
	<testcase classname="TestGetGroupNameFromGroupStageDir" name="test_get_group_name_from_group_stage_dir" time="0.001"/>
	<system-out>
<![CDATA[]]>	</system-out>
	<system-err>
<![CDATA[]]>	</system-err>
</testsuite>
