<?xml version="1.0" ?>
<testsuite errors="0" failures="0" name="TestPlugins-20190506193857" tests="5" time="0.149">
	<testcase classname="TestPlugins" name="test_proxy_all" time="0.024"/>
	<testcase classname="TestPlugins" name="test_proxy_cardinality" time="0.028"/>
	<testcase classname="TestPlugins" name="test_proxy_first" time="0.026"/>
	<testcase classname="TestPlugins" name="test_proxy_usermap" time="0.043"/>
	<testcase classname="TestPlugins" name="test_proxy_userr" time="0.028"/>
	<system-out>
<![CDATA[]]>	</system-out>
	<system-err>
<![CDATA[]]>	</system-err>
</testsuite>
