<?xml version="1.0" ?>
<testsuite errors="0" failures="0" name="FETestCaseCondorQ-20190509181706" tests="12" time="3.123">
	<testcase classname="FETestCaseCondorQ" name="test_countCondorQ" time="0.238"/>
	<testcase classname="FETestCaseCondorQ" name="test_getClientCondorStatusCredIdOnly" time="0.275"/>
	<testcase classname="FETestCaseCondorQ" name="test_getClientCondorStatusPerCredId" time="0.275"/>
	<testcase classname="FETestCaseCondorQ" name="test_getCondorQ" time="0.280"/>
	<testcase classname="FETestCaseCondorQ" name="test_getCondorQUsers" time="0.254"/>
	<testcase classname="FETestCaseCondorQ" name="test_getCondorQ_no_constraints" time="0.303"/>
	<testcase classname="FETestCaseCondorQ" name="test_getIdleCondorQ" time="0.249"/>
	<testcase classname="FETestCaseCondorQ" name="test_getIdleProxyCondorQ" time="0.256"/>
	<testcase classname="FETestCaseCondorQ" name="test_getIdleVomsCondorQ" time="0.295"/>
	<testcase classname="FETestCaseCondorQ" name="test_getOldCondorQ" time="0.223"/>
	<testcase classname="FETestCaseCondorQ" name="test_getRunningCondorQ" time="0.217"/>
	<testcase classname="FETestCaseCondorQ" name="test_oldCondorQ" time="0.259"/>
	<system-out>
<![CDATA[]]>	</system-out>
	<system-err>
<![CDATA[]]>	</system-err>
</testsuite>
