<?xml version="1.0" ?>
<testsuite errors="0" failures="0" name="FETestCaseCount-20190508124535" tests="7" time="1.693">
	<testcase classname="FETestCaseCount" name="test_countMatch" time="0.239"/>
	<testcase classname="FETestCaseCount" name="test_countMatchDowntime" time="0.244"/>
	<testcase classname="FETestCaseCount" name="test_countMatch_missingKey" time="0.250"/>
	<testcase classname="FETestCaseCount" name="test_countMatch_otherException" time="0.241"/>
	<testcase classname="FETestCaseCount" name="test_countRealRunning_match" time="0.223"/>
	<testcase classname="FETestCaseCount" name="test_countRealRunning_missingKey" time="0.234"/>
	<testcase classname="FETestCaseCount" name="test_countRealRunning_otherException" time="0.262"/>
	<system-out>
<![CDATA[]]>	</system-out>
	<system-err>
<![CDATA[]]>	</system-err>
</testsuite>
