<?xml version="1.0" ?>
<testsuite errors="0" failures="0" name="TestGlideinMainDicts-20190508131535" tests="6" time="1.522">
	<testcase classname="TestGlideinMainDicts" name="test___init__" time="0.242"/>
	<testcase classname="TestGlideinMainDicts" name="test_get_daemon_log_dir" time="0.235"/>
	<testcase classname="TestGlideinMainDicts" name="test_get_main_dicts" time="0.269"/>
	<testcase classname="TestGlideinMainDicts" name="test_load" time="0.254"/>
	<testcase classname="TestGlideinMainDicts" name="test_reuse" time="0.267"/>
	<testcase classname="TestGlideinMainDicts" name="test_save" time="0.255"/>
	<system-out>
<![CDATA[]]>	</system-out>
	<system-err>
<![CDATA[]]>	</system-err>
</testsuite>
