<?xml version="1.0" ?>
<testsuite errors="0" failures="0" name="TestGlideinDicts-20190506153704" tests="9" time="4.253">
	<testcase classname="TestGlideinDicts" name="test_MainDicts_populate" time="0.557"/>
	<testcase classname="TestGlideinDicts" name="test__init__" time="0.372"/>
	<testcase classname="TestGlideinDicts" name="test_has_file_wrapper" time="0.380"/>
	<testcase classname="TestGlideinDicts" name="test_new_MainDicts" time="0.375"/>
	<testcase classname="TestGlideinDicts" name="test_new_SubDicts" time="0.451"/>
	<testcase classname="TestGlideinDicts" name="test_reuse" time="0.426"/>
	<testcase classname="TestGlideinDicts" name="test_save" time="0.617"/>
	<testcase classname="TestGlideinDicts" name="test_save_monitor" time="0.572"/>
	<testcase classname="TestGlideinDicts" name="test_save_pub_key" time="0.501"/>
	<system-out>
<![CDATA[]]>	</system-out>
	<system-err>
<![CDATA[]]>	</system-err>
</testsuite>
