<?xml version="1.0" ?>
<testsuite errors="0" failures="0" name="TestGlideinDicts-20190507182832" tests="9" time="4.348">
	<testcase classname="TestGlideinDicts" name="test_MainDicts_populate" time="0.695"/>
	<testcase classname="TestGlideinDicts" name="test__init__" time="0.460"/>
	<testcase classname="TestGlideinDicts" name="test_has_file_wrapper" time="0.410"/>
	<testcase classname="TestGlideinDicts" name="test_new_MainDicts" time="0.477"/>
	<testcase classname="TestGlideinDicts" name="test_new_SubDicts" time="0.377"/>
	<testcase classname="TestGlideinDicts" name="test_reuse" time="0.403"/>
	<testcase classname="TestGlideinDicts" name="test_save" time="0.580"/>
	<testcase classname="TestGlideinDicts" name="test_save_monitor" time="0.454"/>
	<testcase classname="TestGlideinDicts" name="test_save_pub_key" time="0.491"/>
	<system-out>
<![CDATA[]]>	</system-out>
	<system-err>
<![CDATA[]]>	</system-err>
</testsuite>
