<?xml version="1.0" ?>
<testsuite errors="0" failures="0" name="TestWhich-20190508131609" tests="1" time="0.001">
	<testcase classname="TestWhich" name="test_which" time="0.001"/>
	<system-out>
<![CDATA[]]>	</system-out>
	<system-err>
<![CDATA[]]>	</system-err>
</testsuite>
