<?xml version="1.0" ?>
<testsuite errors="0" failures="0" name="FETestCaseCondorStatus-20190506193844" tests="9" time="2.585">
	<testcase classname="FETestCaseCondorStatus" name="test_countCondorStatus" time="0.226"/>
	<testcase classname="FETestCaseCondorStatus" name="test_getClientCondorStatus" time="0.264"/>
	<testcase classname="FETestCaseCondorStatus" name="test_getClientCondorStatusCredIdOnly" time="0.235"/>
	<testcase classname="FETestCaseCondorStatus" name="test_getClientCondorStatusPerCredId" time="0.245"/>
	<testcase classname="FETestCaseCondorStatus" name="test_getCondorStatus" time="0.471"/>
	<testcase classname="FETestCaseCondorStatus" name="test_getCondorStatusSchedds" time="0.340"/>
	<testcase classname="FETestCaseCondorStatus" name="test_getFactoryEntryList" time="0.282"/>
	<testcase classname="FETestCaseCondorStatus" name="test_getIdleCondorStatus" time="0.250"/>
	<testcase classname="FETestCaseCondorStatus" name="test_getRunningCondorStatus" time="0.271"/>
	<system-out>
<![CDATA[]]>	</system-out>
	<system-err>
<![CDATA[]]>	</system-err>
</testsuite>
