<?xml version="1.0" ?>
<testsuite errors="0" failures="0" name="TestGlideinDicts-20190506182835" tests="9" time="4.515">
	<testcase classname="TestGlideinDicts" name="test_MainDicts_populate" time="0.682"/>
	<testcase classname="TestGlideinDicts" name="test__init__" time="0.434"/>
	<testcase classname="TestGlideinDicts" name="test_has_file_wrapper" time="0.480"/>
	<testcase classname="TestGlideinDicts" name="test_new_MainDicts" time="0.511"/>
	<testcase classname="TestGlideinDicts" name="test_new_SubDicts" time="0.429"/>
	<testcase classname="TestGlideinDicts" name="test_reuse" time="0.510"/>
	<testcase classname="TestGlideinDicts" name="test_save" time="0.611"/>
	<testcase classname="TestGlideinDicts" name="test_save_monitor" time="0.432"/>
	<testcase classname="TestGlideinDicts" name="test_save_pub_key" time="0.427"/>
	<system-out>
<![CDATA[]]>	</system-out>
	<system-err>
<![CDATA[]]>	</system-err>
</testsuite>
