<?xml version="1.0" ?>
<testsuite errors="0" failures="0" name="TestGlideinMainDicts-20190506220524" tests="6" time="1.499">
	<testcase classname="TestGlideinMainDicts" name="test___init__" time="0.253"/>
	<testcase classname="TestGlideinMainDicts" name="test_get_daemon_log_dir" time="0.245"/>
	<testcase classname="TestGlideinMainDicts" name="test_get_main_dicts" time="0.244"/>
	<testcase classname="TestGlideinMainDicts" name="test_load" time="0.250"/>
	<testcase classname="TestGlideinMainDicts" name="test_reuse" time="0.247"/>
	<testcase classname="TestGlideinMainDicts" name="test_save" time="0.259"/>
	<system-out>
<![CDATA[]]>	</system-out>
	<system-err>
<![CDATA[]]>	</system-err>
</testsuite>
