<?xml version="1.0" ?>
<testsuite errors="0" failures="0" name="TestFactoryConfig-20190514191516" tests="14" time="1.215">
	<testcase classname="TestFactoryConfig" name="test__contains__" time="0.105"/>
	<testcase classname="TestFactoryConfig" name="test__init__" time="0.063"/>
	<testcase classname="TestFactoryConfig" name="test_backup_and_load_old_key" time="0.075"/>
	<testcase classname="TestFactoryConfig" name="test_backup_rsa_key" time="0.111"/>
	<testcase classname="TestFactoryConfig" name="test_get_all_frontend_sec_classes" time="0.097"/>
	<testcase classname="TestFactoryConfig" name="test_get_all_usernames" time="0.091"/>
	<testcase classname="TestFactoryConfig" name="test_get_frontend_name" time="0.085"/>
	<testcase classname="TestFactoryConfig" name="test_get_identity" time="0.064"/>
	<testcase classname="TestFactoryConfig" name="test_get_username" time="0.087"/>
	<testcase classname="TestFactoryConfig" name="test_has_key" time="0.054"/>
	<testcase classname="TestFactoryConfig" name="test_load_old_rsa_key" time="0.053"/>
	<testcase classname="TestFactoryConfig" name="test_load_pub_key" time="0.169"/>
	<testcase classname="TestFactoryConfig" name="test_remove_old_key" time="0.070"/>
	<testcase classname="TestFactoryConfig" name="test_str_" time="0.090"/>
	<system-out>
<![CDATA[]]>	</system-out>
	<system-err>
<![CDATA[]]>	</system-err>
</testsuite>
