<?xml version="1.0" ?>
<testsuite errors="0" failures="0" name="TestCondTarElement-20190508081800" tests="1" time="0.224">
	<testcase classname="TestCondTarElement" name="test_validate" time="0.224"/>
	<system-out>
<![CDATA[]]>	</system-out>
	<system-err>
<![CDATA[]]>	</system-err>
</testsuite>
