<?xml version="1.0" ?>
<testsuite errors="0" failures="0" name="FETestCaseCondorStatus-20190506220547" tests="9" time="2.712">
	<testcase classname="FETestCaseCondorStatus" name="test_countCondorStatus" time="0.246"/>
	<testcase classname="FETestCaseCondorStatus" name="test_getClientCondorStatus" time="0.252"/>
	<testcase classname="FETestCaseCondorStatus" name="test_getClientCondorStatusCredIdOnly" time="0.285"/>
	<testcase classname="FETestCaseCondorStatus" name="test_getClientCondorStatusPerCredId" time="0.280"/>
	<testcase classname="FETestCaseCondorStatus" name="test_getCondorStatus" time="0.519"/>
	<testcase classname="FETestCaseCondorStatus" name="test_getCondorStatusSchedds" time="0.363"/>
	<testcase classname="FETestCaseCondorStatus" name="test_getFactoryEntryList" time="0.266"/>
	<testcase classname="FETestCaseCondorStatus" name="test_getIdleCondorStatus" time="0.245"/>
	<testcase classname="FETestCaseCondorStatus" name="test_getRunningCondorStatus" time="0.255"/>
	<system-out>
<![CDATA[]]>	</system-out>
	<system-err>
<![CDATA[]]>	</system-err>
</testsuite>
