<?xml version="1.0" ?>
<testsuite errors="0" failures="0" name="TestCleanGlideinQueue-20190508131609" tests="1" time="0.000">
	<testcase classname="TestCleanGlideinQueue" name="test_clean_glidein_queue" time="0.000">
		<skipped message="for now" type="skip"/>
	</testcase>
	<system-out>
<![CDATA[]]>	</system-out>
	<system-err>
<![CDATA[]]>	</system-err>
</testsuite>
