<?xml version="1.0" ?>
<testsuite errors="0" failures="0" name="TestGlideinDicts-20190509181635" tests="9" time="4.617">
	<testcase classname="TestGlideinDicts" name="test_MainDicts_populate" time="0.625"/>
	<testcase classname="TestGlideinDicts" name="test__init__" time="0.456"/>
	<testcase classname="TestGlideinDicts" name="test_has_file_wrapper" time="0.464"/>
	<testcase classname="TestGlideinDicts" name="test_new_MainDicts" time="0.483"/>
	<testcase classname="TestGlideinDicts" name="test_new_SubDicts" time="0.489"/>
	<testcase classname="TestGlideinDicts" name="test_reuse" time="0.493"/>
	<testcase classname="TestGlideinDicts" name="test_save" time="0.627"/>
	<testcase classname="TestGlideinDicts" name="test_save_monitor" time="0.467"/>
	<testcase classname="TestGlideinDicts" name="test_save_pub_key" time="0.511"/>
	<system-out>
<![CDATA[]]>	</system-out>
	<system-err>
<![CDATA[]]>	</system-err>
</testsuite>
