<?xml version="1.0" ?>
<testsuite errors="0" failures="0" name="TestX509Proxies-20190506213550" tests="3" time="0.001">
	<testcase classname="TestX509Proxies" name="test___init__" time="0.000">
		<skipped message="for now" type="skip"/>
	</testcase>
	<testcase classname="TestX509Proxies" name="test_add_fname" time="0.000">
		<skipped message="for now" type="skip"/>
	</testcase>
	<testcase classname="TestX509Proxies" name="test_get_username" time="0.000">
		<skipped message="for now" type="skip"/>
	</testcase>
	<system-out>
<![CDATA[]]>	</system-out>
	<system-err>
<![CDATA[]]>	</system-err>
</testsuite>
