<?xml version="1.0" ?>
<testsuite errors="0" failures="0" name="TestPubCrypto-20190506152716" tests="3" time="0.194">
	<testcase classname="TestPubCrypto" name="test_symmetric" time="0.072"/>
	<testcase classname="TestPubCrypto" name="test_symmetric_base64" time="0.065"/>
	<testcase classname="TestPubCrypto" name="test_symmetric_hex" time="0.057"/>
	<system-out>
<![CDATA[]]>	</system-out>
	<system-err>
<![CDATA[]]>	</system-err>
</testsuite>
