<?xml version="1.0" ?>
<testsuite errors="0" failures="0" name="TestGridMapDict-20190506193817" tests="3" time="0.005">
	<testcase classname="TestGridMapDict" name="test_file_header" time="0.002"/>
	<testcase classname="TestGridMapDict" name="test_format_val" time="0.002"/>
	<testcase classname="TestGridMapDict" name="test_parse_val" time="0.001"/>
	<system-out>
<![CDATA[]]>	</system-out>
	<system-err>
<![CDATA[]]>	</system-err>
</testsuite>
