<?xml version="1.0" ?>
<testsuite errors="0" failures="0" name="TestExtractIdleSimple-20190506152544" tests="1" time="0.000">
	<testcase classname="TestExtractIdleSimple" name="test_extract_idle_simple" time="0.000">
		<skipped message="for now" type="skip"/>
	</testcase>
	<system-out>
<![CDATA[]]>	</system-out>
	<system-err>
<![CDATA[]]>	</system-err>
</testsuite>
