<?xml version="1.0" ?>
<testsuite errors="0" failures="0" name="FETestCaseCondorStatus-20190508081815" tests="9" time="2.550">
	<testcase classname="FETestCaseCondorStatus" name="test_countCondorStatus" time="0.239"/>
	<testcase classname="FETestCaseCondorStatus" name="test_getClientCondorStatus" time="0.235"/>
	<testcase classname="FETestCaseCondorStatus" name="test_getClientCondorStatusCredIdOnly" time="0.238"/>
	<testcase classname="FETestCaseCondorStatus" name="test_getClientCondorStatusPerCredId" time="0.241"/>
	<testcase classname="FETestCaseCondorStatus" name="test_getCondorStatus" time="0.581"/>
	<testcase classname="FETestCaseCondorStatus" name="test_getCondorStatusSchedds" time="0.309"/>
	<testcase classname="FETestCaseCondorStatus" name="test_getFactoryEntryList" time="0.248"/>
	<testcase classname="FETestCaseCondorStatus" name="test_getIdleCondorStatus" time="0.227"/>
	<testcase classname="FETestCaseCondorStatus" name="test_getRunningCondorStatus" time="0.231"/>
	<system-out>
<![CDATA[]]>	</system-out>
	<system-err>
<![CDATA[]]>	</system-err>
</testsuite>
