<?xml version="1.0" ?>
<testsuite errors="0" failures="0" name="TestFrontendElement-20190508081800" tests="1" time="0.233">
	<testcase classname="TestFrontendElement" name="test_validate" time="0.233"/>
	<system-out>
<![CDATA[]]>	</system-out>
	<system-err>
<![CDATA[]]>	</system-err>
</testsuite>
