<?xml version="1.0" ?>
<testsuite errors="0" failures="0" name="TestEncodeDecodeData-20190508131627" tests="4" time="4.096">
	<testcase classname="TestEncodeDecodeData" name="test_decode_data" time="0.019"/>
	<testcase classname="TestEncodeDecodeData" name="test_encode_data" time="0.003"/>
	<testcase classname="TestEncodeDecodeData" name="test_symmetric_binary" time="2.299"/>
	<testcase classname="TestEncodeDecodeData" name="test_symmetric_text" time="1.774"/>
	<system-out>
<![CDATA[]]>	</system-out>
	<system-err>
<![CDATA[]]>	</system-err>
</testsuite>
