<?xml version="1.0" ?>
<testsuite errors="0" failures="0" name="TestLogWorkRequest-20190506181708" tests="1" time="0.000">
	<testcase classname="TestLogWorkRequest" name="test_log_work_request" time="0.000">
		<skipped message="for now" type="skip"/>
	</testcase>
	<system-out>
<![CDATA[]]>	</system-out>
	<system-err>
<![CDATA[]]>	</system-err>
</testsuite>
