<?xml version="1.0" ?>
<testsuite errors="0" failures="0" name="TestEntryElement-20190506152529" tests="3" time="0.694">
	<testcase classname="TestEntryElement" name="test_getName" time="0.225"/>
	<testcase classname="TestEntryElement" name="test_validate" time="0.236"/>
	<testcase classname="TestEntryElement" name="test_validate_sub_elements" time="0.233"/>
	<system-out>
<![CDATA[]]>	</system-out>
	<system-err>
<![CDATA[]]>	</system-err>
</testsuite>
