<?xml version="1.0" ?>
<testsuite errors="0" failures="0" name="FETestCaseCount-20190509181706" tests="7" time="1.913">
	<testcase classname="FETestCaseCount" name="test_countMatch" time="0.253"/>
	<testcase classname="FETestCaseCount" name="test_countMatchDowntime" time="0.289"/>
	<testcase classname="FETestCaseCount" name="test_countMatch_missingKey" time="0.305"/>
	<testcase classname="FETestCaseCount" name="test_countMatch_otherException" time="0.300"/>
	<testcase classname="FETestCaseCount" name="test_countRealRunning_match" time="0.314"/>
	<testcase classname="FETestCaseCount" name="test_countRealRunning_missingKey" time="0.227"/>
	<testcase classname="FETestCaseCount" name="test_countRealRunning_otherException" time="0.226"/>
	<system-out>
<![CDATA[]]>	</system-out>
	<system-err>
<![CDATA[]]>	</system-err>
</testsuite>
