<?xml version="1.0" ?>
<testsuite errors="0" failures="0" name="TestExprParserSymmetric-20190508075641" tests="3" time="0.350">
	<testcase classname="TestExprParserSymmetric" name="test__compile" time="0.129"/>
	<testcase classname="TestExprParserSymmetric" name="test_parse_symmetric" time="0.162"/>
	<testcase classname="TestExprParserSymmetric" name="test_unparse_ret" time="0.058"/>
	<system-out>
<![CDATA[]]>	</system-out>
	<system-err>
<![CDATA[]]>	</system-err>
</testsuite>
