<?xml version="1.0" ?>
<testsuite errors="0" failures="0" name="FETestCaseCount-20190506193844" tests="7" time="1.926">
	<testcase classname="FETestCaseCount" name="test_countMatch" time="0.253"/>
	<testcase classname="FETestCaseCount" name="test_countMatchDowntime" time="0.276"/>
	<testcase classname="FETestCaseCount" name="test_countMatch_missingKey" time="0.312"/>
	<testcase classname="FETestCaseCount" name="test_countMatch_otherException" time="0.287"/>
	<testcase classname="FETestCaseCount" name="test_countRealRunning_match" time="0.270"/>
	<testcase classname="FETestCaseCount" name="test_countRealRunning_missingKey" time="0.263"/>
	<testcase classname="FETestCaseCount" name="test_countRealRunning_otherException" time="0.266"/>
	<system-out>
<![CDATA[]]>	</system-out>
	<system-err>
<![CDATA[]]>	</system-err>
</testsuite>
