<?xml version="1.0" ?>
<testsuite errors="0" failures="0" name="FETestCaseCondorStatus-20190508075620" tests="9" time="2.518">
	<testcase classname="FETestCaseCondorStatus" name="test_countCondorStatus" time="0.262"/>
	<testcase classname="FETestCaseCondorStatus" name="test_getClientCondorStatus" time="0.260"/>
	<testcase classname="FETestCaseCondorStatus" name="test_getClientCondorStatusCredIdOnly" time="0.261"/>
	<testcase classname="FETestCaseCondorStatus" name="test_getClientCondorStatusPerCredId" time="0.238"/>
	<testcase classname="FETestCaseCondorStatus" name="test_getCondorStatus" time="0.427"/>
	<testcase classname="FETestCaseCondorStatus" name="test_getCondorStatusSchedds" time="0.314"/>
	<testcase classname="FETestCaseCondorStatus" name="test_getFactoryEntryList" time="0.252"/>
	<testcase classname="FETestCaseCondorStatus" name="test_getIdleCondorStatus" time="0.254"/>
	<testcase classname="FETestCaseCondorStatus" name="test_getRunningCondorStatus" time="0.248"/>
	<system-out>
<![CDATA[]]>	</system-out>
	<system-err>
<![CDATA[]]>	</system-err>
</testsuite>
