<?xml version="1.0" ?>
<testsuite errors="0" failures="0" name="TestTarSupport-20190509182840" tests="2" time="0.040">
	<testcase classname="TestTarSupport" name="test_tarSupport_blob" time="0.017"/>
	<testcase classname="TestTarSupport" name="test_tarSupport_file" time="0.024"/>
	<system-out>
<![CDATA[]]>	</system-out>
	<system-err>
<![CDATA[]]>	</system-err>
</testsuite>
