<?xml version="1.0" ?>
<testsuite errors="0" failures="0" name="FETestCaseCount-20190506220547" tests="7" time="1.958">
	<testcase classname="FETestCaseCount" name="test_countMatch" time="0.231"/>
	<testcase classname="FETestCaseCount" name="test_countMatchDowntime" time="0.274"/>
	<testcase classname="FETestCaseCount" name="test_countMatch_missingKey" time="0.286"/>
	<testcase classname="FETestCaseCount" name="test_countMatch_otherException" time="0.296"/>
	<testcase classname="FETestCaseCount" name="test_countRealRunning_match" time="0.265"/>
	<testcase classname="FETestCaseCount" name="test_countRealRunning_missingKey" time="0.301"/>
	<testcase classname="FETestCaseCount" name="test_countRealRunning_otherException" time="0.304"/>
	<system-out>
<![CDATA[]]>	</system-out>
	<system-err>
<![CDATA[]]>	</system-err>
</testsuite>
