<?xml version="1.0" ?>
<testsuite errors="0" failures="0" name="Test_validate_node-20190508131533" tests="3" time="0.048">
	<testcase classname="Test_validate_node" name="test_bad" time="0.017"/>
	<testcase classname="Test_validate_node" name="test_good" time="0.019"/>
	<testcase classname="Test_validate_node" name="test_range_not_allowed" time="0.012"/>
	<system-out>
<![CDATA[]]>	</system-out>
	<system-err>
<![CDATA[]]>	</system-err>
</testsuite>
