<?xml version="1.0" ?>
<testsuite errors="0" failures="0" name="TestGlideinDicts-20190508131541" tests="9" time="4.447">
	<testcase classname="TestGlideinDicts" name="test_MainDicts_populate" time="0.610"/>
	<testcase classname="TestGlideinDicts" name="test__init__" time="0.468"/>
	<testcase classname="TestGlideinDicts" name="test_has_file_wrapper" time="0.470"/>
	<testcase classname="TestGlideinDicts" name="test_new_MainDicts" time="0.461"/>
	<testcase classname="TestGlideinDicts" name="test_new_SubDicts" time="0.466"/>
	<testcase classname="TestGlideinDicts" name="test_reuse" time="0.486"/>
	<testcase classname="TestGlideinDicts" name="test_save" time="0.565"/>
	<testcase classname="TestGlideinDicts" name="test_save_monitor" time="0.452"/>
	<testcase classname="TestGlideinDicts" name="test_save_pub_key" time="0.470"/>
	<system-out>
<![CDATA[]]>	</system-out>
	<system-err>
<![CDATA[]]>	</system-err>
</testsuite>
