<?xml version="1.0" ?>
<testsuite errors="0" failures="0" name="TestGlideinMainDicts-20190508181628" tests="6" time="1.565">
	<testcase classname="TestGlideinMainDicts" name="test___init__" time="0.272"/>
	<testcase classname="TestGlideinMainDicts" name="test_get_daemon_log_dir" time="0.266"/>
	<testcase classname="TestGlideinMainDicts" name="test_get_main_dicts" time="0.246"/>
	<testcase classname="TestGlideinMainDicts" name="test_load" time="0.257"/>
	<testcase classname="TestGlideinMainDicts" name="test_reuse" time="0.256"/>
	<testcase classname="TestGlideinMainDicts" name="test_save" time="0.268"/>
	<system-out>
<![CDATA[]]>	</system-out>
	<system-err>
<![CDATA[]]>	</system-err>
</testsuite>
