<?xml version="1.0" ?>
<testsuite errors="0" failures="0" name="FETestCaseCondorStatus-20190507181704" tests="9" time="2.484">
	<testcase classname="FETestCaseCondorStatus" name="test_countCondorStatus" time="0.255"/>
	<testcase classname="FETestCaseCondorStatus" name="test_getClientCondorStatus" time="0.226"/>
	<testcase classname="FETestCaseCondorStatus" name="test_getClientCondorStatusCredIdOnly" time="0.233"/>
	<testcase classname="FETestCaseCondorStatus" name="test_getClientCondorStatusPerCredId" time="0.246"/>
	<testcase classname="FETestCaseCondorStatus" name="test_getCondorStatus" time="0.425"/>
	<testcase classname="FETestCaseCondorStatus" name="test_getCondorStatusSchedds" time="0.365"/>
	<testcase classname="FETestCaseCondorStatus" name="test_getFactoryEntryList" time="0.282"/>
	<testcase classname="FETestCaseCondorStatus" name="test_getIdleCondorStatus" time="0.224"/>
	<testcase classname="FETestCaseCondorStatus" name="test_getRunningCondorStatus" time="0.228"/>
	<system-out>
<![CDATA[]]>	</system-out>
	<system-err>
<![CDATA[]]>	</system-err>
</testsuite>
