<?xml version="1.0" ?>
<testsuite errors="0" failures="0" name="TestExtractStaleSimple-20190506193843" tests="1" time="0.000">
	<testcase classname="TestExtractStaleSimple" name="test_extract_stale_simple" time="0.000">
		<skipped message="for now" type="skip"/>
	</testcase>
	<system-out>
<![CDATA[]]>	</system-out>
	<system-err>
<![CDATA[]]>	</system-err>
</testsuite>
