<?xml version="1.0" ?>
<testsuite errors="0" failures="0" name="TestWhich-20190514191526" tests="1" time="0.002">
	<testcase classname="TestWhich" name="test_which" time="0.002"/>
	<system-out>
<![CDATA[]]>	</system-out>
	<system-err>
<![CDATA[]]>	</system-err>
</testsuite>
