<?xml version="1.0" ?>
<testsuite errors="0" failures="0" name="TestGlideinEntryDicts-20190506213532" tests="11" time="2.217">
	<testcase classname="TestGlideinEntryDicts" name="test___init__" time="0.206"/>
	<testcase classname="TestGlideinEntryDicts" name="test_get_sub_dicts" time="0.218"/>
	<testcase classname="TestGlideinEntryDicts" name="test_get_sub_log_dir" time="0.252"/>
	<testcase classname="TestGlideinEntryDicts" name="test_get_sub_stage_dir" time="0.219"/>
	<testcase classname="TestGlideinEntryDicts" name="test_get_sub_work_dir" time="0.234"/>
	<testcase classname="TestGlideinEntryDicts" name="test_reuse" time="0.259"/>
	<testcase classname="TestGlideinEntryDicts" name="test_reuse_nocheck" time="0.290"/>
	<testcase classname="TestGlideinEntryDicts" name="test_save" time="0.313"/>
	<testcase classname="TestGlideinEntryDicts" name="test_save_final" time="0.226"/>
	<testcase classname="TestGlideinEntryDicts" name="test_erase" time="0.000">
		<skipped message="broken af" type="skip"/>
	</testcase>
	<testcase classname="TestGlideinEntryDicts" name="test_load" time="0.000">
		<skipped message="doesnt work" type="skip"/>
	</testcase>
	<system-out>
<![CDATA[]]>	</system-out>
	<system-err>
<![CDATA[]]>	</system-err>
</testsuite>
