<?xml version="1.0" ?>
<testsuite errors="0" failures="0" name="TestCondorExe-20190506220516" tests="3" time="2.709">
	<testcase classname="TestCondorExe" name="test_exe_cmd" time="0.969"/>
	<testcase classname="TestCondorExe" name="test_exe_cmd_sbin" time="0.903"/>
	<testcase classname="TestCondorExe" name="test_iexe_cmd" time="0.838"/>
	<system-out>
<![CDATA[]]>	</system-out>
	<system-err>
<![CDATA[]]>	</system-err>
</testsuite>
