<?xml version="1.0" ?>
<testsuite errors="0" failures="0" name="FETestCaseCondorStatus-20190508124535" tests="9" time="2.385">
	<testcase classname="FETestCaseCondorStatus" name="test_countCondorStatus" time="0.252"/>
	<testcase classname="FETestCaseCondorStatus" name="test_getClientCondorStatus" time="0.279"/>
	<testcase classname="FETestCaseCondorStatus" name="test_getClientCondorStatusCredIdOnly" time="0.235"/>
	<testcase classname="FETestCaseCondorStatus" name="test_getClientCondorStatusPerCredId" time="0.247"/>
	<testcase classname="FETestCaseCondorStatus" name="test_getCondorStatus" time="0.403"/>
	<testcase classname="FETestCaseCondorStatus" name="test_getCondorStatusSchedds" time="0.318"/>
	<testcase classname="FETestCaseCondorStatus" name="test_getFactoryEntryList" time="0.214"/>
	<testcase classname="FETestCaseCondorStatus" name="test_getIdleCondorStatus" time="0.218"/>
	<testcase classname="FETestCaseCondorStatus" name="test_getRunningCondorStatus" time="0.219"/>
	<system-out>
<![CDATA[]]>	</system-out>
	<system-err>
<![CDATA[]]>	</system-err>
</testsuite>
