<?xml version="1.0" ?>
<testsuite errors="0" failures="0" name="Test_cvWCreate-20190506214721" tests="3" time="1.726">
	<testcase classname="Test_cvWCreate" name="test_create_client_condor_config" time="1.719"/>
	<testcase classname="Test_cvWCreate" name="test_create_client_mapfile" time="0.006"/>
	<testcase classname="Test_cvWCreate" name="test_get_template" time="0.001"/>
	<system-out>
<![CDATA[]]>	</system-out>
	<system-err>
<![CDATA[]]>	</system-err>
</testsuite>
