<?xml version="1.0" ?>
<testsuite errors="0" failures="0" name="FETestCaseMisc-20190508181705" tests="5" time="1.129">
	<testcase classname="FETestCaseMisc" name="test_appendRealRunning" time="0.215"/>
	<testcase classname="FETestCaseMisc" name="test_evalParamExpr" time="0.212"/>
	<testcase classname="FETestCaseMisc" name="test_getGlideinCpusNum" time="0.234"/>
	<testcase classname="FETestCaseMisc" name="test_hashJob" time="0.224"/>
	<testcase classname="FETestCaseMisc" name="test_uniqueSets" time="0.243"/>
	<system-out>
<![CDATA[]]>	</system-out>
	<system-err>
<![CDATA[]]>	</system-err>
</testsuite>
