<?xml version="1.0" ?>
<testsuite errors="0" failures="0" name="TestInSubmitEnvironment-20190508181703" tests="1" time="0.000">
	<testcase classname="TestInSubmitEnvironment" name="test_in_submit_environment" time="0.000">
		<skipped message="for now" type="skip"/>
	</testcase>
	<system-out>
<![CDATA[]]>	</system-out>
	<system-err>
<![CDATA[]]>	</system-err>
</testsuite>
