<?xml version="1.0" ?>
<testsuite errors="0" failures="0" name="FETestCaseCondorQ-20190508181705" tests="12" time="3.011">
	<testcase classname="FETestCaseCondorQ" name="test_countCondorQ" time="0.261"/>
	<testcase classname="FETestCaseCondorQ" name="test_getClientCondorStatusCredIdOnly" time="0.232"/>
	<testcase classname="FETestCaseCondorQ" name="test_getClientCondorStatusPerCredId" time="0.220"/>
	<testcase classname="FETestCaseCondorQ" name="test_getCondorQ" time="0.249"/>
	<testcase classname="FETestCaseCondorQ" name="test_getCondorQUsers" time="0.242"/>
	<testcase classname="FETestCaseCondorQ" name="test_getCondorQ_no_constraints" time="0.253"/>
	<testcase classname="FETestCaseCondorQ" name="test_getIdleCondorQ" time="0.254"/>
	<testcase classname="FETestCaseCondorQ" name="test_getIdleProxyCondorQ" time="0.258"/>
	<testcase classname="FETestCaseCondorQ" name="test_getIdleVomsCondorQ" time="0.257"/>
	<testcase classname="FETestCaseCondorQ" name="test_getOldCondorQ" time="0.239"/>
	<testcase classname="FETestCaseCondorQ" name="test_getRunningCondorQ" time="0.244"/>
	<testcase classname="FETestCaseCondorQ" name="test_oldCondorQ" time="0.301"/>
	<system-out>
<![CDATA[]]>	</system-out>
	<system-err>
<![CDATA[]]>	</system-err>
</testsuite>
