<?xml version="1.0" ?>
<testsuite errors="0" failures="0" name="FETestCaseMisc-20190506213555" tests="5" time="1.311">
	<testcase classname="FETestCaseMisc" name="test_appendRealRunning" time="0.245"/>
	<testcase classname="FETestCaseMisc" name="test_evalParamExpr" time="0.227"/>
	<testcase classname="FETestCaseMisc" name="test_getGlideinCpusNum" time="0.296"/>
	<testcase classname="FETestCaseMisc" name="test_hashJob" time="0.269"/>
	<testcase classname="FETestCaseMisc" name="test_uniqueSets" time="0.275"/>
	<system-out>
<![CDATA[]]>	</system-out>
	<system-err>
<![CDATA[]]>	</system-err>
</testsuite>
