<?xml version="1.0" ?>
<testsuite errors="0" failures="0" name="FETestCaseMisc-20190506193844" tests="5" time="1.337">
	<testcase classname="FETestCaseMisc" name="test_appendRealRunning" time="0.248"/>
	<testcase classname="FETestCaseMisc" name="test_evalParamExpr" time="0.289"/>
	<testcase classname="FETestCaseMisc" name="test_getGlideinCpusNum" time="0.269"/>
	<testcase classname="FETestCaseMisc" name="test_hashJob" time="0.277"/>
	<testcase classname="FETestCaseMisc" name="test_uniqueSets" time="0.253"/>
	<system-out>
<![CDATA[]]>	</system-out>
	<system-err>
<![CDATA[]]>	</system-err>
</testsuite>
