<?xml version="1.0" ?>
<testsuite errors="0" failures="0" name="FETestCaseCount-20190506213555" tests="7" time="1.750">
	<testcase classname="FETestCaseCount" name="test_countMatch" time="0.275"/>
	<testcase classname="FETestCaseCount" name="test_countMatchDowntime" time="0.243"/>
	<testcase classname="FETestCaseCount" name="test_countMatch_missingKey" time="0.255"/>
	<testcase classname="FETestCaseCount" name="test_countMatch_otherException" time="0.243"/>
	<testcase classname="FETestCaseCount" name="test_countRealRunning_match" time="0.245"/>
	<testcase classname="FETestCaseCount" name="test_countRealRunning_missingKey" time="0.226"/>
	<testcase classname="FETestCaseCount" name="test_countRealRunning_otherException" time="0.263"/>
	<system-out>
<![CDATA[]]>	</system-out>
	<system-err>
<![CDATA[]]>	</system-err>
</testsuite>
