<?xml version="1.0" ?>
<testsuite errors="0" failures="0" name="FETestCaseCondorQ-20190506181709" tests="12" time="3.257">
	<testcase classname="FETestCaseCondorQ" name="test_countCondorQ" time="0.251"/>
	<testcase classname="FETestCaseCondorQ" name="test_getClientCondorStatusCredIdOnly" time="0.221"/>
	<testcase classname="FETestCaseCondorQ" name="test_getClientCondorStatusPerCredId" time="0.224"/>
	<testcase classname="FETestCaseCondorQ" name="test_getCondorQ" time="0.269"/>
	<testcase classname="FETestCaseCondorQ" name="test_getCondorQUsers" time="0.291"/>
	<testcase classname="FETestCaseCondorQ" name="test_getCondorQ_no_constraints" time="0.307"/>
	<testcase classname="FETestCaseCondorQ" name="test_getIdleCondorQ" time="0.271"/>
	<testcase classname="FETestCaseCondorQ" name="test_getIdleProxyCondorQ" time="0.269"/>
	<testcase classname="FETestCaseCondorQ" name="test_getIdleVomsCondorQ" time="0.278"/>
	<testcase classname="FETestCaseCondorQ" name="test_getOldCondorQ" time="0.266"/>
	<testcase classname="FETestCaseCondorQ" name="test_getRunningCondorQ" time="0.289"/>
	<testcase classname="FETestCaseCondorQ" name="test_oldCondorQ" time="0.320"/>
	<system-out>
<![CDATA[]]>	</system-out>
	<system-err>
<![CDATA[]]>	</system-err>
</testsuite>
