<?xml version="1.0" ?>
<testsuite errors="0" failures="0" name="FETestCaseMisc-20190514191527" tests="5" time="1.600">
	<testcase classname="FETestCaseMisc" name="test_appendRealRunning" time="0.273"/>
	<testcase classname="FETestCaseMisc" name="test_evalParamExpr" time="0.345"/>
	<testcase classname="FETestCaseMisc" name="test_getGlideinCpusNum" time="0.356"/>
	<testcase classname="FETestCaseMisc" name="test_hashJob" time="0.340"/>
	<testcase classname="FETestCaseMisc" name="test_uniqueSets" time="0.285"/>
	<system-out>
<![CDATA[]]>	</system-out>
	<system-err>
<![CDATA[]]>	</system-err>
</testsuite>
