<?xml version="1.0" ?>
<testsuite errors="0" failures="0" name="FETestCaseCondorQ-20190506152545" tests="12" time="3.073">
	<testcase classname="FETestCaseCondorQ" name="test_countCondorQ" time="0.239"/>
	<testcase classname="FETestCaseCondorQ" name="test_getClientCondorStatusCredIdOnly" time="0.282"/>
	<testcase classname="FETestCaseCondorQ" name="test_getClientCondorStatusPerCredId" time="0.275"/>
	<testcase classname="FETestCaseCondorQ" name="test_getCondorQ" time="0.293"/>
	<testcase classname="FETestCaseCondorQ" name="test_getCondorQUsers" time="0.215"/>
	<testcase classname="FETestCaseCondorQ" name="test_getCondorQ_no_constraints" time="0.315"/>
	<testcase classname="FETestCaseCondorQ" name="test_getIdleCondorQ" time="0.304"/>
	<testcase classname="FETestCaseCondorQ" name="test_getIdleProxyCondorQ" time="0.219"/>
	<testcase classname="FETestCaseCondorQ" name="test_getIdleVomsCondorQ" time="0.228"/>
	<testcase classname="FETestCaseCondorQ" name="test_getOldCondorQ" time="0.216"/>
	<testcase classname="FETestCaseCondorQ" name="test_getRunningCondorQ" time="0.223"/>
	<testcase classname="FETestCaseCondorQ" name="test_oldCondorQ" time="0.263"/>
	<system-out>
<![CDATA[]]>	</system-out>
	<system-err>
<![CDATA[]]>	</system-err>
</testsuite>
