<?xml version="1.0" ?>
<testsuite errors="0" failures="0" name="TestPubCrypto-20190507181836" tests="3" time="0.099">
	<testcase classname="TestPubCrypto" name="test_symmetric" time="0.029"/>
	<testcase classname="TestPubCrypto" name="test_symmetric_base64" time="0.046"/>
	<testcase classname="TestPubCrypto" name="test_symmetric_hex" time="0.024"/>
	<system-out>
<![CDATA[]]>	</system-out>
	<system-err>
<![CDATA[]]>	</system-err>
</testsuite>
