<?xml version="1.0" ?>
<testsuite errors="0" failures="0" name="TestExtStageFiles-20190508075632" tests="4" time="0.001">
	<testcase classname="TestExtStageFiles" name="test___init__" time="0.000">
		<skipped message="for now" type="skip"/>
	</testcase>
	<testcase classname="TestExtStageFiles" name="test_get_condor_vars" time="0.000">
		<skipped message="for now" type="skip"/>
	</testcase>
	<testcase classname="TestExtStageFiles" name="test_get_constants" time="0.000">
		<skipped message="for now" type="skip"/>
	</testcase>
	<testcase classname="TestExtStageFiles" name="test_load_preentry_file_list" time="0.000">
		<skipped message="for now" type="skip"/>
	</testcase>
	<system-out>
<![CDATA[]]>	</system-out>
	<system-err>
<![CDATA[]]>	</system-err>
</testsuite>
