<?xml version="1.0" ?>
<testsuite errors="0" failures="0" name="TestCondTarElement-20190508075605" tests="1" time="0.247">
	<testcase classname="TestCondTarElement" name="test_validate" time="0.247"/>
	<system-out>
<![CDATA[]]>	</system-out>
	<system-err>
<![CDATA[]]>	</system-err>
</testsuite>
