<?xml version="1.0" ?>
<testsuite errors="0" failures="0" name="TestGlideinDicts-20190508081745" tests="9" time="4.588">
	<testcase classname="TestGlideinDicts" name="test_MainDicts_populate" time="0.626"/>
	<testcase classname="TestGlideinDicts" name="test__init__" time="0.461"/>
	<testcase classname="TestGlideinDicts" name="test_has_file_wrapper" time="0.472"/>
	<testcase classname="TestGlideinDicts" name="test_new_MainDicts" time="0.483"/>
	<testcase classname="TestGlideinDicts" name="test_new_SubDicts" time="0.428"/>
	<testcase classname="TestGlideinDicts" name="test_reuse" time="0.507"/>
	<testcase classname="TestGlideinDicts" name="test_save" time="0.620"/>
	<testcase classname="TestGlideinDicts" name="test_save_monitor" time="0.506"/>
	<testcase classname="TestGlideinDicts" name="test_save_pub_key" time="0.486"/>
	<system-out>
<![CDATA[]]>	</system-out>
	<system-err>
<![CDATA[]]>	</system-err>
</testsuite>
