<?xml version="1.0" ?>
<testsuite errors="0" failures="0" name="FETestCaseMisc-20190507181704" tests="5" time="1.275">
	<testcase classname="FETestCaseMisc" name="test_appendRealRunning" time="0.255"/>
	<testcase classname="FETestCaseMisc" name="test_evalParamExpr" time="0.250"/>
	<testcase classname="FETestCaseMisc" name="test_getGlideinCpusNum" time="0.274"/>
	<testcase classname="FETestCaseMisc" name="test_hashJob" time="0.241"/>
	<testcase classname="FETestCaseMisc" name="test_uniqueSets" time="0.255"/>
	<system-out>
<![CDATA[]]>	</system-out>
	<system-err>
<![CDATA[]]>	</system-err>
</testsuite>
