<?xml version="1.0" ?>
<testsuite errors="0" failures="0" name="FETestCaseCondorStatus-20190506152545" tests="9" time="2.441">
	<testcase classname="FETestCaseCondorStatus" name="test_countCondorStatus" time="0.217"/>
	<testcase classname="FETestCaseCondorStatus" name="test_getClientCondorStatus" time="0.220"/>
	<testcase classname="FETestCaseCondorStatus" name="test_getClientCondorStatusCredIdOnly" time="0.221"/>
	<testcase classname="FETestCaseCondorStatus" name="test_getClientCondorStatusPerCredId" time="0.222"/>
	<testcase classname="FETestCaseCondorStatus" name="test_getCondorStatus" time="0.458"/>
	<testcase classname="FETestCaseCondorStatus" name="test_getCondorStatusSchedds" time="0.335"/>
	<testcase classname="FETestCaseCondorStatus" name="test_getFactoryEntryList" time="0.251"/>
	<testcase classname="FETestCaseCondorStatus" name="test_getIdleCondorStatus" time="0.261"/>
	<testcase classname="FETestCaseCondorStatus" name="test_getRunningCondorStatus" time="0.257"/>
	<system-out>
<![CDATA[]]>	</system-out>
	<system-err>
<![CDATA[]]>	</system-err>
</testsuite>
