<?xml version="1.0" ?>
<testsuite errors="0" failures="0" name="FETestCaseCount-20190506181709" tests="7" time="1.960">
	<testcase classname="FETestCaseCount" name="test_countMatch" time="0.296"/>
	<testcase classname="FETestCaseCount" name="test_countMatchDowntime" time="0.303"/>
	<testcase classname="FETestCaseCount" name="test_countMatch_missingKey" time="0.291"/>
	<testcase classname="FETestCaseCount" name="test_countMatch_otherException" time="0.277"/>
	<testcase classname="FETestCaseCount" name="test_countRealRunning_match" time="0.288"/>
	<testcase classname="FETestCaseCount" name="test_countRealRunning_missingKey" time="0.277"/>
	<testcase classname="FETestCaseCount" name="test_countRealRunning_otherException" time="0.227"/>
	<system-out>
<![CDATA[]]>	</system-out>
	<system-err>
<![CDATA[]]>	</system-err>
</testsuite>
