<?xml version="1.0" ?>
<testsuite errors="0" failures="0" name="TestCondorExe-20190508081745" tests="3" time="3.455">
	<testcase classname="TestCondorExe" name="test_exe_cmd" time="1.226"/>
	<testcase classname="TestCondorExe" name="test_exe_cmd_sbin" time="1.145"/>
	<testcase classname="TestCondorExe" name="test_iexe_cmd" time="1.083"/>
	<system-out>
<![CDATA[]]>	</system-out>
	<system-err>
<![CDATA[]]>	</system-err>
</testsuite>
