<?xml version="1.0" ?>
<testsuite errors="0" failures="0" name="TestGlideinDicts-20190507182114" tests="7" time="0.969">
	<testcase classname="TestGlideinDicts" name="test_MainDicts_populate" time="0.202"/>
	<testcase classname="TestGlideinDicts" name="test__init__" time="0.103"/>
	<testcase classname="TestGlideinDicts" name="test_new_MainDicts" time="0.105"/>
	<testcase classname="TestGlideinDicts" name="test_new_SubDicts" time="0.110"/>
	<testcase classname="TestGlideinDicts" name="test_save" time="0.181"/>
	<testcase classname="TestGlideinDicts" name="test_save_monitor" time="0.127"/>
	<testcase classname="TestGlideinDicts" name="test_save_pub_key" time="0.141"/>
	<system-out>
<![CDATA[]]>	</system-out>
	<system-err>
<![CDATA[]]>	</system-err>
</testsuite>
