<?xml version="1.0" ?>
<testsuite errors="0" failures="0" name="TestCondorExe-20190514191451" tests="3" time="7.654">
	<testcase classname="TestCondorExe" name="test_exe_cmd" time="2.950"/>
	<testcase classname="TestCondorExe" name="test_exe_cmd_sbin" time="2.230"/>
	<testcase classname="TestCondorExe" name="test_iexe_cmd" time="2.474"/>
	<system-out>
<![CDATA[]]>	</system-out>
	<system-err>
<![CDATA[]]>	</system-err>
</testsuite>
