<?xml version="1.0" ?>
<testsuite errors="0" failures="0" name="TestGlideinMainDicts-20190508081750" tests="6" time="0.243">
	<testcase classname="TestGlideinMainDicts" name="test___init__" time="0.034"/>
	<testcase classname="TestGlideinMainDicts" name="test_get_daemon_log_dir" time="0.039"/>
	<testcase classname="TestGlideinMainDicts" name="test_get_main_dicts" time="0.039"/>
	<testcase classname="TestGlideinMainDicts" name="test_load" time="0.044"/>
	<testcase classname="TestGlideinMainDicts" name="test_reuse" time="0.042"/>
	<testcase classname="TestGlideinMainDicts" name="test_save" time="0.046"/>
	<system-out>
<![CDATA[]]>	</system-out>
	<system-err>
<![CDATA[]]>	</system-err>
</testsuite>
