<?xml version="1.0" ?>
<testsuite errors="0" failures="0" name="TestGlideinDicts-20190514191456" tests="7" time="2.123">
	<testcase classname="TestGlideinDicts" name="test_MainDicts_populate" time="0.467"/>
	<testcase classname="TestGlideinDicts" name="test__init__" time="0.283"/>
	<testcase classname="TestGlideinDicts" name="test_new_MainDicts" time="0.267"/>
	<testcase classname="TestGlideinDicts" name="test_new_SubDicts" time="0.241"/>
	<testcase classname="TestGlideinDicts" name="test_save" time="0.328"/>
	<testcase classname="TestGlideinDicts" name="test_save_monitor" time="0.252"/>
	<testcase classname="TestGlideinDicts" name="test_save_pub_key" time="0.286"/>
	<system-out>
<![CDATA[]]>	</system-out>
	<system-err>
<![CDATA[]]>	</system-err>
</testsuite>
