<?xml version="1.0" ?>
<testsuite errors="0" failures="0" name="TestCondorExe-20190514191444" tests="3" time="6.623">
	<testcase classname="TestCondorExe" name="test_exe_cmd" time="1.965"/>
	<testcase classname="TestCondorExe" name="test_exe_cmd_sbin" time="2.439"/>
	<testcase classname="TestCondorExe" name="test_iexe_cmd" time="2.220"/>
	<system-out>
<![CDATA[]]>	</system-out>
	<system-err>
<![CDATA[]]>	</system-err>
</testsuite>
