<?xml version="1.0" ?>
<testsuite errors="0" failures="0" name="TestVOFrontendSubParams-20190514191501" tests="4" time="0.168">
	<testcase classname="TestVOFrontendSubParams" name="test__eq__" time="0.043"/>
	<testcase classname="TestVOFrontendSubParams" name="test_extract_attr_val" time="0.034"/>
	<testcase classname="TestVOFrontendSubParams" name="test_init" time="0.040"/>
	<testcase classname="TestVOFrontendSubParams" name="test_looks_like_dict" time="0.051"/>
	<system-out>
<![CDATA[]]>	</system-out>
	<system-err>
<![CDATA[]]>	</system-err>
</testsuite>
