<?xml version="1.0" ?>
<testsuite errors="0" failures="0" name="TestGlideinDicts-20190506194242" tests="9" time="1.420">
	<testcase classname="TestGlideinDicts" name="test_MainDicts_populate" time="0.247"/>
	<testcase classname="TestGlideinDicts" name="test__init__" time="0.127"/>
	<testcase classname="TestGlideinDicts" name="test_has_file_wrapper" time="0.140"/>
	<testcase classname="TestGlideinDicts" name="test_new_MainDicts" time="0.131"/>
	<testcase classname="TestGlideinDicts" name="test_new_SubDicts" time="0.158"/>
	<testcase classname="TestGlideinDicts" name="test_reuse" time="0.174"/>
	<testcase classname="TestGlideinDicts" name="test_save" time="0.193"/>
	<testcase classname="TestGlideinDicts" name="test_save_monitor" time="0.128"/>
	<testcase classname="TestGlideinDicts" name="test_save_pub_key" time="0.122"/>
	<system-out>
<![CDATA[]]>	</system-out>
	<system-err>
<![CDATA[]]>	</system-err>
</testsuite>
