<?xml version="1.0" ?>
<testsuite errors="0" failures="0" name="TestGlideinDicts-20190506182107" tests="9" time="1.654">
	<testcase classname="TestGlideinDicts" name="test_MainDicts_populate" time="0.246"/>
	<testcase classname="TestGlideinDicts" name="test__init__" time="0.141"/>
	<testcase classname="TestGlideinDicts" name="test_has_file_wrapper" time="0.175"/>
	<testcase classname="TestGlideinDicts" name="test_new_MainDicts" time="0.186"/>
	<testcase classname="TestGlideinDicts" name="test_new_SubDicts" time="0.196"/>
	<testcase classname="TestGlideinDicts" name="test_reuse" time="0.158"/>
	<testcase classname="TestGlideinDicts" name="test_save" time="0.212"/>
	<testcase classname="TestGlideinDicts" name="test_save_monitor" time="0.162"/>
	<testcase classname="TestGlideinDicts" name="test_save_pub_key" time="0.177"/>
	<system-out>
<![CDATA[]]>	</system-out>
	<system-err>
<![CDATA[]]>	</system-err>
</testsuite>
