<?xml version="1.0" ?>
<testsuite errors="0" failures="0" name="TestGlideinDicts-20190514191446" tests="9" time="2.652">
	<testcase classname="TestGlideinDicts" name="test_MainDicts_populate" time="0.518"/>
	<testcase classname="TestGlideinDicts" name="test__init__" time="0.222"/>
	<testcase classname="TestGlideinDicts" name="test_has_file_wrapper" time="0.223"/>
	<testcase classname="TestGlideinDicts" name="test_new_MainDicts" time="0.249"/>
	<testcase classname="TestGlideinDicts" name="test_new_SubDicts" time="0.278"/>
	<testcase classname="TestGlideinDicts" name="test_reuse" time="0.270"/>
	<testcase classname="TestGlideinDicts" name="test_save" time="0.402"/>
	<testcase classname="TestGlideinDicts" name="test_save_monitor" time="0.253"/>
	<testcase classname="TestGlideinDicts" name="test_save_pub_key" time="0.236"/>
	<system-out>
<![CDATA[]]>	</system-out>
	<system-err>
<![CDATA[]]>	</system-err>
</testsuite>
