<?xml version="1.0" ?>
<testsuite errors="0" failures="0" name="TestEncodeDecodeData-20190506181658" tests="4" time="0.649">
	<testcase classname="TestEncodeDecodeData" name="test_decode_data" time="0.001"/>
	<testcase classname="TestEncodeDecodeData" name="test_encode_data" time="0.000"/>
	<testcase classname="TestEncodeDecodeData" name="test_symmetric_binary" time="0.316"/>
	<testcase classname="TestEncodeDecodeData" name="test_symmetric_text" time="0.331"/>
	<system-out>
<![CDATA[]]>	</system-out>
	<system-err>
<![CDATA[]]>	</system-err>
</testsuite>
