<?xml version="1.0" ?>
<testsuite errors="0" failures="0" name="TestFactFileElement-20190506220531" tests="1" time="0.029">
	<testcase classname="TestFactFileElement" name="test_validate" time="0.029"/>
	<system-out>
<![CDATA[]]>	</system-out>
	<system-err>
<![CDATA[]]>	</system-err>
</testsuite>
