<?xml version="1.0" ?>
<testsuite errors="0" failures="0" name="TestGlideinDicts-20190508181632" tests="9" time="1.414">
	<testcase classname="TestGlideinDicts" name="test_MainDicts_populate" time="0.225"/>
	<testcase classname="TestGlideinDicts" name="test__init__" time="0.134"/>
	<testcase classname="TestGlideinDicts" name="test_has_file_wrapper" time="0.146"/>
	<testcase classname="TestGlideinDicts" name="test_new_MainDicts" time="0.151"/>
	<testcase classname="TestGlideinDicts" name="test_new_SubDicts" time="0.140"/>
	<testcase classname="TestGlideinDicts" name="test_reuse" time="0.143"/>
	<testcase classname="TestGlideinDicts" name="test_save" time="0.195"/>
	<testcase classname="TestGlideinDicts" name="test_save_monitor" time="0.138"/>
	<testcase classname="TestGlideinDicts" name="test_save_pub_key" time="0.141"/>
	<system-out>
<![CDATA[]]>	</system-out>
	<system-err>
<![CDATA[]]>	</system-err>
</testsuite>
