<?xml version="1.0" ?>
<testsuite errors="0" failures="0" name="TestPlugins-20190506193830" tests="5" time="0.075">
	<testcase classname="TestPlugins" name="test_proxy_all" time="0.008"/>
	<testcase classname="TestPlugins" name="test_proxy_cardinality" time="0.016"/>
	<testcase classname="TestPlugins" name="test_proxy_first" time="0.013"/>
	<testcase classname="TestPlugins" name="test_proxy_usermap" time="0.026"/>
	<testcase classname="TestPlugins" name="test_proxy_userr" time="0.013"/>
	<system-out>
<![CDATA[]]>	</system-out>
	<system-err>
<![CDATA[]]>	</system-err>
</testsuite>
