<?xml version="1.0" ?>
<testsuite errors="0" failures="0" name="TestGlideinDicts-20190509181635" tests="9" time="1.429">
	<testcase classname="TestGlideinDicts" name="test_MainDicts_populate" time="0.222"/>
	<testcase classname="TestGlideinDicts" name="test__init__" time="0.129"/>
	<testcase classname="TestGlideinDicts" name="test_has_file_wrapper" time="0.132"/>
	<testcase classname="TestGlideinDicts" name="test_new_MainDicts" time="0.138"/>
	<testcase classname="TestGlideinDicts" name="test_new_SubDicts" time="0.145"/>
	<testcase classname="TestGlideinDicts" name="test_reuse" time="0.154"/>
	<testcase classname="TestGlideinDicts" name="test_save" time="0.197"/>
	<testcase classname="TestGlideinDicts" name="test_save_monitor" time="0.155"/>
	<testcase classname="TestGlideinDicts" name="test_save_pub_key" time="0.156"/>
	<system-out>
<![CDATA[]]>	</system-out>
	<system-err>
<![CDATA[]]>	</system-err>
</testsuite>
