<?xml version="1.0" ?>
<testsuite errors="0" failures="0" name="TestGlideinDicts-20190506220947" tests="9" time="1.141">
	<testcase classname="TestGlideinDicts" name="test_MainDicts_populate" time="0.168"/>
	<testcase classname="TestGlideinDicts" name="test__init__" time="0.110"/>
	<testcase classname="TestGlideinDicts" name="test_has_file_wrapper" time="0.125"/>
	<testcase classname="TestGlideinDicts" name="test_new_MainDicts" time="0.113"/>
	<testcase classname="TestGlideinDicts" name="test_new_SubDicts" time="0.102"/>
	<testcase classname="TestGlideinDicts" name="test_reuse" time="0.128"/>
	<testcase classname="TestGlideinDicts" name="test_save" time="0.177"/>
	<testcase classname="TestGlideinDicts" name="test_save_monitor" time="0.108"/>
	<testcase classname="TestGlideinDicts" name="test_save_pub_key" time="0.110"/>
	<system-out>
<![CDATA[]]>	</system-out>
	<system-err>
<![CDATA[]]>	</system-err>
</testsuite>
