<?xml version="1.0" ?>
<testsuite errors="0" failures="0" name="TestExtractRunStale-20190508181643" tests="1" time="0.000">
	<testcase classname="TestExtractRunStale" name="test_extract_run_stale" time="0.000">
		<skipped message="for now" type="skip"/>
	</testcase>
	<system-out>
<![CDATA[]]>	</system-out>
	<system-err>
<![CDATA[]]>	</system-err>
</testsuite>
