<?xml version="1.0" ?>
<testsuite errors="0" failures="0" name="TestGlideinDicts-20190508081747" tests="9" time="1.399">
	<testcase classname="TestGlideinDicts" name="test_MainDicts_populate" time="0.201"/>
	<testcase classname="TestGlideinDicts" name="test__init__" time="0.126"/>
	<testcase classname="TestGlideinDicts" name="test_has_file_wrapper" time="0.132"/>
	<testcase classname="TestGlideinDicts" name="test_new_MainDicts" time="0.147"/>
	<testcase classname="TestGlideinDicts" name="test_new_SubDicts" time="0.150"/>
	<testcase classname="TestGlideinDicts" name="test_reuse" time="0.151"/>
	<testcase classname="TestGlideinDicts" name="test_save" time="0.199"/>
	<testcase classname="TestGlideinDicts" name="test_save_monitor" time="0.144"/>
	<testcase classname="TestGlideinDicts" name="test_save_pub_key" time="0.150"/>
	<system-out>
<![CDATA[]]>	</system-out>
	<system-err>
<![CDATA[]]>	</system-err>
</testsuite>
