<?xml version="1.0" ?>
<testsuite errors="0" failures="0" name="TestGlideinDicts-20190506213957" tests="9" time="1.388">
	<testcase classname="TestGlideinDicts" name="test_MainDicts_populate" time="0.169"/>
	<testcase classname="TestGlideinDicts" name="test__init__" time="0.109"/>
	<testcase classname="TestGlideinDicts" name="test_has_file_wrapper" time="0.102"/>
	<testcase classname="TestGlideinDicts" name="test_new_MainDicts" time="0.133"/>
	<testcase classname="TestGlideinDicts" name="test_new_SubDicts" time="0.191"/>
	<testcase classname="TestGlideinDicts" name="test_reuse" time="0.185"/>
	<testcase classname="TestGlideinDicts" name="test_save" time="0.260"/>
	<testcase classname="TestGlideinDicts" name="test_save_monitor" time="0.129"/>
	<testcase classname="TestGlideinDicts" name="test_save_pub_key" time="0.110"/>
	<system-out>
<![CDATA[]]>	</system-out>
	<system-err>
<![CDATA[]]>	</system-err>
</testsuite>
