<?xml version="1.0" ?>
<testsuite errors="0" failures="0" name="TestPlugins-20190506152532" tests="5" time="0.072">
	<testcase classname="TestPlugins" name="test_proxy_all" time="0.009"/>
	<testcase classname="TestPlugins" name="test_proxy_cardinality" time="0.016"/>
	<testcase classname="TestPlugins" name="test_proxy_first" time="0.015"/>
	<testcase classname="TestPlugins" name="test_proxy_usermap" time="0.019"/>
	<testcase classname="TestPlugins" name="test_proxy_userr" time="0.014"/>
	<system-out>
<![CDATA[]]>	</system-out>
	<system-err>
<![CDATA[]]>	</system-err>
</testsuite>
