<?xml version="1.0" ?>
<testsuite errors="0" failures="0" name="TestGetEntryLogDir-20190509181633" tests="1" time="0.000">
	<testcase classname="TestGetEntryLogDir" name="test_get_entry_log_dir" time="0.000"/>
	<system-out>
<![CDATA[]]>	</system-out>
	<system-err>
<![CDATA[]]>	</system-err>
</testsuite>
