<?xml version="1.0" ?>
<testsuite errors="0" failures="0" name="TestChmodClientDirSupport-20190508131538" tests="2" time="0.000">
	<testcase classname="TestChmodClientDirSupport" name="test___init__" time="0.000">
		<skipped message="for now" type="skip"/>
	</testcase>
	<testcase classname="TestChmodClientDirSupport" name="test_create_dir" time="0.000">
		<skipped message="for now" type="skip"/>
	</testcase>
	<system-out>
<![CDATA[]]>	</system-out>
	<system-err>
<![CDATA[]]>	</system-err>
</testsuite>
