<?xml version="1.0" ?>
<testsuite errors="0" failures="0" name="TestCounterWrapper-20190506152947" tests="5" time="0.001">
	<testcase classname="TestCounterWrapper" name="test___contains__" time="0.000"/>
	<testcase classname="TestCounterWrapper" name="test___delitem__" time="0.000"/>
	<testcase classname="TestCounterWrapper" name="test___getitem__" time="0.000"/>
	<testcase classname="TestCounterWrapper" name="test___setitem__" time="0.000"/>
	<testcase classname="TestCounterWrapper" name="test_has_key" time="0.000"/>
	<system-out>
<![CDATA[]]>	</system-out>
	<system-err>
<![CDATA[]]>	</system-err>
</testsuite>
