<?xml version="1.0" ?>
<testsuite errors="0" failures="0" name="TestGlideinDicts-20190507182108" tests="9" time="1.390">
	<testcase classname="TestGlideinDicts" name="test_MainDicts_populate" time="0.234"/>
	<testcase classname="TestGlideinDicts" name="test__init__" time="0.159"/>
	<testcase classname="TestGlideinDicts" name="test_has_file_wrapper" time="0.149"/>
	<testcase classname="TestGlideinDicts" name="test_new_MainDicts" time="0.148"/>
	<testcase classname="TestGlideinDicts" name="test_new_SubDicts" time="0.135"/>
	<testcase classname="TestGlideinDicts" name="test_reuse" time="0.118"/>
	<testcase classname="TestGlideinDicts" name="test_save" time="0.191"/>
	<testcase classname="TestGlideinDicts" name="test_save_monitor" time="0.126"/>
	<testcase classname="TestGlideinDicts" name="test_save_pub_key" time="0.130"/>
	<system-out>
<![CDATA[]]>	</system-out>
	<system-err>
<![CDATA[]]>	</system-err>
</testsuite>
