<?xml version="1.0" ?>
<testsuite errors="0" failures="0" name="FETestCaseCondorQ-20190508075600" tests="12" time="0.467">
	<testcase classname="FETestCaseCondorQ" name="test_countCondorQ" time="0.036"/>
	<testcase classname="FETestCaseCondorQ" name="test_getClientCondorStatusCredIdOnly" time="0.037"/>
	<testcase classname="FETestCaseCondorQ" name="test_getClientCondorStatusPerCredId" time="0.037"/>
	<testcase classname="FETestCaseCondorQ" name="test_getCondorQ" time="0.038"/>
	<testcase classname="FETestCaseCondorQ" name="test_getCondorQUsers" time="0.034"/>
	<testcase classname="FETestCaseCondorQ" name="test_getCondorQ_no_constraints" time="0.040"/>
	<testcase classname="FETestCaseCondorQ" name="test_getIdleCondorQ" time="0.036"/>
	<testcase classname="FETestCaseCondorQ" name="test_getIdleProxyCondorQ" time="0.038"/>
	<testcase classname="FETestCaseCondorQ" name="test_getIdleVomsCondorQ" time="0.038"/>
	<testcase classname="FETestCaseCondorQ" name="test_getOldCondorQ" time="0.040"/>
	<testcase classname="FETestCaseCondorQ" name="test_getRunningCondorQ" time="0.043"/>
	<testcase classname="FETestCaseCondorQ" name="test_oldCondorQ" time="0.049"/>
	<system-out>
<![CDATA[]]>	</system-out>
	<system-err>
<![CDATA[]]>	</system-err>
</testsuite>
