<?xml version="1.0" ?>
<testsuite errors="0" failures="0" name="TestPubCrypto-20190506181812" tests="3" time="0.111">
	<testcase classname="TestPubCrypto" name="test_symmetric" time="0.036"/>
	<testcase classname="TestPubCrypto" name="test_symmetric_base64" time="0.029"/>
	<testcase classname="TestPubCrypto" name="test_symmetric_hex" time="0.045"/>
	<system-out>
<![CDATA[]]>	</system-out>
	<system-err>
<![CDATA[]]>	</system-err>
</testsuite>
