<?xml version="1.0" ?>
<testsuite errors="0" failures="0" name="TestCondorExe-20190506181638" tests="3" time="2.978">
	<testcase classname="TestCondorExe" name="test_exe_cmd" time="0.956"/>
	<testcase classname="TestCondorExe" name="test_exe_cmd_sbin" time="1.003"/>
	<testcase classname="TestCondorExe" name="test_iexe_cmd" time="1.019"/>
	<system-out>
<![CDATA[]]>	</system-out>
	<system-err>
<![CDATA[]]>	</system-err>
</testsuite>
