<?xml version="1.0" ?>
<testsuite errors="0" failures="0" name="TestCondorExe-20190506220522" tests="3" time="3.032">
	<testcase classname="TestCondorExe" name="test_exe_cmd" time="0.995"/>
	<testcase classname="TestCondorExe" name="test_exe_cmd_sbin" time="1.019"/>
	<testcase classname="TestCondorExe" name="test_iexe_cmd" time="1.018"/>
	<system-out>
<![CDATA[]]>	</system-out>
	<system-err>
<![CDATA[]]>	</system-err>
</testsuite>
