<?xml version="1.0" ?>
<testsuite errors="0" failures="0" name="TestVo-20190508132004" tests="3" time="0.001">
	<testcase classname="TestVo" name="test_fqan_malformed" time="0.000"/>
	<testcase classname="TestVo" name="test_fqan_vo_prefix" time="0.000"/>
	<testcase classname="TestVo" name="test_fqan_without_vo_prefix" time="0.000"/>
	<system-out>
<![CDATA[]]>	</system-out>
	<system-err>
<![CDATA[]]>	</system-err>
</testsuite>
