<?xml version="1.0" ?>
<testsuite errors="0" failures="0" name="TestGlideinDicts-20190506152943" tests="9" time="1.503">
	<testcase classname="TestGlideinDicts" name="test_MainDicts_populate" time="0.195"/>
	<testcase classname="TestGlideinDicts" name="test__init__" time="0.113"/>
	<testcase classname="TestGlideinDicts" name="test_has_file_wrapper" time="0.121"/>
	<testcase classname="TestGlideinDicts" name="test_new_MainDicts" time="0.169"/>
	<testcase classname="TestGlideinDicts" name="test_new_SubDicts" time="0.183"/>
	<testcase classname="TestGlideinDicts" name="test_reuse" time="0.175"/>
	<testcase classname="TestGlideinDicts" name="test_save" time="0.201"/>
	<testcase classname="TestGlideinDicts" name="test_save_monitor" time="0.195"/>
	<testcase classname="TestGlideinDicts" name="test_save_pub_key" time="0.152"/>
	<system-out>
<![CDATA[]]>	</system-out>
	<system-err>
<![CDATA[]]>	</system-err>
</testsuite>
