<?xml version="1.0" ?>
<testsuite errors="0" failures="0" name="TestUtils-20190506182111" tests="1" time="0.000">
	<testcase classname="TestUtils" name="test_safe_boolcomp" time="0.000"/>
	<system-out>
<![CDATA[]]>	</system-out>
	<system-err>
<![CDATA[]]>	</system-err>
</testsuite>
