<?xml version="1.0" ?>
<testsuite errors="0" failures="0" name="TestDowntimes-20190508124519" tests="5" time="0.015">
	<testcase classname="TestDowntimes" name="test_downtimesfile" time="0.008"/>
	<testcase classname="TestDowntimes" name="test_entryonlydowntime" time="0.002"/>
	<testcase classname="TestDowntimes" name="test_setdelayedperiod" time="0.001"/>
	<testcase classname="TestDowntimes" name="test_setfrontendsecclass" time="0.002"/>
	<testcase classname="TestDowntimes" name="test_setperiodwithendtime" time="0.001"/>
	<system-out>
<![CDATA[]]>	</system-out>
	<system-err>
<![CDATA[]]>	</system-err>
</testsuite>
