<?xml version="1.0" ?>
<testsuite errors="0" failures="0" name="FETestCaseCondorQ-20190514191503" tests="12" time="0.820">
	<testcase classname="FETestCaseCondorQ" name="test_countCondorQ" time="0.052"/>
	<testcase classname="FETestCaseCondorQ" name="test_getClientCondorStatusCredIdOnly" time="0.047"/>
	<testcase classname="FETestCaseCondorQ" name="test_getClientCondorStatusPerCredId" time="0.044"/>
	<testcase classname="FETestCaseCondorQ" name="test_getCondorQ" time="0.114"/>
	<testcase classname="FETestCaseCondorQ" name="test_getCondorQUsers" time="0.084"/>
	<testcase classname="FETestCaseCondorQ" name="test_getCondorQ_no_constraints" time="0.100"/>
	<testcase classname="FETestCaseCondorQ" name="test_getIdleCondorQ" time="0.073"/>
	<testcase classname="FETestCaseCondorQ" name="test_getIdleProxyCondorQ" time="0.064"/>
	<testcase classname="FETestCaseCondorQ" name="test_getIdleVomsCondorQ" time="0.067"/>
	<testcase classname="FETestCaseCondorQ" name="test_getOldCondorQ" time="0.082"/>
	<testcase classname="FETestCaseCondorQ" name="test_getRunningCondorQ" time="0.056"/>
	<testcase classname="FETestCaseCondorQ" name="test_oldCondorQ" time="0.039"/>
	<system-out>
<![CDATA[]]>	</system-out>
	<system-err>
<![CDATA[]]>	</system-err>
</testsuite>
