<?xml version="1.0" ?>
<testsuite errors="0" failures="0" name="TestGlideinMainDicts-20190506152505" tests="6" time="1.155">
	<testcase classname="TestGlideinMainDicts" name="test___init__" time="0.181"/>
	<testcase classname="TestGlideinMainDicts" name="test_get_daemon_log_dir" time="0.181"/>
	<testcase classname="TestGlideinMainDicts" name="test_get_main_dicts" time="0.192"/>
	<testcase classname="TestGlideinMainDicts" name="test_load" time="0.192"/>
	<testcase classname="TestGlideinMainDicts" name="test_reuse" time="0.204"/>
	<testcase classname="TestGlideinMainDicts" name="test_save" time="0.205"/>
	<system-out>
<![CDATA[]]>	</system-out>
	<system-err>
<![CDATA[]]>	</system-err>
</testsuite>
