<?xml version="1.0" ?>
<testsuite errors="0" failures="0" name="FETestCaseMisc-20190515001337" tests="5" time="1.059">
	<testcase classname="FETestCaseMisc" name="test_appendRealRunning" time="0.215"/>
	<testcase classname="FETestCaseMisc" name="test_evalParamExpr" time="0.207"/>
	<testcase classname="FETestCaseMisc" name="test_getGlideinCpusNum" time="0.214"/>
	<testcase classname="FETestCaseMisc" name="test_hashJob" time="0.210"/>
	<testcase classname="FETestCaseMisc" name="test_uniqueSets" time="0.213"/>
	<system-out>
<![CDATA[]]>	</system-out>
	<system-err>
<![CDATA[]]>	</system-err>
</testsuite>
