<?xml version="1.0" ?>
<testsuite errors="0" failures="0" name="FETestCaseCount-20190515003525" tests="7" time="1.604">
	<testcase classname="FETestCaseCount" name="test_countMatch" time="0.225"/>
	<testcase classname="FETestCaseCount" name="test_countMatchDowntime" time="0.236"/>
	<testcase classname="FETestCaseCount" name="test_countMatch_missingKey" time="0.242"/>
	<testcase classname="FETestCaseCount" name="test_countMatch_otherException" time="0.238"/>
	<testcase classname="FETestCaseCount" name="test_countRealRunning_match" time="0.219"/>
	<testcase classname="FETestCaseCount" name="test_countRealRunning_missingKey" time="0.224"/>
	<testcase classname="FETestCaseCount" name="test_countRealRunning_otherException" time="0.222"/>
	<system-out>
<![CDATA[]]>	</system-out>
	<system-err>
<![CDATA[]]>	</system-err>
</testsuite>
