<?xml version="1.0" ?>
<testsuite errors="0" failures="0" name="TestSymBlowfishKey-20190514185406" tests="2" time="2.257">
	<testcase classname="TestSymBlowfishKey" name="test___init__" time="0.001"/>
	<testcase classname="TestSymBlowfishKey" name="test_symmetric" time="2.256"/>
	<system-out>
<![CDATA[]]>	</system-out>
	<system-err>
<![CDATA[]]>	</system-err>
</testsuite>
