<?xml version="1.0" ?>
<testsuite errors="0" failures="0" name="FETestCaseCondorQ-20190506181659" tests="12" time="3.286">
	<testcase classname="FETestCaseCondorQ" name="test_countCondorQ" time="0.287"/>
	<testcase classname="FETestCaseCondorQ" name="test_getClientCondorStatusCredIdOnly" time="0.279"/>
	<testcase classname="FETestCaseCondorQ" name="test_getClientCondorStatusPerCredId" time="0.272"/>
	<testcase classname="FETestCaseCondorQ" name="test_getCondorQ" time="0.282"/>
	<testcase classname="FETestCaseCondorQ" name="test_getCondorQUsers" time="0.258"/>
	<testcase classname="FETestCaseCondorQ" name="test_getCondorQ_no_constraints" time="0.304"/>
	<testcase classname="FETestCaseCondorQ" name="test_getIdleCondorQ" time="0.270"/>
	<testcase classname="FETestCaseCondorQ" name="test_getIdleProxyCondorQ" time="0.266"/>
	<testcase classname="FETestCaseCondorQ" name="test_getIdleVomsCondorQ" time="0.259"/>
	<testcase classname="FETestCaseCondorQ" name="test_getOldCondorQ" time="0.241"/>
	<testcase classname="FETestCaseCondorQ" name="test_getRunningCondorQ" time="0.258"/>
	<testcase classname="FETestCaseCondorQ" name="test_oldCondorQ" time="0.310"/>
	<system-out>
<![CDATA[]]>	</system-out>
	<system-err>
<![CDATA[]]>	</system-err>
</testsuite>
