<?xml version="1.0" ?>
<testsuite errors="0" failures="0" name="TestEntryElement-20190506213534" tests="3" time="0.778">
	<testcase classname="TestEntryElement" name="test_getName" time="0.254"/>
	<testcase classname="TestEntryElement" name="test_validate" time="0.276"/>
	<testcase classname="TestEntryElement" name="test_validate_sub_elements" time="0.247"/>
	<system-out>
<![CDATA[]]>	</system-out>
	<system-err>
<![CDATA[]]>	</system-err>
</testsuite>
