<?xml version="1.0" ?>
<testsuite errors="0" failures="0" name="TestFactoryConfig-20190515140715" tests="14" time="0.920">
	<testcase classname="TestFactoryConfig" name="test__contains__" time="0.046"/>
	<testcase classname="TestFactoryConfig" name="test__init__" time="0.042"/>
	<testcase classname="TestFactoryConfig" name="test_backup_and_load_old_key" time="0.046"/>
	<testcase classname="TestFactoryConfig" name="test_backup_rsa_key" time="0.043"/>
	<testcase classname="TestFactoryConfig" name="test_get_all_frontend_sec_classes" time="0.044"/>
	<testcase classname="TestFactoryConfig" name="test_get_all_usernames" time="0.049"/>
	<testcase classname="TestFactoryConfig" name="test_get_frontend_name" time="0.053"/>
	<testcase classname="TestFactoryConfig" name="test_get_identity" time="0.055"/>
	<testcase classname="TestFactoryConfig" name="test_get_username" time="0.057"/>
	<testcase classname="TestFactoryConfig" name="test_has_key" time="0.054"/>
	<testcase classname="TestFactoryConfig" name="test_load_old_rsa_key" time="0.052"/>
	<testcase classname="TestFactoryConfig" name="test_load_pub_key" time="0.282"/>
	<testcase classname="TestFactoryConfig" name="test_remove_old_key" time="0.046"/>
	<testcase classname="TestFactoryConfig" name="test_str_" time="0.048"/>
	<system-out>
<![CDATA[]]>	</system-out>
	<system-err>
<![CDATA[]]>	</system-err>
</testsuite>
