<?xml version="1.0" ?>
<testsuite errors="0" failures="0" name="FETestCaseMisc-20190508124527" tests="5" time="1.350">
	<testcase classname="FETestCaseMisc" name="test_appendRealRunning" time="0.284"/>
	<testcase classname="FETestCaseMisc" name="test_evalParamExpr" time="0.270"/>
	<testcase classname="FETestCaseMisc" name="test_getGlideinCpusNum" time="0.262"/>
	<testcase classname="FETestCaseMisc" name="test_hashJob" time="0.279"/>
	<testcase classname="FETestCaseMisc" name="test_uniqueSets" time="0.256"/>
	<system-out>
<![CDATA[]]>	</system-out>
	<system-err>
<![CDATA[]]>	</system-err>
</testsuite>
