<?xml version="1.0" ?>
<testsuite errors="0" failures="0" name="TestTimeFunctions-20190508131747" tests="16" time="2.521">
	<testcase classname="TestTimeFunctions" name="test_ISO8601_Local__symmetric" time="1.133"/>
	<testcase classname="TestTimeFunctions" name="test_extract_human" time="0.064"/>
	<testcase classname="TestTimeFunctions" name="test_extract_is_o8601__local" time="0.002"/>
	<testcase classname="TestTimeFunctions" name="test_extract_is_o8601__ut_c" time="0.056"/>
	<testcase classname="TestTimeFunctions" name="test_extract_rf_c2822__local" time="0.063"/>
	<testcase classname="TestTimeFunctions" name="test_extract_rf_c2822__ut_c" time="0.064"/>
	<testcase classname="TestTimeFunctions" name="test_extract_seconds" time="0.001"/>
	<testcase classname="TestTimeFunctions" name="test_get_human" time="0.001"/>
	<testcase classname="TestTimeFunctions" name="test_get_is_o8601__local" time="0.001"/>
	<testcase classname="TestTimeFunctions" name="test_get_is_o8601__ut_c" time="0.001"/>
	<testcase classname="TestTimeFunctions" name="test_get_rf_c2822__local" time="0.001"/>
	<testcase classname="TestTimeFunctions" name="test_get_rf_c2822__ut_c" time="0.001"/>
	<testcase classname="TestTimeFunctions" name="test_get_seconds" time="0.001"/>
	<testcase classname="TestTimeFunctions" name="test_get_t_zval" time="0.001"/>
	<testcase classname="TestTimeFunctions" name="test_get_time_in_format" time="0.001"/>
	<testcase classname="TestTimeFunctions" name="test_rf_c2822_local_symmetric" time="1.132"/>
	<system-out>
<![CDATA[]]>	</system-out>
	<system-err>
<![CDATA[]]>	</system-err>
</testsuite>
