<?xml version="1.0" ?>
<testsuite errors="0" failures="0" name="TestCondorExe-20190508081722" tests="3" time="3.014">
	<testcase classname="TestCondorExe" name="test_exe_cmd" time="0.990"/>
	<testcase classname="TestCondorExe" name="test_exe_cmd_sbin" time="1.056"/>
	<testcase classname="TestCondorExe" name="test_iexe_cmd" time="0.967"/>
	<system-out>
<![CDATA[]]>	</system-out>
	<system-err>
<![CDATA[]]>	</system-err>
</testsuite>
