<?xml version="1.0" ?>
<testsuite errors="0" failures="0" name="TestGlideinMainDicts-20190509181626" tests="6" time="1.697">
	<testcase classname="TestGlideinMainDicts" name="test___init__" time="0.265"/>
	<testcase classname="TestGlideinMainDicts" name="test_get_daemon_log_dir" time="0.278"/>
	<testcase classname="TestGlideinMainDicts" name="test_get_main_dicts" time="0.262"/>
	<testcase classname="TestGlideinMainDicts" name="test_load" time="0.262"/>
	<testcase classname="TestGlideinMainDicts" name="test_reuse" time="0.309"/>
	<testcase classname="TestGlideinMainDicts" name="test_save" time="0.321"/>
	<system-out>
<![CDATA[]]>	</system-out>
	<system-err>
<![CDATA[]]>	</system-err>
</testsuite>
