<?xml version="1.0" ?>
<testsuite errors="0" failures="0" name="TestFactoryConfig-20190515003518" tests="14" time="0.712">
	<testcase classname="TestFactoryConfig" name="test__contains__" time="0.047"/>
	<testcase classname="TestFactoryConfig" name="test__init__" time="0.038"/>
	<testcase classname="TestFactoryConfig" name="test_backup_and_load_old_key" time="0.041"/>
	<testcase classname="TestFactoryConfig" name="test_backup_rsa_key" time="0.040"/>
	<testcase classname="TestFactoryConfig" name="test_get_all_frontend_sec_classes" time="0.044"/>
	<testcase classname="TestFactoryConfig" name="test_get_all_usernames" time="0.043"/>
	<testcase classname="TestFactoryConfig" name="test_get_frontend_name" time="0.046"/>
	<testcase classname="TestFactoryConfig" name="test_get_identity" time="0.047"/>
	<testcase classname="TestFactoryConfig" name="test_get_username" time="0.044"/>
	<testcase classname="TestFactoryConfig" name="test_has_key" time="0.046"/>
	<testcase classname="TestFactoryConfig" name="test_load_old_rsa_key" time="0.047"/>
	<testcase classname="TestFactoryConfig" name="test_load_pub_key" time="0.146"/>
	<testcase classname="TestFactoryConfig" name="test_remove_old_key" time="0.038"/>
	<testcase classname="TestFactoryConfig" name="test_str_" time="0.044"/>
	<system-out>
<![CDATA[]]>	</system-out>
	<system-err>
<![CDATA[]]>	</system-err>
</testsuite>
