<?xml version="1.0" ?>
<testsuite errors="0" failures="0" name="TestGlideinMainDicts-20190515003500" tests="6" time="1.194">
	<testcase classname="TestGlideinMainDicts" name="test___init__" time="0.191"/>
	<testcase classname="TestGlideinMainDicts" name="test_get_daemon_log_dir" time="0.192"/>
	<testcase classname="TestGlideinMainDicts" name="test_get_main_dicts" time="0.187"/>
	<testcase classname="TestGlideinMainDicts" name="test_load" time="0.195"/>
	<testcase classname="TestGlideinMainDicts" name="test_reuse" time="0.211"/>
	<testcase classname="TestGlideinMainDicts" name="test_save" time="0.218"/>
	<system-out>
<![CDATA[]]>	</system-out>
	<system-err>
<![CDATA[]]>	</system-err>
</testsuite>
