<?xml version="1.0" ?>
<testsuite errors="0" failures="0" name="TestScheddName2str-20190508075610" tests="1" time="0.000">
	<testcase classname="TestScheddName2str" name="test_schedd_name2str" time="0.000">
		<skipped message="for now" type="skip"/>
	</testcase>
	<system-out>
<![CDATA[]]>	</system-out>
	<system-err>
<![CDATA[]]>	</system-err>
</testsuite>
