<?xml version="1.0" ?>
<testsuite errors="0" failures="0" name="TestGetStatusGlideidx-20190508181654" tests="1" time="0.000">
	<testcase classname="TestGetStatusGlideidx" name="test_get_status_glideidx" time="0.000">
		<skipped message="for now" type="skip"/>
	</testcase>
	<system-out>
<![CDATA[]]>	</system-out>
	<system-err>
<![CDATA[]]>	</system-err>
</testsuite>
