<?xml version="1.0" ?>
<testsuite errors="0" failures="0" name="TestParse-20190509181643" tests="1" time="0.973">
	<testcase classname="TestParse" name="test_parse" time="0.973"/>
	<system-out>
<![CDATA[]]>	</system-out>
	<system-err>
<![CDATA[]]>	</system-err>
</testsuite>
