<?xml version="1.0" ?>
<testsuite errors="0" failures="0" name="FETestCaseCount-20190515001337" tests="7" time="1.581">
	<testcase classname="FETestCaseCount" name="test_countMatch" time="0.225"/>
	<testcase classname="FETestCaseCount" name="test_countMatchDowntime" time="0.236"/>
	<testcase classname="FETestCaseCount" name="test_countMatch_missingKey" time="0.236"/>
	<testcase classname="FETestCaseCount" name="test_countMatch_otherException" time="0.236"/>
	<testcase classname="FETestCaseCount" name="test_countRealRunning_match" time="0.218"/>
	<testcase classname="FETestCaseCount" name="test_countRealRunning_missingKey" time="0.210"/>
	<testcase classname="FETestCaseCount" name="test_countRealRunning_otherException" time="0.221"/>
	<system-out>
<![CDATA[]]>	</system-out>
	<system-err>
<![CDATA[]]>	</system-err>
</testsuite>
