<?xml version="1.0" ?>
<testsuite errors="0" failures="0" name="TestParse-20190515181719" tests="1" time="0.739">
	<testcase classname="TestParse" name="test_parse" time="0.739"/>
	<system-out>
<![CDATA[]]>	</system-out>
	<system-err>
<![CDATA[]]>	</system-err>
</testsuite>
