<?xml version="1.0" ?>
<testsuite errors="0" failures="0" name="TestSymAES256Key-20190515140852" tests="2" time="1.936">
	<testcase classname="TestSymAES256Key" name="test___init__" time="0.001"/>
	<testcase classname="TestSymAES256Key" name="test_symmetric" time="1.935"/>
	<system-out>
<![CDATA[]]>	</system-out>
	<system-err>
<![CDATA[]]>	</system-err>
</testsuite>
