<?xml version="1.0" ?>
<testsuite errors="0" failures="0" name="TestGlideinDicts-20190506195000" tests="7" time="3.692">
	<testcase classname="TestGlideinDicts" name="test_MainDicts_populate" time="0.658"/>
	<testcase classname="TestGlideinDicts" name="test__init__" time="0.483"/>
	<testcase classname="TestGlideinDicts" name="test_new_MainDicts" time="0.503"/>
	<testcase classname="TestGlideinDicts" name="test_new_SubDicts" time="0.417"/>
	<testcase classname="TestGlideinDicts" name="test_save" time="0.548"/>
	<testcase classname="TestGlideinDicts" name="test_save_monitor" time="0.578"/>
	<testcase classname="TestGlideinDicts" name="test_save_pub_key" time="0.506"/>
	<system-out>
<![CDATA[]]>	</system-out>
	<system-err>
<![CDATA[]]>	</system-err>
</testsuite>
