<?xml version="1.0" ?>
<testsuite errors="0" failures="0" name="FETestCaseCondorStatus-20190508131604" tests="9" time="2.823">
	<testcase classname="FETestCaseCondorStatus" name="test_countCondorStatus" time="0.257"/>
	<testcase classname="FETestCaseCondorStatus" name="test_getClientCondorStatus" time="0.249"/>
	<testcase classname="FETestCaseCondorStatus" name="test_getClientCondorStatusCredIdOnly" time="0.285"/>
	<testcase classname="FETestCaseCondorStatus" name="test_getClientCondorStatusPerCredId" time="0.288"/>
	<testcase classname="FETestCaseCondorStatus" name="test_getCondorStatus" time="0.533"/>
	<testcase classname="FETestCaseCondorStatus" name="test_getCondorStatusSchedds" time="0.404"/>
	<testcase classname="FETestCaseCondorStatus" name="test_getFactoryEntryList" time="0.268"/>
	<testcase classname="FETestCaseCondorStatus" name="test_getIdleCondorStatus" time="0.266"/>
	<testcase classname="FETestCaseCondorStatus" name="test_getRunningCondorStatus" time="0.274"/>
	<system-out>
<![CDATA[]]>	</system-out>
	<system-err>
<![CDATA[]]>	</system-err>
</testsuite>
