<?xml version="1.0" ?>
<testsuite errors="0" failures="0" name="TestCondorExe-20190515001306" tests="3" time="2.713">
	<testcase classname="TestCondorExe" name="test_exe_cmd" time="0.883"/>
	<testcase classname="TestCondorExe" name="test_exe_cmd_sbin" time="0.976"/>
	<testcase classname="TestCondorExe" name="test_iexe_cmd" time="0.854"/>
	<system-out>
<![CDATA[]]>	</system-out>
	<system-err>
<![CDATA[]]>	</system-err>
</testsuite>
