<?xml version="1.0" ?>
<testsuite errors="0" failures="0" name="TestGlideinDicts-20190514185210" tests="7" time="3.353">
	<testcase classname="TestGlideinDicts" name="test_MainDicts_populate" time="0.626"/>
	<testcase classname="TestGlideinDicts" name="test__init__" time="0.414"/>
	<testcase classname="TestGlideinDicts" name="test_new_MainDicts" time="0.429"/>
	<testcase classname="TestGlideinDicts" name="test_new_SubDicts" time="0.463"/>
	<testcase classname="TestGlideinDicts" name="test_save" time="0.531"/>
	<testcase classname="TestGlideinDicts" name="test_save_monitor" time="0.438"/>
	<testcase classname="TestGlideinDicts" name="test_save_pub_key" time="0.451"/>
	<system-out>
<![CDATA[]]>	</system-out>
	<system-err>
<![CDATA[]]>	</system-err>
</testsuite>
