<?xml version="1.0" ?>
<testsuite errors="0" failures="0" name="TestCondTarElement-20190508081745" tests="1" time="0.236">
	<testcase classname="TestCondTarElement" name="test_validate" time="0.236"/>
	<system-out>
<![CDATA[]]>	</system-out>
	<system-err>
<![CDATA[]]>	</system-err>
</testsuite>
