<?xml version="1.0" ?>
<testsuite errors="0" failures="0" name="TestPubCrypto-20190508181828" tests="3" time="0.116">
	<testcase classname="TestPubCrypto" name="test_symmetric" time="0.027"/>
	<testcase classname="TestPubCrypto" name="test_symmetric_base64" time="0.033"/>
	<testcase classname="TestPubCrypto" name="test_symmetric_hex" time="0.055"/>
	<system-out>
<![CDATA[]]>	</system-out>
	<system-err>
<![CDATA[]]>	</system-err>
</testsuite>
