<?xml version="1.0" ?>
<testsuite errors="0" failures="0" name="FETestCaseCondorStatus-20190506193839" tests="9" time="2.856">
	<testcase classname="FETestCaseCondorStatus" name="test_countCondorStatus" time="0.265"/>
	<testcase classname="FETestCaseCondorStatus" name="test_getClientCondorStatus" time="0.250"/>
	<testcase classname="FETestCaseCondorStatus" name="test_getClientCondorStatusCredIdOnly" time="0.272"/>
	<testcase classname="FETestCaseCondorStatus" name="test_getClientCondorStatusPerCredId" time="0.279"/>
	<testcase classname="FETestCaseCondorStatus" name="test_getCondorStatus" time="0.513"/>
	<testcase classname="FETestCaseCondorStatus" name="test_getCondorStatusSchedds" time="0.398"/>
	<testcase classname="FETestCaseCondorStatus" name="test_getFactoryEntryList" time="0.297"/>
	<testcase classname="FETestCaseCondorStatus" name="test_getIdleCondorStatus" time="0.291"/>
	<testcase classname="FETestCaseCondorStatus" name="test_getRunningCondorStatus" time="0.291"/>
	<system-out>
<![CDATA[]]>	</system-out>
	<system-err>
<![CDATA[]]>	</system-err>
</testsuite>
