<?xml version="1.0" ?>
<testsuite errors="0" failures="0" name="TestPopulateFactoryDescript-20190515141837" tests="1" time="0.000">
	<testcase classname="TestPopulateFactoryDescript" name="test_populate_factory_descript" time="0.000">
		<skipped message="for now" type="skip"/>
	</testcase>
	<system-out>
<![CDATA[]]>	</system-out>
	<system-err>
<![CDATA[]]>	</system-err>
</testsuite>
