<?xml version="1.0" ?>
<testsuite errors="0" failures="0" name="FETestCaseCondorQ-20190515003525" tests="12" time="2.646">
	<testcase classname="FETestCaseCondorQ" name="test_countCondorQ" time="0.223"/>
	<testcase classname="FETestCaseCondorQ" name="test_getClientCondorStatusCredIdOnly" time="0.219"/>
	<testcase classname="FETestCaseCondorQ" name="test_getClientCondorStatusPerCredId" time="0.219"/>
	<testcase classname="FETestCaseCondorQ" name="test_getCondorQ" time="0.242"/>
	<testcase classname="FETestCaseCondorQ" name="test_getCondorQUsers" time="0.215"/>
	<testcase classname="FETestCaseCondorQ" name="test_getCondorQ_no_constraints" time="0.221"/>
	<testcase classname="FETestCaseCondorQ" name="test_getIdleCondorQ" time="0.218"/>
	<testcase classname="FETestCaseCondorQ" name="test_getIdleProxyCondorQ" time="0.213"/>
	<testcase classname="FETestCaseCondorQ" name="test_getIdleVomsCondorQ" time="0.207"/>
	<testcase classname="FETestCaseCondorQ" name="test_getOldCondorQ" time="0.209"/>
	<testcase classname="FETestCaseCondorQ" name="test_getRunningCondorQ" time="0.213"/>
	<testcase classname="FETestCaseCondorQ" name="test_oldCondorQ" time="0.246"/>
	<system-out>
<![CDATA[]]>	</system-out>
	<system-err>
<![CDATA[]]>	</system-err>
</testsuite>
