<?xml version="1.0" ?>
<testsuite errors="0" failures="0" name="TestConfig-20190515181719" tests="17" time="3.063">
	<testcase classname="TestConfig" name="test___init__" time="0.177"/>
	<testcase classname="TestConfig" name="test_get_client_log_dirs" time="0.179"/>
	<testcase classname="TestConfig" name="test_get_client_proxy_dirs" time="0.176"/>
	<testcase classname="TestConfig" name="test_get_entries" time="0.177"/>
	<testcase classname="TestConfig" name="test_get_log_dir" time="0.177"/>
	<testcase classname="TestConfig" name="test_get_monitor_dir" time="0.177"/>
	<testcase classname="TestConfig" name="test_get_stage_dir" time="0.176"/>
	<testcase classname="TestConfig" name="test_get_submit_dir" time="0.177"/>
	<testcase classname="TestConfig" name="test_get_web_url" time="0.182"/>
	<testcase classname="TestConfig" name="test_set_client_log_dirs" time="0.176"/>
	<testcase classname="TestConfig" name="test_set_client_proxy_dirs" time="0.177"/>
	<testcase classname="TestConfig" name="test_set_log_dir" time="0.176"/>
	<testcase classname="TestConfig" name="test_set_monitor_dir" time="0.176"/>
	<testcase classname="TestConfig" name="test_set_stage_dir" time="0.207"/>
	<testcase classname="TestConfig" name="test_set_submit_dir" time="0.186"/>
	<testcase classname="TestConfig" name="test_set_web_url" time="0.181"/>
	<testcase classname="TestConfig" name="test_validate" time="0.185"/>
	<system-out>
<![CDATA[]]>	</system-out>
	<system-err>
<![CDATA[]]>	</system-err>
</testsuite>
