<?xml version="1.0" ?>
<testsuite errors="0" failures="0" name="FETestCaseCondorStatus-20190515003525" tests="9" time="2.200">
	<testcase classname="FETestCaseCondorStatus" name="test_countCondorStatus" time="0.213"/>
	<testcase classname="FETestCaseCondorStatus" name="test_getClientCondorStatus" time="0.212"/>
	<testcase classname="FETestCaseCondorStatus" name="test_getClientCondorStatusCredIdOnly" time="0.213"/>
	<testcase classname="FETestCaseCondorStatus" name="test_getClientCondorStatusPerCredId" time="0.214"/>
	<testcase classname="FETestCaseCondorStatus" name="test_getCondorStatus" time="0.400"/>
	<testcase classname="FETestCaseCondorStatus" name="test_getCondorStatusSchedds" time="0.298"/>
	<testcase classname="FETestCaseCondorStatus" name="test_getFactoryEntryList" time="0.216"/>
	<testcase classname="FETestCaseCondorStatus" name="test_getIdleCondorStatus" time="0.219"/>
	<testcase classname="FETestCaseCondorStatus" name="test_getRunningCondorStatus" time="0.215"/>
	<system-out>
<![CDATA[]]>	</system-out>
	<system-err>
<![CDATA[]]>	</system-err>
</testsuite>
