<?xml version="1.0" ?>
<testsuite errors="0" failures="0" name="TestGlideinDicts-20190506182827" tests="7" time="3.467">
	<testcase classname="TestGlideinDicts" name="test_MainDicts_populate" time="0.605"/>
	<testcase classname="TestGlideinDicts" name="test__init__" time="0.487"/>
	<testcase classname="TestGlideinDicts" name="test_new_MainDicts" time="0.432"/>
	<testcase classname="TestGlideinDicts" name="test_new_SubDicts" time="0.475"/>
	<testcase classname="TestGlideinDicts" name="test_save" time="0.613"/>
	<testcase classname="TestGlideinDicts" name="test_save_monitor" time="0.424"/>
	<testcase classname="TestGlideinDicts" name="test_save_pub_key" time="0.431"/>
	<system-out>
<![CDATA[]]>	</system-out>
	<system-err>
<![CDATA[]]>	</system-err>
</testsuite>
