<?xml version="1.0" ?>
<testsuite errors="0" failures="0" name="TestCondorExe-20190514185157" tests="3" time="3.083">
	<testcase classname="TestCondorExe" name="test_exe_cmd" time="1.081"/>
	<testcase classname="TestCondorExe" name="test_exe_cmd_sbin" time="1.076"/>
	<testcase classname="TestCondorExe" name="test_iexe_cmd" time="0.926"/>
	<system-out>
<![CDATA[]]>	</system-out>
	<system-err>
<![CDATA[]]>	</system-err>
</testsuite>
