<?xml version="1.0" ?>
<testsuite errors="0" failures="0" name="TestCondorExe-20190506213520" tests="3" time="2.690">
	<testcase classname="TestCondorExe" name="test_exe_cmd" time="0.874"/>
	<testcase classname="TestCondorExe" name="test_exe_cmd_sbin" time="0.882"/>
	<testcase classname="TestCondorExe" name="test_iexe_cmd" time="0.934"/>
	<system-out>
<![CDATA[]]>	</system-out>
	<system-err>
<![CDATA[]]>	</system-err>
</testsuite>
