<?xml version="1.0" ?>
<testsuite errors="0" failures="0" name="TestEntryElement-20190506181643" tests="3" time="0.724">
	<testcase classname="TestEntryElement" name="test_getName" time="0.258"/>
	<testcase classname="TestEntryElement" name="test_validate" time="0.238"/>
	<testcase classname="TestEntryElement" name="test_validate_sub_elements" time="0.227"/>
	<system-out>
<![CDATA[]]>	</system-out>
	<system-err>
<![CDATA[]]>	</system-err>
</testsuite>
