<?xml version="1.0" ?>
<testsuite errors="0" failures="0" name="TestCondorExe-20190506193808" tests="3" time="2.803">
	<testcase classname="TestCondorExe" name="test_exe_cmd" time="0.881"/>
	<testcase classname="TestCondorExe" name="test_exe_cmd_sbin" time="1.060"/>
	<testcase classname="TestCondorExe" name="test_iexe_cmd" time="0.862"/>
	<system-out>
<![CDATA[]]>	</system-out>
	<system-err>
<![CDATA[]]>	</system-err>
</testsuite>
