<?xml version="1.0" ?>
<testsuite errors="0" failures="0" name="FETestCaseMisc-20190509181659" tests="5" time="1.232">
	<testcase classname="FETestCaseMisc" name="test_appendRealRunning" time="0.265"/>
	<testcase classname="FETestCaseMisc" name="test_evalParamExpr" time="0.240"/>
	<testcase classname="FETestCaseMisc" name="test_getGlideinCpusNum" time="0.240"/>
	<testcase classname="FETestCaseMisc" name="test_hashJob" time="0.244"/>
	<testcase classname="FETestCaseMisc" name="test_uniqueSets" time="0.243"/>
	<system-out>
<![CDATA[]]>	</system-out>
	<system-err>
<![CDATA[]]>	</system-err>
</testsuite>
