<?xml version="1.0" ?>
<testsuite errors="0" failures="0" name="FETestCaseMisc-20190506152527" tests="5" time="1.333">
	<testcase classname="FETestCaseMisc" name="test_appendRealRunning" time="0.267"/>
	<testcase classname="FETestCaseMisc" name="test_evalParamExpr" time="0.264"/>
	<testcase classname="FETestCaseMisc" name="test_getGlideinCpusNum" time="0.260"/>
	<testcase classname="FETestCaseMisc" name="test_hashJob" time="0.248"/>
	<testcase classname="FETestCaseMisc" name="test_uniqueSets" time="0.294"/>
	<system-out>
<![CDATA[]]>	</system-out>
	<system-err>
<![CDATA[]]>	</system-err>
</testsuite>
