<?xml version="1.0" ?>
<testsuite errors="0" failures="0" name="FETestCaseCount-20190506181659" tests="7" time="1.998">
	<testcase classname="FETestCaseCount" name="test_countMatch" time="0.278"/>
	<testcase classname="FETestCaseCount" name="test_countMatchDowntime" time="0.308"/>
	<testcase classname="FETestCaseCount" name="test_countMatch_missingKey" time="0.313"/>
	<testcase classname="FETestCaseCount" name="test_countMatch_otherException" time="0.281"/>
	<testcase classname="FETestCaseCount" name="test_countRealRunning_match" time="0.287"/>
	<testcase classname="FETestCaseCount" name="test_countRealRunning_missingKey" time="0.281"/>
	<testcase classname="FETestCaseCount" name="test_countRealRunning_otherException" time="0.250"/>
	<system-out>
<![CDATA[]]>	</system-out>
	<system-err>
<![CDATA[]]>	</system-err>
</testsuite>
