<?xml version="1.0" ?>
<testsuite errors="0" failures="0" name="FETestCaseCondorStatus-20190509181659" tests="9" time="2.694">
	<testcase classname="FETestCaseCondorStatus" name="test_countCondorStatus" time="0.280"/>
	<testcase classname="FETestCaseCondorStatus" name="test_getClientCondorStatus" time="0.306"/>
	<testcase classname="FETestCaseCondorStatus" name="test_getClientCondorStatusCredIdOnly" time="0.298"/>
	<testcase classname="FETestCaseCondorStatus" name="test_getClientCondorStatusPerCredId" time="0.244"/>
	<testcase classname="FETestCaseCondorStatus" name="test_getCondorStatus" time="0.472"/>
	<testcase classname="FETestCaseCondorStatus" name="test_getCondorStatusSchedds" time="0.346"/>
	<testcase classname="FETestCaseCondorStatus" name="test_getFactoryEntryList" time="0.256"/>
	<testcase classname="FETestCaseCondorStatus" name="test_getIdleCondorStatus" time="0.231"/>
	<testcase classname="FETestCaseCondorStatus" name="test_getRunningCondorStatus" time="0.261"/>
	<system-out>
<![CDATA[]]>	</system-out>
	<system-err>
<![CDATA[]]>	</system-err>
</testsuite>
