<?xml version="1.0" ?>
<testsuite errors="0" failures="0" name="Test_validate_node-20190508075538" tests="3" time="0.070">
	<testcase classname="Test_validate_node" name="test_bad" time="0.027"/>
	<testcase classname="Test_validate_node" name="test_good" time="0.026"/>
	<testcase classname="Test_validate_node" name="test_range_not_allowed" time="0.017"/>
	<system-out>
<![CDATA[]]>	</system-out>
	<system-err>
<![CDATA[]]>	</system-err>
</testsuite>
