<?xml version="1.0" ?>
<testsuite errors="0" failures="0" name="FETestCaseMisc-20190508075611" tests="5" time="1.297">
	<testcase classname="FETestCaseMisc" name="test_appendRealRunning" time="0.247"/>
	<testcase classname="FETestCaseMisc" name="test_evalParamExpr" time="0.233"/>
	<testcase classname="FETestCaseMisc" name="test_getGlideinCpusNum" time="0.237"/>
	<testcase classname="FETestCaseMisc" name="test_hashJob" time="0.312"/>
	<testcase classname="FETestCaseMisc" name="test_uniqueSets" time="0.268"/>
	<system-out>
<![CDATA[]]>	</system-out>
	<system-err>
<![CDATA[]]>	</system-err>
</testsuite>
