<?xml version="1.0" ?>
<testsuite errors="0" failures="0" name="TestGlideinDicts-20190515002527" tests="7" time="3.677">
	<testcase classname="TestGlideinDicts" name="test_MainDicts_populate" time="0.571"/>
	<testcase classname="TestGlideinDicts" name="test__init__" time="0.551"/>
	<testcase classname="TestGlideinDicts" name="test_new_MainDicts" time="0.536"/>
	<testcase classname="TestGlideinDicts" name="test_new_SubDicts" time="0.455"/>
	<testcase classname="TestGlideinDicts" name="test_save" time="0.571"/>
	<testcase classname="TestGlideinDicts" name="test_save_monitor" time="0.472"/>
	<testcase classname="TestGlideinDicts" name="test_save_pub_key" time="0.522"/>
	<system-out>
<![CDATA[]]>	</system-out>
	<system-err>
<![CDATA[]]>	</system-err>
</testsuite>
