<?xml version="1.0" ?>
<testsuite errors="0" failures="0" name="FETestCaseCondorStatus-20190508075611" tests="9" time="2.594">
	<testcase classname="FETestCaseCondorStatus" name="test_countCondorStatus" time="0.239"/>
	<testcase classname="FETestCaseCondorStatus" name="test_getClientCondorStatus" time="0.256"/>
	<testcase classname="FETestCaseCondorStatus" name="test_getClientCondorStatusCredIdOnly" time="0.261"/>
	<testcase classname="FETestCaseCondorStatus" name="test_getClientCondorStatusPerCredId" time="0.248"/>
	<testcase classname="FETestCaseCondorStatus" name="test_getCondorStatus" time="0.462"/>
	<testcase classname="FETestCaseCondorStatus" name="test_getCondorStatusSchedds" time="0.376"/>
	<testcase classname="FETestCaseCondorStatus" name="test_getFactoryEntryList" time="0.272"/>
	<testcase classname="FETestCaseCondorStatus" name="test_getIdleCondorStatus" time="0.256"/>
	<testcase classname="FETestCaseCondorStatus" name="test_getRunningCondorStatus" time="0.225"/>
	<system-out>
<![CDATA[]]>	</system-out>
	<system-err>
<![CDATA[]]>	</system-err>
</testsuite>
