<?xml version="1.0" ?>
<testsuite errors="0" failures="0" name="FETestCaseCondorStatus-20190506181659" tests="9" time="2.536">
	<testcase classname="FETestCaseCondorStatus" name="test_countCondorStatus" time="0.249"/>
	<testcase classname="FETestCaseCondorStatus" name="test_getClientCondorStatus" time="0.266"/>
	<testcase classname="FETestCaseCondorStatus" name="test_getClientCondorStatusCredIdOnly" time="0.258"/>
	<testcase classname="FETestCaseCondorStatus" name="test_getClientCondorStatusPerCredId" time="0.235"/>
	<testcase classname="FETestCaseCondorStatus" name="test_getCondorStatus" time="0.423"/>
	<testcase classname="FETestCaseCondorStatus" name="test_getCondorStatusSchedds" time="0.348"/>
	<testcase classname="FETestCaseCondorStatus" name="test_getFactoryEntryList" time="0.252"/>
	<testcase classname="FETestCaseCondorStatus" name="test_getIdleCondorStatus" time="0.260"/>
	<testcase classname="FETestCaseCondorStatus" name="test_getRunningCondorStatus" time="0.245"/>
	<system-out>
<![CDATA[]]>	</system-out>
	<system-err>
<![CDATA[]]>	</system-err>
</testsuite>
