<?xml version="1.0" ?>
<testsuite errors="0" failures="0" name="TestTarSupport-20190515004649" tests="2" time="0.045">
	<testcase classname="TestTarSupport" name="test_tarSupport_blob" time="0.018"/>
	<testcase classname="TestTarSupport" name="test_tarSupport_file" time="0.027"/>
	<system-out>
<![CDATA[]]>	</system-out>
	<system-err>
<![CDATA[]]>	</system-err>
</testsuite>
