<?xml version="1.0" ?>
<testsuite errors="0" failures="0" name="FETestCaseCondorStatus-20190506220541" tests="9" time="2.867">
	<testcase classname="FETestCaseCondorStatus" name="test_countCondorStatus" time="0.290"/>
	<testcase classname="FETestCaseCondorStatus" name="test_getClientCondorStatus" time="0.276"/>
	<testcase classname="FETestCaseCondorStatus" name="test_getClientCondorStatusCredIdOnly" time="0.299"/>
	<testcase classname="FETestCaseCondorStatus" name="test_getClientCondorStatusPerCredId" time="0.285"/>
	<testcase classname="FETestCaseCondorStatus" name="test_getCondorStatus" time="0.536"/>
	<testcase classname="FETestCaseCondorStatus" name="test_getCondorStatusSchedds" time="0.378"/>
	<testcase classname="FETestCaseCondorStatus" name="test_getFactoryEntryList" time="0.273"/>
	<testcase classname="FETestCaseCondorStatus" name="test_getIdleCondorStatus" time="0.277"/>
	<testcase classname="FETestCaseCondorStatus" name="test_getRunningCondorStatus" time="0.255"/>
	<system-out>
<![CDATA[]]>	</system-out>
	<system-err>
<![CDATA[]]>	</system-err>
</testsuite>
