<?xml version="1.0" ?>
<testsuite errors="0" failures="0" name="FETestCaseCondorStatus-20190508081800" tests="9" time="2.707">
	<testcase classname="FETestCaseCondorStatus" name="test_countCondorStatus" time="0.260"/>
	<testcase classname="FETestCaseCondorStatus" name="test_getClientCondorStatus" time="0.276"/>
	<testcase classname="FETestCaseCondorStatus" name="test_getClientCondorStatusCredIdOnly" time="0.271"/>
	<testcase classname="FETestCaseCondorStatus" name="test_getClientCondorStatusPerCredId" time="0.268"/>
	<testcase classname="FETestCaseCondorStatus" name="test_getCondorStatus" time="0.481"/>
	<testcase classname="FETestCaseCondorStatus" name="test_getCondorStatusSchedds" time="0.341"/>
	<testcase classname="FETestCaseCondorStatus" name="test_getFactoryEntryList" time="0.242"/>
	<testcase classname="FETestCaseCondorStatus" name="test_getIdleCondorStatus" time="0.283"/>
	<testcase classname="FETestCaseCondorStatus" name="test_getRunningCondorStatus" time="0.285"/>
	<system-out>
<![CDATA[]]>	</system-out>
	<system-err>
<![CDATA[]]>	</system-err>
</testsuite>
