<?xml version="1.0" ?>
<testsuite errors="0" failures="0" name="FETestCaseCount-20190506220541" tests="7" time="1.738">
	<testcase classname="FETestCaseCount" name="test_countMatch" time="0.275"/>
	<testcase classname="FETestCaseCount" name="test_countMatchDowntime" time="0.291"/>
	<testcase classname="FETestCaseCount" name="test_countMatch_missingKey" time="0.265"/>
	<testcase classname="FETestCaseCount" name="test_countMatch_otherException" time="0.239"/>
	<testcase classname="FETestCaseCount" name="test_countRealRunning_match" time="0.220"/>
	<testcase classname="FETestCaseCount" name="test_countRealRunning_missingKey" time="0.222"/>
	<testcase classname="FETestCaseCount" name="test_countRealRunning_otherException" time="0.225"/>
	<system-out>
<![CDATA[]]>	</system-out>
	<system-err>
<![CDATA[]]>	</system-err>
</testsuite>
