<?xml version="1.0" ?>
<testsuite errors="0" failures="0" name="TestGetXMLElements-20190515001520" tests="1" time="0.001">
	<testcase classname="TestGetXMLElements" name="test_get_xml_elements" time="0.001"/>
	<system-out>
<![CDATA[]]>	</system-out>
	<system-err>
<![CDATA[]]>	</system-err>
</testsuite>
