<?xml version="1.0" ?>
<testsuite errors="0" failures="0" name="FEElementTestCase-20190506220552" tests="2" time="0.126">
	<testcase classname="FEElementTestCase" name="test_compute_glidein_max_run" time="0.040"/>
	<testcase classname="FEElementTestCase" name="test_get_condor_q" time="0.086"/>
	<system-out>
<![CDATA[]]>	</system-out>
	<system-err>
<![CDATA[]]>	</system-err>
</testsuite>
