<?xml version="1.0" ?>
<testsuite errors="0" failures="0" name="TestCondorExe-20190508181616" tests="3" time="3.113">
	<testcase classname="TestCondorExe" name="test_exe_cmd" time="1.000"/>
	<testcase classname="TestCondorExe" name="test_exe_cmd_sbin" time="1.034"/>
	<testcase classname="TestCondorExe" name="test_iexe_cmd" time="1.079"/>
	<system-out>
<![CDATA[]]>	</system-out>
	<system-err>
<![CDATA[]]>	</system-err>
</testsuite>
