<?xml version="1.0" ?>
<testsuite errors="0" failures="0" name="FETestCaseCondorStatus-20190514191503" tests="9" time="3.943">
	<testcase classname="FETestCaseCondorStatus" name="test_countCondorStatus" time="0.356"/>
	<testcase classname="FETestCaseCondorStatus" name="test_getClientCondorStatus" time="0.445"/>
	<testcase classname="FETestCaseCondorStatus" name="test_getClientCondorStatusCredIdOnly" time="0.307"/>
	<testcase classname="FETestCaseCondorStatus" name="test_getClientCondorStatusPerCredId" time="0.327"/>
	<testcase classname="FETestCaseCondorStatus" name="test_getCondorStatus" time="0.769"/>
	<testcase classname="FETestCaseCondorStatus" name="test_getCondorStatusSchedds" time="0.558"/>
	<testcase classname="FETestCaseCondorStatus" name="test_getFactoryEntryList" time="0.301"/>
	<testcase classname="FETestCaseCondorStatus" name="test_getIdleCondorStatus" time="0.312"/>
	<testcase classname="FETestCaseCondorStatus" name="test_getRunningCondorStatus" time="0.569"/>
	<system-out>
<![CDATA[]]>	</system-out>
	<system-err>
<![CDATA[]]>	</system-err>
</testsuite>
