<?xml version="1.0" ?>
<testsuite errors="0" failures="0" name="TestEncodeDecodeData-20190508124540" tests="4" time="4.595">
	<testcase classname="TestEncodeDecodeData" name="test_decode_data" time="0.018"/>
	<testcase classname="TestEncodeDecodeData" name="test_encode_data" time="0.002"/>
	<testcase classname="TestEncodeDecodeData" name="test_symmetric_binary" time="2.389"/>
	<testcase classname="TestEncodeDecodeData" name="test_symmetric_text" time="2.186"/>
	<system-out>
<![CDATA[]]>	</system-out>
	<system-err>
<![CDATA[]]>	</system-err>
</testsuite>
