<?xml version="1.0" ?>
<testsuite errors="0" failures="0" name="FEElementTestCase-20190514185243" tests="2" time="0.087">
	<testcase classname="FEElementTestCase" name="test_compute_glidein_max_run" time="0.028"/>
	<testcase classname="FEElementTestCase" name="test_get_condor_q" time="0.059"/>
	<system-out>
<![CDATA[]]>	</system-out>
	<system-err>
<![CDATA[]]>	</system-err>
</testsuite>
