<?xml version="1.0" ?>
<testsuite errors="0" failures="0" name="FETestCaseCondorQ-20190508181656" tests="12" time="3.274">
	<testcase classname="FETestCaseCondorQ" name="test_countCondorQ" time="0.273"/>
	<testcase classname="FETestCaseCondorQ" name="test_getClientCondorStatusCredIdOnly" time="0.278"/>
	<testcase classname="FETestCaseCondorQ" name="test_getClientCondorStatusPerCredId" time="0.254"/>
	<testcase classname="FETestCaseCondorQ" name="test_getCondorQ" time="0.295"/>
	<testcase classname="FETestCaseCondorQ" name="test_getCondorQUsers" time="0.276"/>
	<testcase classname="FETestCaseCondorQ" name="test_getCondorQ_no_constraints" time="0.264"/>
	<testcase classname="FETestCaseCondorQ" name="test_getIdleCondorQ" time="0.262"/>
	<testcase classname="FETestCaseCondorQ" name="test_getIdleProxyCondorQ" time="0.270"/>
	<testcase classname="FETestCaseCondorQ" name="test_getIdleVomsCondorQ" time="0.261"/>
	<testcase classname="FETestCaseCondorQ" name="test_getOldCondorQ" time="0.264"/>
	<testcase classname="FETestCaseCondorQ" name="test_getRunningCondorQ" time="0.271"/>
	<testcase classname="FETestCaseCondorQ" name="test_oldCondorQ" time="0.306"/>
	<system-out>
<![CDATA[]]>	</system-out>
	<system-err>
<![CDATA[]]>	</system-err>
</testsuite>
