<?xml version="1.0" ?>
<testsuite errors="0" failures="0" name="FETestCaseCondorStatus-20190515140722" tests="9" time="2.321">
	<testcase classname="FETestCaseCondorStatus" name="test_countCondorStatus" time="0.342"/>
	<testcase classname="FETestCaseCondorStatus" name="test_getClientCondorStatus" time="0.221"/>
	<testcase classname="FETestCaseCondorStatus" name="test_getClientCondorStatusCredIdOnly" time="0.235"/>
	<testcase classname="FETestCaseCondorStatus" name="test_getClientCondorStatusPerCredId" time="0.211"/>
	<testcase classname="FETestCaseCondorStatus" name="test_getCondorStatus" time="0.394"/>
	<testcase classname="FETestCaseCondorStatus" name="test_getCondorStatusSchedds" time="0.295"/>
	<testcase classname="FETestCaseCondorStatus" name="test_getFactoryEntryList" time="0.212"/>
	<testcase classname="FETestCaseCondorStatus" name="test_getIdleCondorStatus" time="0.205"/>
	<testcase classname="FETestCaseCondorStatus" name="test_getRunningCondorStatus" time="0.205"/>
	<system-out>
<![CDATA[]]>	</system-out>
	<system-err>
<![CDATA[]]>	</system-err>
</testsuite>
