<?xml version="1.0" ?>
<testsuite errors="0" failures="0" name="FETestCaseCount-20190508131604" tests="7" time="1.993">
	<testcase classname="FETestCaseCount" name="test_countMatch" time="0.292"/>
	<testcase classname="FETestCaseCount" name="test_countMatchDowntime" time="0.296"/>
	<testcase classname="FETestCaseCount" name="test_countMatch_missingKey" time="0.286"/>
	<testcase classname="FETestCaseCount" name="test_countMatch_otherException" time="0.294"/>
	<testcase classname="FETestCaseCount" name="test_countRealRunning_match" time="0.280"/>
	<testcase classname="FETestCaseCount" name="test_countRealRunning_missingKey" time="0.280"/>
	<testcase classname="FETestCaseCount" name="test_countRealRunning_otherException" time="0.264"/>
	<system-out>
<![CDATA[]]>	</system-out>
	<system-err>
<![CDATA[]]>	</system-err>
</testsuite>
