<?xml version="1.0" ?>
<testsuite errors="0" failures="0" name="TestLogSupport-20190506194027" tests="4" time="570.965">
	<testcase classname="TestLogSupport" name="test_backup_count" time="222.590"/>
	<testcase classname="TestLogSupport" name="test_logSupport_compression" time="228.422"/>
	<testcase classname="TestLogSupport" name="test_logSupport_size_rotate" time="27.226"/>
	<testcase classname="TestLogSupport" name="test_logSupport_time_rotate" time="92.727"/>
	<system-out>
<![CDATA[]]>	</system-out>
	<system-err>
<![CDATA[./test_logSupport.py:35: YAMLLoadWarning: calling yaml.load() without Loader=... is deprecated, as the default Loader is unsafe. Please read https://msg.pyyaml.org/load for full details.
  self.config = yaml.load(file(config_file, 'r'))
]]>	</system-err>
</testsuite>
