<?xml version="1.0" ?>
<testsuite errors="0" failures="0" name="TestCondTarElement-20190509181643" tests="1" time="0.263">
	<testcase classname="TestCondTarElement" name="test_validate" time="0.263"/>
	<system-out>
<![CDATA[]]>	</system-out>
	<system-err>
<![CDATA[]]>	</system-err>
</testsuite>
