<?xml version="1.0" ?>
<testsuite errors="0" failures="0" name="TestEntryElement-20190506220525" tests="3" time="0.726">
	<testcase classname="TestEntryElement" name="test_getName" time="0.232"/>
	<testcase classname="TestEntryElement" name="test_validate" time="0.245"/>
	<testcase classname="TestEntryElement" name="test_validate_sub_elements" time="0.250"/>
	<system-out>
<![CDATA[]]>	</system-out>
	<system-err>
<![CDATA[]]>	</system-err>
</testsuite>
