<?xml version="1.0" ?>
<testsuite errors="0" failures="0" name="TestConfig-20190506220525" tests="17" time="4.136">
	<testcase classname="TestConfig" name="test___init__" time="0.236"/>
	<testcase classname="TestConfig" name="test_get_client_log_dirs" time="0.258"/>
	<testcase classname="TestConfig" name="test_get_client_proxy_dirs" time="0.232"/>
	<testcase classname="TestConfig" name="test_get_entries" time="0.227"/>
	<testcase classname="TestConfig" name="test_get_log_dir" time="0.225"/>
	<testcase classname="TestConfig" name="test_get_monitor_dir" time="0.229"/>
	<testcase classname="TestConfig" name="test_get_stage_dir" time="0.228"/>
	<testcase classname="TestConfig" name="test_get_submit_dir" time="0.244"/>
	<testcase classname="TestConfig" name="test_get_web_url" time="0.261"/>
	<testcase classname="TestConfig" name="test_set_client_log_dirs" time="0.245"/>
	<testcase classname="TestConfig" name="test_set_client_proxy_dirs" time="0.251"/>
	<testcase classname="TestConfig" name="test_set_log_dir" time="0.259"/>
	<testcase classname="TestConfig" name="test_set_monitor_dir" time="0.248"/>
	<testcase classname="TestConfig" name="test_set_stage_dir" time="0.262"/>
	<testcase classname="TestConfig" name="test_set_submit_dir" time="0.249"/>
	<testcase classname="TestConfig" name="test_set_web_url" time="0.241"/>
	<testcase classname="TestConfig" name="test_validate" time="0.241"/>
	<system-out>
<![CDATA[]]>	</system-out>
	<system-err>
<![CDATA[]]>	</system-err>
</testsuite>
