<?xml version="1.0" ?>
<testsuite errors="0" failures="0" name="TestFrontendMainDicts-20190509181639" tests="10" time="1.327">
	<testcase classname="TestFrontendMainDicts" name="test__init__" time="0.210"/>
	<testcase classname="TestFrontendMainDicts" name="test_find_parend_dir" time="0.222"/>
	<testcase classname="TestFrontendMainDicts" name="test_populate" time="0.232"/>
	<testcase classname="TestFrontendMainDicts" name="test_populate_common_attrs" time="0.221"/>
	<testcase classname="TestFrontendMainDicts" name="test_reuse" time="0.229"/>
	<testcase classname="TestFrontendMainDicts" name="test_save_monitor" time="0.213"/>
	<testcase classname="TestFrontendMainDicts" name="test_apply_group_glexec_policy" time="0.000">
		<skipped message="hmm" type="skip"/>
	</testcase>
	<testcase classname="TestFrontendMainDicts" name="test_apply_group_singularity_policy" time="0.000">
		<skipped message="hmm" type="skip"/>
	</testcase>
	<testcase classname="TestFrontendMainDicts" name="test_apply_multicore_policy" time="0.000">
		<skipped message="hmm" type="skip"/>
	</testcase>
	<testcase classname="TestFrontendMainDicts" name="test_save" time="0.000">
		<skipped message="hmm" type="skip"/>
	</testcase>
	<system-out>
<![CDATA[]]>	</system-out>
	<system-err>
<![CDATA[]]>	</system-err>
</testsuite>
