<?xml version="1.0" ?>
<testsuite errors="0" failures="0" name="TestEntrySetElement-20190515001323" tests="2" time="0.383">
	<testcase classname="TestEntrySetElement" name="test_validate_entries" time="0.190"/>
	<testcase classname="TestEntrySetElement" name="test_validate_entry_sets" time="0.193"/>
	<system-out>
<![CDATA[]]>	</system-out>
	<system-err>
<![CDATA[]]>	</system-err>
</testsuite>
