<?xml version="1.0" ?>
<testsuite errors="0" failures="0" name="TestCondorExe-20190515140651" tests="3" time="2.929">
	<testcase classname="TestCondorExe" name="test_exe_cmd" time="1.002"/>
	<testcase classname="TestCondorExe" name="test_exe_cmd_sbin" time="0.945"/>
	<testcase classname="TestCondorExe" name="test_iexe_cmd" time="0.982"/>
	<system-out>
<![CDATA[]]>	</system-out>
	<system-err>
<![CDATA[]]>	</system-err>
</testsuite>
