<?xml version="1.0" ?>
<testsuite errors="0" failures="0" name="TestVOFrontendSubParams-20190509181642" tests="4" time="0.071">
	<testcase classname="TestVOFrontendSubParams" name="test__eq__" time="0.019"/>
	<testcase classname="TestVOFrontendSubParams" name="test_extract_attr_val" time="0.016"/>
	<testcase classname="TestVOFrontendSubParams" name="test_init" time="0.018"/>
	<testcase classname="TestVOFrontendSubParams" name="test_looks_like_dict" time="0.018"/>
	<system-out>
<![CDATA[]]>	</system-out>
	<system-err>
<![CDATA[]]>	</system-err>
</testsuite>
