<?xml version="1.0" ?>
<testsuite errors="0" failures="0" name="TestEntryElement-20190515003511" tests="3" time="0.574">
	<testcase classname="TestEntryElement" name="test_getName" time="0.190"/>
	<testcase classname="TestEntryElement" name="test_validate" time="0.194"/>
	<testcase classname="TestEntryElement" name="test_validate_sub_elements" time="0.189"/>
	<system-out>
<![CDATA[]]>	</system-out>
	<system-err>
<![CDATA[]]>	</system-err>
</testsuite>
