<?xml version="1.0" ?>
<testsuite errors="0" failures="0" name="TestEntrySetElement-20190515181719" tests="2" time="0.362">
	<testcase classname="TestEntrySetElement" name="test_validate_entries" time="0.178"/>
	<testcase classname="TestEntrySetElement" name="test_validate_entry_sets" time="0.184"/>
	<system-out>
<![CDATA[]]>	</system-out>
	<system-err>
<![CDATA[]]>	</system-err>
</testsuite>
