<?xml version="1.0" ?>
<testsuite errors="0" failures="0" name="TestConfig-20190508124511" tests="17" time="4.075">
	<testcase classname="TestConfig" name="test___init__" time="0.245"/>
	<testcase classname="TestConfig" name="test_get_client_log_dirs" time="0.247"/>
	<testcase classname="TestConfig" name="test_get_client_proxy_dirs" time="0.243"/>
	<testcase classname="TestConfig" name="test_get_entries" time="0.243"/>
	<testcase classname="TestConfig" name="test_get_log_dir" time="0.229"/>
	<testcase classname="TestConfig" name="test_get_monitor_dir" time="0.238"/>
	<testcase classname="TestConfig" name="test_get_stage_dir" time="0.220"/>
	<testcase classname="TestConfig" name="test_get_submit_dir" time="0.238"/>
	<testcase classname="TestConfig" name="test_get_web_url" time="0.256"/>
	<testcase classname="TestConfig" name="test_set_client_log_dirs" time="0.232"/>
	<testcase classname="TestConfig" name="test_set_client_proxy_dirs" time="0.240"/>
	<testcase classname="TestConfig" name="test_set_log_dir" time="0.223"/>
	<testcase classname="TestConfig" name="test_set_monitor_dir" time="0.249"/>
	<testcase classname="TestConfig" name="test_set_stage_dir" time="0.252"/>
	<testcase classname="TestConfig" name="test_set_submit_dir" time="0.254"/>
	<testcase classname="TestConfig" name="test_set_web_url" time="0.231"/>
	<testcase classname="TestConfig" name="test_validate" time="0.235"/>
	<system-out>
<![CDATA[]]>	</system-out>
	<system-err>
<![CDATA[]]>	</system-err>
</testsuite>
