<?xml version="1.0" ?>
<testsuite errors="0" failures="0" name="FETestCaseCondorStatus-20190508181656" tests="9" time="2.625">
	<testcase classname="FETestCaseCondorStatus" name="test_countCondorStatus" time="0.241"/>
	<testcase classname="FETestCaseCondorStatus" name="test_getClientCondorStatus" time="0.236"/>
	<testcase classname="FETestCaseCondorStatus" name="test_getClientCondorStatusCredIdOnly" time="0.274"/>
	<testcase classname="FETestCaseCondorStatus" name="test_getClientCondorStatusPerCredId" time="0.257"/>
	<testcase classname="FETestCaseCondorStatus" name="test_getCondorStatus" time="0.457"/>
	<testcase classname="FETestCaseCondorStatus" name="test_getCondorStatusSchedds" time="0.373"/>
	<testcase classname="FETestCaseCondorStatus" name="test_getFactoryEntryList" time="0.237"/>
	<testcase classname="FETestCaseCondorStatus" name="test_getIdleCondorStatus" time="0.262"/>
	<testcase classname="FETestCaseCondorStatus" name="test_getRunningCondorStatus" time="0.287"/>
	<system-out>
<![CDATA[]]>	</system-out>
	<system-err>
<![CDATA[]]>	</system-err>
</testsuite>
