<?xml version="1.0" ?>
<testsuite errors="0" failures="0" name="TestGlideinDicts-20190506221702" tests="7" time="3.473">
	<testcase classname="TestGlideinDicts" name="test_MainDicts_populate" time="0.558"/>
	<testcase classname="TestGlideinDicts" name="test__init__" time="0.458"/>
	<testcase classname="TestGlideinDicts" name="test_new_MainDicts" time="0.505"/>
	<testcase classname="TestGlideinDicts" name="test_new_SubDicts" time="0.459"/>
	<testcase classname="TestGlideinDicts" name="test_save" time="0.621"/>
	<testcase classname="TestGlideinDicts" name="test_save_monitor" time="0.452"/>
	<testcase classname="TestGlideinDicts" name="test_save_pub_key" time="0.420"/>
	<system-out>
<![CDATA[]]>	</system-out>
	<system-err>
<![CDATA[]]>	</system-err>
</testsuite>
