<?xml version="1.0" ?>
<testsuite errors="0" failures="0" name="FETestCaseCount-20190514185234" tests="7" time="1.561">
	<testcase classname="FETestCaseCount" name="test_countMatch" time="0.218"/>
	<testcase classname="FETestCaseCount" name="test_countMatchDowntime" time="0.234"/>
	<testcase classname="FETestCaseCount" name="test_countMatch_missingKey" time="0.237"/>
	<testcase classname="FETestCaseCount" name="test_countMatch_otherException" time="0.231"/>
	<testcase classname="FETestCaseCount" name="test_countRealRunning_match" time="0.212"/>
	<testcase classname="FETestCaseCount" name="test_countRealRunning_missingKey" time="0.213"/>
	<testcase classname="FETestCaseCount" name="test_countRealRunning_otherException" time="0.216"/>
	<system-out>
<![CDATA[]]>	</system-out>
	<system-err>
<![CDATA[]]>	</system-err>
</testsuite>
