<?xml version="1.0" ?>
<testsuite errors="0" failures="0" name="TestEncodeDecodeData-20190515003536" tests="4" time="3.604">
	<testcase classname="TestEncodeDecodeData" name="test_decode_data" time="0.015"/>
	<testcase classname="TestEncodeDecodeData" name="test_encode_data" time="0.002"/>
	<testcase classname="TestEncodeDecodeData" name="test_symmetric_binary" time="1.756"/>
	<testcase classname="TestEncodeDecodeData" name="test_symmetric_text" time="1.831"/>
	<system-out>
<![CDATA[]]>	</system-out>
	<system-err>
<![CDATA[]]>	</system-err>
</testsuite>
