<?xml version="1.0" ?>
<testsuite errors="0" failures="0" name="TestSetCondorIntegrityChecks-20190515001336" tests="1" time="0.001">
	<testcase classname="TestSetCondorIntegrityChecks" name="test_set_condor_integrity_checks" time="0.001"/>
	<system-out>
<![CDATA[]]>	</system-out>
	<system-err>
<![CDATA[]]>	</system-err>
</testsuite>
