<?xml version="1.0" ?>
<testsuite errors="0" failures="0" name="FETestCaseMisc-20190506220541" tests="5" time="1.198">
	<testcase classname="FETestCaseMisc" name="test_appendRealRunning" time="0.250"/>
	<testcase classname="FETestCaseMisc" name="test_evalParamExpr" time="0.258"/>
	<testcase classname="FETestCaseMisc" name="test_getGlideinCpusNum" time="0.253"/>
	<testcase classname="FETestCaseMisc" name="test_hashJob" time="0.217"/>
	<testcase classname="FETestCaseMisc" name="test_uniqueSets" time="0.221"/>
	<system-out>
<![CDATA[]]>	</system-out>
	<system-err>
<![CDATA[]]>	</system-err>
</testsuite>
