<?xml version="1.0" ?>
<testsuite errors="0" failures="0" name="TestGlideinDicts-20190506153656" tests="7" time="3.703">
	<testcase classname="TestGlideinDicts" name="test_MainDicts_populate" time="0.686"/>
	<testcase classname="TestGlideinDicts" name="test__init__" time="0.439"/>
	<testcase classname="TestGlideinDicts" name="test_new_MainDicts" time="0.479"/>
	<testcase classname="TestGlideinDicts" name="test_new_SubDicts" time="0.427"/>
	<testcase classname="TestGlideinDicts" name="test_save" time="0.708"/>
	<testcase classname="TestGlideinDicts" name="test_save_monitor" time="0.493"/>
	<testcase classname="TestGlideinDicts" name="test_save_pub_key" time="0.471"/>
	<system-out>
<![CDATA[]]>	</system-out>
	<system-err>
<![CDATA[]]>	</system-err>
</testsuite>
