<?xml version="1.0" ?>
<testsuite errors="0" failures="0" name="TestCondorExe-20190506181627" tests="3" time="2.788">
	<testcase classname="TestCondorExe" name="test_exe_cmd" time="0.938"/>
	<testcase classname="TestCondorExe" name="test_exe_cmd_sbin" time="1.001"/>
	<testcase classname="TestCondorExe" name="test_iexe_cmd" time="0.849"/>
	<system-out>
<![CDATA[]]>	</system-out>
	<system-err>
<![CDATA[]]>	</system-err>
</testsuite>
