<?xml version="1.0" ?>
<testsuite errors="0" failures="0" name="TestFactFileElement-20190515181719" tests="1" time="0.180">
	<testcase classname="TestFactFileElement" name="test_validate" time="0.180"/>
	<system-out>
<![CDATA[]]>	</system-out>
	<system-err>
<![CDATA[]]>	</system-err>
</testsuite>
