<?xml version="1.0" ?>
<testsuite errors="0" failures="0" name="TestCondorExe-20190506220511" tests="3" time="2.672">
	<testcase classname="TestCondorExe" name="test_exe_cmd" time="0.890"/>
	<testcase classname="TestCondorExe" name="test_exe_cmd_sbin" time="0.915"/>
	<testcase classname="TestCondorExe" name="test_iexe_cmd" time="0.867"/>
	<system-out>
<![CDATA[]]>	</system-out>
	<system-err>
<![CDATA[]]>	</system-err>
</testsuite>
