<?xml version="1.0" ?>
<testsuite errors="0" failures="0" name="TestPlugins-20190514191520" tests="5" time="0.199">
	<testcase classname="TestPlugins" name="test_proxy_all" time="0.038"/>
	<testcase classname="TestPlugins" name="test_proxy_cardinality" time="0.051"/>
	<testcase classname="TestPlugins" name="test_proxy_first" time="0.028"/>
	<testcase classname="TestPlugins" name="test_proxy_usermap" time="0.048"/>
	<testcase classname="TestPlugins" name="test_proxy_userr" time="0.034"/>
	<system-out>
<![CDATA[]]>	</system-out>
	<system-err>
<![CDATA[]]>	</system-err>
</testsuite>
