<?xml version="1.0" ?>
<testsuite errors="0" failures="0" name="FETestCaseCondorQ-20190515001337" tests="12" time="2.746">
	<testcase classname="FETestCaseCondorQ" name="test_countCondorQ" time="0.242"/>
	<testcase classname="FETestCaseCondorQ" name="test_getClientCondorStatusCredIdOnly" time="0.221"/>
	<testcase classname="FETestCaseCondorQ" name="test_getClientCondorStatusPerCredId" time="0.219"/>
	<testcase classname="FETestCaseCondorQ" name="test_getCondorQ" time="0.243"/>
	<testcase classname="FETestCaseCondorQ" name="test_getCondorQUsers" time="0.214"/>
	<testcase classname="FETestCaseCondorQ" name="test_getCondorQ_no_constraints" time="0.224"/>
	<testcase classname="FETestCaseCondorQ" name="test_getIdleCondorQ" time="0.205"/>
	<testcase classname="FETestCaseCondorQ" name="test_getIdleProxyCondorQ" time="0.206"/>
	<testcase classname="FETestCaseCondorQ" name="test_getIdleVomsCondorQ" time="0.218"/>
	<testcase classname="FETestCaseCondorQ" name="test_getOldCondorQ" time="0.212"/>
	<testcase classname="FETestCaseCondorQ" name="test_getRunningCondorQ" time="0.214"/>
	<testcase classname="FETestCaseCondorQ" name="test_oldCondorQ" time="0.328"/>
	<system-out>
<![CDATA[]]>	</system-out>
	<system-err>
<![CDATA[]]>	</system-err>
</testsuite>
