<?xml version="1.0" ?>
<testsuite errors="0" failures="0" name="TestEncodeDecodeData-20190508131617" tests="4" time="3.984">
	<testcase classname="TestEncodeDecodeData" name="test_decode_data" time="0.021"/>
	<testcase classname="TestEncodeDecodeData" name="test_encode_data" time="0.004"/>
	<testcase classname="TestEncodeDecodeData" name="test_symmetric_binary" time="2.169"/>
	<testcase classname="TestEncodeDecodeData" name="test_symmetric_text" time="1.791"/>
	<system-out>
<![CDATA[]]>	</system-out>
	<system-err>
<![CDATA[]]>	</system-err>
</testsuite>
