<?xml version="1.0" ?>
<testsuite errors="0" failures="0" name="TestExprParserSymmetric-20190514191527" tests="3" time="0.483">
	<testcase classname="TestExprParserSymmetric" name="test__compile" time="0.189"/>
	<testcase classname="TestExprParserSymmetric" name="test_parse_symmetric" time="0.230"/>
	<testcase classname="TestExprParserSymmetric" name="test_unparse_ret" time="0.064"/>
	<system-out>
<![CDATA[]]>	</system-out>
	<system-err>
<![CDATA[]]>	</system-err>
</testsuite>
