<?xml version="1.0" ?>
<testsuite errors="0" failures="0" name="TestParse-20190515140707" tests="1" time="0.789">
	<testcase classname="TestParse" name="test_parse" time="0.789"/>
	<system-out>
<![CDATA[]]>	</system-out>
	<system-err>
<![CDATA[]]>	</system-err>
</testsuite>
