<?xml version="1.0" ?>
<testsuite errors="0" failures="0" name="TestDowntimes-20190509181710" tests="5" time="0.139">
	<testcase classname="TestDowntimes" name="test_downtimesfile" time="0.093"/>
	<testcase classname="TestDowntimes" name="test_entryonlydowntime" time="0.011"/>
	<testcase classname="TestDowntimes" name="test_setdelayedperiod" time="0.010"/>
	<testcase classname="TestDowntimes" name="test_setfrontendsecclass" time="0.018"/>
	<testcase classname="TestDowntimes" name="test_setperiodwithendtime" time="0.008"/>
	<system-out>
<![CDATA[]]>	</system-out>
	<system-err>
<![CDATA[]]>	</system-err>
</testsuite>
