<?xml version="1.0" ?>
<testsuite errors="0" failures="0" name="TestCondorExe-20190508124447" tests="3" time="2.884">
	<testcase classname="TestCondorExe" name="test_exe_cmd" time="0.983"/>
	<testcase classname="TestCondorExe" name="test_exe_cmd_sbin" time="0.996"/>
	<testcase classname="TestCondorExe" name="test_iexe_cmd" time="0.904"/>
	<system-out>
<![CDATA[]]>	</system-out>
	<system-err>
<![CDATA[]]>	</system-err>
</testsuite>
