<?xml version="1.0" ?>
<testsuite errors="0" failures="0" name="TestEntryElement-20190514185219" tests="3" time="0.554">
	<testcase classname="TestEntryElement" name="test_getName" time="0.179"/>
	<testcase classname="TestEntryElement" name="test_validate" time="0.184"/>
	<testcase classname="TestEntryElement" name="test_validate_sub_elements" time="0.190"/>
	<system-out>
<![CDATA[]]>	</system-out>
	<system-err>
<![CDATA[]]>	</system-err>
</testsuite>
