<?xml version="1.0" ?>
<testsuite errors="0" failures="0" name="FETestCaseCondorStatus-20190514185234" tests="9" time="2.318">
	<testcase classname="FETestCaseCondorStatus" name="test_countCondorStatus" time="0.232"/>
	<testcase classname="FETestCaseCondorStatus" name="test_getClientCondorStatus" time="0.206"/>
	<testcase classname="FETestCaseCondorStatus" name="test_getClientCondorStatusCredIdOnly" time="0.203"/>
	<testcase classname="FETestCaseCondorStatus" name="test_getClientCondorStatusPerCredId" time="0.228"/>
	<testcase classname="FETestCaseCondorStatus" name="test_getCondorStatus" time="0.436"/>
	<testcase classname="FETestCaseCondorStatus" name="test_getCondorStatusSchedds" time="0.378"/>
	<testcase classname="FETestCaseCondorStatus" name="test_getFactoryEntryList" time="0.220"/>
	<testcase classname="FETestCaseCondorStatus" name="test_getIdleCondorStatus" time="0.209"/>
	<testcase classname="FETestCaseCondorStatus" name="test_getRunningCondorStatus" time="0.208"/>
	<system-out>
<![CDATA[]]>	</system-out>
	<system-err>
<![CDATA[]]>	</system-err>
</testsuite>
