<?xml version="1.0" ?>
<testsuite errors="0" failures="0" name="FETestCaseCondorQ-20190506220541" tests="12" time="3.364">
	<testcase classname="FETestCaseCondorQ" name="test_countCondorQ" time="0.265"/>
	<testcase classname="FETestCaseCondorQ" name="test_getClientCondorStatusCredIdOnly" time="0.299"/>
	<testcase classname="FETestCaseCondorQ" name="test_getClientCondorStatusPerCredId" time="0.308"/>
	<testcase classname="FETestCaseCondorQ" name="test_getCondorQ" time="0.297"/>
	<testcase classname="FETestCaseCondorQ" name="test_getCondorQUsers" time="0.259"/>
	<testcase classname="FETestCaseCondorQ" name="test_getCondorQ_no_constraints" time="0.260"/>
	<testcase classname="FETestCaseCondorQ" name="test_getIdleCondorQ" time="0.250"/>
	<testcase classname="FETestCaseCondorQ" name="test_getIdleProxyCondorQ" time="0.263"/>
	<testcase classname="FETestCaseCondorQ" name="test_getIdleVomsCondorQ" time="0.270"/>
	<testcase classname="FETestCaseCondorQ" name="test_getOldCondorQ" time="0.289"/>
	<testcase classname="FETestCaseCondorQ" name="test_getRunningCondorQ" time="0.290"/>
	<testcase classname="FETestCaseCondorQ" name="test_oldCondorQ" time="0.313"/>
	<system-out>
<![CDATA[]]>	</system-out>
	<system-err>
<![CDATA[]]>	</system-err>
</testsuite>
