<?xml version="1.0" ?>
<testsuite errors="0" failures="0" name="TestGlideinDicts-20190506214710" tests="7" time="3.409">
	<testcase classname="TestGlideinDicts" name="test_MainDicts_populate" time="0.529"/>
	<testcase classname="TestGlideinDicts" name="test__init__" time="0.366"/>
	<testcase classname="TestGlideinDicts" name="test_new_MainDicts" time="0.412"/>
	<testcase classname="TestGlideinDicts" name="test_new_SubDicts" time="0.466"/>
	<testcase classname="TestGlideinDicts" name="test_save" time="0.627"/>
	<testcase classname="TestGlideinDicts" name="test_save_monitor" time="0.485"/>
	<testcase classname="TestGlideinDicts" name="test_save_pub_key" time="0.523"/>
	<system-out>
<![CDATA[]]>	</system-out>
	<system-err>
<![CDATA[]]>	</system-err>
</testsuite>
