<?xml version="1.0" ?>
<testsuite errors="0" failures="0" name="FETestCaseMisc-20190506193839" tests="5" time="1.189">
	<testcase classname="FETestCaseMisc" name="test_appendRealRunning" time="0.255"/>
	<testcase classname="FETestCaseMisc" name="test_evalParamExpr" time="0.258"/>
	<testcase classname="FETestCaseMisc" name="test_getGlideinCpusNum" time="0.223"/>
	<testcase classname="FETestCaseMisc" name="test_hashJob" time="0.226"/>
	<testcase classname="FETestCaseMisc" name="test_uniqueSets" time="0.228"/>
	<system-out>
<![CDATA[]]>	</system-out>
	<system-err>
<![CDATA[]]>	</system-err>
</testsuite>
