<?xml version="1.0" ?>
<testsuite errors="0" failures="0" name="FETestCaseCount-20190506193839" tests="7" time="2.004">
	<testcase classname="FETestCaseCount" name="test_countMatch" time="0.303"/>
	<testcase classname="FETestCaseCount" name="test_countMatchDowntime" time="0.324"/>
	<testcase classname="FETestCaseCount" name="test_countMatch_missingKey" time="0.308"/>
	<testcase classname="FETestCaseCount" name="test_countMatch_otherException" time="0.309"/>
	<testcase classname="FETestCaseCount" name="test_countRealRunning_match" time="0.248"/>
	<testcase classname="FETestCaseCount" name="test_countRealRunning_missingKey" time="0.239"/>
	<testcase classname="FETestCaseCount" name="test_countRealRunning_otherException" time="0.271"/>
	<system-out>
<![CDATA[]]>	</system-out>
	<system-err>
<![CDATA[]]>	</system-err>
</testsuite>
