<?xml version="1.0" ?>
<testsuite errors="0" failures="0" name="TestEntrySetElement-20190506152512" tests="2" time="0.390">
	<testcase classname="TestEntrySetElement" name="test_validate_entries" time="0.192"/>
	<testcase classname="TestEntrySetElement" name="test_validate_entry_sets" time="0.199"/>
	<system-out>
<![CDATA[]]>	</system-out>
	<system-err>
<![CDATA[]]>	</system-err>
</testsuite>
