<?xml version="1.0" ?>
<testsuite errors="0" failures="0" name="TestExprParserSymmetric-20190514185250" tests="3" time="0.331">
	<testcase classname="TestExprParserSymmetric" name="test__compile" time="0.123"/>
	<testcase classname="TestExprParserSymmetric" name="test_parse_symmetric" time="0.157"/>
	<testcase classname="TestExprParserSymmetric" name="test_unparse_ret" time="0.050"/>
	<system-out>
<![CDATA[]]>	</system-out>
	<system-err>
<![CDATA[]]>	</system-err>
</testsuite>
