<?xml version="1.0" ?>
<testsuite errors="0" failures="0" name="TestCondorExe-20190515181703" tests="3" time="3.021">
	<testcase classname="TestCondorExe" name="test_exe_cmd" time="1.042"/>
	<testcase classname="TestCondorExe" name="test_exe_cmd_sbin" time="1.034"/>
	<testcase classname="TestCondorExe" name="test_iexe_cmd" time="0.946"/>
	<system-out>
<![CDATA[]]>	</system-out>
	<system-err>
<![CDATA[]]>	</system-err>
</testsuite>
