<?xml version="1.0" ?>
<testsuite errors="0" failures="0" name="TestGlideinDicts-20190515004651" tests="7" time="3.030">
	<testcase classname="TestGlideinDicts" name="test_MainDicts_populate" time="0.529"/>
	<testcase classname="TestGlideinDicts" name="test__init__" time="0.392"/>
	<testcase classname="TestGlideinDicts" name="test_new_MainDicts" time="0.405"/>
	<testcase classname="TestGlideinDicts" name="test_new_SubDicts" time="0.382"/>
	<testcase classname="TestGlideinDicts" name="test_save" time="0.549"/>
	<testcase classname="TestGlideinDicts" name="test_save_monitor" time="0.384"/>
	<testcase classname="TestGlideinDicts" name="test_save_pub_key" time="0.388"/>
	<system-out>
<![CDATA[]]>	</system-out>
	<system-err>
<![CDATA[]]>	</system-err>
</testsuite>
