<?xml version="1.0" ?>
<testsuite errors="0" failures="0" name="FETestCaseMisc-20190514185234" tests="5" time="1.035">
	<testcase classname="FETestCaseMisc" name="test_appendRealRunning" time="0.209"/>
	<testcase classname="FETestCaseMisc" name="test_evalParamExpr" time="0.204"/>
	<testcase classname="FETestCaseMisc" name="test_getGlideinCpusNum" time="0.209"/>
	<testcase classname="FETestCaseMisc" name="test_hashJob" time="0.204"/>
	<testcase classname="FETestCaseMisc" name="test_uniqueSets" time="0.209"/>
	<system-out>
<![CDATA[]]>	</system-out>
	<system-err>
<![CDATA[]]>	</system-err>
</testsuite>
