<?xml version="1.0" ?>
<testsuite errors="0" failures="0" name="FETestCaseCondorQ-20190506213550" tests="12" time="3.379">
	<testcase classname="FETestCaseCondorQ" name="test_countCondorQ" time="0.276"/>
	<testcase classname="FETestCaseCondorQ" name="test_getClientCondorStatusCredIdOnly" time="0.277"/>
	<testcase classname="FETestCaseCondorQ" name="test_getClientCondorStatusPerCredId" time="0.280"/>
	<testcase classname="FETestCaseCondorQ" name="test_getCondorQ" time="0.329"/>
	<testcase classname="FETestCaseCondorQ" name="test_getCondorQUsers" time="0.278"/>
	<testcase classname="FETestCaseCondorQ" name="test_getCondorQ_no_constraints" time="0.288"/>
	<testcase classname="FETestCaseCondorQ" name="test_getIdleCondorQ" time="0.272"/>
	<testcase classname="FETestCaseCondorQ" name="test_getIdleProxyCondorQ" time="0.257"/>
	<testcase classname="FETestCaseCondorQ" name="test_getIdleVomsCondorQ" time="0.267"/>
	<testcase classname="FETestCaseCondorQ" name="test_getOldCondorQ" time="0.280"/>
	<testcase classname="FETestCaseCondorQ" name="test_getRunningCondorQ" time="0.271"/>
	<testcase classname="FETestCaseCondorQ" name="test_oldCondorQ" time="0.304"/>
	<system-out>
<![CDATA[]]>	</system-out>
	<system-err>
<![CDATA[]]>	</system-err>
</testsuite>
