<?xml version="1.0" ?>
<testsuite errors="0" failures="0" name="FETestCaseMisc-20190515181733" tests="5" time="1.015">
	<testcase classname="FETestCaseMisc" name="test_appendRealRunning" time="0.204"/>
	<testcase classname="FETestCaseMisc" name="test_evalParamExpr" time="0.203"/>
	<testcase classname="FETestCaseMisc" name="test_getGlideinCpusNum" time="0.202"/>
	<testcase classname="FETestCaseMisc" name="test_hashJob" time="0.201"/>
	<testcase classname="FETestCaseMisc" name="test_uniqueSets" time="0.205"/>
	<system-out>
<![CDATA[]]>	</system-out>
	<system-err>
<![CDATA[]]>	</system-err>
</testsuite>
