<?xml version="1.0" ?>
<testsuite errors="0" failures="0" name="TestCondorExe-20190506193817" tests="3" time="3.293">
	<testcase classname="TestCondorExe" name="test_exe_cmd" time="1.058"/>
	<testcase classname="TestCondorExe" name="test_exe_cmd_sbin" time="1.149"/>
	<testcase classname="TestCondorExe" name="test_iexe_cmd" time="1.086"/>
	<system-out>
<![CDATA[]]>	</system-out>
	<system-err>
<![CDATA[]]>	</system-err>
</testsuite>
