<?xml version="1.0" ?>
<testsuite errors="0" failures="0" name="FETestCaseMisc-20190514191502" tests="5" time="0.239">
	<testcase classname="FETestCaseMisc" name="test_appendRealRunning" time="0.039"/>
	<testcase classname="FETestCaseMisc" name="test_evalParamExpr" time="0.038"/>
	<testcase classname="FETestCaseMisc" name="test_getGlideinCpusNum" time="0.038"/>
	<testcase classname="FETestCaseMisc" name="test_hashJob" time="0.064"/>
	<testcase classname="FETestCaseMisc" name="test_uniqueSets" time="0.059"/>
	<system-out>
<![CDATA[]]>	</system-out>
	<system-err>
<![CDATA[]]>	</system-err>
</testsuite>
