<?xml version="1.0" ?>
<testsuite errors="0" failures="0" name="TestCondorExe-20190506181645" tests="3" time="3.386">
	<testcase classname="TestCondorExe" name="test_exe_cmd" time="1.074"/>
	<testcase classname="TestCondorExe" name="test_exe_cmd_sbin" time="1.192"/>
	<testcase classname="TestCondorExe" name="test_iexe_cmd" time="1.120"/>
	<system-out>
<![CDATA[]]>	</system-out>
	<system-err>
<![CDATA[]]>	</system-err>
</testsuite>
