<?xml version="1.0" ?>
<testsuite errors="0" failures="0" name="FETestCaseMisc-20190506193831" tests="5" time="0.171">
	<testcase classname="FETestCaseMisc" name="test_appendRealRunning" time="0.040"/>
	<testcase classname="FETestCaseMisc" name="test_evalParamExpr" time="0.034"/>
	<testcase classname="FETestCaseMisc" name="test_getGlideinCpusNum" time="0.034"/>
	<testcase classname="FETestCaseMisc" name="test_hashJob" time="0.032"/>
	<testcase classname="FETestCaseMisc" name="test_uniqueSets" time="0.032"/>
	<system-out>
<![CDATA[]]>	</system-out>
	<system-err>
<![CDATA[]]>	</system-err>
</testsuite>
