<?xml version="1.0" ?>
<testsuite errors="0" failures="0" name="TestDowntimes-20190514191506" tests="5" time="0.037">
	<testcase classname="TestDowntimes" name="test_downtimesfile" time="0.019"/>
	<testcase classname="TestDowntimes" name="test_entryonlydowntime" time="0.002"/>
	<testcase classname="TestDowntimes" name="test_setdelayedperiod" time="0.004"/>
	<testcase classname="TestDowntimes" name="test_setfrontendsecclass" time="0.007"/>
	<testcase classname="TestDowntimes" name="test_setperiodwithendtime" time="0.005"/>
	<system-out>
<![CDATA[]]>	</system-out>
	<system-err>
<![CDATA[]]>	</system-err>
</testsuite>
