<?xml version="1.0" ?>
<testsuite errors="0" failures="0" name="TestGlideinParams-20190506181652" tests="11" time="0.279">
	<testcase classname="TestGlideinParams" name="test__eq__" time="0.036"/>
	<testcase classname="TestGlideinParams" name="test_buildDir" time="0.020"/>
	<testcase classname="TestGlideinParams" name="test_derive" time="0.019"/>
	<testcase classname="TestGlideinParams" name="test_file_read_and_write" time="0.051"/>
	<testcase classname="TestGlideinParams" name="test_get_description" time="0.050"/>
	<testcase classname="TestGlideinParams" name="test_get_top_element" time="0.022"/>
	<testcase classname="TestGlideinParams" name="test_get_xml" time="0.023"/>
	<testcase classname="TestGlideinParams" name="test_get_xml_format" time="0.018"/>
	<testcase classname="TestGlideinParams" name="test_init" time="0.018"/>
	<testcase classname="TestGlideinParams" name="test_init_defaults" time="0.023"/>
	<testcase classname="TestGlideinParams" name="test_validate_names" time="0.000">
		<skipped message="this test doesnt set up subparams so validate_names will fail" type="skip"/>
	</testcase>
	<system-out>
<![CDATA[]]>	</system-out>
	<system-err>
<![CDATA[]]>	</system-err>
</testsuite>
