<?xml version="1.0" ?>
<testsuite errors="0" failures="0" name="TestForkManager-20190506193835" tests="7" time="40.950">
	<testcase classname="TestForkManager" name="test___init__" time="0.000"/>
	<testcase classname="TestForkManager" name="test_add_fork_and_len" time="0.000"/>
	<testcase classname="TestForkManager" name="test_bounded_fork_and_collect_use_epoll" time="10.229"/>
	<testcase classname="TestForkManager" name="test_bounded_fork_and_collect_use_poll" time="10.232"/>
	<testcase classname="TestForkManager" name="test_bounded_fork_and_collect_use_select" time="10.233"/>
	<testcase classname="TestForkManager" name="test_fork_and_collect" time="5.119"/>
	<testcase classname="TestForkManager" name="test_fork_and_wait" time="5.137"/>
	<system-out>
<![CDATA[]]>	</system-out>
	<system-err>
<![CDATA[]]>	</system-err>
</testsuite>
