<?xml version="1.0" ?>
<testsuite errors="0" failures="0" name="TestGetGroupNameFromGroupWorkDir-20190506193824" tests="1" time="0.000">
	<testcase classname="TestGetGroupNameFromGroupWorkDir" name="test_get_group_name_from_group_work_dir" time="0.000"/>
	<system-out>
<![CDATA[]]>	</system-out>
	<system-err>
<![CDATA[]]>	</system-err>
</testsuite>
