<?xml version="1.0" ?>
<testsuite errors="0" failures="0" name="FETestCaseCondorQ-20190514191502" tests="12" time="0.734">
	<testcase classname="FETestCaseCondorQ" name="test_countCondorQ" time="0.068"/>
	<testcase classname="FETestCaseCondorQ" name="test_getClientCondorStatusCredIdOnly" time="0.044"/>
	<testcase classname="FETestCaseCondorQ" name="test_getClientCondorStatusPerCredId" time="0.041"/>
	<testcase classname="FETestCaseCondorQ" name="test_getCondorQ" time="0.064"/>
	<testcase classname="FETestCaseCondorQ" name="test_getCondorQUsers" time="0.076"/>
	<testcase classname="FETestCaseCondorQ" name="test_getCondorQ_no_constraints" time="0.071"/>
	<testcase classname="FETestCaseCondorQ" name="test_getIdleCondorQ" time="0.057"/>
	<testcase classname="FETestCaseCondorQ" name="test_getIdleProxyCondorQ" time="0.058"/>
	<testcase classname="FETestCaseCondorQ" name="test_getIdleVomsCondorQ" time="0.075"/>
	<testcase classname="FETestCaseCondorQ" name="test_getOldCondorQ" time="0.042"/>
	<testcase classname="FETestCaseCondorQ" name="test_getRunningCondorQ" time="0.073"/>
	<testcase classname="FETestCaseCondorQ" name="test_oldCondorQ" time="0.065"/>
	<system-out>
<![CDATA[]]>	</system-out>
	<system-err>
<![CDATA[]]>	</system-err>
</testsuite>
