<?xml version="1.0" ?>
<testsuite errors="0" failures="0" name="TestFactoryConfig-20190514191456" tests="14" time="0.854">
	<testcase classname="TestFactoryConfig" name="test__contains__" time="0.074"/>
	<testcase classname="TestFactoryConfig" name="test__init__" time="0.035"/>
	<testcase classname="TestFactoryConfig" name="test_backup_and_load_old_key" time="0.034"/>
	<testcase classname="TestFactoryConfig" name="test_backup_rsa_key" time="0.042"/>
	<testcase classname="TestFactoryConfig" name="test_get_all_frontend_sec_classes" time="0.051"/>
	<testcase classname="TestFactoryConfig" name="test_get_all_usernames" time="0.058"/>
	<testcase classname="TestFactoryConfig" name="test_get_frontend_name" time="0.060"/>
	<testcase classname="TestFactoryConfig" name="test_get_identity" time="0.053"/>
	<testcase classname="TestFactoryConfig" name="test_get_username" time="0.056"/>
	<testcase classname="TestFactoryConfig" name="test_has_key" time="0.054"/>
	<testcase classname="TestFactoryConfig" name="test_load_old_rsa_key" time="0.045"/>
	<testcase classname="TestFactoryConfig" name="test_load_pub_key" time="0.181"/>
	<testcase classname="TestFactoryConfig" name="test_remove_old_key" time="0.046"/>
	<testcase classname="TestFactoryConfig" name="test_str_" time="0.065"/>
	<system-out>
<![CDATA[]]>	</system-out>
	<system-err>
<![CDATA[]]>	</system-err>
</testsuite>
