<?xml version="1.0" ?>
<testsuite errors="0" failures="0" name="TestGlideinMainDicts-20190506152524" tests="17" time="0.024">
	<testcase classname="TestGlideinMainDicts" name="test___init__" time="0.001"/>
	<testcase classname="TestGlideinMainDicts" name="test_get_daemon_log_dir" time="0.000"/>
	<testcase classname="TestGlideinMainDicts" name="test_get_main_dicts" time="0.001"/>
	<testcase classname="TestGlideinMainDicts" name="test_load" time="0.009"/>
	<testcase classname="TestGlideinMainDicts" name="test_reuse" time="0.003"/>
	<testcase classname="TestGlideinMainDicts" name="test_save" time="0.009"/>
	<testcase classname="TestGlideinMainDicts" name="test_erase" time="0.000">
		<skipped message="for now" type="skip"/>
	</testcase>
	<testcase classname="TestGlideinMainDicts" name="test_get_sub_dicts" time="0.000">
		<skipped message="for now" type="skip"/>
	</testcase>
	<testcase classname="TestGlideinMainDicts" name="test_get_sub_log_dir" time="0.000">
		<skipped message="for now" type="skip"/>
	</testcase>
	<testcase classname="TestGlideinMainDicts" name="test_get_sub_stage_dir" time="0.000">
		<skipped message="for now" type="skip"/>
	</testcase>
	<testcase classname="TestGlideinMainDicts" name="test_get_sub_work_dir" time="0.000">
		<skipped message="for now" type="skip"/>
	</testcase>
	<testcase classname="TestGlideinMainDicts" name="test_populate" time="0.000">
		<skipped message="raised notimplemented" type="skip"/>
	</testcase>
	<testcase classname="TestGlideinMainDicts" name="test_reuse_nocheck" time="0.000">
		<skipped message="for now" type="skip"/>
	</testcase>
	<testcase classname="TestGlideinMainDicts" name="test_save_final" time="0.000">
		<skipped message="for now" type="skip"/>
	</testcase>
	<testcase classname="TestGlideinMainDicts" name="test_save_monitor" time="0.000">
		<skipped message="for now" type="skip"/>
	</testcase>
	<testcase classname="TestGlideinMainDicts" name="test_save_monitor_config" time="0.000">
		<skipped message="for now" type="skip"/>
	</testcase>
	<testcase classname="TestGlideinMainDicts" name="test_save_pub_key" time="0.000">
		<skipped message="for now" type="skip"/>
	</testcase>
	<system-out>
<![CDATA[]]>	</system-out>
	<system-err>
<![CDATA[]]>	</system-err>
</testsuite>
