<?xml version="1.0" ?>
<testsuite errors="0" failures="0" name="TestCondorExe-20190514191437" tests="3" time="5.211">
	<testcase classname="TestCondorExe" name="test_exe_cmd" time="1.768"/>
	<testcase classname="TestCondorExe" name="test_exe_cmd_sbin" time="1.594"/>
	<testcase classname="TestCondorExe" name="test_iexe_cmd" time="1.850"/>
	<system-out>
<![CDATA[]]>	</system-out>
	<system-err>
<![CDATA[]]>	</system-err>
</testsuite>
