<?xml version="1.0" ?>
<testsuite errors="0" failures="0" name="TestExtractRecoverableHeldSimple-20190507181654" tests="1" time="0.000">
	<testcase classname="TestExtractRecoverableHeldSimple" name="test_extract_recoverable_held_simple" time="0.000">
		<skipped message="for now" type="skip"/>
	</testcase>
	<system-out>
<![CDATA[]]>	</system-out>
	<system-err>
<![CDATA[]]>	</system-err>
</testsuite>
