<?xml version="1.0" ?>
<testsuite errors="0" failures="0" name="TestCondorExe-20190514191412" tests="3" time="2.777">
	<testcase classname="TestCondorExe" name="test_exe_cmd" time="1.059"/>
	<testcase classname="TestCondorExe" name="test_exe_cmd_sbin" time="0.837"/>
	<testcase classname="TestCondorExe" name="test_iexe_cmd" time="0.880"/>
	<system-out>
<![CDATA[]]>	</system-out>
	<system-err>
<![CDATA[]]>	</system-err>
</testsuite>
