<?xml version="1.0" ?>
<testsuite errors="0" failures="0" name="FETestCaseCount-20190508081810" tests="7" time="1.814">
	<testcase classname="FETestCaseCount" name="test_countMatch" time="0.257"/>
	<testcase classname="FETestCaseCount" name="test_countMatchDowntime" time="0.279"/>
	<testcase classname="FETestCaseCount" name="test_countMatch_missingKey" time="0.268"/>
	<testcase classname="FETestCaseCount" name="test_countMatch_otherException" time="0.267"/>
	<testcase classname="FETestCaseCount" name="test_countRealRunning_match" time="0.253"/>
	<testcase classname="FETestCaseCount" name="test_countRealRunning_missingKey" time="0.244"/>
	<testcase classname="FETestCaseCount" name="test_countRealRunning_otherException" time="0.246"/>
	<system-out>
<![CDATA[]]>	</system-out>
	<system-err>
<![CDATA[]]>	</system-err>
</testsuite>
