<?xml version="1.0" ?>
<testsuite errors="0" failures="0" name="TestPlugins-20190514191523" tests="5" time="0.227">
	<testcase classname="TestPlugins" name="test_proxy_all" time="0.030"/>
	<testcase classname="TestPlugins" name="test_proxy_cardinality" time="0.045"/>
	<testcase classname="TestPlugins" name="test_proxy_first" time="0.037"/>
	<testcase classname="TestPlugins" name="test_proxy_usermap" time="0.082"/>
	<testcase classname="TestPlugins" name="test_proxy_userr" time="0.034"/>
	<system-out>
<![CDATA[]]>	</system-out>
	<system-err>
<![CDATA[]]>	</system-err>
</testsuite>
