<?xml version="1.0" ?>
<testsuite errors="0" failures="0" name="FETestCaseMisc-20190514191500" tests="5" time="1.634">
	<testcase classname="FETestCaseMisc" name="test_appendRealRunning" time="0.407"/>
	<testcase classname="FETestCaseMisc" name="test_evalParamExpr" time="0.308"/>
	<testcase classname="FETestCaseMisc" name="test_getGlideinCpusNum" time="0.293"/>
	<testcase classname="FETestCaseMisc" name="test_hashJob" time="0.304"/>
	<testcase classname="FETestCaseMisc" name="test_uniqueSets" time="0.322"/>
	<system-out>
<![CDATA[]]>	</system-out>
	<system-err>
<![CDATA[]]>	</system-err>
</testsuite>
