<?xml version="1.0" ?>
<testsuite errors="0" failures="0" name="TestCondorExe-20190507181623" tests="3" time="2.948">
	<testcase classname="TestCondorExe" name="test_exe_cmd" time="1.013"/>
	<testcase classname="TestCondorExe" name="test_exe_cmd_sbin" time="1.022"/>
	<testcase classname="TestCondorExe" name="test_iexe_cmd" time="0.912"/>
	<system-out>
<![CDATA[]]>	</system-out>
	<system-err>
<![CDATA[]]>	</system-err>
</testsuite>
