<?xml version="1.0" ?>
<testsuite errors="0" failures="0" name="FEElementTestCase-20190507181703" tests="3" time="1.054">
	<testcase classname="FEElementTestCase" name="test_compute_glidein_max_run" time="0.032"/>
	<testcase classname="FEElementTestCase" name="test_get_condor_q" time="0.077"/>
	<testcase classname="FEElementTestCase" name="test_some_iterate_one_artifacts" time="0.945"/>
	<system-out>
<![CDATA[]]>	</system-out>
	<system-err>
<![CDATA[]]>	</system-err>
</testsuite>
