<?xml version="1.0" ?>
<testsuite errors="0" failures="0" name="FEElementTestCase-20190514191516" tests="3" time="1.570">
	<testcase classname="FEElementTestCase" name="test_compute_glidein_max_run" time="0.033"/>
	<testcase classname="FEElementTestCase" name="test_get_condor_q" time="0.071"/>
	<testcase classname="FEElementTestCase" name="test_some_iterate_one_artifacts" time="1.465"/>
	<system-out>
<![CDATA[]]>	</system-out>
	<system-err>
<![CDATA[]]>	</system-err>
</testsuite>
