<?xml version="1.0" ?>
<testsuite errors="0" failures="0" name="TestCondorExe-20190508081727" tests="3" time="2.978">
	<testcase classname="TestCondorExe" name="test_exe_cmd" time="1.149"/>
	<testcase classname="TestCondorExe" name="test_exe_cmd_sbin" time="0.975"/>
	<testcase classname="TestCondorExe" name="test_iexe_cmd" time="0.854"/>
	<system-out>
<![CDATA[]]>	</system-out>
	<system-err>
<![CDATA[]]>	</system-err>
</testsuite>
