<?xml version="1.0" ?>
<testsuite errors="0" failures="0" name="FETestCaseCondorStatus-20190514191500" tests="9" time="4.436">
	<testcase classname="FETestCaseCondorStatus" name="test_countCondorStatus" time="0.329"/>
	<testcase classname="FETestCaseCondorStatus" name="test_getClientCondorStatus" time="0.313"/>
	<testcase classname="FETestCaseCondorStatus" name="test_getClientCondorStatusCredIdOnly" time="0.525"/>
	<testcase classname="FETestCaseCondorStatus" name="test_getClientCondorStatusPerCredId" time="0.307"/>
	<testcase classname="FETestCaseCondorStatus" name="test_getCondorStatus" time="0.988"/>
	<testcase classname="FETestCaseCondorStatus" name="test_getCondorStatusSchedds" time="0.786"/>
	<testcase classname="FETestCaseCondorStatus" name="test_getFactoryEntryList" time="0.402"/>
	<testcase classname="FETestCaseCondorStatus" name="test_getIdleCondorStatus" time="0.335"/>
	<testcase classname="FETestCaseCondorStatus" name="test_getRunningCondorStatus" time="0.452"/>
	<system-out>
<![CDATA[]]>	</system-out>
	<system-err>
<![CDATA[]]>	</system-err>
</testsuite>
