<?xml version="1.0" ?>
<testsuite errors="0" failures="0" name="TestcgWDictFile-20190508124457" tests="17" time="0.069">
	<testcase classname="TestcgWDictFile" name="test__init__" time="0.005"/>
	<testcase classname="TestcgWDictFile" name="test_add_InfoSysDictFile" time="0.006"/>
	<testcase classname="TestcgWDictFile" name="test_add_MonitorGroupDictFile" time="0.006"/>
	<testcase classname="TestcgWDictFile" name="test_add_extended_MonitorGroupDictFile" time="0.004"/>
	<testcase classname="TestcgWDictFile" name="test_common_dicts" time="0.009"/>
	<testcase classname="TestcgWDictFile" name="test_file_footer_MonitorGroupDictFile" time="0.003"/>
	<testcase classname="TestcgWDictFile" name="test_file_header_InfoSysDictFile" time="0.003"/>
	<testcase classname="TestcgWDictFile" name="test_file_header_MonitorGroupDictFile" time="0.004"/>
	<testcase classname="TestcgWDictFile" name="test_format_val_InfoSysDictFile" time="0.004"/>
	<testcase classname="TestcgWDictFile" name="test_format_val_MonitorGroupDictFile" time="0.004"/>
	<testcase classname="TestcgWDictFile" name="test_parse_val_InfoSysDictFile" time="0.003"/>
	<testcase classname="TestcgWDictFile" name="test_parse_val_MonitorGroupDictFile" time="0.004"/>
	<testcase classname="TestcgWDictFile" name="test_save_main_dicts" time="0.014"/>
	<testcase classname="TestcgWDictFile" name="test_add_extended_InfoSysDictFile" time="0.000">
		<skipped message="for now" type="skip"/>
	</testcase>
	<testcase classname="TestcgWDictFile" name="test_load_common_dicts" time="0.000">
		<skipped message="hmm" type="skip"/>
	</testcase>
	<testcase classname="TestcgWDictFile" name="test_load_entry_dicts" time="0.000">
		<skipped message="hmm" type="skip"/>
	</testcase>
	<testcase classname="TestcgWDictFile" name="test_load_main_dicts" time="0.000">
		<skipped message="hmm" type="skip"/>
	</testcase>
	<system-out>
<![CDATA[]]>	</system-out>
	<system-err>
<![CDATA[]]>	</system-err>
</testsuite>
