<?xml version="1.0" ?>
<testsuite errors="0" failures="0" name="FETestCaseCondorQ-20190514191500" tests="12" time="4.878">
	<testcase classname="FETestCaseCondorQ" name="test_countCondorQ" time="0.380"/>
	<testcase classname="FETestCaseCondorQ" name="test_getClientCondorStatusCredIdOnly" time="0.460"/>
	<testcase classname="FETestCaseCondorQ" name="test_getClientCondorStatusPerCredId" time="0.429"/>
	<testcase classname="FETestCaseCondorQ" name="test_getCondorQ" time="0.447"/>
	<testcase classname="FETestCaseCondorQ" name="test_getCondorQUsers" time="0.424"/>
	<testcase classname="FETestCaseCondorQ" name="test_getCondorQ_no_constraints" time="0.508"/>
	<testcase classname="FETestCaseCondorQ" name="test_getIdleCondorQ" time="0.306"/>
	<testcase classname="FETestCaseCondorQ" name="test_getIdleProxyCondorQ" time="0.275"/>
	<testcase classname="FETestCaseCondorQ" name="test_getIdleVomsCondorQ" time="0.477"/>
	<testcase classname="FETestCaseCondorQ" name="test_getOldCondorQ" time="0.303"/>
	<testcase classname="FETestCaseCondorQ" name="test_getRunningCondorQ" time="0.402"/>
	<testcase classname="FETestCaseCondorQ" name="test_oldCondorQ" time="0.468"/>
	<system-out>
<![CDATA[]]>	</system-out>
	<system-err>
<![CDATA[]]>	</system-err>
</testsuite>
