<?xml version="1.0" ?>
<testsuite errors="0" failures="0" name="TestFactoryConfig-20190514191448" tests="14" time="1.048">
	<testcase classname="TestFactoryConfig" name="test__contains__" time="0.095"/>
	<testcase classname="TestFactoryConfig" name="test__init__" time="0.067"/>
	<testcase classname="TestFactoryConfig" name="test_backup_and_load_old_key" time="0.059"/>
	<testcase classname="TestFactoryConfig" name="test_backup_rsa_key" time="0.064"/>
	<testcase classname="TestFactoryConfig" name="test_get_all_frontend_sec_classes" time="0.057"/>
	<testcase classname="TestFactoryConfig" name="test_get_all_usernames" time="0.065"/>
	<testcase classname="TestFactoryConfig" name="test_get_frontend_name" time="0.075"/>
	<testcase classname="TestFactoryConfig" name="test_get_identity" time="0.069"/>
	<testcase classname="TestFactoryConfig" name="test_get_username" time="0.094"/>
	<testcase classname="TestFactoryConfig" name="test_has_key" time="0.069"/>
	<testcase classname="TestFactoryConfig" name="test_load_old_rsa_key" time="0.061"/>
	<testcase classname="TestFactoryConfig" name="test_load_pub_key" time="0.173"/>
	<testcase classname="TestFactoryConfig" name="test_remove_old_key" time="0.058"/>
	<testcase classname="TestFactoryConfig" name="test_str_" time="0.043"/>
	<system-out>
<![CDATA[]]>	</system-out>
	<system-err>
<![CDATA[]]>	</system-err>
</testsuite>
