<?xml version="1.0" ?>
<testsuite errors="0" failures="0" name="TestPlugins-20190507181706" tests="5" time="0.119">
	<testcase classname="TestPlugins" name="test_proxy_all" time="0.025"/>
	<testcase classname="TestPlugins" name="test_proxy_cardinality" time="0.021"/>
	<testcase classname="TestPlugins" name="test_proxy_first" time="0.018"/>
	<testcase classname="TestPlugins" name="test_proxy_usermap" time="0.035"/>
	<testcase classname="TestPlugins" name="test_proxy_userr" time="0.020"/>
	<system-out>
<![CDATA[]]>	</system-out>
	<system-err>
<![CDATA[]]>	</system-err>
</testsuite>
