<?xml version="1.0" ?>
<testsuite errors="0" failures="0" name="FEElementTestCase-20190508081820" tests="3" time="1.124">
	<testcase classname="FEElementTestCase" name="test_compute_glidein_max_run" time="0.039"/>
	<testcase classname="FEElementTestCase" name="test_get_condor_q" time="0.083"/>
	<testcase classname="FEElementTestCase" name="test_some_iterate_one_artifacts" time="1.002"/>
	<system-out>
<![CDATA[]]>	</system-out>
	<system-err>
<![CDATA[]]>	</system-err>
</testsuite>
