<?xml version="1.0" ?>
<testsuite errors="0" failures="0" name="FETestCaseCount-20190504163405" tests="7" time="1.952">
	<testcase classname="FETestCaseCount" name="test_countMatch" time="0.275"/>
	<testcase classname="FETestCaseCount" name="test_countMatchDowntime" time="0.250"/>
	<testcase classname="FETestCaseCount" name="test_countMatch_missingKey" time="0.268"/>
	<testcase classname="FETestCaseCount" name="test_countMatch_otherException" time="0.289"/>
	<testcase classname="FETestCaseCount" name="test_countRealRunning_match" time="0.275"/>
	<testcase classname="FETestCaseCount" name="test_countRealRunning_missingKey" time="0.297"/>
	<testcase classname="FETestCaseCount" name="test_countRealRunning_otherException" time="0.297"/>
	<system-out>
<![CDATA[]]>	</system-out>
	<system-err>
<![CDATA[]]>	</system-err>
</testsuite>
