<?xml version="1.0" ?>
<testsuite errors="0" failures="0" name="FETestCaseCondorStatus-20190504163405" tests="9" time="2.597">
	<testcase classname="FETestCaseCondorStatus" name="test_countCondorStatus" time="0.250"/>
	<testcase classname="FETestCaseCondorStatus" name="test_getClientCondorStatus" time="0.269"/>
	<testcase classname="FETestCaseCondorStatus" name="test_getClientCondorStatusCredIdOnly" time="0.266"/>
	<testcase classname="FETestCaseCondorStatus" name="test_getClientCondorStatusPerCredId" time="0.256"/>
	<testcase classname="FETestCaseCondorStatus" name="test_getCondorStatus" time="0.468"/>
	<testcase classname="FETestCaseCondorStatus" name="test_getCondorStatusSchedds" time="0.373"/>
	<testcase classname="FETestCaseCondorStatus" name="test_getFactoryEntryList" time="0.226"/>
	<testcase classname="FETestCaseCondorStatus" name="test_getIdleCondorStatus" time="0.246"/>
	<testcase classname="FETestCaseCondorStatus" name="test_getRunningCondorStatus" time="0.242"/>
	<system-out>
<![CDATA[]]>	</system-out>
	<system-err>
<![CDATA[]]>	</system-err>
</testsuite>
