<?xml version="1.0" ?>
<testsuite errors="0" failures="0" name="FETestCaseCount-20190504181814" tests="7" time="1.681">
	<testcase classname="FETestCaseCount" name="test_countMatch" time="0.227"/>
	<testcase classname="FETestCaseCount" name="test_countMatchDowntime" time="0.271"/>
	<testcase classname="FETestCaseCount" name="test_countMatch_missingKey" time="0.245"/>
	<testcase classname="FETestCaseCount" name="test_countMatch_otherException" time="0.241"/>
	<testcase classname="FETestCaseCount" name="test_countRealRunning_match" time="0.221"/>
	<testcase classname="FETestCaseCount" name="test_countRealRunning_missingKey" time="0.221"/>
	<testcase classname="FETestCaseCount" name="test_countRealRunning_otherException" time="0.254"/>
	<system-out>
<![CDATA[]]>	</system-out>
	<system-err>
<![CDATA[]]>	</system-err>
</testsuite>
