<?xml version="1.0" ?>
<testsuite errors="0" failures="0" name="FETestCaseMisc-20190504181814" tests="5" time="1.281">
	<testcase classname="FETestCaseMisc" name="test_appendRealRunning" time="0.255"/>
	<testcase classname="FETestCaseMisc" name="test_evalParamExpr" time="0.256"/>
	<testcase classname="FETestCaseMisc" name="test_getGlideinCpusNum" time="0.282"/>
	<testcase classname="FETestCaseMisc" name="test_hashJob" time="0.260"/>
	<testcase classname="FETestCaseMisc" name="test_uniqueSets" time="0.228"/>
	<system-out>
<![CDATA[]]>	</system-out>
	<system-err>
<![CDATA[]]>	</system-err>
</testsuite>
