<?xml version="1.0" ?>
<testsuite errors="0" failures="0" name="FETestCaseMisc-20190504163405" tests="5" time="1.376">
	<testcase classname="FETestCaseMisc" name="test_appendRealRunning" time="0.288"/>
	<testcase classname="FETestCaseMisc" name="test_evalParamExpr" time="0.280"/>
	<testcase classname="FETestCaseMisc" name="test_getGlideinCpusNum" time="0.276"/>
	<testcase classname="FETestCaseMisc" name="test_hashJob" time="0.263"/>
	<testcase classname="FETestCaseMisc" name="test_uniqueSets" time="0.269"/>
	<system-out>
<![CDATA[]]>	</system-out>
	<system-err>
<![CDATA[]]>	</system-err>
</testsuite>
