<?xml version="1.0" ?>
<testsuite errors="0" failures="0" name="FETestCaseCondorQ-20190504181814" tests="12" time="3.120">
	<testcase classname="FETestCaseCondorQ" name="test_countCondorQ" time="0.253"/>
	<testcase classname="FETestCaseCondorQ" name="test_getClientCondorStatusCredIdOnly" time="0.267"/>
	<testcase classname="FETestCaseCondorQ" name="test_getClientCondorStatusPerCredId" time="0.279"/>
	<testcase classname="FETestCaseCondorQ" name="test_getCondorQ" time="0.300"/>
	<testcase classname="FETestCaseCondorQ" name="test_getCondorQUsers" time="0.253"/>
	<testcase classname="FETestCaseCondorQ" name="test_getCondorQ_no_constraints" time="0.269"/>
	<testcase classname="FETestCaseCondorQ" name="test_getIdleCondorQ" time="0.271"/>
	<testcase classname="FETestCaseCondorQ" name="test_getIdleProxyCondorQ" time="0.265"/>
	<testcase classname="FETestCaseCondorQ" name="test_getIdleVomsCondorQ" time="0.228"/>
	<testcase classname="FETestCaseCondorQ" name="test_getOldCondorQ" time="0.219"/>
	<testcase classname="FETestCaseCondorQ" name="test_getRunningCondorQ" time="0.240"/>
	<testcase classname="FETestCaseCondorQ" name="test_oldCondorQ" time="0.277"/>
	<system-out>
<![CDATA[]]>	</system-out>
	<system-err>
<![CDATA[]]>	</system-err>
</testsuite>
