<?xml version="1.0" ?>
<testsuite errors="0" failures="0" name="TestGlideinDicts-20190504153323" tests="7" time="3.833">
	<testcase classname="TestGlideinDicts" name="test_MainDicts_populate" time="0.554"/>
	<testcase classname="TestGlideinDicts" name="test__init__" time="0.489"/>
	<testcase classname="TestGlideinDicts" name="test_new_MainDicts" time="0.497"/>
	<testcase classname="TestGlideinDicts" name="test_new_SubDicts" time="0.430"/>
	<testcase classname="TestGlideinDicts" name="test_save" time="0.664"/>
	<testcase classname="TestGlideinDicts" name="test_save_monitor" time="0.585"/>
	<testcase classname="TestGlideinDicts" name="test_save_pub_key" time="0.614"/>
	<system-out>
<![CDATA[]]>	</system-out>
	<system-err>
<![CDATA[]]>	</system-err>
</testsuite>
