<?xml version="1.0" ?>
<testsuite errors="0" failures="0" name="TestEntryElement-20190504152105" tests="3" time="0.715">
	<testcase classname="TestEntryElement" name="test_getName" time="0.258"/>
	<testcase classname="TestEntryElement" name="test_validate" time="0.229"/>
	<testcase classname="TestEntryElement" name="test_validate_sub_elements" time="0.229"/>
	<system-out>
<![CDATA[]]>	</system-out>
	<system-err>
<![CDATA[]]>	</system-err>
</testsuite>
