<?xml version="1.0" ?>
<testsuite errors="0" failures="0" name="TestGlideinDicts-20190504164525" tests="7" time="3.514">
	<testcase classname="TestGlideinDicts" name="test_MainDicts_populate" time="0.602"/>
	<testcase classname="TestGlideinDicts" name="test__init__" time="0.439"/>
	<testcase classname="TestGlideinDicts" name="test_new_MainDicts" time="0.480"/>
	<testcase classname="TestGlideinDicts" name="test_new_SubDicts" time="0.521"/>
	<testcase classname="TestGlideinDicts" name="test_save" time="0.534"/>
	<testcase classname="TestGlideinDicts" name="test_save_monitor" time="0.497"/>
	<testcase classname="TestGlideinDicts" name="test_save_pub_key" time="0.441"/>
	<system-out>
<![CDATA[]]>	</system-out>
	<system-err>
<![CDATA[]]>	</system-err>
</testsuite>
