<?xml version="1.0" ?>
<testsuite errors="0" failures="0" name="FETestCaseCondorQ-20190504152121" tests="12" time="3.681">
	<testcase classname="FETestCaseCondorQ" name="test_countCondorQ" time="0.286"/>
	<testcase classname="FETestCaseCondorQ" name="test_getClientCondorStatusCredIdOnly" time="0.309"/>
	<testcase classname="FETestCaseCondorQ" name="test_getClientCondorStatusPerCredId" time="0.318"/>
	<testcase classname="FETestCaseCondorQ" name="test_getCondorQ" time="0.343"/>
	<testcase classname="FETestCaseCondorQ" name="test_getCondorQUsers" time="0.308"/>
	<testcase classname="FETestCaseCondorQ" name="test_getCondorQ_no_constraints" time="0.311"/>
	<testcase classname="FETestCaseCondorQ" name="test_getIdleCondorQ" time="0.277"/>
	<testcase classname="FETestCaseCondorQ" name="test_getIdleProxyCondorQ" time="0.298"/>
	<testcase classname="FETestCaseCondorQ" name="test_getIdleVomsCondorQ" time="0.303"/>
	<testcase classname="FETestCaseCondorQ" name="test_getOldCondorQ" time="0.291"/>
	<testcase classname="FETestCaseCondorQ" name="test_getRunningCondorQ" time="0.302"/>
	<testcase classname="FETestCaseCondorQ" name="test_oldCondorQ" time="0.335"/>
	<system-out>
<![CDATA[]]>	</system-out>
	<system-err>
<![CDATA[]]>	</system-err>
</testsuite>
