<?xml version="1.0" ?>
<testsuite errors="0" failures="0" name="FETestCaseCondorStatus-20190504152121" tests="9" time="2.956">
	<testcase classname="FETestCaseCondorStatus" name="test_countCondorStatus" time="0.305"/>
	<testcase classname="FETestCaseCondorStatus" name="test_getClientCondorStatus" time="0.288"/>
	<testcase classname="FETestCaseCondorStatus" name="test_getClientCondorStatusCredIdOnly" time="0.305"/>
	<testcase classname="FETestCaseCondorStatus" name="test_getClientCondorStatusPerCredId" time="0.258"/>
	<testcase classname="FETestCaseCondorStatus" name="test_getCondorStatus" time="0.557"/>
	<testcase classname="FETestCaseCondorStatus" name="test_getCondorStatusSchedds" time="0.401"/>
	<testcase classname="FETestCaseCondorStatus" name="test_getFactoryEntryList" time="0.290"/>
	<testcase classname="FETestCaseCondorStatus" name="test_getIdleCondorStatus" time="0.280"/>
	<testcase classname="FETestCaseCondorStatus" name="test_getRunningCondorStatus" time="0.273"/>
	<system-out>
<![CDATA[]]>	</system-out>
	<system-err>
<![CDATA[]]>	</system-err>
</testsuite>
