<?xml version="1.0" ?>
<testsuite errors="0" failures="0" name="TestCondorExe-20190504163335" tests="3" time="2.729">
	<testcase classname="TestCondorExe" name="test_exe_cmd" time="0.952"/>
	<testcase classname="TestCondorExe" name="test_exe_cmd_sbin" time="0.869"/>
	<testcase classname="TestCondorExe" name="test_iexe_cmd" time="0.907"/>
	<system-out>
<![CDATA[]]>	</system-out>
	<system-err>
<![CDATA[]]>	</system-err>
</testsuite>
