<?xml version="1.0" ?>
<testsuite errors="0" failures="0" name="TestConfig-20190504181758" tests="17" time="4.101">
	<testcase classname="TestConfig" name="test___init__" time="0.227"/>
	<testcase classname="TestConfig" name="test_get_client_log_dirs" time="0.237"/>
	<testcase classname="TestConfig" name="test_get_client_proxy_dirs" time="0.206"/>
	<testcase classname="TestConfig" name="test_get_entries" time="0.212"/>
	<testcase classname="TestConfig" name="test_get_log_dir" time="0.233"/>
	<testcase classname="TestConfig" name="test_get_monitor_dir" time="0.242"/>
	<testcase classname="TestConfig" name="test_get_stage_dir" time="0.227"/>
	<testcase classname="TestConfig" name="test_get_submit_dir" time="0.228"/>
	<testcase classname="TestConfig" name="test_get_web_url" time="0.252"/>
	<testcase classname="TestConfig" name="test_set_client_log_dirs" time="0.246"/>
	<testcase classname="TestConfig" name="test_set_client_proxy_dirs" time="0.259"/>
	<testcase classname="TestConfig" name="test_set_log_dir" time="0.269"/>
	<testcase classname="TestConfig" name="test_set_monitor_dir" time="0.248"/>
	<testcase classname="TestConfig" name="test_set_stage_dir" time="0.221"/>
	<testcase classname="TestConfig" name="test_set_submit_dir" time="0.273"/>
	<testcase classname="TestConfig" name="test_set_web_url" time="0.260"/>
	<testcase classname="TestConfig" name="test_validate" time="0.260"/>
	<system-out>
<![CDATA[]]>	</system-out>
	<system-err>
<![CDATA[]]>	</system-err>
</testsuite>
