<?xml version="1.0" ?>
<testsuite errors="0" failures="0" name="TestGlideinDicts-20190504182940" tests="7" time="3.832">
	<testcase classname="TestGlideinDicts" name="test_MainDicts_populate" time="0.696"/>
	<testcase classname="TestGlideinDicts" name="test__init__" time="0.542"/>
	<testcase classname="TestGlideinDicts" name="test_new_MainDicts" time="0.522"/>
	<testcase classname="TestGlideinDicts" name="test_new_SubDicts" time="0.442"/>
	<testcase classname="TestGlideinDicts" name="test_save" time="0.623"/>
	<testcase classname="TestGlideinDicts" name="test_save_monitor" time="0.483"/>
	<testcase classname="TestGlideinDicts" name="test_save_pub_key" time="0.524"/>
	<system-out>
<![CDATA[]]>	</system-out>
	<system-err>
<![CDATA[]]>	</system-err>
</testsuite>
