<?xml version="1.0" ?>
<testsuite errors="0" failures="0" name="TestEntryElement-20190504152116" tests="3" time="0.687">
	<testcase classname="TestEntryElement" name="test_getName" time="0.222"/>
	<testcase classname="TestEntryElement" name="test_validate" time="0.218"/>
	<testcase classname="TestEntryElement" name="test_validate_sub_elements" time="0.246"/>
	<system-out>
<![CDATA[]]>	</system-out>
	<system-err>
<![CDATA[]]>	</system-err>
</testsuite>
