<?xml version="1.0" ?>
<testsuite errors="0" failures="0" name="TestDomel2dict-20190504152317" tests="1" time="0.008">
	<testcase classname="TestDomel2dict" name="test_domel2dict" time="0.008"/>
	<system-out>
<![CDATA[]]>	</system-out>
	<system-err>
<![CDATA[]]>	</system-err>
</testsuite>
