<?xml version="1.0" ?>
<testsuite errors="0" failures="0" name="FETestCaseCount-20190504181824" tests="7" time="1.821">
	<testcase classname="FETestCaseCount" name="test_countMatch" time="0.267"/>
	<testcase classname="FETestCaseCount" name="test_countMatchDowntime" time="0.252"/>
	<testcase classname="FETestCaseCount" name="test_countMatch_missingKey" time="0.275"/>
	<testcase classname="FETestCaseCount" name="test_countMatch_otherException" time="0.265"/>
	<testcase classname="FETestCaseCount" name="test_countRealRunning_match" time="0.258"/>
	<testcase classname="FETestCaseCount" name="test_countRealRunning_missingKey" time="0.257"/>
	<testcase classname="FETestCaseCount" name="test_countRealRunning_otherException" time="0.247"/>
	<system-out>
<![CDATA[]]>	</system-out>
	<system-err>
<![CDATA[]]>	</system-err>
</testsuite>
