<?xml version="1.0" ?>
<testsuite errors="0" failures="0" name="FETestCaseCount-20190504152131" tests="7" time="1.787">
	<testcase classname="FETestCaseCount" name="test_countMatch" time="0.232"/>
	<testcase classname="FETestCaseCount" name="test_countMatchDowntime" time="0.240"/>
	<testcase classname="FETestCaseCount" name="test_countMatch_missingKey" time="0.268"/>
	<testcase classname="FETestCaseCount" name="test_countMatch_otherException" time="0.256"/>
	<testcase classname="FETestCaseCount" name="test_countRealRunning_match" time="0.259"/>
	<testcase classname="FETestCaseCount" name="test_countRealRunning_missingKey" time="0.273"/>
	<testcase classname="FETestCaseCount" name="test_countRealRunning_otherException" time="0.260"/>
	<system-out>
<![CDATA[]]>	</system-out>
	<system-err>
<![CDATA[]]>	</system-err>
</testsuite>
