<?xml version="1.0" ?>
<testsuite errors="0" failures="0" name="TestFrontendConfig-20190504153302" tests="3" time="0.057">
	<testcase classname="TestFrontendConfig" name="test__init__" time="0.019"/>
	<testcase classname="TestFrontendConfig" name="test_get_group_dir" time="0.019"/>
	<testcase classname="TestFrontendConfig" name="test_split_func" time="0.019"/>
	<system-out>
<![CDATA[]]>	</system-out>
	<system-err>
<![CDATA[]]>	</system-err>
</testsuite>
