<?xml version="1.0" ?>
<testsuite errors="0" failures="0" name="TestDowntimes-20190504163427" tests="5" time="0.131">
	<testcase classname="TestDowntimes" name="test_downtimesfile" time="0.075"/>
	<testcase classname="TestDowntimes" name="test_entryonlydowntime" time="0.013"/>
	<testcase classname="TestDowntimes" name="test_setdelayedperiod" time="0.011"/>
	<testcase classname="TestDowntimes" name="test_setfrontendsecclass" time="0.023"/>
	<testcase classname="TestDowntimes" name="test_setperiodwithendtime" time="0.010"/>
	<system-out>
<![CDATA[]]>	</system-out>
	<system-err>
<![CDATA[]]>	</system-err>
</testsuite>
