<?xml version="1.0" ?>
<testsuite errors="0" failures="0" name="FETestCaseCount-20190504163416" tests="7" time="1.790">
	<testcase classname="FETestCaseCount" name="test_countMatch" time="0.253"/>
	<testcase classname="FETestCaseCount" name="test_countMatchDowntime" time="0.252"/>
	<testcase classname="FETestCaseCount" name="test_countMatch_missingKey" time="0.253"/>
	<testcase classname="FETestCaseCount" name="test_countMatch_otherException" time="0.254"/>
	<testcase classname="FETestCaseCount" name="test_countRealRunning_match" time="0.291"/>
	<testcase classname="FETestCaseCount" name="test_countRealRunning_missingKey" time="0.264"/>
	<testcase classname="FETestCaseCount" name="test_countRealRunning_otherException" time="0.223"/>
	<system-out>
<![CDATA[]]>	</system-out>
	<system-err>
<![CDATA[]]>	</system-err>
</testsuite>
