<?xml version="1.0" ?>
<testsuite errors="0" failures="0" name="FETestCaseCondorStatus-20190504152131" tests="9" time="2.389">
	<testcase classname="FETestCaseCondorStatus" name="test_countCondorStatus" time="0.256"/>
	<testcase classname="FETestCaseCondorStatus" name="test_getClientCondorStatus" time="0.244"/>
	<testcase classname="FETestCaseCondorStatus" name="test_getClientCondorStatusCredIdOnly" time="0.242"/>
	<testcase classname="FETestCaseCondorStatus" name="test_getClientCondorStatusPerCredId" time="0.225"/>
	<testcase classname="FETestCaseCondorStatus" name="test_getCondorStatus" time="0.455"/>
	<testcase classname="FETestCaseCondorStatus" name="test_getCondorStatusSchedds" time="0.306"/>
	<testcase classname="FETestCaseCondorStatus" name="test_getFactoryEntryList" time="0.216"/>
	<testcase classname="FETestCaseCondorStatus" name="test_getIdleCondorStatus" time="0.229"/>
	<testcase classname="FETestCaseCondorStatus" name="test_getRunningCondorStatus" time="0.216"/>
	<system-out>
<![CDATA[]]>	</system-out>
	<system-err>
<![CDATA[]]>	</system-err>
</testsuite>
