<?xml version="1.0" ?>
<testsuite errors="0" failures="0" name="FETestCaseCondorStatus-20190504181824" tests="9" time="2.417">
	<testcase classname="FETestCaseCondorStatus" name="test_countCondorStatus" time="0.264"/>
	<testcase classname="FETestCaseCondorStatus" name="test_getClientCondorStatus" time="0.233"/>
	<testcase classname="FETestCaseCondorStatus" name="test_getClientCondorStatusCredIdOnly" time="0.230"/>
	<testcase classname="FETestCaseCondorStatus" name="test_getClientCondorStatusPerCredId" time="0.231"/>
	<testcase classname="FETestCaseCondorStatus" name="test_getCondorStatus" time="0.440"/>
	<testcase classname="FETestCaseCondorStatus" name="test_getCondorStatusSchedds" time="0.306"/>
	<testcase classname="FETestCaseCondorStatus" name="test_getFactoryEntryList" time="0.248"/>
	<testcase classname="FETestCaseCondorStatus" name="test_getIdleCondorStatus" time="0.237"/>
	<testcase classname="FETestCaseCondorStatus" name="test_getRunningCondorStatus" time="0.230"/>
	<system-out>
<![CDATA[]]>	</system-out>
	<system-err>
<![CDATA[]]>	</system-err>
</testsuite>
