<?xml version="1.0" ?>
<testsuite errors="0" failures="0" name="TestGlideinDicts-20190504164543" tests="9" time="4.829">
	<testcase classname="TestGlideinDicts" name="test_MainDicts_populate" time="0.735"/>
	<testcase classname="TestGlideinDicts" name="test__init__" time="0.379"/>
	<testcase classname="TestGlideinDicts" name="test_has_file_wrapper" time="0.437"/>
	<testcase classname="TestGlideinDicts" name="test_new_MainDicts" time="0.462"/>
	<testcase classname="TestGlideinDicts" name="test_new_SubDicts" time="0.571"/>
	<testcase classname="TestGlideinDicts" name="test_reuse" time="0.608"/>
	<testcase classname="TestGlideinDicts" name="test_save" time="0.639"/>
	<testcase classname="TestGlideinDicts" name="test_save_monitor" time="0.559"/>
	<testcase classname="TestGlideinDicts" name="test_save_pub_key" time="0.438"/>
	<system-out>
<![CDATA[]]>	</system-out>
	<system-err>
<![CDATA[]]>	</system-err>
</testsuite>
