<?xml version="1.0" ?>
<testsuite errors="0" failures="0" name="TestGlideinDicts-20190504182945" tests="9" time="4.494">
	<testcase classname="TestGlideinDicts" name="test_MainDicts_populate" time="0.699"/>
	<testcase classname="TestGlideinDicts" name="test__init__" time="0.453"/>
	<testcase classname="TestGlideinDicts" name="test_has_file_wrapper" time="0.477"/>
	<testcase classname="TestGlideinDicts" name="test_new_MainDicts" time="0.418"/>
	<testcase classname="TestGlideinDicts" name="test_new_SubDicts" time="0.505"/>
	<testcase classname="TestGlideinDicts" name="test_reuse" time="0.557"/>
	<testcase classname="TestGlideinDicts" name="test_save" time="0.522"/>
	<testcase classname="TestGlideinDicts" name="test_save_monitor" time="0.401"/>
	<testcase classname="TestGlideinDicts" name="test_save_pub_key" time="0.462"/>
	<system-out>
<![CDATA[]]>	</system-out>
	<system-err>
<![CDATA[]]>	</system-err>
</testsuite>
