<?xml version="1.0" ?>
<testsuite errors="0" failures="0" name="FETestCaseMisc-20190504181824" tests="5" time="1.187">
	<testcase classname="FETestCaseMisc" name="test_appendRealRunning" time="0.251"/>
	<testcase classname="FETestCaseMisc" name="test_evalParamExpr" time="0.231"/>
	<testcase classname="FETestCaseMisc" name="test_getGlideinCpusNum" time="0.225"/>
	<testcase classname="FETestCaseMisc" name="test_hashJob" time="0.244"/>
	<testcase classname="FETestCaseMisc" name="test_uniqueSets" time="0.237"/>
	<system-out>
<![CDATA[]]>	</system-out>
	<system-err>
<![CDATA[]]>	</system-err>
</testsuite>
