<?xml version="1.0" ?>
<testsuite errors="0" failures="0" name="FETestCaseCondorStatus-20190504163416" tests="9" time="2.570">
	<testcase classname="FETestCaseCondorStatus" name="test_countCondorStatus" time="0.286"/>
	<testcase classname="FETestCaseCondorStatus" name="test_getClientCondorStatus" time="0.286"/>
	<testcase classname="FETestCaseCondorStatus" name="test_getClientCondorStatusCredIdOnly" time="0.275"/>
	<testcase classname="FETestCaseCondorStatus" name="test_getClientCondorStatusPerCredId" time="0.222"/>
	<testcase classname="FETestCaseCondorStatus" name="test_getCondorStatus" time="0.430"/>
	<testcase classname="FETestCaseCondorStatus" name="test_getCondorStatusSchedds" time="0.337"/>
	<testcase classname="FETestCaseCondorStatus" name="test_getFactoryEntryList" time="0.245"/>
	<testcase classname="FETestCaseCondorStatus" name="test_getIdleCondorStatus" time="0.248"/>
	<testcase classname="FETestCaseCondorStatus" name="test_getRunningCondorStatus" time="0.243"/>
	<system-out>
<![CDATA[]]>	</system-out>
	<system-err>
<![CDATA[]]>	</system-err>
</testsuite>
