<?xml version="1.0" ?>
<testsuite errors="0" failures="0" name="TestTarSupport-20190504164542" tests="2" time="0.045">
	<testcase classname="TestTarSupport" name="test_tarSupport_blob" time="0.019"/>
	<testcase classname="TestTarSupport" name="test_tarSupport_file" time="0.026"/>
	<system-out>
<![CDATA[]]>	</system-out>
	<system-err>
<![CDATA[]]>	</system-err>
</testsuite>
