<?xml version="1.0" ?>
<testsuite errors="0" failures="0" name="TestSumIdleCount-20190504163415" tests="1" time="0.000">
	<testcase classname="TestSumIdleCount" name="test_sum_idle_count" time="0.000">
		<skipped message="for now" type="skip"/>
	</testcase>
	<system-out>
<![CDATA[]]>	</system-out>
	<system-err>
<![CDATA[]]>	</system-err>
</testsuite>
