<?xml version="1.0" ?>
<testsuite errors="0" failures="0" name="FETestCaseMisc-20190504152131" tests="5" time="1.232">
	<testcase classname="FETestCaseMisc" name="test_appendRealRunning" time="0.242"/>
	<testcase classname="FETestCaseMisc" name="test_evalParamExpr" time="0.252"/>
	<testcase classname="FETestCaseMisc" name="test_getGlideinCpusNum" time="0.260"/>
	<testcase classname="FETestCaseMisc" name="test_hashJob" time="0.233"/>
	<testcase classname="FETestCaseMisc" name="test_uniqueSets" time="0.246"/>
	<system-out>
<![CDATA[]]>	</system-out>
	<system-err>
<![CDATA[]]>	</system-err>
</testsuite>
