<?xml version="1.0" ?>
<testsuite errors="0" failures="0" name="TestCondorExe-20190504181753" tests="3" time="2.769">
	<testcase classname="TestCondorExe" name="test_exe_cmd" time="0.901"/>
	<testcase classname="TestCondorExe" name="test_exe_cmd_sbin" time="0.954"/>
	<testcase classname="TestCondorExe" name="test_iexe_cmd" time="0.913"/>
	<system-out>
<![CDATA[]]>	</system-out>
	<system-err>
<![CDATA[]]>	</system-err>
</testsuite>
