<?xml version="1.0" ?>
<testsuite errors="0" failures="0" name="TestCondorExe-20190504152100" tests="3" time="2.815">
	<testcase classname="TestCondorExe" name="test_exe_cmd" time="0.874"/>
	<testcase classname="TestCondorExe" name="test_exe_cmd_sbin" time="1.015"/>
	<testcase classname="TestCondorExe" name="test_iexe_cmd" time="0.925"/>
	<system-out>
<![CDATA[]]>	</system-out>
	<system-err>
<![CDATA[]]>	</system-err>
</testsuite>
