<?xml version="1.0" ?>
<testsuite errors="0" failures="0" name="FETestCaseCount-20190514191502" tests="6" time="0.393">
	<testcase classname="FETestCaseCount" name="test_countMatch" time="0.043"/>
	<testcase classname="FETestCaseCount" name="test_countMatch_missingKey" time="0.055"/>
	<testcase classname="FETestCaseCount" name="test_countMatch_otherException" time="0.088"/>
	<testcase classname="FETestCaseCount" name="test_countRealRunning_match" time="0.086"/>
	<testcase classname="FETestCaseCount" name="test_countRealRunning_missingKey" time="0.077"/>
	<testcase classname="FETestCaseCount" name="test_countRealRunning_otherException" time="0.043"/>
	<system-out>
<![CDATA[]]>	</system-out>
	<system-err>
<![CDATA[]]>	</system-err>
</testsuite>
