<?xml version="1.0" ?>
<testsuite errors="0" failures="0" name="TestCondorExe-20190514191442" tests="3" time="6.216">
	<testcase classname="TestCondorExe" name="test_exe_cmd" time="1.736"/>
	<testcase classname="TestCondorExe" name="test_exe_cmd_sbin" time="2.143"/>
	<testcase classname="TestCondorExe" name="test_iexe_cmd" time="2.337"/>
	<system-out>
<![CDATA[]]>	</system-out>
	<system-err>
<![CDATA[]]>	</system-err>
</testsuite>
