<?xml version="1.0" ?>
<testsuite errors="0" failures="0" name="FETestCaseCondorStatus-20190514191527" tests="9" time="3.230">
	<testcase classname="FETestCaseCondorStatus" name="test_countCondorStatus" time="0.302"/>
	<testcase classname="FETestCaseCondorStatus" name="test_getClientCondorStatus" time="0.297"/>
	<testcase classname="FETestCaseCondorStatus" name="test_getClientCondorStatusCredIdOnly" time="0.338"/>
	<testcase classname="FETestCaseCondorStatus" name="test_getClientCondorStatusPerCredId" time="0.308"/>
	<testcase classname="FETestCaseCondorStatus" name="test_getCondorStatus" time="0.660"/>
	<testcase classname="FETestCaseCondorStatus" name="test_getCondorStatusSchedds" time="0.424"/>
	<testcase classname="FETestCaseCondorStatus" name="test_getFactoryEntryList" time="0.334"/>
	<testcase classname="FETestCaseCondorStatus" name="test_getIdleCondorStatus" time="0.290"/>
	<testcase classname="FETestCaseCondorStatus" name="test_getRunningCondorStatus" time="0.277"/>
	<system-out>
<![CDATA[]]>	</system-out>
	<system-err>
<![CDATA[]]>	</system-err>
</testsuite>
