<?xml version="1.0" ?>
<testsuite errors="0" failures="0" name="FETestCaseCount-20190507181704" tests="7" time="1.834">
	<testcase classname="FETestCaseCount" name="test_countMatch" time="0.267"/>
	<testcase classname="FETestCaseCount" name="test_countMatchDowntime" time="0.274"/>
	<testcase classname="FETestCaseCount" name="test_countMatch_missingKey" time="0.255"/>
	<testcase classname="FETestCaseCount" name="test_countMatch_otherException" time="0.261"/>
	<testcase classname="FETestCaseCount" name="test_countRealRunning_match" time="0.230"/>
	<testcase classname="FETestCaseCount" name="test_countRealRunning_missingKey" time="0.264"/>
	<testcase classname="FETestCaseCount" name="test_countRealRunning_otherException" time="0.285"/>
	<system-out>
<![CDATA[]]>	</system-out>
	<system-err>
<![CDATA[]]>	</system-err>
</testsuite>
