<?xml version="1.0" ?>
<testsuite errors="0" failures="0" name="TestLogAndSumFactoryLine-20190507182844" tests="1" time="0.000">
	<testcase classname="TestLogAndSumFactoryLine" name="test_log_and_sum_factory_line" time="0.000">
		<skipped message="grr" type="skip"/>
	</testcase>
	<system-out>
<![CDATA[]]>	</system-out>
	<system-err>
<![CDATA[]]>	</system-err>
</testsuite>
