<?xml version="1.0" ?>
<testsuite errors="0" failures="0" name="FETestCaseCondorQ-20190507181704" tests="12" time="3.321">
	<testcase classname="FETestCaseCondorQ" name="test_countCondorQ" time="0.243"/>
	<testcase classname="FETestCaseCondorQ" name="test_getClientCondorStatusCredIdOnly" time="0.262"/>
	<testcase classname="FETestCaseCondorQ" name="test_getClientCondorStatusPerCredId" time="0.276"/>
	<testcase classname="FETestCaseCondorQ" name="test_getCondorQ" time="0.297"/>
	<testcase classname="FETestCaseCondorQ" name="test_getCondorQUsers" time="0.274"/>
	<testcase classname="FETestCaseCondorQ" name="test_getCondorQ_no_constraints" time="0.304"/>
	<testcase classname="FETestCaseCondorQ" name="test_getIdleCondorQ" time="0.281"/>
	<testcase classname="FETestCaseCondorQ" name="test_getIdleProxyCondorQ" time="0.287"/>
	<testcase classname="FETestCaseCondorQ" name="test_getIdleVomsCondorQ" time="0.260"/>
	<testcase classname="FETestCaseCondorQ" name="test_getOldCondorQ" time="0.272"/>
	<testcase classname="FETestCaseCondorQ" name="test_getRunningCondorQ" time="0.293"/>
	<testcase classname="FETestCaseCondorQ" name="test_oldCondorQ" time="0.272"/>
	<system-out>
<![CDATA[]]>	</system-out>
	<system-err>
<![CDATA[]]>	</system-err>
</testsuite>
