<?xml version="1.0" ?>
<testsuite errors="0" failures="0" name="TestSymAES256Key-20190508081951" tests="2" time="2.319">
	<testcase classname="TestSymAES256Key" name="test___init__" time="0.001"/>
	<testcase classname="TestSymAES256Key" name="test_symmetric" time="2.318"/>
	<system-out>
<![CDATA[]]>	</system-out>
	<system-err>
<![CDATA[]]>	</system-err>
</testsuite>
