<?xml version="1.0" ?>
<testsuite errors="0" failures="0" name="TestEncodeDecodeData-20190514191548" tests="4" time="3.302">
	<testcase classname="TestEncodeDecodeData" name="test_decode_data" time="0.019"/>
	<testcase classname="TestEncodeDecodeData" name="test_encode_data" time="0.004"/>
	<testcase classname="TestEncodeDecodeData" name="test_symmetric_binary" time="1.679"/>
	<testcase classname="TestEncodeDecodeData" name="test_symmetric_text" time="1.601"/>
	<system-out>
<![CDATA[]]>	</system-out>
	<system-err>
<![CDATA[]]>	</system-err>
</testsuite>
