<?xml version="1.0" ?>
<testsuite errors="0" failures="0" name="TestGlideinDicts-20190514191445" tests="9" time="6.305">
	<testcase classname="TestGlideinDicts" name="test_MainDicts_populate" time="0.833"/>
	<testcase classname="TestGlideinDicts" name="test__init__" time="0.666"/>
	<testcase classname="TestGlideinDicts" name="test_has_file_wrapper" time="0.697"/>
	<testcase classname="TestGlideinDicts" name="test_new_MainDicts" time="0.616"/>
	<testcase classname="TestGlideinDicts" name="test_new_SubDicts" time="0.685"/>
	<testcase classname="TestGlideinDicts" name="test_reuse" time="0.537"/>
	<testcase classname="TestGlideinDicts" name="test_save" time="0.758"/>
	<testcase classname="TestGlideinDicts" name="test_save_monitor" time="0.659"/>
	<testcase classname="TestGlideinDicts" name="test_save_pub_key" time="0.854"/>
	<system-out>
<![CDATA[]]>	</system-out>
	<system-err>
<![CDATA[]]>	</system-err>
</testsuite>
