<?xml version="1.0" ?>
<testsuite errors="0" failures="0" name="TestEntryElement-20190514191504" tests="3" time="1.426">
	<testcase classname="TestEntryElement" name="test_getName" time="0.343"/>
	<testcase classname="TestEntryElement" name="test_validate" time="0.581"/>
	<testcase classname="TestEntryElement" name="test_validate_sub_elements" time="0.502"/>
	<system-out>
<![CDATA[]]>	</system-out>
	<system-err>
<![CDATA[]]>	</system-err>
</testsuite>
