<?xml version="1.0" ?>
<testsuite errors="0" failures="0" name="FETestCaseCount-20190514191527" tests="7" time="2.111">
	<testcase classname="FETestCaseCount" name="test_countMatch" time="0.303"/>
	<testcase classname="FETestCaseCount" name="test_countMatchDowntime" time="0.315"/>
	<testcase classname="FETestCaseCount" name="test_countMatch_missingKey" time="0.331"/>
	<testcase classname="FETestCaseCount" name="test_countMatch_otherException" time="0.271"/>
	<testcase classname="FETestCaseCount" name="test_countRealRunning_match" time="0.285"/>
	<testcase classname="FETestCaseCount" name="test_countRealRunning_missingKey" time="0.304"/>
	<testcase classname="FETestCaseCount" name="test_countRealRunning_otherException" time="0.301"/>
	<system-out>
<![CDATA[]]>	</system-out>
	<system-err>
<![CDATA[]]>	</system-err>
</testsuite>
