<?xml version="1.0" ?>
<testsuite errors="0" failures="0" name="TestExtractRunSimple-20190514191526" tests="1" time="0.000">
	<testcase classname="TestExtractRunSimple" name="test_extract_run_simple" time="0.000">
		<skipped message="for now" type="skip"/>
	</testcase>
	<system-out>
<![CDATA[]]>	</system-out>
	<system-err>
<![CDATA[]]>	</system-err>
</testsuite>
