<?xml version="1.0" ?>
<testsuite errors="0" failures="0" name="TestPlugins-20190514191547" tests="5" time="0.205">
	<testcase classname="TestPlugins" name="test_proxy_all" time="0.031"/>
	<testcase classname="TestPlugins" name="test_proxy_cardinality" time="0.037"/>
	<testcase classname="TestPlugins" name="test_proxy_first" time="0.033"/>
	<testcase classname="TestPlugins" name="test_proxy_usermap" time="0.058"/>
	<testcase classname="TestPlugins" name="test_proxy_userr" time="0.046"/>
	<system-out>
<![CDATA[]]>	</system-out>
	<system-err>
<![CDATA[]]>	</system-err>
</testsuite>
