<?xml version="1.0" ?>
<testsuite errors="0" failures="0" name="FETestCaseCount-20190506213547" tests="7" time="0.301">
	<testcase classname="FETestCaseCount" name="test_countMatch" time="0.037"/>
	<testcase classname="FETestCaseCount" name="test_countMatchDowntime" time="0.035"/>
	<testcase classname="FETestCaseCount" name="test_countMatch_missingKey" time="0.043"/>
	<testcase classname="FETestCaseCount" name="test_countMatch_otherException" time="0.047"/>
	<testcase classname="FETestCaseCount" name="test_countRealRunning_match" time="0.046"/>
	<testcase classname="FETestCaseCount" name="test_countRealRunning_missingKey" time="0.048"/>
	<testcase classname="FETestCaseCount" name="test_countRealRunning_otherException" time="0.045"/>
	<system-out>
<![CDATA[]]>	</system-out>
	<system-err>
<![CDATA[]]>	</system-err>
</testsuite>
