<?xml version="1.0" ?>
<testsuite errors="0" failures="0" name="TestGetEntryUserproxiesDir-20190508081744" tests="1" time="0.000">
	<testcase classname="TestGetEntryUserproxiesDir" name="test_get_entry_userproxies_dir" time="0.000"/>
	<system-out>
<![CDATA[]]>	</system-out>
	<system-err>
<![CDATA[]]>	</system-err>
</testsuite>
