<?xml version="1.0" ?>
<testsuite errors="0" failures="0" name="TestGridMapDict-20190509181630" tests="3" time="0.001">
	<testcase classname="TestGridMapDict" name="test_file_header" time="0.000"/>
	<testcase classname="TestGridMapDict" name="test_format_val" time="0.000"/>
	<testcase classname="TestGridMapDict" name="test_parse_val" time="0.000"/>
	<system-out>
<![CDATA[]]>	</system-out>
	<system-err>
<![CDATA[]]>	</system-err>
</testsuite>
