<?xml version="1.0" ?>
<testsuite errors="0" failures="0" name="FETestCaseCondorStatus-20190506152531" tests="9" time="0.359">
	<testcase classname="FETestCaseCondorStatus" name="test_countCondorStatus" time="0.038"/>
	<testcase classname="FETestCaseCondorStatus" name="test_getClientCondorStatus" time="0.035"/>
	<testcase classname="FETestCaseCondorStatus" name="test_getClientCondorStatusCredIdOnly" time="0.037"/>
	<testcase classname="FETestCaseCondorStatus" name="test_getClientCondorStatusPerCredId" time="0.038"/>
	<testcase classname="FETestCaseCondorStatus" name="test_getCondorStatus" time="0.070"/>
	<testcase classname="FETestCaseCondorStatus" name="test_getCondorStatusSchedds" time="0.045"/>
	<testcase classname="FETestCaseCondorStatus" name="test_getFactoryEntryList" time="0.031"/>
	<testcase classname="FETestCaseCondorStatus" name="test_getIdleCondorStatus" time="0.032"/>
	<testcase classname="FETestCaseCondorStatus" name="test_getRunningCondorStatus" time="0.033"/>
	<system-out>
<![CDATA[]]>	</system-out>
	<system-err>
<![CDATA[]]>	</system-err>
</testsuite>
