<?xml version="1.0" ?>
<testsuite errors="0" failures="0" name="FETestCaseMisc-20190507181656" tests="5" time="0.191">
	<testcase classname="FETestCaseMisc" name="test_appendRealRunning" time="0.041"/>
	<testcase classname="FETestCaseMisc" name="test_evalParamExpr" time="0.035"/>
	<testcase classname="FETestCaseMisc" name="test_getGlideinCpusNum" time="0.041"/>
	<testcase classname="FETestCaseMisc" name="test_hashJob" time="0.032"/>
	<testcase classname="FETestCaseMisc" name="test_uniqueSets" time="0.042"/>
	<system-out>
<![CDATA[]]>	</system-out>
	<system-err>
<![CDATA[]]>	</system-err>
</testsuite>
