<?xml version="1.0" ?>
<testsuite errors="0" failures="0" name="TestForkInBg-20190514185220" tests="1" time="0.004">
	<testcase classname="TestForkInBg" name="test_fork_in_bg" time="0.004"/>
	<system-out>
<![CDATA[]]>	</system-out>
	<system-err>
<![CDATA[]]>	</system-err>
</testsuite>
