<?xml version="1.0" ?>
<testsuite errors="0" failures="0" name="TestGlideinDicts-20190514185206" tests="7" time="1.162">
	<testcase classname="TestGlideinDicts" name="test_MainDicts_populate" time="0.272"/>
	<testcase classname="TestGlideinDicts" name="test__init__" time="0.163"/>
	<testcase classname="TestGlideinDicts" name="test_new_MainDicts" time="0.131"/>
	<testcase classname="TestGlideinDicts" name="test_new_SubDicts" time="0.134"/>
	<testcase classname="TestGlideinDicts" name="test_save" time="0.217"/>
	<testcase classname="TestGlideinDicts" name="test_save_monitor" time="0.121"/>
	<testcase classname="TestGlideinDicts" name="test_save_pub_key" time="0.123"/>
	<system-out>
<![CDATA[]]>	</system-out>
	<system-err>
<![CDATA[]]>	</system-err>
</testsuite>
