<?xml version="1.0" ?>
<testsuite errors="0" failures="0" name="TestSanitizeGlideins-20190515001405" tests="1" time="0.000">
	<testcase classname="TestSanitizeGlideins" name="test_sanitize_glideins" time="0.000">
		<skipped message="for now" type="skip"/>
	</testcase>
	<system-out>
<![CDATA[]]>	</system-out>
	<system-err>
<![CDATA[]]>	</system-err>
</testsuite>
