<?xml version="1.0" ?>
<testsuite errors="0" failures="0" name="TestFrontendDicts-20190514191454" tests="3" time="0.112">
	<testcase classname="TestFrontendDicts" name="test__init__" time="0.053"/>
	<testcase classname="TestFrontendDicts" name="test_populate" time="0.058"/>
	<testcase classname="TestFrontendDicts" name="test_save" time="0.000">
		<skipped message="hmm" type="skip"/>
	</testcase>
	<system-out>
<![CDATA[]]>	</system-out>
	<system-err>
<![CDATA[]]>	</system-err>
</testsuite>
