<?xml version="1.0" ?>
<testsuite errors="0" failures="0" name="TestEncodeDecodeData-20190506213550" tests="4" time="0.604">
	<testcase classname="TestEncodeDecodeData" name="test_decode_data" time="0.001"/>
	<testcase classname="TestEncodeDecodeData" name="test_encode_data" time="0.000"/>
	<testcase classname="TestEncodeDecodeData" name="test_symmetric_binary" time="0.323"/>
	<testcase classname="TestEncodeDecodeData" name="test_symmetric_text" time="0.279"/>
	<system-out>
<![CDATA[]]>	</system-out>
	<system-err>
<![CDATA[]]>	</system-err>
</testsuite>
