<?xml version="1.0" ?>
<testsuite errors="0" failures="0" name="TestCondorExe-20190514185159" tests="3" time="3.169">
	<testcase classname="TestCondorExe" name="test_exe_cmd" time="1.055"/>
	<testcase classname="TestCondorExe" name="test_exe_cmd_sbin" time="1.063"/>
	<testcase classname="TestCondorExe" name="test_iexe_cmd" time="1.051"/>
	<system-out>
<![CDATA[]]>	</system-out>
	<system-err>
<![CDATA[]]>	</system-err>
</testsuite>
