<?xml version="1.0" ?>
<testsuite errors="0" failures="0" name="TestForkManager-20190508181645" tests="7" time="40.848">
	<testcase classname="TestForkManager" name="test___init__" time="0.001"/>
	<testcase classname="TestForkManager" name="test_add_fork_and_len" time="0.001"/>
	<testcase classname="TestForkManager" name="test_bounded_fork_and_collect_use_epoll" time="10.235"/>
	<testcase classname="TestForkManager" name="test_bounded_fork_and_collect_use_poll" time="10.194"/>
	<testcase classname="TestForkManager" name="test_bounded_fork_and_collect_use_select" time="10.197"/>
	<testcase classname="TestForkManager" name="test_fork_and_collect" time="5.122"/>
	<testcase classname="TestForkManager" name="test_fork_and_wait" time="5.099"/>
	<system-out>
<![CDATA[]]>	</system-out>
	<system-err>
<![CDATA[]]>	</system-err>
</testsuite>
