<?xml version="1.0" ?>
<testsuite errors="0" failures="0" name="TestCondorExe-20190515140736" tests="3" time="2.899">
	<testcase classname="TestCondorExe" name="test_exe_cmd" time="0.966"/>
	<testcase classname="TestCondorExe" name="test_exe_cmd_sbin" time="1.020"/>
	<testcase classname="TestCondorExe" name="test_iexe_cmd" time="0.913"/>
	<system-out>
<![CDATA[]]>	</system-out>
	<system-err>
<![CDATA[]]>	</system-err>
</testsuite>
