<?xml version="1.0" ?>
<testsuite errors="0" failures="0" name="TestExprParserSymmetric-20190508181645" tests="3" time="0.063">
	<testcase classname="TestExprParserSymmetric" name="test__compile" time="0.024"/>
	<testcase classname="TestExprParserSymmetric" name="test_parse_symmetric" time="0.028"/>
	<testcase classname="TestExprParserSymmetric" name="test_unparse_ret" time="0.010"/>
	<system-out>
<![CDATA[]]>	</system-out>
	<system-err>
<![CDATA[]]>	</system-err>
</testsuite>
