<?xml version="1.0" ?>
<testsuite errors="0" failures="0" name="TestExecuteSubmit-20190506220538" tests="1" time="0.000">
	<testcase classname="TestExecuteSubmit" name="test_execute_submit" time="0.000">
		<skipped message="for now" type="skip"/>
	</testcase>
	<system-out>
<![CDATA[]]>	</system-out>
	<system-err>
<![CDATA[]]>	</system-err>
</testsuite>
