<?xml version="1.0" ?>
<testsuite errors="0" failures="0" name="TestExtractJobId-20190506152530" tests="1" time="0.000">
	<testcase classname="TestExtractJobId" name="test_extract_job_id" time="0.000">
		<skipped message="for now" type="skip"/>
	</testcase>
	<system-out>
<![CDATA[]]>	</system-out>
	<system-err>
<![CDATA[]]>	</system-err>
</testsuite>
