<?xml version="1.0" ?>
<testsuite errors="0" failures="0" name="TestGlideinDicts-20190515004003" tests="7" time="1.072">
	<testcase classname="TestGlideinDicts" name="test_MainDicts_populate" time="0.228"/>
	<testcase classname="TestGlideinDicts" name="test__init__" time="0.124"/>
	<testcase classname="TestGlideinDicts" name="test_new_MainDicts" time="0.143"/>
	<testcase classname="TestGlideinDicts" name="test_new_SubDicts" time="0.134"/>
	<testcase classname="TestGlideinDicts" name="test_save" time="0.200"/>
	<testcase classname="TestGlideinDicts" name="test_save_monitor" time="0.118"/>
	<testcase classname="TestGlideinDicts" name="test_save_pub_key" time="0.124"/>
	<system-out>
<![CDATA[]]>	</system-out>
	<system-err>
<![CDATA[]]>	</system-err>
</testsuite>
