<?xml version="1.0" ?>
<testsuite errors="0" failures="0" name="TestExprParserSymmetric-20190507181700" tests="3" time="0.070">
	<testcase classname="TestExprParserSymmetric" name="test__compile" time="0.025"/>
	<testcase classname="TestExprParserSymmetric" name="test_parse_symmetric" time="0.034"/>
	<testcase classname="TestExprParserSymmetric" name="test_unparse_ret" time="0.011"/>
	<system-out>
<![CDATA[]]>	</system-out>
	<system-err>
<![CDATA[]]>	</system-err>
</testsuite>
