<?xml version="1.0" ?>
<testsuite errors="0" failures="0" name="TestGroupUnclaimed-20190515181804" tests="1" time="0.000">
	<testcase classname="TestGroupUnclaimed" name="test_group_unclaimed" time="0.000">
		<skipped message="for now" type="skip"/>
	</testcase>
	<system-out>
<![CDATA[]]>	</system-out>
	<system-err>
<![CDATA[]]>	</system-err>
</testsuite>
