<?xml version="1.0" ?>
<testsuite errors="0" failures="0" name="TestCondorExe-20190508081738" tests="3" time="3.227">
	<testcase classname="TestCondorExe" name="test_exe_cmd" time="1.077"/>
	<testcase classname="TestCondorExe" name="test_exe_cmd_sbin" time="1.048"/>
	<testcase classname="TestCondorExe" name="test_iexe_cmd" time="1.102"/>
	<system-out>
<![CDATA[]]>	</system-out>
	<system-err>
<![CDATA[]]>	</system-err>
</testsuite>
