<?xml version="1.0" ?>
<testsuite errors="0" failures="0" name="TestGlideinDicts-20190506194243" tests="7" time="1.029">
	<testcase classname="TestGlideinDicts" name="test_MainDicts_populate" time="0.268"/>
	<testcase classname="TestGlideinDicts" name="test__init__" time="0.152"/>
	<testcase classname="TestGlideinDicts" name="test_new_MainDicts" time="0.135"/>
	<testcase classname="TestGlideinDicts" name="test_new_SubDicts" time="0.107"/>
	<testcase classname="TestGlideinDicts" name="test_save" time="0.154"/>
	<testcase classname="TestGlideinDicts" name="test_save_monitor" time="0.105"/>
	<testcase classname="TestGlideinDicts" name="test_save_pub_key" time="0.108"/>
	<system-out>
<![CDATA[]]>	</system-out>
	<system-err>
<![CDATA[]]>	</system-err>
</testsuite>
