<?xml version="1.0" ?>
<testsuite errors="0" failures="0" name="TestGetEntryNameFromEntryMonitorDir-20190508124501" tests="1" time="0.000">
	<testcase classname="TestGetEntryNameFromEntryMonitorDir" name="test_get_entry_name_from_entry_monitor_dir" time="0.000"/>
	<system-out>
<![CDATA[]]>	</system-out>
	<system-err>
<![CDATA[]]>	</system-err>
</testsuite>
