<?xml version="1.0" ?>
<testsuite errors="0" failures="0" name="FETestCaseCount-20190507181656" tests="7" time="0.309">
	<testcase classname="FETestCaseCount" name="test_countMatch" time="0.042"/>
	<testcase classname="FETestCaseCount" name="test_countMatchDowntime" time="0.044"/>
	<testcase classname="FETestCaseCount" name="test_countMatch_missingKey" time="0.047"/>
	<testcase classname="FETestCaseCount" name="test_countMatch_otherException" time="0.047"/>
	<testcase classname="FETestCaseCount" name="test_countRealRunning_match" time="0.043"/>
	<testcase classname="FETestCaseCount" name="test_countRealRunning_missingKey" time="0.041"/>
	<testcase classname="FETestCaseCount" name="test_countRealRunning_otherException" time="0.044"/>
	<system-out>
<![CDATA[]]>	</system-out>
	<system-err>
<![CDATA[]]>	</system-err>
</testsuite>
