<?xml version="1.0" ?>
<testsuite errors="0" failures="0" name="TestGlideinMainDicts-20190514185205" tests="6" time="0.187">
	<testcase classname="TestGlideinMainDicts" name="test___init__" time="0.030"/>
	<testcase classname="TestGlideinMainDicts" name="test_get_daemon_log_dir" time="0.028"/>
	<testcase classname="TestGlideinMainDicts" name="test_get_main_dicts" time="0.029"/>
	<testcase classname="TestGlideinMainDicts" name="test_load" time="0.030"/>
	<testcase classname="TestGlideinMainDicts" name="test_reuse" time="0.035"/>
	<testcase classname="TestGlideinMainDicts" name="test_save" time="0.034"/>
	<system-out>
<![CDATA[]]>	</system-out>
	<system-err>
<![CDATA[]]>	</system-err>
</testsuite>
