<?xml version="1.0" ?>
<testsuite errors="0" failures="0" name="TestExtractIdleUnsubmitted-20190508081755" tests="1" time="0.000">
	<testcase classname="TestExtractIdleUnsubmitted" name="test_extract_idle_unsubmitted" time="0.000">
		<skipped message="for now" type="skip"/>
	</testcase>
	<system-out>
<![CDATA[]]>	</system-out>
	<system-err>
<![CDATA[]]>	</system-err>
</testsuite>
