<?xml version="1.0" ?>
<testsuite errors="0" failures="0" name="TestGlideinDicts-20190506182109" tests="7" time="1.157">
	<testcase classname="TestGlideinDicts" name="test_MainDicts_populate" time="0.220"/>
	<testcase classname="TestGlideinDicts" name="test__init__" time="0.172"/>
	<testcase classname="TestGlideinDicts" name="test_new_MainDicts" time="0.150"/>
	<testcase classname="TestGlideinDicts" name="test_new_SubDicts" time="0.131"/>
	<testcase classname="TestGlideinDicts" name="test_save" time="0.183"/>
	<testcase classname="TestGlideinDicts" name="test_save_monitor" time="0.161"/>
	<testcase classname="TestGlideinDicts" name="test_save_pub_key" time="0.139"/>
	<system-out>
<![CDATA[]]>	</system-out>
	<system-err>
<![CDATA[]]>	</system-err>
</testsuite>
