<?xml version="1.0" ?>
<testsuite errors="0" failures="0" name="TestGlideinDicts-20190506152943" tests="7" time="1.000">
	<testcase classname="TestGlideinDicts" name="test_MainDicts_populate" time="0.208"/>
	<testcase classname="TestGlideinDicts" name="test__init__" time="0.117"/>
	<testcase classname="TestGlideinDicts" name="test_new_MainDicts" time="0.125"/>
	<testcase classname="TestGlideinDicts" name="test_new_SubDicts" time="0.113"/>
	<testcase classname="TestGlideinDicts" name="test_save" time="0.162"/>
	<testcase classname="TestGlideinDicts" name="test_save_monitor" time="0.124"/>
	<testcase classname="TestGlideinDicts" name="test_save_pub_key" time="0.151"/>
	<system-out>
<![CDATA[]]>	</system-out>
	<system-err>
<![CDATA[]]>	</system-err>
</testsuite>
