<?xml version="1.0" ?>
<testsuite errors="0" failures="0" name="TestGetPoolList-20190506194244" tests="1" time="0.000">
	<testcase classname="TestGetPoolList" name="test_get_pool_list" time="0.000">
		<skipped message="for now" type="skip"/>
	</testcase>
	<system-out>
<![CDATA[]]>	</system-out>
	<system-err>
<![CDATA[]]>	</system-err>
</testsuite>
