<?xml version="1.0" ?>
<testsuite errors="0" failures="0" name="TestGlideinDicts-20190506213959" tests="7" time="0.951">
	<testcase classname="TestGlideinDicts" name="test_MainDicts_populate" time="0.165"/>
	<testcase classname="TestGlideinDicts" name="test__init__" time="0.099"/>
	<testcase classname="TestGlideinDicts" name="test_new_MainDicts" time="0.105"/>
	<testcase classname="TestGlideinDicts" name="test_new_SubDicts" time="0.122"/>
	<testcase classname="TestGlideinDicts" name="test_save" time="0.208"/>
	<testcase classname="TestGlideinDicts" name="test_save_monitor" time="0.133"/>
	<testcase classname="TestGlideinDicts" name="test_save_pub_key" time="0.120"/>
	<system-out>
<![CDATA[]]>	</system-out>
	<system-err>
<![CDATA[]]>	</system-err>
</testsuite>
