<?xml version="1.0" ?>
<testsuite errors="0" failures="0" name="TestGlideinDicts-20190508124503" tests="7" time="1.097">
	<testcase classname="TestGlideinDicts" name="test_MainDicts_populate" time="0.219"/>
	<testcase classname="TestGlideinDicts" name="test__init__" time="0.123"/>
	<testcase classname="TestGlideinDicts" name="test_new_MainDicts" time="0.139"/>
	<testcase classname="TestGlideinDicts" name="test_new_SubDicts" time="0.142"/>
	<testcase classname="TestGlideinDicts" name="test_save" time="0.196"/>
	<testcase classname="TestGlideinDicts" name="test_save_monitor" time="0.130"/>
	<testcase classname="TestGlideinDicts" name="test_save_pub_key" time="0.149"/>
	<system-out>
<![CDATA[]]>	</system-out>
	<system-err>
<![CDATA[]]>	</system-err>
</testsuite>
