<?xml version="1.0" ?>
<testsuite errors="0" failures="0" name="TestPubCrypto-20190515181921" tests="3" time="0.100">
	<testcase classname="TestPubCrypto" name="test_symmetric" time="0.008"/>
	<testcase classname="TestPubCrypto" name="test_symmetric_base64" time="0.085"/>
	<testcase classname="TestPubCrypto" name="test_symmetric_hex" time="0.006"/>
	<system-out>
<![CDATA[]]>	</system-out>
	<system-err>
<![CDATA[]]>	</system-err>
</testsuite>
