<?xml version="1.0" ?>
<testsuite errors="0" failures="0" name="TestParse-20190515003547" tests="1" time="0.094">
	<testcase classname="TestParse" name="test_parse" time="0.094"/>
	<system-out>
<![CDATA[]]>	</system-out>
	<system-err>
<![CDATA[]]>	</system-err>
</testsuite>
