<?xml version="1.0" ?>
<testsuite errors="0" failures="0" name="TestGlideinDicts-20190515001817" tests="7" time="1.288">
	<testcase classname="TestGlideinDicts" name="test_MainDicts_populate" time="0.309"/>
	<testcase classname="TestGlideinDicts" name="test__init__" time="0.187"/>
	<testcase classname="TestGlideinDicts" name="test_new_MainDicts" time="0.160"/>
	<testcase classname="TestGlideinDicts" name="test_new_SubDicts" time="0.128"/>
	<testcase classname="TestGlideinDicts" name="test_save" time="0.227"/>
	<testcase classname="TestGlideinDicts" name="test_save_monitor" time="0.136"/>
	<testcase classname="TestGlideinDicts" name="test_save_pub_key" time="0.142"/>
	<system-out>
<![CDATA[]]>	</system-out>
	<system-err>
<![CDATA[]]>	</system-err>
</testsuite>
