<?xml version="1.0" ?>
<testsuite errors="0" failures="0" name="TestPerformWorkV3-20190515001403" tests="1" time="0.000">
	<testcase classname="TestPerformWorkV3" name="test_perform_work_v3" time="0.000">
		<skipped message="for now" type="skip"/>
	</testcase>
	<system-out>
<![CDATA[]]>	</system-out>
	<system-err>
<![CDATA[]]>	</system-err>
</testsuite>
