<?xml version="1.0" ?>
<testsuite errors="0" failures="0" name="TestCalcPrimaryMonitoringCollectors-20190506213959" tests="1" time="0.000">
	<testcase classname="TestCalcPrimaryMonitoringCollectors" name="test_calc_primary_monitoring_collectors" time="0.000">
		<skipped message="for now" type="skip"/>
	</testcase>
	<system-out>
<![CDATA[]]>	</system-out>
	<system-err>
<![CDATA[]]>	</system-err>
</testsuite>
