<?xml version="1.0" ?>
<testsuite errors="0" failures="0" name="TestDowntimes-20190515140752" tests="5" time="0.029">
	<testcase classname="TestDowntimes" name="test_downtimesfile" time="0.013"/>
	<testcase classname="TestDowntimes" name="test_entryonlydowntime" time="0.004"/>
	<testcase classname="TestDowntimes" name="test_setdelayedperiod" time="0.003"/>
	<testcase classname="TestDowntimes" name="test_setfrontendsecclass" time="0.006"/>
	<testcase classname="TestDowntimes" name="test_setperiodwithendtime" time="0.003"/>
	<system-out>
<![CDATA[]]>	</system-out>
	<system-err>
<![CDATA[]]>	</system-err>
</testsuite>
