<?xml version="1.0" ?>
<testsuite errors="0" failures="0" name="TestPubCrypto-20190515003709" tests="3" time="0.097">
	<testcase classname="TestPubCrypto" name="test_symmetric" time="0.038"/>
	<testcase classname="TestPubCrypto" name="test_symmetric_base64" time="0.032"/>
	<testcase classname="TestPubCrypto" name="test_symmetric_hex" time="0.028"/>
	<system-out>
<![CDATA[]]>	</system-out>
	<system-err>
<![CDATA[]]>	</system-err>
</testsuite>
