<?xml version="1.0" ?>
<testsuite errors="0" failures="0" name="TestCondorExe-20190515181750" tests="3" time="3.151">
	<testcase classname="TestCondorExe" name="test_exe_cmd" time="1.016"/>
	<testcase classname="TestCondorExe" name="test_exe_cmd_sbin" time="1.001"/>
	<testcase classname="TestCondorExe" name="test_iexe_cmd" time="1.134"/>
	<system-out>
<![CDATA[]]>	</system-out>
	<system-err>
<![CDATA[]]>	</system-err>
</testsuite>
