<?xml version="1.0" ?>
<testsuite errors="0" failures="0" name="TestGlideinDicts-20190506220950" tests="7" time="1.069">
	<testcase classname="TestGlideinDicts" name="test_MainDicts_populate" time="0.233"/>
	<testcase classname="TestGlideinDicts" name="test__init__" time="0.152"/>
	<testcase classname="TestGlideinDicts" name="test_new_MainDicts" time="0.118"/>
	<testcase classname="TestGlideinDicts" name="test_new_SubDicts" time="0.127"/>
	<testcase classname="TestGlideinDicts" name="test_save" time="0.184"/>
	<testcase classname="TestGlideinDicts" name="test_save_monitor" time="0.117"/>
	<testcase classname="TestGlideinDicts" name="test_save_pub_key" time="0.139"/>
	<system-out>
<![CDATA[]]>	</system-out>
	<system-err>
<![CDATA[]]>	</system-err>
</testsuite>
