<?xml version="1.0" ?>
<testsuite errors="0" failures="0" name="TestExtractIdleQueued-20190508075556" tests="1" time="0.000">
	<testcase classname="TestExtractIdleQueued" name="test_extract_idle_queued" time="0.000">
		<skipped message="for now" type="skip"/>
	</testcase>
	<system-out>
<![CDATA[]]>	</system-out>
	<system-err>
<![CDATA[]]>	</system-err>
</testsuite>
