<?xml version="1.0" ?>
<testsuite errors="0" failures="0" name="TestCondorExe-20190508131531" tests="3" time="3.100">
	<testcase classname="TestCondorExe" name="test_exe_cmd" time="1.031"/>
	<testcase classname="TestCondorExe" name="test_exe_cmd_sbin" time="1.012"/>
	<testcase classname="TestCondorExe" name="test_iexe_cmd" time="1.057"/>
	<system-out>
<![CDATA[]]>	</system-out>
	<system-err>
<![CDATA[]]>	</system-err>
</testsuite>
