<?xml version="1.0" ?>
<testsuite errors="0" failures="0" name="TestValidateCondorTarballAttrs-20190514191440" tests="1" time="0.000">
	<testcase classname="TestValidateCondorTarballAttrs" name="test_validate_condor_tarball_attrs" time="0.000">
		<skipped message="for now" type="skip"/>
	</testcase>
	<system-out>
<![CDATA[]]>	</system-out>
	<system-err>
<![CDATA[]]>	</system-err>
</testsuite>
