<?xml version="1.0" ?>
<testsuite errors="0" failures="0" name="TestExprParserSymmetric-20190514191541" tests="3" time="0.431">
	<testcase classname="TestExprParserSymmetric" name="test__compile" time="0.165"/>
	<testcase classname="TestExprParserSymmetric" name="test_parse_symmetric" time="0.191"/>
	<testcase classname="TestExprParserSymmetric" name="test_unparse_ret" time="0.075"/>
	<system-out>
<![CDATA[]]>	</system-out>
	<system-err>
<![CDATA[]]>	</system-err>
</testsuite>
