<?xml version="1.0" ?>
<testsuite errors="2" failures="0" name="TestUtils-20190514192806" tests="3" time="0.409">
	<testcase classname="TestUtils" name="test_parse_vomses" time="0.012"/>
	<testcase classname="TestUtils" name="test_voms_proxy_init" time="0.393">
		<error message="No module named frontend" type="ImportError">
<![CDATA[Traceback (most recent call last):
  File "/test_dir/venv-2.6/lib/python2.6/site-packages/mock/mock.py", line 1297, in patched
    arg = patching.__enter__()
  File "/test_dir/venv-2.6/lib/python2.6/site-packages/mock/mock.py", line 1353, in __enter__
    self.target = self.getter()
  File "/test_dir/venv-2.6/lib/python2.6/site-packages/mock/mock.py", line 1523, in <lambda>
    getter = lambda: _importer(target)
  File "/test_dir/venv-2.6/lib/python2.6/site-packages/mock/mock.py", line 1206, in _importer
    thing = __import__(import_path)
ImportError: No module named frontend
]]>		</error>
	</testcase>
	<testcase classname="TestUtils" name="test_voms_proxy_init_with_voms" time="0.004">
		<error message="No module named frontend" type="ImportError">
<![CDATA[Traceback (most recent call last):
  File "/test_dir/venv-2.6/lib/python2.6/site-packages/mock/mock.py", line 1297, in patched
    arg = patching.__enter__()
  File "/test_dir/venv-2.6/lib/python2.6/site-packages/mock/mock.py", line 1353, in __enter__
    self.target = self.getter()
  File "/test_dir/venv-2.6/lib/python2.6/site-packages/mock/mock.py", line 1523, in <lambda>
    getter = lambda: _importer(target)
  File "/test_dir/venv-2.6/lib/python2.6/site-packages/mock/mock.py", line 1206, in _importer
    thing = __import__(import_path)
ImportError: No module named frontend
]]>		</error>
	</testcase>
	<system-out>
<![CDATA[]]>	</system-out>
	<system-err>
<![CDATA[]]>	</system-err>
</testsuite>
