<?xml version="1.0" ?>
<testsuite errors="0" failures="0" name="FETestCaseCount-20190514191519" tests="7" time="2.216">
	<testcase classname="FETestCaseCount" name="test_countMatch" time="0.331"/>
	<testcase classname="FETestCaseCount" name="test_countMatchDowntime" time="0.333"/>
	<testcase classname="FETestCaseCount" name="test_countMatch_missingKey" time="0.323"/>
	<testcase classname="FETestCaseCount" name="test_countMatch_otherException" time="0.297"/>
	<testcase classname="FETestCaseCount" name="test_countRealRunning_match" time="0.304"/>
	<testcase classname="FETestCaseCount" name="test_countRealRunning_missingKey" time="0.314"/>
	<testcase classname="FETestCaseCount" name="test_countRealRunning_otherException" time="0.314"/>
	<system-out>
<![CDATA[]]>	</system-out>
	<system-err>
<![CDATA[]]>	</system-err>
</testsuite>
