<?xml version="1.0" ?>
<testsuite errors="0" failures="0" name="TestCondorExe-20190514191426" tests="3" time="2.989">
	<testcase classname="TestCondorExe" name="test_exe_cmd" time="0.999"/>
	<testcase classname="TestCondorExe" name="test_exe_cmd_sbin" time="0.958"/>
	<testcase classname="TestCondorExe" name="test_iexe_cmd" time="1.031"/>
	<system-out>
<![CDATA[]]>	</system-out>
	<system-err>
<![CDATA[]]>	</system-err>
</testsuite>
