<?xml version="1.0" ?>
<testsuite errors="0" failures="0" name="FETestCaseCondorQ-20190514191519" tests="12" time="3.855">
	<testcase classname="FETestCaseCondorQ" name="test_countCondorQ" time="0.247"/>
	<testcase classname="FETestCaseCondorQ" name="test_getClientCondorStatusCredIdOnly" time="0.303"/>
	<testcase classname="FETestCaseCondorQ" name="test_getClientCondorStatusPerCredId" time="0.386"/>
	<testcase classname="FETestCaseCondorQ" name="test_getCondorQ" time="0.347"/>
	<testcase classname="FETestCaseCondorQ" name="test_getCondorQUsers" time="0.337"/>
	<testcase classname="FETestCaseCondorQ" name="test_getCondorQ_no_constraints" time="0.300"/>
	<testcase classname="FETestCaseCondorQ" name="test_getIdleCondorQ" time="0.257"/>
	<testcase classname="FETestCaseCondorQ" name="test_getIdleProxyCondorQ" time="0.300"/>
	<testcase classname="FETestCaseCondorQ" name="test_getIdleVomsCondorQ" time="0.336"/>
	<testcase classname="FETestCaseCondorQ" name="test_getOldCondorQ" time="0.320"/>
	<testcase classname="FETestCaseCondorQ" name="test_getRunningCondorQ" time="0.346"/>
	<testcase classname="FETestCaseCondorQ" name="test_oldCondorQ" time="0.376"/>
	<system-out>
<![CDATA[]]>	</system-out>
	<system-err>
<![CDATA[]]>	</system-err>
</testsuite>
