<?xml version="1.0" ?>
<testsuite errors="0" failures="0" name="TestGlideinDicts-20190504182220" tests="9" time="1.363">
	<testcase classname="TestGlideinDicts" name="test_MainDicts_populate" time="0.176"/>
	<testcase classname="TestGlideinDicts" name="test__init__" time="0.104"/>
	<testcase classname="TestGlideinDicts" name="test_has_file_wrapper" time="0.109"/>
	<testcase classname="TestGlideinDicts" name="test_new_MainDicts" time="0.154"/>
	<testcase classname="TestGlideinDicts" name="test_new_SubDicts" time="0.188"/>
	<testcase classname="TestGlideinDicts" name="test_reuse" time="0.162"/>
	<testcase classname="TestGlideinDicts" name="test_save" time="0.176"/>
	<testcase classname="TestGlideinDicts" name="test_save_monitor" time="0.142"/>
	<testcase classname="TestGlideinDicts" name="test_save_pub_key" time="0.152"/>
	<system-out>
<![CDATA[]]>	</system-out>
	<system-err>
<![CDATA[]]>	</system-err>
</testsuite>
