<?xml version="1.0" ?>
<testsuite errors="0" failures="0" name="TestForkManager-20190504163405" tests="7" time="41.034">
	<testcase classname="TestForkManager" name="test___init__" time="0.000"/>
	<testcase classname="TestForkManager" name="test_add_fork_and_len" time="0.000"/>
	<testcase classname="TestForkManager" name="test_bounded_fork_and_collect_use_epoll" time="10.250"/>
	<testcase classname="TestForkManager" name="test_bounded_fork_and_collect_use_poll" time="10.231"/>
	<testcase classname="TestForkManager" name="test_bounded_fork_and_collect_use_select" time="10.239"/>
	<testcase classname="TestForkManager" name="test_fork_and_collect" time="5.155"/>
	<testcase classname="TestForkManager" name="test_fork_and_wait" time="5.159"/>
	<system-out>
<![CDATA[]]>	</system-out>
	<system-err>
<![CDATA[]]>	</system-err>
</testsuite>
