<?xml version="1.0" ?>
<testsuite errors="0" failures="0" name="TestGlideinDicts-20190504152530" tests="9" time="1.531">
	<testcase classname="TestGlideinDicts" name="test_MainDicts_populate" time="0.205"/>
	<testcase classname="TestGlideinDicts" name="test__init__" time="0.183"/>
	<testcase classname="TestGlideinDicts" name="test_has_file_wrapper" time="0.177"/>
	<testcase classname="TestGlideinDicts" name="test_new_MainDicts" time="0.173"/>
	<testcase classname="TestGlideinDicts" name="test_new_SubDicts" time="0.143"/>
	<testcase classname="TestGlideinDicts" name="test_reuse" time="0.137"/>
	<testcase classname="TestGlideinDicts" name="test_save" time="0.207"/>
	<testcase classname="TestGlideinDicts" name="test_save_monitor" time="0.163"/>
	<testcase classname="TestGlideinDicts" name="test_save_pub_key" time="0.143"/>
	<system-out>
<![CDATA[]]>	</system-out>
	<system-err>
<![CDATA[]]>	</system-err>
</testsuite>
