<?xml version="1.0" ?>
<testsuite errors="0" failures="0" name="TestHistoryFile-20190504182224" tests="10" time="0.000">
	<testcase classname="TestHistoryFile" name="test___contains__" time="0.000">
		<skipped message="for now" type="skip"/>
	</testcase>
	<testcase classname="TestHistoryFile" name="test___delitem__" time="0.000">
		<skipped message="for now" type="skip"/>
	</testcase>
	<testcase classname="TestHistoryFile" name="test___getitem__" time="0.000">
		<skipped message="for now" type="skip"/>
	</testcase>
	<testcase classname="TestHistoryFile" name="test___init__" time="0.000">
		<skipped message="for now" type="skip"/>
	</testcase>
	<testcase classname="TestHistoryFile" name="test___setitem__" time="0.000">
		<skipped message="for now" type="skip"/>
	</testcase>
	<testcase classname="TestHistoryFile" name="test_empty" time="0.000">
		<skipped message="for now" type="skip"/>
	</testcase>
	<testcase classname="TestHistoryFile" name="test_get" time="0.000">
		<skipped message="for now" type="skip"/>
	</testcase>
	<testcase classname="TestHistoryFile" name="test_has_key" time="0.000">
		<skipped message="for now" type="skip"/>
	</testcase>
	<testcase classname="TestHistoryFile" name="test_load" time="0.000">
		<skipped message="for now" type="skip"/>
	</testcase>
	<testcase classname="TestHistoryFile" name="test_save" time="0.000">
		<skipped message="for now" type="skip"/>
	</testcase>
	<system-out>
<![CDATA[]]>	</system-out>
	<system-err>
<![CDATA[]]>	</system-err>
</testsuite>
