<?xml version="1.0" ?>
<testsuite errors="0" failures="0" name="TestGlideinDicts-20190504163814" tests="9" time="1.457">
	<testcase classname="TestGlideinDicts" name="test_MainDicts_populate" time="0.200"/>
	<testcase classname="TestGlideinDicts" name="test__init__" time="0.145"/>
	<testcase classname="TestGlideinDicts" name="test_has_file_wrapper" time="0.125"/>
	<testcase classname="TestGlideinDicts" name="test_new_MainDicts" time="0.131"/>
	<testcase classname="TestGlideinDicts" name="test_new_SubDicts" time="0.139"/>
	<testcase classname="TestGlideinDicts" name="test_reuse" time="0.155"/>
	<testcase classname="TestGlideinDicts" name="test_save" time="0.222"/>
	<testcase classname="TestGlideinDicts" name="test_save_monitor" time="0.179"/>
	<testcase classname="TestGlideinDicts" name="test_save_pub_key" time="0.160"/>
	<system-out>
<![CDATA[]]>	</system-out>
	<system-err>
<![CDATA[]]>	</system-err>
</testsuite>
