<?xml version="1.0" ?>
<testsuite errors="0" failures="0" name="TestCalcGlideinCollectors-20190504163816" tests="1" time="0.000">
	<testcase classname="TestCalcGlideinCollectors" name="test_calc_glidein_collectors" time="0.000">
		<skipped message="for now" type="skip"/>
	</testcase>
	<system-out>
<![CDATA[]]>	</system-out>
	<system-err>
<![CDATA[]]>	</system-err>
</testsuite>
