<?xml version="1.0" ?>
<testsuite errors="0" failures="0" name="TestPubCrypto-20190504163517" tests="3" time="0.121">
	<testcase classname="TestPubCrypto" name="test_symmetric" time="0.058"/>
	<testcase classname="TestPubCrypto" name="test_symmetric_base64" time="0.032"/>
	<testcase classname="TestPubCrypto" name="test_symmetric_hex" time="0.031"/>
	<system-out>
<![CDATA[]]>	</system-out>
	<system-err>
<![CDATA[]]>	</system-err>
</testsuite>
