<?xml version="1.0" ?>
<testsuite errors="0" failures="0" name="TestCondorExe-20190504152102" tests="3" time="3.086">
	<testcase classname="TestCondorExe" name="test_exe_cmd" time="1.025"/>
	<testcase classname="TestCondorExe" name="test_exe_cmd_sbin" time="1.018"/>
	<testcase classname="TestCondorExe" name="test_iexe_cmd" time="1.042"/>
	<system-out>
<![CDATA[]]>	</system-out>
	<system-err>
<![CDATA[]]>	</system-err>
</testsuite>
